{"block_number": 3, "miner_hash": "0x3fF96a3597a91C582b6dAdd7D39984282275687C", "block_hash": "0x7c56a27d6775c4143cc3c600bbca425c64451dcae1d6decac122114eb7b312f2", "block_time": 1703696677, "block_parent": "0xbe67079bf85186b062e65ede195073bc6e986b33f8ede3940cd25d59ec9af3eb"}
{"block_number": 3, "miner_hash": "0x3fF96a3597a91C582b6dAdd7D39984282275687C", "block_hash": "0x7c56a27d6775c4143cc3c600bbca425c64451dcae1d6decac122114eb7b312f2", "block_time": 1703696677, "block_parent": "0xbe67079bf85186b062e65ede195073bc6e986b33f8ede3940cd25d59ec9af3eb"}
{"block_number": 6, "miner_hash": "0x3fF96a3597a91C582b6dAdd7D39984282275687C", "block_hash": "0x5b5d2a865a0552e66095786f10e4b401895b37d7ccea04fa2e225f577f7521d9", "block_time": 1703696691, "block_parent": "0x29c6398196c615d2c62e5d58d823593316a210aeafe6b133262b9927fab50b57"}
{"block_number": 9, "miner_hash": "0x3fF96a3597a91C582b6dAdd7D39984282275687C", "block_hash": "0xb98854b7771bd15f5c7cbb44fbbca24d964da145e1f47f597f89313a1cdc60d7", "block_time": 1703696694, "block_parent": "0x2a8af1e9dea33a05c93dbcfc41a1c771a09129bfba06b916776cc0ac87ac56f3"}
{"block_number": 11, "miner_hash": "0x3fF96a3597a91C582b6dAdd7D39984282275687C", "block_hash": "0xfe2b4df46fc11a4b58a9ff391ec075c71a3df48d2017d7da6031e27a59d992c9", "block_time": 1703696696, "block_parent": "0x1e1b0cd95e94af4ce111d2a5ae3d12fc7ca7edd51de61a87f2de1d55cc7ac625"}
{"block_number": 12, "miner_hash": "0xF2B8874A4859cc5B9D4e018b5D5595b9Ed2FcBF2", "block_hash": "0xe9c15c6d5c8bf16be8f44b5d3c0eda2847bda2ba165075a01a41df974be921e5", "block_time": 1703696697, "block_parent": "0xfe2b4df46fc11a4b58a9ff391ec075c71a3df48d2017d7da6031e27a59d992c9"}
{"block_number": 13, "miner_hash": "0x8A7D3aA97cCd091D4169d444fF79028a64314DE1", "block_hash": "0x8a4b5d839672123affe27a0103e9989c19fd494b028eafa850359548cb1123c4", "block_time": 1703696700, "block_parent": "0xe9c15c6d5c8bf16be8f44b5d3c0eda2847bda2ba165075a01a41df974be921e5"}
{"block_number": 14, "miner_hash": "0x8A7D3aA97cCd091D4169d444fF79028a64314DE1", "block_hash": "0x040f1c412f54eed00622a663e16549b8d06061bb789a04418fec5b273b8fe58f", "block_time": 1703696701, "block_parent": "0x8a4b5d839672123affe27a0103e9989c19fd494b028eafa850359548cb1123c4"}
{"block_number": 15, "miner_hash": "0x8A7D3aA97cCd091D4169d444fF79028a64314DE1", "block_hash": "0x3365c9c0fec7dd19a904508afda4493df9d0480435da957ccd27df691a24c9fa", "block_time": 1703696705, "block_parent": "0x040f1c412f54eed00622a663e16549b8d06061bb789a04418fec5b273b8fe58f"}
{"block_number": 16, "miner_hash": "0x8A7D3aA97cCd091D4169d444fF79028a64314DE1", "block_hash": "0x4a561270064211103870348c9db5b3be00a4ba0b541db156079c6e9baf81a314", "block_time": 1703696712, "block_parent": "0x3365c9c0fec7dd19a904508afda4493df9d0480435da957ccd27df691a24c9fa"}
{"block_number": 17, "miner_hash": "0x3fF96a3597a91C582b6dAdd7D39984282275687C", "block_hash": "0x97e6e210215de538aa0d104c30b56badf8e33f063b829e0dc31940bd170c49f5", "block_time": 1703696714, "block_parent": "0x4a561270064211103870348c9db5b3be00a4ba0b541db156079c6e9baf81a314"}
{"block_number": 18, "miner_hash": "0x3fF96a3597a91C582b6dAdd7D39984282275687C", "block_hash": "0x63f3e00339ba2cd80b98a1baa5718879dd0b13d8aec3a34ac2ed86ea49cde7f9", "block_time": 1703696715, "block_parent": "0x97e6e210215de538aa0d104c30b56badf8e33f063b829e0dc31940bd170c49f5"}
{"block_number": 19, "miner_hash": "0xE910c76B445e44bD60bE26875649a18c7940582c", "block_hash": "0x184fd84314d37d70ab661739348041a9f06439d0330df5e6eead49c353ce189f", "block_time": 1703696716, "block_parent": "0x63f3e00339ba2cd80b98a1baa5718879dd0b13d8aec3a34ac2ed86ea49cde7f9"}
{"block_number": 20, "miner_hash": "0x8A7D3aA97cCd091D4169d444fF79028a64314DE1", "block_hash": "0x632cc603a9ed581c67cd0df161ea4b68ffb797c5180f5e5843668368a68bb7ab", "block_time": 1703696718, "block_parent": "0x184fd84314d37d70ab661739348041a9f06439d0330df5e6eead49c353ce189f"}
{"block_number": 21, "miner_hash": "0x3fF96a3597a91C582b6dAdd7D39984282275687C", "block_hash": "0x6878166b025b1c77c1bbbf7a649a97d12eca9247fa1fa00102735c876c63a8e7", "block_time": 1703696724, "block_parent": "0x632cc603a9ed581c67cd0df161ea4b68ffb797c5180f5e5843668368a68bb7ab"}
{"block_number": 22, "miner_hash": "0xE910c76B445e44bD60bE26875649a18c7940582c", "block_hash": "0xa1d45a60b77a5a4d8f6bc5ef73360fe32d5b17a1465adaffc903258cc808f36d", "block_time": 1703696731, "block_parent": "0x6878166b025b1c77c1bbbf7a649a97d12eca9247fa1fa00102735c876c63a8e7"}
{"block_number": 23, "miner_hash": "0x8A7D3aA97cCd091D4169d444fF79028a64314DE1", "block_hash": "0x460d9413a827cdc38025b2a6ce0acc0e10552ed9ff97c8af5b2c66b3596ad6aa", "block_time": 1703696733, "block_parent": "0xa1d45a60b77a5a4d8f6bc5ef73360fe32d5b17a1465adaffc903258cc808f36d"}
{"block_number": 24, "miner_hash": "0x8A7D3aA97cCd091D4169d444fF79028a64314DE1", "block_hash": "0x6c7bde8a7c2914b1f8ea282e31b171200647d4430b401d753a908b6f424dd282", "block_time": 1703696735, "block_parent": "0x460d9413a827cdc38025b2a6ce0acc0e10552ed9ff97c8af5b2c66b3596ad6aa"}
{"block_number": 25, "miner_hash": "0x3fF96a3597a91C582b6dAdd7D39984282275687C", "block_hash": "0xc7ba3c6b8ee2745399f16ff278ee8e8a2839c2f952d6fc257e5c54c72bb2f2cf", "block_time": 1703696738, "block_parent": "0x6c7bde8a7c2914b1f8ea282e31b171200647d4430b401d753a908b6f424dd282"}
{"block_number": 26, "miner_hash": "0x3fF96a3597a91C582b6dAdd7D39984282275687C", "block_hash": "0x8474657289a70fb8b0980ad996409773760e4749535c125d68bb697fb04014c1", "block_time": 1703696739, "block_parent": "0xc7ba3c6b8ee2745399f16ff278ee8e8a2839c2f952d6fc257e5c54c72bb2f2cf"}
{"block_number": 27, "miner_hash": "0x3fF96a3597a91C582b6dAdd7D39984282275687C", "block_hash": "0x0aa70a920f697a8db79e917c02bb34f1d5817a2efa18b9531b021d135a8bca76", "block_time": 1703696740, "block_parent": "0x8474657289a70fb8b0980ad996409773760e4749535c125d68bb697fb04014c1"}
{"block_number": 28, "miner_hash": "0x3fF96a3597a91C582b6dAdd7D39984282275687C", "block_hash": "0xd784f6a755c449217849c784db3f880de8cd5df406f70dcab9cee9724db294fe", "block_time": 1703696741, "block_parent": "0x0aa70a920f697a8db79e917c02bb34f1d5817a2efa18b9531b021d135a8bca76"}
{"block_number": 29, "miner_hash": "0xE910c76B445e44bD60bE26875649a18c7940582c", "block_hash": "0x944578844f975614b497bb340ffb2745b61dfd9547c740eaa13f168f4e8d31b8", "block_time": 1703696742, "block_parent": "0xd784f6a755c449217849c784db3f880de8cd5df406f70dcab9cee9724db294fe"}
{"block_number": 30, "miner_hash": "0xE910c76B445e44bD60bE26875649a18c7940582c", "block_hash": "0xb82aa5cfb69c77d38447c46df8797e6e0412ba74781027277ec6609b74318354", "block_time": 1703696743, "block_parent": "0x944578844f975614b497bb340ffb2745b61dfd9547c740eaa13f168f4e8d31b8"}
{"block_number": 31, "miner_hash": "0x8A7D3aA97cCd091D4169d444fF79028a64314DE1", "block_hash": "0x99f91e34ea93cd6962e375e862f5cabe7eb9b9ad8dfc81d4e11e0f7ff64448dd", "block_time": 1703696744, "block_parent": "0xb82aa5cfb69c77d38447c46df8797e6e0412ba74781027277ec6609b74318354"}
{"block_number": 32, "miner_hash": "0x3fF96a3597a91C582b6dAdd7D39984282275687C", "block_hash": "0x44399324c6fed559968437f512edf41a55ffa604d32beb984fad3f66685a419f", "block_time": 1703696745, "block_parent": "0x99f91e34ea93cd6962e375e862f5cabe7eb9b9ad8dfc81d4e11e0f7ff64448dd"}
{"block_number": 33, "miner_hash": "0x3fF96a3597a91C582b6dAdd7D39984282275687C", "block_hash": "0xbeecc98dbb70315af5569400a59d70cfdaa0ac9813648e28a07b0f0f626c955e", "block_time": 1703696746, "block_parent": "0x44399324c6fed559968437f512edf41a55ffa604d32beb984fad3f66685a419f"}
{"block_number": 34, "miner_hash": "0x8A7D3aA97cCd091D4169d444fF79028a64314DE1", "block_hash": "0x76d59d5d2411401abeed356f79ba03b8662f713a41a9080bd97f5d06954fa440", "block_time": 1703696747, "block_parent": "0xbeecc98dbb70315af5569400a59d70cfdaa0ac9813648e28a07b0f0f626c955e"}
{"block_number": 35, "miner_hash": "0x3fF96a3597a91C582b6dAdd7D39984282275687C", "block_hash": "0x0f67693680495c6802827d36e7a895e30340707d17664686dc5ad210d43b34b9", "block_time": 1703696748, "block_parent": "0x76d59d5d2411401abeed356f79ba03b8662f713a41a9080bd97f5d06954fa440"}
{"block_number": 36, "miner_hash": "0xE910c76B445e44bD60bE26875649a18c7940582c", "block_hash": "0x9aed7156880dd4d648cd1efeca7ff8932a456d446f7b3ce394712d8ed5c06ef4", "block_time": 1703696749, "block_parent": "0x0f67693680495c6802827d36e7a895e30340707d17664686dc5ad210d43b34b9"}
{"block_number": 37, "miner_hash": "0x3fF96a3597a91C582b6dAdd7D39984282275687C", "block_hash": "0xc6d9555de1a3775dbfd90ef4e55f623d637fff7822413b1ab9959584ff0d6d4b", "block_time": 1703696750, "block_parent": "0x9aed7156880dd4d648cd1efeca7ff8932a456d446f7b3ce394712d8ed5c06ef4"}
{"block_number": 38, "miner_hash": "0x8A7D3aA97cCd091D4169d444fF79028a64314DE1", "block_hash": "0xcb8300c0cda6440470fa41c6c4284d733bdc8c3643a45dead17e11f7edc27ea6", "block_time": 1703696751, "block_parent": "0xc6d9555de1a3775dbfd90ef4e55f623d637fff7822413b1ab9959584ff0d6d4b"}
{"block_number": 39, "miner_hash": "0x3fF96a3597a91C582b6dAdd7D39984282275687C", "block_hash": "0xaf745b7f35263c2a6103e6059dd7664fbbcd0fa51a3772d0ca1928fd8073d86e", "block_time": 1703696752, "block_parent": "0xcb8300c0cda6440470fa41c6c4284d733bdc8c3643a45dead17e11f7edc27ea6"}
{"block_number": 40, "miner_hash": "0x8A7D3aA97cCd091D4169d444fF79028a64314DE1", "block_hash": "0x9f70dc7f6060a790f5b483a11bd4be2d2dd62ef61c3239f2005a273329ec036d", "block_time": 1703696754, "block_parent": "0xaf745b7f35263c2a6103e6059dd7664fbbcd0fa51a3772d0ca1928fd8073d86e"}
{"block_number": 41, "miner_hash": "0x3fF96a3597a91C582b6dAdd7D39984282275687C", "block_hash": "0x26fab611930f78545b661b652bfa510c8a666745f062b87eb934bdc7f622450b", "block_time": 1703696755, "block_parent": "0x9f70dc7f6060a790f5b483a11bd4be2d2dd62ef61c3239f2005a273329ec036d"}
{"block_number": 42, "miner_hash": "0x3fF96a3597a91C582b6dAdd7D39984282275687C", "block_hash": "0x57d7c210b2c508b957ec834a283d044ad43ce52f0e7b8e066c3d8f1523f49cb9", "block_time": 1703696756, "block_parent": "0x26fab611930f78545b661b652bfa510c8a666745f062b87eb934bdc7f622450b"}
{"block_number": 43, "miner_hash": "0xE910c76B445e44bD60bE26875649a18c7940582c", "block_hash": "0xe985114fff8f6f7a39f79b443a3ee38e711764221d37e90c19147b6498c58b62", "block_time": 1703696758, "block_parent": "0x57d7c210b2c508b957ec834a283d044ad43ce52f0e7b8e066c3d8f1523f49cb9"}
{"block_number": 44, "miner_hash": "0x8A7D3aA97cCd091D4169d444fF79028a64314DE1", "block_hash": "0x67660c5202bea5648957a50dc6513b367a632a1e2acf3f21ace6b76d77b5eb8d", "block_time": 1703696759, "block_parent": "0xe985114fff8f6f7a39f79b443a3ee38e711764221d37e90c19147b6498c58b62"}
{"block_number": 45, "miner_hash": "0xE910c76B445e44bD60bE26875649a18c7940582c", "block_hash": "0xc7891021e2be8401a96475c5cf9fd4d0db58dee054f87b9d489c36ae0f241371", "block_time": 1703696760, "block_parent": "0x67660c5202bea5648957a50dc6513b367a632a1e2acf3f21ace6b76d77b5eb8d"}
{"block_number": 46, "miner_hash": "0xE910c76B445e44bD60bE26875649a18c7940582c", "block_hash": "0x6cc91bfd84d8d5d11010f8e945f6e6f1fb6ca22c6dd08f3377ea1e4f73b8e856", "block_time": 1703696761, "block_parent": "0xc7891021e2be8401a96475c5cf9fd4d0db58dee054f87b9d489c36ae0f241371"}
{"block_number": 47, "miner_hash": "0x3fF96a3597a91C582b6dAdd7D39984282275687C", "block_hash": "0x79780523e187db844aa7424c558278bbad2042b5867f644a0089f1a765b40034", "block_time": 1703696764, "block_parent": "0x6cc91bfd84d8d5d11010f8e945f6e6f1fb6ca22c6dd08f3377ea1e4f73b8e856"}
{"block_number": 48, "miner_hash": "0x3fF96a3597a91C582b6dAdd7D39984282275687C", "block_hash": "0x7eab7ec4183f3ad18dc531136816cf7a22f66e2e2b86e058e2c805c5e9d8c212", "block_time": 1703696765, "block_parent": "0x79780523e187db844aa7424c558278bbad2042b5867f644a0089f1a765b40034"}
{"block_number": 49, "miner_hash": "0xE910c76B445e44bD60bE26875649a18c7940582c", "block_hash": "0x276653d525d890cb423746f1d44f164baeb57760501113066dec12c59da91a7e", "block_time": 1703696766, "block_parent": "0x7eab7ec4183f3ad18dc531136816cf7a22f66e2e2b86e058e2c805c5e9d8c212"}
{"block_number": 50, "miner_hash": "0xE910c76B445e44bD60bE26875649a18c7940582c", "block_hash": "0x183a551f3772be66ebac25566fd332798341b521b1c72b9b723bcbc0be1ab429", "block_time": 1703696767, "block_parent": "0x276653d525d890cb423746f1d44f164baeb57760501113066dec12c59da91a7e"}
{"block_number": 51, "miner_hash": "0x3fF96a3597a91C582b6dAdd7D39984282275687C", "block_hash": "0x6fb5a68c1c8438fa8e52172ef4892f9f395bb79145db2d5687228b743e6efe53", "block_time": 1703696768, "block_parent": "0x183a551f3772be66ebac25566fd332798341b521b1c72b9b723bcbc0be1ab429"}
{"block_number": 52, "miner_hash": "0x8A7D3aA97cCd091D4169d444fF79028a64314DE1", "block_hash": "0x00c6781d68c2749df7015eaa6cdb150bff11de674ada1bf5ecf28cab31de8c08", "block_time": 1703696769, "block_parent": "0x6fb5a68c1c8438fa8e52172ef4892f9f395bb79145db2d5687228b743e6efe53"}
{"block_number": 52, "miner_hash": "0x3fF96a3597a91C582b6dAdd7D39984282275687C", "block_hash": "0x4fc8c61fe7460561b3968e7f9acde09ecbc46caaea6b28e54d6f51b0cd296d96", "block_time": 1703696769, "block_parent": "0x6fb5a68c1c8438fa8e52172ef4892f9f395bb79145db2d5687228b743e6efe53"}
{"block_number": 53, "miner_hash": "0x3fF96a3597a91C582b6dAdd7D39984282275687C", "block_hash": "0x3cbb4f1eeee6f6e94b643d393eff5c73980477682e85ed2bfc06b64d020afa91", "block_time": 1703696770, "block_parent": "0x4fc8c61fe7460561b3968e7f9acde09ecbc46caaea6b28e54d6f51b0cd296d96"}
{"block_number": 54, "miner_hash": "0xE910c76B445e44bD60bE26875649a18c7940582c", "block_hash": "0x179604806fb55bb3f05e2867a3e4c232a1c5bdc133cd5a45be6027837178e5b1", "block_time": 1703696771, "block_parent": "0x3cbb4f1eeee6f6e94b643d393eff5c73980477682e85ed2bfc06b64d020afa91"}
{"block_number": 56, "miner_hash": "0x3fF96a3597a91C582b6dAdd7D39984282275687C", "block_hash": "0x8964316c1e1e1813511defb3be3bf58f7b342a4e1071e65052f179e58d942088", "block_time": 1703696776, "block_parent": "0x3e76f1796762507a58098bc2e50ebc297e0ddd66a5608fb050ed7e25320fc42f"}
{"block_number": 57, "miner_hash": "0x8A7D3aA97cCd091D4169d444fF79028a64314DE1", "block_hash": "0x98d4b2c7dc80c82efdff084850921e8c767fb57f2d42f047d601b431b7a49aa9", "block_time": 1703696777, "block_parent": "0x8964316c1e1e1813511defb3be3bf58f7b342a4e1071e65052f179e58d942088"}
{"block_number": 58, "miner_hash": "0xE910c76B445e44bD60bE26875649a18c7940582c", "block_hash": "0xfda4fca455edd602c609deb9bb7fef7e62d38305874b946251cae00764c9e080", "block_time": 1703696778, "block_parent": "0x98d4b2c7dc80c82efdff084850921e8c767fb57f2d42f047d601b431b7a49aa9"}
{"block_number": 59, "miner_hash": "0x8A7D3aA97cCd091D4169d444fF79028a64314DE1", "block_hash": "0x54229af527d8886289aeec02be7ad55e8a9170f7f3405bb2eb255ec425007e5b", "block_time": 1703696781, "block_parent": "0xfda4fca455edd602c609deb9bb7fef7e62d38305874b946251cae00764c9e080"}
{"block_number": 60, "miner_hash": "0x8A7D3aA97cCd091D4169d444fF79028a64314DE1", "block_hash": "0x0e3d4cfc4c3f3c97392c4d2318f0faacc218eb14a4d1a96039da69580b38eb30", "block_time": 1703696783, "block_parent": "0x54229af527d8886289aeec02be7ad55e8a9170f7f3405bb2eb255ec425007e5b"}
{"block_number": 61, "miner_hash": "0x3fF96a3597a91C582b6dAdd7D39984282275687C", "block_hash": "0x72e3d39467b9ced1ffa7d15a55590aa78bbf1e7896f07bfd2736f45ca8418331", "block_time": 1703696784, "block_parent": "0x0e3d4cfc4c3f3c97392c4d2318f0faacc218eb14a4d1a96039da69580b38eb30"}
{"block_number": 62, "miner_hash": "0x3fF96a3597a91C582b6dAdd7D39984282275687C", "block_hash": "0x139815dd4ce924478ba8b3844b5f7024d8f51fceb9864f1f618a4ce6a5dc3876", "block_time": 1703696785, "block_parent": "0x72e3d39467b9ced1ffa7d15a55590aa78bbf1e7896f07bfd2736f45ca8418331"}
{"block_number": 63, "miner_hash": "0xE910c76B445e44bD60bE26875649a18c7940582c", "block_hash": "0x5479cbc455a0b5614d542b19b0f87ccee0840f5d579ca505abb44e0f02947300", "block_time": 1703696790, "block_parent": "0x139815dd4ce924478ba8b3844b5f7024d8f51fceb9864f1f618a4ce6a5dc3876"}
{"block_number": 64, "miner_hash": "0xE910c76B445e44bD60bE26875649a18c7940582c", "block_hash": "0xc689c4dfcb3091c42316efa5eb11c134c3f19a0cd13502ea620c99b67ba5bd48", "block_time": 1703696792, "block_parent": "0x5479cbc455a0b5614d542b19b0f87ccee0840f5d579ca505abb44e0f02947300"}
{"block_number": 66, "miner_hash": "0x8A7D3aA97cCd091D4169d444fF79028a64314DE1", "block_hash": "0x5d0e37fc6e39f3c862585faf2a7aa9d5dd062c2adbcfe923e97c9518abedbfe6", "block_time": 1703696794, "block_parent": "0xcf690fef69b8a78f2d4c788e5aed8a5b752c76704225be13cf1975e6b746503e"}
{"block_number": 66, "miner_hash": "0x8A7D3aA97cCd091D4169d444fF79028a64314DE1", "block_hash": "0x5d0e37fc6e39f3c862585faf2a7aa9d5dd062c2adbcfe923e97c9518abedbfe6", "block_time": 1703696794, "block_parent": "0xcf690fef69b8a78f2d4c788e5aed8a5b752c76704225be13cf1975e6b746503e"}
{"block_number": 67, "miner_hash": "0x8A7D3aA97cCd091D4169d444fF79028a64314DE1", "block_hash": "0x0ea4a2db7e1d663174bb26fcd0478217ca60c605cee78aeeb1059a3b6582f565", "block_time": 1703696795, "block_parent": "0x5d0e37fc6e39f3c862585faf2a7aa9d5dd062c2adbcfe923e97c9518abedbfe6"}
{"block_number": 68, "miner_hash": "0x3fF96a3597a91C582b6dAdd7D39984282275687C", "block_hash": "0xed4bf1d7b2ccdfc231566b6ab4c3062f6538719c575b0f9c326572acdca04f34", "block_time": 1703696800, "block_parent": "0x0ea4a2db7e1d663174bb26fcd0478217ca60c605cee78aeeb1059a3b6582f565"}
{"block_number": 69, "miner_hash": "0x8A7D3aA97cCd091D4169d444fF79028a64314DE1", "block_hash": "0x8af67ba3d86fee77ec2602ecee15864c5be4e23f47ede2acc52597f4375a2fe3", "block_time": 1703696802, "block_parent": "0xed4bf1d7b2ccdfc231566b6ab4c3062f6538719c575b0f9c326572acdca04f34"}
{"block_number": 70, "miner_hash": "0xE910c76B445e44bD60bE26875649a18c7940582c", "block_hash": "0x8bd62a13d7fb252b7802af1527c9ac10bf9caeec9e418b20cff9973b44c76b02", "block_time": 1703696803, "block_parent": "0x8af67ba3d86fee77ec2602ecee15864c5be4e23f47ede2acc52597f4375a2fe3"}
{"block_number": 71, "miner_hash": "0x8A7D3aA97cCd091D4169d444fF79028a64314DE1", "block_hash": "0xfd2fb6dec978073412d55f4e4feba9b5155675b990610eeb984e8f2592b7a9fa", "block_time": 1703696804, "block_parent": "0x8bd62a13d7fb252b7802af1527c9ac10bf9caeec9e418b20cff9973b44c76b02"}
{"block_number": 72, "miner_hash": "0x8A7D3aA97cCd091D4169d444fF79028a64314DE1", "block_hash": "0xbd5aff7b93595e36f2b4ddbbd4c5cd87fe63384305b4aad8175f0dc7d2fb6f08", "block_time": 1703696810, "block_parent": "0xfd2fb6dec978073412d55f4e4feba9b5155675b990610eeb984e8f2592b7a9fa"}
{"block_number": 73, "miner_hash": "0x8A7D3aA97cCd091D4169d444fF79028a64314DE1", "block_hash": "0xc678c2c264e9c32eb50d6726e641da8a8ba6850b269e19a98c6567f232e8c83a", "block_time": 1703696812, "block_parent": "0xbd5aff7b93595e36f2b4ddbbd4c5cd87fe63384305b4aad8175f0dc7d2fb6f08"}
{"block_number": 74, "miner_hash": "0x3fF96a3597a91C582b6dAdd7D39984282275687C", "block_hash": "0x6417a60534bdc6c392b4298469f6a435ad6c268faafebc0421e91fc6c168ea4f", "block_time": 1703696813, "block_parent": "0xc678c2c264e9c32eb50d6726e641da8a8ba6850b269e19a98c6567f232e8c83a"}
{"block_number": 75, "miner_hash": "0xF2B8874A4859cc5B9D4e018b5D5595b9Ed2FcBF2", "block_hash": "0xd5e0c2fe4c3513dbebf0f7be4605279f6d28e4d06c5f5ccee0220acf5351c0ee", "block_time": 1703696815, "block_parent": "0x6417a60534bdc6c392b4298469f6a435ad6c268faafebc0421e91fc6c168ea4f"}
{"block_number": 76, "miner_hash": "0xE910c76B445e44bD60bE26875649a18c7940582c", "block_hash": "0x36e42561cbce5d3e60be45fb5ef27a92ab84349240c3736fd970a291026b09ba", "block_time": 1703696816, "block_parent": "0xd5e0c2fe4c3513dbebf0f7be4605279f6d28e4d06c5f5ccee0220acf5351c0ee"}
{"block_number": 77, "miner_hash": "0x8A7D3aA97cCd091D4169d444fF79028a64314DE1", "block_hash": "0x47eb08e3246ca3e716f502ce42bf625fbf66c4c314fe42facf624e6ce904ad86", "block_time": 1703696819, "block_parent": "0x36e42561cbce5d3e60be45fb5ef27a92ab84349240c3736fd970a291026b09ba"}
{"block_number": 77, "miner_hash": "0xbE3243C54e4073CcAb10d51A08D8aBD6d450b623", "block_hash": "0xe364be771a131e1b8adebfe94c62e0b6cb2f40d9b5bc5747cd16c7a7ead63b83", "block_time": 1703696819, "block_parent": "0xce62430a1732abcca4a62eb789eaa9915dc4ade6e584d99934506b47929d0ccd"}
{"block_number": 78, "miner_hash": "0xF2B8874A4859cc5B9D4e018b5D5595b9Ed2FcBF2", "block_hash": "0xf261de797f2fcc74b07e382aa95cb123c2414268d58b70b7678046bfbd072f5d", "block_time": 1703696821, "block_parent": "0xe364be771a131e1b8adebfe94c62e0b6cb2f40d9b5bc5747cd16c7a7ead63b83"}
{"block_number": 79, "miner_hash": "0x8A7D3aA97cCd091D4169d444fF79028a64314DE1", "block_hash": "0xc7e61f9195b9a3af8bd8e2dab16cd7139725a19fd3cc082134b549be3efba366", "block_time": 1703696822, "block_parent": "0xf261de797f2fcc74b07e382aa95cb123c2414268d58b70b7678046bfbd072f5d"}
{"block_number": 80, "miner_hash": "0xe85979d35212ad38075919c52d9B91e371Ca23eC", "block_hash": "0xf3bcdecd2a762695177063c3fcd1c4ec2c5fb730812ade81b23b356ea403a404", "block_time": 1703696823, "block_parent": "0xc7e61f9195b9a3af8bd8e2dab16cd7139725a19fd3cc082134b549be3efba366"}
{"block_number": 81, "miner_hash": "0x3fF96a3597a91C582b6dAdd7D39984282275687C", "block_hash": "0x3ad06c213ee8804562cf9935de075a876468b4d07d1ef2c62dcb762e5807b5a9", "block_time": 1703696824, "block_parent": "0x5648decc61c6bdb3b4db86a34d4609a98585712f2cd1c640ab87f9eccab0f232"}
{"block_number": 82, "miner_hash": "0xbE3243C54e4073CcAb10d51A08D8aBD6d450b623", "block_hash": "0x5c5d6fda3e0bf48bb0a1f6e4c8e3c52b9c01f6e88271b9a643771acc7bb72e70", "block_time": 1703696825, "block_parent": "0x3ad06c213ee8804562cf9935de075a876468b4d07d1ef2c62dcb762e5807b5a9"}
{"block_number": 83, "miner_hash": "0xbE3243C54e4073CcAb10d51A08D8aBD6d450b623", "block_hash": "0x94692a085dc37cc5f51c817644a44242674aba744eb3e179be56a7ff0efa7846", "block_time": 1703696826, "block_parent": "0x5c5d6fda3e0bf48bb0a1f6e4c8e3c52b9c01f6e88271b9a643771acc7bb72e70"}
{"block_number": 84, "miner_hash": "0xF2B8874A4859cc5B9D4e018b5D5595b9Ed2FcBF2", "block_hash": "0x0ada34134f1fba49647721b351ec1bc93106812586e4fae101d518ac16833ee2", "block_time": 1703696827, "block_parent": "0x94692a085dc37cc5f51c817644a44242674aba744eb3e179be56a7ff0efa7846"}
{"block_number": 85, "miner_hash": "0x3fF96a3597a91C582b6dAdd7D39984282275687C", "block_hash": "0xb4e3fbf0102351e0974d66e42cb11897287ac67d41121ce0f2ee4bb6be1135a3", "block_time": 1703696828, "block_parent": "0x0ada34134f1fba49647721b351ec1bc93106812586e4fae101d518ac16833ee2"}
{"block_number": 86, "miner_hash": "0x8A7D3aA97cCd091D4169d444fF79028a64314DE1", "block_hash": "0x3c49f6d72ecc0b9b93e01c490d1b98e908d92746dca66834580f837b286644e2", "block_time": 1703696829, "block_parent": "0xb4e3fbf0102351e0974d66e42cb11897287ac67d41121ce0f2ee4bb6be1135a3"}
{"block_number": 87, "miner_hash": "0xbE3243C54e4073CcAb10d51A08D8aBD6d450b623", "block_hash": "0x87d89f159073839d8f564b6f39d43bf31c464e047411edf7bc855820b1c80a7e", "block_time": 1703696830, "block_parent": "0x3c49f6d72ecc0b9b93e01c490d1b98e908d92746dca66834580f837b286644e2"}
{"block_number": 87, "miner_hash": "0x333f187bA12eB20beA5840BD2caD07D921A03f07", "block_hash": "0xee29858e0d74c25410ee33dd7e3bfa080d8d13564b28b7b9e7b2b57ce1e6c33a", "block_time": 1703696830, "block_parent": "0x3c49f6d72ecc0b9b93e01c490d1b98e908d92746dca66834580f837b286644e2"}
{"block_number": 88, "miner_hash": "0x3fF96a3597a91C582b6dAdd7D39984282275687C", "block_hash": "0xded93cd9b3efdb43212b85765a090bf3ae5ba364ac2c3c06baf3fe4dee6596e0", "block_time": 1703696831, "block_parent": "0xee29858e0d74c25410ee33dd7e3bfa080d8d13564b28b7b9e7b2b57ce1e6c33a"}
{"block_number": 88, "miner_hash": "0xbE3243C54e4073CcAb10d51A08D8aBD6d450b623", "block_hash": "0x298c25927428077aeb5ac80565e772af866c6ce14f69e194f7f49800a4bed077", "block_time": 1703696831, "block_parent": "0x87d89f159073839d8f564b6f39d43bf31c464e047411edf7bc855820b1c80a7e"}
{"block_number": 89, "miner_hash": "0x8A7D3aA97cCd091D4169d444fF79028a64314DE1", "block_hash": "0x232f818187cb440a9f31c55c8f0f3f42400375865ce7f211cb96b0074ba64b9d", "block_time": 1703696832, "block_parent": "0x298c25927428077aeb5ac80565e772af866c6ce14f69e194f7f49800a4bed077"}
{"block_number": 90, "miner_hash": "0x8A7D3aA97cCd091D4169d444fF79028a64314DE1", "block_hash": "0x741c4d27defd912246108ea2e9c52bf6a2a474f2467758c4c87e7bb4f1b623e8", "block_time": 1703696833, "block_parent": "0x232f818187cb440a9f31c55c8f0f3f42400375865ce7f211cb96b0074ba64b9d"}
{"block_number": 91, "miner_hash": "0xE910c76B445e44bD60bE26875649a18c7940582c", "block_hash": "0xc5bb69ef47af033dd260face3d424087d332047adb4db31fd78d840222b900c6", "block_time": 1703696834, "block_parent": "0x741c4d27defd912246108ea2e9c52bf6a2a474f2467758c4c87e7bb4f1b623e8"}
{"block_number": 92, "miner_hash": "0xE910c76B445e44bD60bE26875649a18c7940582c", "block_hash": "0xe1662409b72827323ad7448d00c16ca19f6857fc6757f73f0307cc610236bf29", "block_time": 1703696835, "block_parent": "0xc5bb69ef47af033dd260face3d424087d332047adb4db31fd78d840222b900c6"}
{"block_number": 93, "miner_hash": "0xF2B8874A4859cc5B9D4e018b5D5595b9Ed2FcBF2", "block_hash": "0xce206f579a3dd66f6e44dc07771d9dd270c1ae7f4a9f1f4facab9c75747c9f35", "block_time": 1703696836, "block_parent": "0xe1662409b72827323ad7448d00c16ca19f6857fc6757f73f0307cc610236bf29"}
{"block_number": 94, "miner_hash": "0xF2B8874A4859cc5B9D4e018b5D5595b9Ed2FcBF2", "block_hash": "0x201277637a02c446bd35d215a5af125406c8f85b785d6ad1801b77f0e23e3655", "block_time": 1703696837, "block_parent": "0xce206f579a3dd66f6e44dc07771d9dd270c1ae7f4a9f1f4facab9c75747c9f35"}
{"block_number": 95, "miner_hash": "0x3fF96a3597a91C582b6dAdd7D39984282275687C", "block_hash": "0xf87ca21f48bf7be2977c5724c7756511d4d51373f2aeda394bf5ecacb090c6ef", "block_time": 1703696838, "block_parent": "0x201277637a02c446bd35d215a5af125406c8f85b785d6ad1801b77f0e23e3655"}
{"block_number": 96, "miner_hash": "0xF2B8874A4859cc5B9D4e018b5D5595b9Ed2FcBF2", "block_hash": "0x9d33353bc0780758f8aa85538c2549286857ed6761c1ffd707470b667113f676", "block_time": 1703696839, "block_parent": "0xf87ca21f48bf7be2977c5724c7756511d4d51373f2aeda394bf5ecacb090c6ef"}
{"block_number": 97, "miner_hash": "0x8A7D3aA97cCd091D4169d444fF79028a64314DE1", "block_hash": "0x04b131023dda14f907d36351fc8f4c713de1e3d48393a0d002a208bee21765b1", "block_time": 1703696844, "block_parent": "0x9d33353bc0780758f8aa85538c2549286857ed6761c1ffd707470b667113f676"}
{"block_number": 98, "miner_hash": "0x8A7D3aA97cCd091D4169d444fF79028a64314DE1", "block_hash": "0x900981f8aace2ffbf4af814b43b2ee23c83d0f5510ac36ac4047f284df1a4e9e", "block_time": 1703696845, "block_parent": "0x04b131023dda14f907d36351fc8f4c713de1e3d48393a0d002a208bee21765b1"}
{"block_number": 99, "miner_hash": "0xF2B8874A4859cc5B9D4e018b5D5595b9Ed2FcBF2", "block_hash": "0xbf5f8a7bcc1d0eea6237cf348bb31cbb9b40c8c921f128fab1f7b76c3bfbe4be", "block_time": 1703696846, "block_parent": "0x900981f8aace2ffbf4af814b43b2ee23c83d0f5510ac36ac4047f284df1a4e9e"}
{"block_number": 100, "miner_hash": "0xC81470c83A386DEc5d251D763Acc834dD1987F47", "block_hash": "0x2addf1822a82395ce2b56a428ff172166467a341604b7661235d55a112428d74", "block_time": 1703696850, "block_parent": "0xbf5f8a7bcc1d0eea6237cf348bb31cbb9b40c8c921f128fab1f7b76c3bfbe4be"}
{"block_number": 101, "miner_hash": "0xe85979d35212ad38075919c52d9B91e371Ca23eC", "block_hash": "0x2bcf42306224907b58486f8b023feeae2b47762f21022cd7bef29dc6239eec63", "block_time": 1703696851, "block_parent": "0x2addf1822a82395ce2b56a428ff172166467a341604b7661235d55a112428d74"}
{"block_number": 102, "miner_hash": "0xC81470c83A386DEc5d251D763Acc834dD1987F47", "block_hash": "0xa34413b31998a9202938c2f3ce206513839f7f4ca85aced6471cc00a000e233e", "block_time": 1703696852, "block_parent": "0x2bcf42306224907b58486f8b023feeae2b47762f21022cd7bef29dc6239eec63"}
{"block_number": 103, "miner_hash": "0xC81470c83A386DEc5d251D763Acc834dD1987F47", "block_hash": "0xb06538f801a858f3475144788d9086477734a6239103e8f6591d4e9b2b9b5a6e", "block_time": 1703696853, "block_parent": "0xa34413b31998a9202938c2f3ce206513839f7f4ca85aced6471cc00a000e233e"}
{"block_number": 103, "miner_hash": "0x8A7D3aA97cCd091D4169d444fF79028a64314DE1", "block_hash": "0x2a8d2e5338df4c8113841ba7f0fd198be2a1cc71774da650a08f6ffe0c42c3d2", "block_time": 1703696853, "block_parent": "0xa34413b31998a9202938c2f3ce206513839f7f4ca85aced6471cc00a000e233e"}
{"block_number": 104, "miner_hash": "0x8A7D3aA97cCd091D4169d444fF79028a64314DE1", "block_hash": "0xc328451ce6202a70bdadb10274b4b981673f341d0e91d72a9900c23d27e9b4ff", "block_time": 1703696854, "block_parent": "0x2a8d2e5338df4c8113841ba7f0fd198be2a1cc71774da650a08f6ffe0c42c3d2"}
{"block_number": 105, "miner_hash": "0xC81470c83A386DEc5d251D763Acc834dD1987F47", "block_hash": "0x3320d6d827bcaad59591d45aab822907aa3c66dcf4670ae8dce16188419c2c0d", "block_time": 1703696855, "block_parent": "0xdb3a453be6cb9764fe1cf2f1c8337a0bd597b3f421433e4975b2d5d18be4db3a"}
{"block_number": 106, "miner_hash": "0x333f187bA12eB20beA5840BD2caD07D921A03f07", "block_hash": "0x9b13bdc9e4ce58dc4d6e3cbf8977bdaa02255894ede93d4e1ff43ceea21e4695", "block_time": 1703696856, "block_parent": "0x3320d6d827bcaad59591d45aab822907aa3c66dcf4670ae8dce16188419c2c0d"}
{"block_number": 107, "miner_hash": "0x333f187bA12eB20beA5840BD2caD07D921A03f07", "block_hash": "0xf376bfd5698a0caec301aa50cf331d85e55b433e7b3a1581a9f8edc2885c0559", "block_time": 1703696857, "block_parent": "0x9b13bdc9e4ce58dc4d6e3cbf8977bdaa02255894ede93d4e1ff43ceea21e4695"}
{"block_number": 108, "miner_hash": "0x8A7D3aA97cCd091D4169d444fF79028a64314DE1", "block_hash": "0x8e9e5f4f61d7383249b6499f4fd72ed6f5617c0081554fe8d89738d960de3c94", "block_time": 1703696858, "block_parent": "0xf376bfd5698a0caec301aa50cf331d85e55b433e7b3a1581a9f8edc2885c0559"}
{"block_number": 109, "miner_hash": "0x333f187bA12eB20beA5840BD2caD07D921A03f07", "block_hash": "0xc7a64e2ae7e289441d2e9b178cf145deb473171feb432d17d6b95849b46e3764", "block_time": 1703696859, "block_parent": "0x8e9e5f4f61d7383249b6499f4fd72ed6f5617c0081554fe8d89738d960de3c94"}
{"block_number": 110, "miner_hash": "0xE910c76B445e44bD60bE26875649a18c7940582c", "block_hash": "0xf0f35526909efb35d6cfd9fa831b90d9695976dcd1519d85cae5afcd3b9eb0f7", "block_time": 1703696860, "block_parent": "0xc7a64e2ae7e289441d2e9b178cf145deb473171feb432d17d6b95849b46e3764"}
{"block_number": 111, "miner_hash": "0x8A7D3aA97cCd091D4169d444fF79028a64314DE1", "block_hash": "0x28d2bfc8818028af3dbecf765142eb9dbc31f81b6c71da7855f986803205b05a", "block_time": 1703696861, "block_parent": "0xf0f35526909efb35d6cfd9fa831b90d9695976dcd1519d85cae5afcd3b9eb0f7"}
{"block_number": 111, "miner_hash": "0x333f187bA12eB20beA5840BD2caD07D921A03f07", "block_hash": "0x14270b63752f00fba0ba1eaddfcbf373bdb3e114efc81dafc651905bb9435f3a", "block_time": 1703696861, "block_parent": "0xf0f35526909efb35d6cfd9fa831b90d9695976dcd1519d85cae5afcd3b9eb0f7"}
{"block_number": 112, "miner_hash": "0xbE3243C54e4073CcAb10d51A08D8aBD6d450b623", "block_hash": "0x63fa4d9f6cd6bb6c554e64b3aedc17147be07e0452db7d145a62141f33d9f5ff", "block_time": 1703696862, "block_parent": "0x28d2bfc8818028af3dbecf765142eb9dbc31f81b6c71da7855f986803205b05a"}
{"block_number": 113, "miner_hash": "0xF2B8874A4859cc5B9D4e018b5D5595b9Ed2FcBF2", "block_hash": "0x9013065769cc40c2af3c3e557b6929aeee84f3a002b9a4ac9e6080bbde6c9399", "block_time": 1703696863, "block_parent": "0x63fa4d9f6cd6bb6c554e64b3aedc17147be07e0452db7d145a62141f33d9f5ff"}
{"block_number": 114, "miner_hash": "0xe85979d35212ad38075919c52d9B91e371Ca23eC", "block_hash": "0x64f82c69c5fcb3349286e8f980fbdd1e0ffb581ea1f8b044fc63acc401c14da9", "block_time": 1703696864, "block_parent": "0x9013065769cc40c2af3c3e557b6929aeee84f3a002b9a4ac9e6080bbde6c9399"}
{"block_number": 115, "miner_hash": "0x8A7D3aA97cCd091D4169d444fF79028a64314DE1", "block_hash": "0x69be87d96e49c82cbeadb29a17062ac49ccd5e395cbeabad42a74a5cf3c986b8", "block_time": 1703696865, "block_parent": "0x64f82c69c5fcb3349286e8f980fbdd1e0ffb581ea1f8b044fc63acc401c14da9"}
{"block_number": 116, "miner_hash": "0xF2B8874A4859cc5B9D4e018b5D5595b9Ed2FcBF2", "block_hash": "0x50b478fad6e53f1e9882c25e5d8adca25238c1a91a7d8c914873b96aee9dfe3b", "block_time": 1703696866, "block_parent": "0x69be87d96e49c82cbeadb29a17062ac49ccd5e395cbeabad42a74a5cf3c986b8"}
{"block_number": 117, "miner_hash": "0xC81470c83A386DEc5d251D763Acc834dD1987F47", "block_hash": "0x584ffcff59b574449df5eac2cc0a42dc0530af49a402b5cdd247306aacfc14ec", "block_time": 1703696867, "block_parent": "0x50b478fad6e53f1e9882c25e5d8adca25238c1a91a7d8c914873b96aee9dfe3b"}
{"block_number": 118, "miner_hash": "0xbE3243C54e4073CcAb10d51A08D8aBD6d450b623", "block_hash": "0x64d3e2acff24daff1303697e933d4395d791c8c67173d14113fbe7b9c4736ba9", "block_time": 1703696868, "block_parent": "0x584ffcff59b574449df5eac2cc0a42dc0530af49a402b5cdd247306aacfc14ec"}
{"block_number": 119, "miner_hash": "0xE910c76B445e44bD60bE26875649a18c7940582c", "block_hash": "0x73978088907f3d690c9b01bea58dd6e911364f47c022d85b22f77c457950e49f", "block_time": 1703696869, "block_parent": "0x64d3e2acff24daff1303697e933d4395d791c8c67173d14113fbe7b9c4736ba9"}
{"block_number": 120, "miner_hash": "0xbE3243C54e4073CcAb10d51A08D8aBD6d450b623", "block_hash": "0x20c814b6f523fb5a5782ccd07f90c6d218e70c3f0165d356a53105b9dab55005", "block_time": 1703696870, "block_parent": "0x73978088907f3d690c9b01bea58dd6e911364f47c022d85b22f77c457950e49f"}
{"block_number": 121, "miner_hash": "0xC81470c83A386DEc5d251D763Acc834dD1987F47", "block_hash": "0xb1cfc4acc16062a1d5140239cb47ba7b19adfa2d7bd45b3a172db4956b66af37", "block_time": 1703696871, "block_parent": "0x20c814b6f523fb5a5782ccd07f90c6d218e70c3f0165d356a53105b9dab55005"}
{"block_number": 122, "miner_hash": "0xE910c76B445e44bD60bE26875649a18c7940582c", "block_hash": "0x0b38a061414f0d8d8e66c64c07f93a21453a43eab6714059ce7452d3d692d06f", "block_time": 1703696872, "block_parent": "0xb1cfc4acc16062a1d5140239cb47ba7b19adfa2d7bd45b3a172db4956b66af37"}
{"block_number": 123, "miner_hash": "0x8A7D3aA97cCd091D4169d444fF79028a64314DE1", "block_hash": "0xe7e2b06b5ef066c080eafed5923599e42a7083712cfdb14dec7872368aed90c1", "block_time": 1703696873, "block_parent": "0x0b38a061414f0d8d8e66c64c07f93a21453a43eab6714059ce7452d3d692d06f"}
{"block_number": 124, "miner_hash": "0x8A7D3aA97cCd091D4169d444fF79028a64314DE1", "block_hash": "0xe235a4f019aeaa98dc7de538e2788ae566dddcd05a68f3161a1ed82b1c619dcd", "block_time": 1703696874, "block_parent": "0xe7e2b06b5ef066c080eafed5923599e42a7083712cfdb14dec7872368aed90c1"}
{"block_number": 124, "miner_hash": "0xC81470c83A386DEc5d251D763Acc834dD1987F47", "block_hash": "0x0a86dee3d51c0924b8ed3da893d36baec3718109238f3fff42e06df6c5e5d5a8", "block_time": 1703696874, "block_parent": "0xe7e2b06b5ef066c080eafed5923599e42a7083712cfdb14dec7872368aed90c1"}
{"block_number": 125, "miner_hash": "0xe85979d35212ad38075919c52d9B91e371Ca23eC", "block_hash": "0x9d7159fbc325da96b6999524a9708994ed268d1249851b3e0c11ca8bf4e4d31d", "block_time": 1703696875, "block_parent": "0xe235a4f019aeaa98dc7de538e2788ae566dddcd05a68f3161a1ed82b1c619dcd"}
{"block_number": 126, "miner_hash": "0xbE3243C54e4073CcAb10d51A08D8aBD6d450b623", "block_hash": "0x5c0b4cc61a87d1e5b0eeeb9ecd2cd07e4727362101f3f2e29e7ca7cf83040d26", "block_time": 1703696876, "block_parent": "0x9d7159fbc325da96b6999524a9708994ed268d1249851b3e0c11ca8bf4e4d31d"}
{"block_number": 127, "miner_hash": "0x333f187bA12eB20beA5840BD2caD07D921A03f07", "block_hash": "0x762ae4360cadc9987587c7847f372bc255109bb679b52c19e10584675556985e", "block_time": 1703696877, "block_parent": "0x5c0b4cc61a87d1e5b0eeeb9ecd2cd07e4727362101f3f2e29e7ca7cf83040d26"}
{"block_number": 128, "miner_hash": "0x333f187bA12eB20beA5840BD2caD07D921A03f07", "block_hash": "0x3243d2a503ac14e1b5d6c9e68767a99262337d1048b178c02c4d4261d6fa48ae", "block_time": 1703696878, "block_parent": "0x762ae4360cadc9987587c7847f372bc255109bb679b52c19e10584675556985e"}
{"block_number": 129, "miner_hash": "0x8A7D3aA97cCd091D4169d444fF79028a64314DE1", "block_hash": "0xa8eb83d9e0cacc24971feab5f9d6ea24446651e93456b10dab37595db4d55ca2", "block_time": 1703696879, "block_parent": "0x3243d2a503ac14e1b5d6c9e68767a99262337d1048b178c02c4d4261d6fa48ae"}
{"block_number": 130, "miner_hash": "0xF2B8874A4859cc5B9D4e018b5D5595b9Ed2FcBF2", "block_hash": "0x6ed4cd7a09c7a484853b10c214d08e0aaf85187495f03b189692ae4cf82fa77f", "block_time": 1703696880, "block_parent": "0xa8eb83d9e0cacc24971feab5f9d6ea24446651e93456b10dab37595db4d55ca2"}
{"block_number": 131, "miner_hash": "0xbE3243C54e4073CcAb10d51A08D8aBD6d450b623", "block_hash": "0x3909bff5bfc661838f279bd62a2980fd5caaea3809fabcf9ef1dd43b2749dad5", "block_time": 1703696881, "block_parent": "0x6ed4cd7a09c7a484853b10c214d08e0aaf85187495f03b189692ae4cf82fa77f"}
{"block_number": 132, "miner_hash": "0x3fF96a3597a91C582b6dAdd7D39984282275687C", "block_hash": "0xbf07e850b55efaff453b7d3ac59dd446dc0a2e12913230d9321021341c9b2f25", "block_time": 1703696882, "block_parent": "0x3909bff5bfc661838f279bd62a2980fd5caaea3809fabcf9ef1dd43b2749dad5"}
{"block_number": 133, "miner_hash": "0x3fF96a3597a91C582b6dAdd7D39984282275687C", "block_hash": "0x087cf51cefa22dc03dd6286f8da5398f126b73e2ae7cd0514b8d8fce6c5befcc", "block_time": 1703696883, "block_parent": "0xbf07e850b55efaff453b7d3ac59dd446dc0a2e12913230d9321021341c9b2f25"}
{"block_number": 134, "miner_hash": "0xe85979d35212ad38075919c52d9B91e371Ca23eC", "block_hash": "0x85b9cf6bf5945dcf62c2a4d37769811b820edb6ce542c25ebb38dffb68392f20", "block_time": 1703696884, "block_parent": "0x087cf51cefa22dc03dd6286f8da5398f126b73e2ae7cd0514b8d8fce6c5befcc"}
{"block_number": 135, "miner_hash": "0xF2B8874A4859cc5B9D4e018b5D5595b9Ed2FcBF2", "block_hash": "0x8cc4234dac613cd29bef4a91fc370bb495d4c3c2f9b9eca938559248d61f3393", "block_time": 1703696886, "block_parent": "0x85b9cf6bf5945dcf62c2a4d37769811b820edb6ce542c25ebb38dffb68392f20"}
{"block_number": 136, "miner_hash": "0x333f187bA12eB20beA5840BD2caD07D921A03f07", "block_hash": "0xd6e11627fa2e6268fb5bc3f4f58cd6f4d58341fdea1f26d410f5ff868f0905ee", "block_time": 1703696887, "block_parent": "0x8cc4234dac613cd29bef4a91fc370bb495d4c3c2f9b9eca938559248d61f3393"}
{"block_number": 137, "miner_hash": "0x333f187bA12eB20beA5840BD2caD07D921A03f07", "block_hash": "0x249a6f0eec4e699d38ab7a8c259d704598d368919f89be910d332d91846b476f", "block_time": 1703696888, "block_parent": "0xd6e11627fa2e6268fb5bc3f4f58cd6f4d58341fdea1f26d410f5ff868f0905ee"}
{"block_number": 138, "miner_hash": "0x3fF96a3597a91C582b6dAdd7D39984282275687C", "block_hash": "0x99a15c2bc199ebae48248aba3195749b6d9c20f03b1bc65f599609a68c9e8c40", "block_time": 1703696889, "block_parent": "0x249a6f0eec4e699d38ab7a8c259d704598d368919f89be910d332d91846b476f"}
{"block_number": 139, "miner_hash": "0x3fF96a3597a91C582b6dAdd7D39984282275687C", "block_hash": "0x0376e833e473754939fbc656a31cdc3c4f09f22d677b7e91d230c4d7143db5a8", "block_time": 1703696890, "block_parent": "0x99a15c2bc199ebae48248aba3195749b6d9c20f03b1bc65f599609a68c9e8c40"}
{"block_number": 140, "miner_hash": "0xe85979d35212ad38075919c52d9B91e371Ca23eC", "block_hash": "0x65149902780539bcf750833ed522ee79ddb77f9fcdc7395015d605f4c0d33b59", "block_time": 1703696891, "block_parent": "0x0376e833e473754939fbc656a31cdc3c4f09f22d677b7e91d230c4d7143db5a8"}
{"block_number": 141, "miner_hash": "0x3fF96a3597a91C582b6dAdd7D39984282275687C", "block_hash": "0x9c9c26328fc2b764dfb6e85a0f7ce11590bf7e63472f36c5b257a2647361b510", "block_time": 1703696892, "block_parent": "0x65149902780539bcf750833ed522ee79ddb77f9fcdc7395015d605f4c0d33b59"}
{"block_number": 142, "miner_hash": "0xe85979d35212ad38075919c52d9B91e371Ca23eC", "block_hash": "0xa653c9def85969a58c2f39ebb599c4fe06eff03111f26062043493a51c56af08", "block_time": 1703696893, "block_parent": "0x9c9c26328fc2b764dfb6e85a0f7ce11590bf7e63472f36c5b257a2647361b510"}
{"block_number": 143, "miner_hash": "0x3fF96a3597a91C582b6dAdd7D39984282275687C", "block_hash": "0x24e0b0adf1b70964f864188058c533bb0d4da8ee4eae1d6be4f09d89f30d5b1e", "block_time": 1703696894, "block_parent": "0xa653c9def85969a58c2f39ebb599c4fe06eff03111f26062043493a51c56af08"}
{"block_number": 144, "miner_hash": "0xC81470c83A386DEc5d251D763Acc834dD1987F47", "block_hash": "0x531b4a8ba0266b7fd25793b5e30dcea67c103b4ec4b0458bb9265989587bf127", "block_time": 1703696895, "block_parent": "0x24e0b0adf1b70964f864188058c533bb0d4da8ee4eae1d6be4f09d89f30d5b1e"}
{"block_number": 145, "miner_hash": "0xe85979d35212ad38075919c52d9B91e371Ca23eC", "block_hash": "0x2b1b010004e30ce10d69e9ddfcd573669a886125e4135861deb6680b0db88bf4", "block_time": 1703696896, "block_parent": "0x531b4a8ba0266b7fd25793b5e30dcea67c103b4ec4b0458bb9265989587bf127"}
{"block_number": 146, "miner_hash": "0xC81470c83A386DEc5d251D763Acc834dD1987F47", "block_hash": "0xdf60d645fb1c5a69502dff4b98ff7a159ddad770f81247e789b9489deaa5c7a3", "block_time": 1703696897, "block_parent": "0x2b1b010004e30ce10d69e9ddfcd573669a886125e4135861deb6680b0db88bf4"}
{"block_number": 147, "miner_hash": "0x3fF96a3597a91C582b6dAdd7D39984282275687C", "block_hash": "0xc49fcdd97b1e4e881403962ce2c57e140de175bec39241c1212eeadb20294e1b", "block_time": 1703696898, "block_parent": "0xdf60d645fb1c5a69502dff4b98ff7a159ddad770f81247e789b9489deaa5c7a3"}
{"block_number": 148, "miner_hash": "0x8A7D3aA97cCd091D4169d444fF79028a64314DE1", "block_hash": "0x8e32a5a80e8579582d9ac775c362e0e9475396067975294cca27247869154ddb", "block_time": 1703696899, "block_parent": "0xc49fcdd97b1e4e881403962ce2c57e140de175bec39241c1212eeadb20294e1b"}
{"block_number": 149, "miner_hash": "0x3fF96a3597a91C582b6dAdd7D39984282275687C", "block_hash": "0x12a5c968f9b649bfe66b3b27f29c526cd9ae8a02fca04128d5e1c9268c4fe6cd", "block_time": 1703696900, "block_parent": "0x8e32a5a80e8579582d9ac775c362e0e9475396067975294cca27247869154ddb"}
{"block_number": 150, "miner_hash": "0xbE3243C54e4073CcAb10d51A08D8aBD6d450b623", "block_hash": "0xdfcdf8080a674d56e4f8ee53ec67a5723d284456a25de55bdee937e224ec9647", "block_time": 1703696901, "block_parent": "0x12a5c968f9b649bfe66b3b27f29c526cd9ae8a02fca04128d5e1c9268c4fe6cd"}
{"block_number": 151, "miner_hash": "0xE910c76B445e44bD60bE26875649a18c7940582c", "block_hash": "0xd3e09fab7aefd622d8a26143484bc67a2a08e4fbe8ae8884712f75cceb8d1d78", "block_time": 1703696902, "block_parent": "0xdfcdf8080a674d56e4f8ee53ec67a5723d284456a25de55bdee937e224ec9647"}
{"block_number": 152, "miner_hash": "0x3fF96a3597a91C582b6dAdd7D39984282275687C", "block_hash": "0x8f78f915658c1a0e2447766e21747a791b45728888bb4b3b2adf2fb26165f0d1", "block_time": 1703696903, "block_parent": "0x8118a34cab838f2e8e020c103385a2f37b0a7fb68dad458f4420eb990ee50b67"}
{"block_number": 153, "miner_hash": "0xF2B8874A4859cc5B9D4e018b5D5595b9Ed2FcBF2", "block_hash": "0xd1ad573ca9fac8888722300fc3543c1177e527316d970fdaece0ff779fc3b9ea", "block_time": 1703696905, "block_parent": "0x8f78f915658c1a0e2447766e21747a791b45728888bb4b3b2adf2fb26165f0d1"}
{"block_number": 154, "miner_hash": "0xC81470c83A386DEc5d251D763Acc834dD1987F47", "block_hash": "0x8b37c5b124ad6e788f54b0191a2450d048ebd35ce60e139f496e0311169db593", "block_time": 1703696906, "block_parent": "0xc168b32d7470ab353244e246467a1f8a53bf9584b16374c447affb72d8e01418"}
{"block_number": 155, "miner_hash": "0x3fF96a3597a91C582b6dAdd7D39984282275687C", "block_hash": "0x950a53f3400aab7d7661487c228123f5faf63ef958c7cdf5f8936d8bb37dca0b", "block_time": 1703696907, "block_parent": "0x8b37c5b124ad6e788f54b0191a2450d048ebd35ce60e139f496e0311169db593"}
{"block_number": 156, "miner_hash": "0xF2B8874A4859cc5B9D4e018b5D5595b9Ed2FcBF2", "block_hash": "0x3207907ac7b63b93b21db42fae001f8474b7599662492dead4cc93d2e549f1cc", "block_time": 1703696908, "block_parent": "0x950a53f3400aab7d7661487c228123f5faf63ef958c7cdf5f8936d8bb37dca0b"}
{"block_number": 157, "miner_hash": "0x3fF96a3597a91C582b6dAdd7D39984282275687C", "block_hash": "0x1602e6beb99451779be0435cb97d69adf38bf4efa2ec8a923ad7ccea5fca032c", "block_time": 1703696909, "block_parent": "0x3207907ac7b63b93b21db42fae001f8474b7599662492dead4cc93d2e549f1cc"}
{"block_number": 158, "miner_hash": "0x8A7D3aA97cCd091D4169d444fF79028a64314DE1", "block_hash": "0x8ba2f35e2b92bdb022f9843ed5fe633e2eb3fb0e8cff97075635ae8814be6aa1", "block_time": 1703696910, "block_parent": "0x1602e6beb99451779be0435cb97d69adf38bf4efa2ec8a923ad7ccea5fca032c"}
{"block_number": 159, "miner_hash": "0xbE3243C54e4073CcAb10d51A08D8aBD6d450b623", "block_hash": "0xed49f80c0c8ac6eed48c4e46f8ab530510776bc6c20ab31e98c76e44fd619fb7", "block_time": 1703696911, "block_parent": "0x8ba2f35e2b92bdb022f9843ed5fe633e2eb3fb0e8cff97075635ae8814be6aa1"}
{"block_number": 160, "miner_hash": "0xC81470c83A386DEc5d251D763Acc834dD1987F47", "block_hash": "0x2e944aa5f7b9c42f6c4820b827ea170ffa14e41d524c362b6101f9a4928ed760", "block_time": 1703696912, "block_parent": "0xed49f80c0c8ac6eed48c4e46f8ab530510776bc6c20ab31e98c76e44fd619fb7"}
{"block_number": 161, "miner_hash": "0xC81470c83A386DEc5d251D763Acc834dD1987F47", "block_hash": "0x8c166d6a8de4f086c2f4f2dc4142ca3b0c1740719766a6722855b55bb589733b", "block_time": 1703696913, "block_parent": "0x2e944aa5f7b9c42f6c4820b827ea170ffa14e41d524c362b6101f9a4928ed760"}
{"block_number": 162, "miner_hash": "0x8A7D3aA97cCd091D4169d444fF79028a64314DE1", "block_hash": "0xe393f98094b69f7c8a985e0ca3912c89c258b2db524970cc984035b4d3252531", "block_time": 1703696914, "block_parent": "0x8c166d6a8de4f086c2f4f2dc4142ca3b0c1740719766a6722855b55bb589733b"}
{"block_number": 163, "miner_hash": "0xe85979d35212ad38075919c52d9B91e371Ca23eC", "block_hash": "0xaf83ee3c682e0d4d2ef96594864f157a90d52a74163c7dcda215a062e6576aa8", "block_time": 1703696915, "block_parent": "0xe393f98094b69f7c8a985e0ca3912c89c258b2db524970cc984035b4d3252531"}
{"block_number": 164, "miner_hash": "0x333f187bA12eB20beA5840BD2caD07D921A03f07", "block_hash": "0x5b0b01268a628837bdbf1d4077bc446c1de69d802f2fe0139c8c43d21b5b3f34", "block_time": 1703696916, "block_parent": "0xaf83ee3c682e0d4d2ef96594864f157a90d52a74163c7dcda215a062e6576aa8"}
{"block_number": 165, "miner_hash": "0x3fF96a3597a91C582b6dAdd7D39984282275687C", "block_hash": "0xfa5a15cc08bd480ac23fbbfdc546cdc03ffc79d454166f18694bf64cb944a9f3", "block_time": 1703696917, "block_parent": "0x5b0b01268a628837bdbf1d4077bc446c1de69d802f2fe0139c8c43d21b5b3f34"}
{"block_number": 166, "miner_hash": "0xe85979d35212ad38075919c52d9B91e371Ca23eC", "block_hash": "0x7dc3af420878369c5cb789a97307d085f21a9d103d4040d613c89922d79c70ab", "block_time": 1703696918, "block_parent": "0xfa5a15cc08bd480ac23fbbfdc546cdc03ffc79d454166f18694bf64cb944a9f3"}
{"block_number": 167, "miner_hash": "0xe85979d35212ad38075919c52d9B91e371Ca23eC", "block_hash": "0x1374fe9e209614e3757eb4e9788c203ee58df8ee1a4f4cb310bbae444334020d", "block_time": 1703696919, "block_parent": "0x7dc3af420878369c5cb789a97307d085f21a9d103d4040d613c89922d79c70ab"}
{"block_number": 168, "miner_hash": "0xC81470c83A386DEc5d251D763Acc834dD1987F47", "block_hash": "0x579b8cf615338952a8348060832dc7a004c0ab06d03135c794db5a7f7f47cbe0", "block_time": 1703696920, "block_parent": "0x1374fe9e209614e3757eb4e9788c203ee58df8ee1a4f4cb310bbae444334020d"}
{"block_number": 169, "miner_hash": "0x3fF96a3597a91C582b6dAdd7D39984282275687C", "block_hash": "0x638225f6a8bde63aa7d41be37ac9cc4c43c0b95e4a2bf52cfa1aad0e692f0d01", "block_time": 1703696921, "block_parent": "0x579b8cf615338952a8348060832dc7a004c0ab06d03135c794db5a7f7f47cbe0"}
{"block_number": 170, "miner_hash": "0x8A7D3aA97cCd091D4169d444fF79028a64314DE1", "block_hash": "0x2705f884bc6008086f3a57d944aa3e0ac54d85c6dcc6cd0c48b591d0ae6afb70", "block_time": 1703696922, "block_parent": "0x638225f6a8bde63aa7d41be37ac9cc4c43c0b95e4a2bf52cfa1aad0e692f0d01"}
{"block_number": 171, "miner_hash": "0xbE3243C54e4073CcAb10d51A08D8aBD6d450b623", "block_hash": "0x843a1ca2feb6f82e0bcb02f632711bb52362a0cd1433a2c1605443105383dab6", "block_time": 1703696923, "block_parent": "0x2705f884bc6008086f3a57d944aa3e0ac54d85c6dcc6cd0c48b591d0ae6afb70"}
{"block_number": 172, "miner_hash": "0x333f187bA12eB20beA5840BD2caD07D921A03f07", "block_hash": "0x10ce0ae43df9ff7ec0e3027742f34e51088d3a61fb4f76e885b584a45e1685f8", "block_time": 1703696924, "block_parent": "0x843a1ca2feb6f82e0bcb02f632711bb52362a0cd1433a2c1605443105383dab6"}
{"block_number": 173, "miner_hash": "0x333f187bA12eB20beA5840BD2caD07D921A03f07", "block_hash": "0x07f090872ec9b51a4aa824e4d828510b6441e8db42c766084c3f7dadf16e862f", "block_time": 1703696925, "block_parent": "0x10ce0ae43df9ff7ec0e3027742f34e51088d3a61fb4f76e885b584a45e1685f8"}
{"block_number": 174, "miner_hash": "0xe85979d35212ad38075919c52d9B91e371Ca23eC", "block_hash": "0x8b7dba35acef386bde044bb9fd969da0cac31c6bb1c5d6d2efae73a59b6eb127", "block_time": 1703696926, "block_parent": "0x07f090872ec9b51a4aa824e4d828510b6441e8db42c766084c3f7dadf16e862f"}
{"block_number": 175, "miner_hash": "0xbE3243C54e4073CcAb10d51A08D8aBD6d450b623", "block_hash": "0xe0716b78f8a18904f38e2d506ba689e9427be85510318f89e79f0b3cca86bbdd", "block_time": 1703696927, "block_parent": "0x8b7dba35acef386bde044bb9fd969da0cac31c6bb1c5d6d2efae73a59b6eb127"}
{"block_number": 176, "miner_hash": "0xE910c76B445e44bD60bE26875649a18c7940582c", "block_hash": "0xc2b5316613d1bd788d2cc951568dcd7f456fa616ef28011a36f5fa421256fbed", "block_time": 1703696928, "block_parent": "0xe0716b78f8a18904f38e2d506ba689e9427be85510318f89e79f0b3cca86bbdd"}
{"block_number": 177, "miner_hash": "0xE910c76B445e44bD60bE26875649a18c7940582c", "block_hash": "0x9a1cb5797f027e44d98ade4b73af451f61d4f946bef78496e16c0d8b17fe6df5", "block_time": 1703696929, "block_parent": "0xc2b5316613d1bd788d2cc951568dcd7f456fa616ef28011a36f5fa421256fbed"}
{"block_number": 178, "miner_hash": "0xF2B8874A4859cc5B9D4e018b5D5595b9Ed2FcBF2", "block_hash": "0xc8061d94ab964dfbf44e1b9f5d59ca8895db5cf85b943041578232a2ffe7e947", "block_time": 1703696930, "block_parent": "0x9a1cb5797f027e44d98ade4b73af451f61d4f946bef78496e16c0d8b17fe6df5"}
{"block_number": 179, "miner_hash": "0xbE3243C54e4073CcAb10d51A08D8aBD6d450b623", "block_hash": "0x4dd1a3eab8dbdaf847093f835357aa6d77165a73effef0328bbccf47174fd201", "block_time": 1703696931, "block_parent": "0xc8061d94ab964dfbf44e1b9f5d59ca8895db5cf85b943041578232a2ffe7e947"}
{"block_number": 180, "miner_hash": "0x3fF96a3597a91C582b6dAdd7D39984282275687C", "block_hash": "0xd7fda2932d86ac39b3358b45302a6f0672e1ec7e865c7cf98bc024cc4ccfcd0b", "block_time": 1703696932, "block_parent": "0x4dd1a3eab8dbdaf847093f835357aa6d77165a73effef0328bbccf47174fd201"}
{"block_number": 181, "miner_hash": "0x8A7D3aA97cCd091D4169d444fF79028a64314DE1", "block_hash": "0x3f57ed87fdfbadd2de3f47431fd8ecf6ea56e8e0db8ca77e78ced4a4804d7b61", "block_time": 1703696933, "block_parent": "0xd7fda2932d86ac39b3358b45302a6f0672e1ec7e865c7cf98bc024cc4ccfcd0b"}
{"block_number": 182, "miner_hash": "0xF2B8874A4859cc5B9D4e018b5D5595b9Ed2FcBF2", "block_hash": "0x74ed31cabbbea7463541b685e381538c0a623a6edf281f59b5465a8bd772589a", "block_time": 1703696934, "block_parent": "0x3f57ed87fdfbadd2de3f47431fd8ecf6ea56e8e0db8ca77e78ced4a4804d7b61"}
{"block_number": 183, "miner_hash": "0xC81470c83A386DEc5d251D763Acc834dD1987F47", "block_hash": "0x8b2bcb15d980d4c37170435cc2ecbcb2efb64ec64235b4c39a212fd455850599", "block_time": 1703696935, "block_parent": "0x74ed31cabbbea7463541b685e381538c0a623a6edf281f59b5465a8bd772589a"}
{"block_number": 184, "miner_hash": "0x3fF96a3597a91C582b6dAdd7D39984282275687C", "block_hash": "0x74808d63eb87fdf8b2fb32d92064edecf41023518dd17759a87e6680d77f993a", "block_time": 1703696936, "block_parent": "0x8b2bcb15d980d4c37170435cc2ecbcb2efb64ec64235b4c39a212fd455850599"}
{"block_number": 185, "miner_hash": "0x333f187bA12eB20beA5840BD2caD07D921A03f07", "block_hash": "0x10f34ef08bccff609b80974063694ce122693a68fe9edb1404e7dfa0aeea82dc", "block_time": 1703696937, "block_parent": "0x74808d63eb87fdf8b2fb32d92064edecf41023518dd17759a87e6680d77f993a"}
{"block_number": 186, "miner_hash": "0x3fF96a3597a91C582b6dAdd7D39984282275687C", "block_hash": "0x0e477fe6f8f433ad7ec452444ee4cc7abea28599e8bb78ef3c267214f0e674fa", "block_time": 1703696938, "block_parent": "0x10f34ef08bccff609b80974063694ce122693a68fe9edb1404e7dfa0aeea82dc"}
{"block_number": 187, "miner_hash": "0xe85979d35212ad38075919c52d9B91e371Ca23eC", "block_hash": "0x4a989074eea62390a55529a53da762b30cdf5edc434b5dd285fbf5e5e490c605", "block_time": 1703696939, "block_parent": "0x0e477fe6f8f433ad7ec452444ee4cc7abea28599e8bb78ef3c267214f0e674fa"}
{"block_number": 188, "miner_hash": "0x3fF96a3597a91C582b6dAdd7D39984282275687C", "block_hash": "0x90a36b4798c959dc29e4954cccddac72884f75c2854c0f5e0ebd5804ec5d2815", "block_time": 1703696940, "block_parent": "0x4a989074eea62390a55529a53da762b30cdf5edc434b5dd285fbf5e5e490c605"}
{"block_number": 189, "miner_hash": "0x8A7D3aA97cCd091D4169d444fF79028a64314DE1", "block_hash": "0x89845956e5cf2af82973b6afe0248dec98247531ff68acfe83c8d1de0e681173", "block_time": 1703696941, "block_parent": "0x90a36b4798c959dc29e4954cccddac72884f75c2854c0f5e0ebd5804ec5d2815"}
{"block_number": 190, "miner_hash": "0x3fF96a3597a91C582b6dAdd7D39984282275687C", "block_hash": "0xef50b61d95eb71e872e93b824cdfebaa629ff91c82d10e830de6b0a04b1d01d0", "block_time": 1703696942, "block_parent": "0x89845956e5cf2af82973b6afe0248dec98247531ff68acfe83c8d1de0e681173"}
{"block_number": 191, "miner_hash": "0xF2B8874A4859cc5B9D4e018b5D5595b9Ed2FcBF2", "block_hash": "0xd38cbca1b7c9a674e2262cd3ecc3a5d7d233cdfc78b33166f09550fb64e3f54c", "block_time": 1703696943, "block_parent": "0xef50b61d95eb71e872e93b824cdfebaa629ff91c82d10e830de6b0a04b1d01d0"}
{"block_number": 192, "miner_hash": "0x333f187bA12eB20beA5840BD2caD07D921A03f07", "block_hash": "0x74b1839ded8e1dd49a6b195dbc1818836bfabeddd8bedc4b6c05a4f9a08b6efb", "block_time": 1703696944, "block_parent": "0xd38cbca1b7c9a674e2262cd3ecc3a5d7d233cdfc78b33166f09550fb64e3f54c"}
{"block_number": 193, "miner_hash": "0xbE3243C54e4073CcAb10d51A08D8aBD6d450b623", "block_hash": "0x637312be8889c4878a1cc2f575dd1465c380a3f0acd7064785310395ccc774bc", "block_time": 1703696945, "block_parent": "0x74b1839ded8e1dd49a6b195dbc1818836bfabeddd8bedc4b6c05a4f9a08b6efb"}
{"block_number": 194, "miner_hash": "0xbE3243C54e4073CcAb10d51A08D8aBD6d450b623", "block_hash": "0x88f6df0d6b544e688272c79ca2a23eba9b9ad4fba73b11f9337236d79260cda5", "block_time": 1703696946, "block_parent": "0x637312be8889c4878a1cc2f575dd1465c380a3f0acd7064785310395ccc774bc"}
{"block_number": 195, "miner_hash": "0xe85979d35212ad38075919c52d9B91e371Ca23eC", "block_hash": "0x9c276c86c4fa674b7e8aefad5bec011675d56a1dc776096e4e91ea496f9f37ad", "block_time": 1703696947, "block_parent": "0x88f6df0d6b544e688272c79ca2a23eba9b9ad4fba73b11f9337236d79260cda5"}
{"block_number": 196, "miner_hash": "0xF2B8874A4859cc5B9D4e018b5D5595b9Ed2FcBF2", "block_hash": "0x8868d33bc1b8c7cb2af0f298af117f69b93c08fc4cbbe5023542d538aabffa58", "block_time": 1703696948, "block_parent": "0x9c276c86c4fa674b7e8aefad5bec011675d56a1dc776096e4e91ea496f9f37ad"}
{"block_number": 197, "miner_hash": "0x8A7D3aA97cCd091D4169d444fF79028a64314DE1", "block_hash": "0xf8d5c481028a3f1d77875c22d0d13ed04fd908486ffd2b064681e23d4581a9a2", "block_time": 1703696949, "block_parent": "0x8868d33bc1b8c7cb2af0f298af117f69b93c08fc4cbbe5023542d538aabffa58"}
{"block_number": 198, "miner_hash": "0xC81470c83A386DEc5d251D763Acc834dD1987F47", "block_hash": "0x1c9458c1b1a5cab94d7d17db6efdfba35cb9d09e0e04e264b3bbaba2d7db5cfb", "block_time": 1703696950, "block_parent": "0xf8d5c481028a3f1d77875c22d0d13ed04fd908486ffd2b064681e23d4581a9a2"}
{"block_number": 199, "miner_hash": "0xC81470c83A386DEc5d251D763Acc834dD1987F47", "block_hash": "0xf7f0edf2b76cdb75a192f4f3075475fbc60162d5306b543da8c961f36fd99862", "block_time": 1703696951, "block_parent": "0x1c9458c1b1a5cab94d7d17db6efdfba35cb9d09e0e04e264b3bbaba2d7db5cfb"}
{"block_number": 200, "miner_hash": "0xE910c76B445e44bD60bE26875649a18c7940582c", "block_hash": "0x5d7872e2a40474ab41ef3877f230df38ed6e2064eb461e8aaad8087405f13b8e", "block_time": 1703696952, "block_parent": "0xf7f0edf2b76cdb75a192f4f3075475fbc60162d5306b543da8c961f36fd99862"}
{"block_number": 201, "miner_hash": "0xbE3243C54e4073CcAb10d51A08D8aBD6d450b623", "block_hash": "0xe00f036a92898c736d7746c09f9cc9ce748995c3bf043eedb1659027a34ab049", "block_time": 1703696953, "block_parent": "0x5d7872e2a40474ab41ef3877f230df38ed6e2064eb461e8aaad8087405f13b8e"}
{"block_number": 202, "miner_hash": "0xbE3243C54e4073CcAb10d51A08D8aBD6d450b623", "block_hash": "0x3da6019f6042a886b10a6d9817fc5ca28c3e7c71f73cb3a67c5252cfcfa42811", "block_time": 1703696954, "block_parent": "0xe00f036a92898c736d7746c09f9cc9ce748995c3bf043eedb1659027a34ab049"}
{"block_number": 203, "miner_hash": "0x8A7D3aA97cCd091D4169d444fF79028a64314DE1", "block_hash": "0xc03e3b543b85049cce77b355ce9d1167240cfb5a11eb71242ff4c4d4b3b4d52b", "block_time": 1703696955, "block_parent": "0x3da6019f6042a886b10a6d9817fc5ca28c3e7c71f73cb3a67c5252cfcfa42811"}
{"block_number": 204, "miner_hash": "0xF2B8874A4859cc5B9D4e018b5D5595b9Ed2FcBF2", "block_hash": "0x9d291f99e5767b9f90b8e2438b6929ed98c22af51a809bbc0da00c0b497be8b9", "block_time": 1703696956, "block_parent": "0xc03e3b543b85049cce77b355ce9d1167240cfb5a11eb71242ff4c4d4b3b4d52b"}
{"block_number": 205, "miner_hash": "0xF2B8874A4859cc5B9D4e018b5D5595b9Ed2FcBF2", "block_hash": "0x71bd32aa6c56203deecb68dff9b53f1c19ae383d6ae28c57412705392ac3df46", "block_time": 1703696957, "block_parent": "0x9d291f99e5767b9f90b8e2438b6929ed98c22af51a809bbc0da00c0b497be8b9"}
{"block_number": 206, "miner_hash": "0xE910c76B445e44bD60bE26875649a18c7940582c", "block_hash": "0x56425e481197df4af8fd7a3da9fe5bd088a24c704754aaf11c3ffebf04952e32", "block_time": 1703696958, "block_parent": "0x71bd32aa6c56203deecb68dff9b53f1c19ae383d6ae28c57412705392ac3df46"}
{"block_number": 207, "miner_hash": "0xE910c76B445e44bD60bE26875649a18c7940582c", "block_hash": "0x7ccfcb8e6dcac364d0ef6cf73c3b8ef3781075f08ff40fecb6b64e4195ca69e3", "block_time": 1703696959, "block_parent": "0x56425e481197df4af8fd7a3da9fe5bd088a24c704754aaf11c3ffebf04952e32"}
{"block_number": 208, "miner_hash": "0x3fF96a3597a91C582b6dAdd7D39984282275687C", "block_hash": "0xf3d093b453566edb91229e1a0f123b34e5c571917f4c24751d5536301ff66ad3", "block_time": 1703696960, "block_parent": "0x7ccfcb8e6dcac364d0ef6cf73c3b8ef3781075f08ff40fecb6b64e4195ca69e3"}
{"block_number": 209, "miner_hash": "0xC81470c83A386DEc5d251D763Acc834dD1987F47", "block_hash": "0x64b10c3b0b3b945b59699d3cb88e0abb1ac75bd6e907dbb5a857313a590d492a", "block_time": 1703696961, "block_parent": "0xf3d093b453566edb91229e1a0f123b34e5c571917f4c24751d5536301ff66ad3"}
{"block_number": 210, "miner_hash": "0xF2B8874A4859cc5B9D4e018b5D5595b9Ed2FcBF2", "block_hash": "0x64397f367352854d5459671547f42fbce50a357afd410143ad30b7e538e3d4c9", "block_time": 1703696962, "block_parent": "0x64b10c3b0b3b945b59699d3cb88e0abb1ac75bd6e907dbb5a857313a590d492a"}
{"block_number": 211, "miner_hash": "0xe85979d35212ad38075919c52d9B91e371Ca23eC", "block_hash": "0xf514058fa5fbee83e6f4782a95236c5ff60e84125830133dbb623f7785b8e106", "block_time": 1703696963, "block_parent": "0x64397f367352854d5459671547f42fbce50a357afd410143ad30b7e538e3d4c9"}
{"block_number": 212, "miner_hash": "0x3fF96a3597a91C582b6dAdd7D39984282275687C", "block_hash": "0xa3169ae22b3e7aeebed5ba432108ad8d49837435a8968cd1da0ecdd7989e1e15", "block_time": 1703696964, "block_parent": "0xf514058fa5fbee83e6f4782a95236c5ff60e84125830133dbb623f7785b8e106"}
{"block_number": 213, "miner_hash": "0xC81470c83A386DEc5d251D763Acc834dD1987F47", "block_hash": "0xa827dfe988570ffec269b823ed85adb15db5fd549526a10fb8d81c5ca57505cd", "block_time": 1703696965, "block_parent": "0xa3169ae22b3e7aeebed5ba432108ad8d49837435a8968cd1da0ecdd7989e1e15"}
{"block_number": 214, "miner_hash": "0xC81470c83A386DEc5d251D763Acc834dD1987F47", "block_hash": "0x494cdc7f0e943fd57d89002d140a3a5dc61f02cbc70ee8dd216a6ea282ee25d2", "block_time": 1703696966, "block_parent": "0xa827dfe988570ffec269b823ed85adb15db5fd549526a10fb8d81c5ca57505cd"}
{"block_number": 215, "miner_hash": "0xe85979d35212ad38075919c52d9B91e371Ca23eC", "block_hash": "0xe4b04e93102165e58cea309ec8b4403580db09cd705f87ff23069341d73b4353", "block_time": 1703696967, "block_parent": "0x494cdc7f0e943fd57d89002d140a3a5dc61f02cbc70ee8dd216a6ea282ee25d2"}
{"block_number": 216, "miner_hash": "0x333f187bA12eB20beA5840BD2caD07D921A03f07", "block_hash": "0x742eee6c3d177232dfbd0b8b0433e4adf7079ea278943cd41e6d19825fd1df2f", "block_time": 1703696970, "block_parent": "0xe4b04e93102165e58cea309ec8b4403580db09cd705f87ff23069341d73b4353"}
{"block_number": 217, "miner_hash": "0xE910c76B445e44bD60bE26875649a18c7940582c", "block_hash": "0x971f1da230aa399992164b429bb46a77d690adb0f1a1f189a7ce589dd994bee5", "block_time": 1703696971, "block_parent": "0x742eee6c3d177232dfbd0b8b0433e4adf7079ea278943cd41e6d19825fd1df2f"}
{"block_number": 218, "miner_hash": "0xF2B8874A4859cc5B9D4e018b5D5595b9Ed2FcBF2", "block_hash": "0x1e7ce4c4a1166e88bf631fdfb9894d00e184f6364747c1fac6b28de1131364b2", "block_time": 1703696972, "block_parent": "0xf3a4be038f01725a9ec90c000dc04d4b8f937fe138637fa39a58ec219c7a6677"}
{"block_number": 219, "miner_hash": "0xF2B8874A4859cc5B9D4e018b5D5595b9Ed2FcBF2", "block_hash": "0x00757c762981aa1a8c5147926c64a6c49aa8d5a4d28d035d4e281fb2853fa7f9", "block_time": 1703696973, "block_parent": "0x1e7ce4c4a1166e88bf631fdfb9894d00e184f6364747c1fac6b28de1131364b2"}
{"block_number": 220, "miner_hash": "0x333f187bA12eB20beA5840BD2caD07D921A03f07", "block_hash": "0x5498c5003b7600a1c2b442dd3d15c62c4fd2f5bd4e8f842bc01d2f2c28a8a041", "block_time": 1703696974, "block_parent": "0x00757c762981aa1a8c5147926c64a6c49aa8d5a4d28d035d4e281fb2853fa7f9"}
{"block_number": 221, "miner_hash": "0xe85979d35212ad38075919c52d9B91e371Ca23eC", "block_hash": "0xcbd6067be66fcb00f5c7bf28d6bb8654af9e3fdefeea3f70d2f717c7cbe4fad3", "block_time": 1703696977, "block_parent": "0x5498c5003b7600a1c2b442dd3d15c62c4fd2f5bd4e8f842bc01d2f2c28a8a041"}
{"block_number": 222, "miner_hash": "0x3fF96a3597a91C582b6dAdd7D39984282275687C", "block_hash": "0x491c79dcc9920e29175dcfdcc4678695443c4ee277110eac4597ed0ccdc5a3a5", "block_time": 1703696978, "block_parent": "0xcbd6067be66fcb00f5c7bf28d6bb8654af9e3fdefeea3f70d2f717c7cbe4fad3"}
{"block_number": 223, "miner_hash": "0x3fF96a3597a91C582b6dAdd7D39984282275687C", "block_hash": "0xda7cc93527f81162da2a6c44b6394d65e3901667babd46b78a0e90beeda28e8a", "block_time": 1703696979, "block_parent": "0x491c79dcc9920e29175dcfdcc4678695443c4ee277110eac4597ed0ccdc5a3a5"}
{"block_number": 224, "miner_hash": "0xe85979d35212ad38075919c52d9B91e371Ca23eC", "block_hash": "0xdbfd68b686bc8b97a373045872017eadc4e4ab17cc7464b3e22da82eb0847a80", "block_time": 1703696980, "block_parent": "0x343c7390e6751d151a87b8808cc5610b5db1b338b9a8d0305be5eb4982cbb07c"}
{"block_number": 225, "miner_hash": "0x3fF96a3597a91C582b6dAdd7D39984282275687C", "block_hash": "0xe1789f05d261c8e523e665579baa460c734e865798739d86537315a6f874fa05", "block_time": 1703696981, "block_parent": "0xdbfd68b686bc8b97a373045872017eadc4e4ab17cc7464b3e22da82eb0847a80"}
{"block_number": 226, "miner_hash": "0x3fF96a3597a91C582b6dAdd7D39984282275687C", "block_hash": "0x5e75ffa93e00114c62ebeebd0ddc909bba8d9ab74e745ef71837486c4c975093", "block_time": 1703696982, "block_parent": "0xe1789f05d261c8e523e665579baa460c734e865798739d86537315a6f874fa05"}
{"block_number": 227, "miner_hash": "0xF2B8874A4859cc5B9D4e018b5D5595b9Ed2FcBF2", "block_hash": "0xb08ad1e31ba9eb322f58378291e42d8e5947b6c65b87427e82a97fc3a5a27db4", "block_time": 1703696983, "block_parent": "0x5e75ffa93e00114c62ebeebd0ddc909bba8d9ab74e745ef71837486c4c975093"}
{"block_number": 228, "miner_hash": "0x333f187bA12eB20beA5840BD2caD07D921A03f07", "block_hash": "0x276ff8012c120f8bf69a16a22322bcca86c542ec1a2bac945a4b999bd9997fd1", "block_time": 1703696984, "block_parent": "0xb08ad1e31ba9eb322f58378291e42d8e5947b6c65b87427e82a97fc3a5a27db4"}
{"block_number": 229, "miner_hash": "0x333f187bA12eB20beA5840BD2caD07D921A03f07", "block_hash": "0x09b8be9195f33d810adeafdae6e3818192e574cab05b2bf845fdae6c962b8fe6", "block_time": 1703696985, "block_parent": "0x276ff8012c120f8bf69a16a22322bcca86c542ec1a2bac945a4b999bd9997fd1"}
{"block_number": 230, "miner_hash": "0xC81470c83A386DEc5d251D763Acc834dD1987F47", "block_hash": "0xbf7c4634ca163ee4640fa89d0c01401597872d00d2da86450f2c25b0416ba343", "block_time": 1703696986, "block_parent": "0x09b8be9195f33d810adeafdae6e3818192e574cab05b2bf845fdae6c962b8fe6"}
{"block_number": 231, "miner_hash": "0xbE3243C54e4073CcAb10d51A08D8aBD6d450b623", "block_hash": "0x53c7e531d1667f87184e489fdeecc42fd633cd441834d931b54fbe7ab3f84213", "block_time": 1703696987, "block_parent": "0xbf7c4634ca163ee4640fa89d0c01401597872d00d2da86450f2c25b0416ba343"}
{"block_number": 232, "miner_hash": "0x3fF96a3597a91C582b6dAdd7D39984282275687C", "block_hash": "0xd373f757e52dcf7f956577c7389260b251fd27051c82f830f6dc5ca2f28f1c1a", "block_time": 1703696989, "block_parent": "0x53c7e531d1667f87184e489fdeecc42fd633cd441834d931b54fbe7ab3f84213"}
{"block_number": 233, "miner_hash": "0x3fF96a3597a91C582b6dAdd7D39984282275687C", "block_hash": "0x3058435e5bf59db863a534950d9a5879278f1a9a24dde7c17c5de1cb8dea4088", "block_time": 1703696990, "block_parent": "0xd373f757e52dcf7f956577c7389260b251fd27051c82f830f6dc5ca2f28f1c1a"}
{"block_number": 234, "miner_hash": "0xE910c76B445e44bD60bE26875649a18c7940582c", "block_hash": "0x1ac6a0befa22d56cae14fee9e71d0f1134980123eba8229969d3cce861029b12", "block_time": 1703696991, "block_parent": "0x3058435e5bf59db863a534950d9a5879278f1a9a24dde7c17c5de1cb8dea4088"}
{"block_number": 235, "miner_hash": "0x333f187bA12eB20beA5840BD2caD07D921A03f07", "block_hash": "0x5bc91fa80e2ffe0356919f25fb2dfc2337a60defed00f7812e15b2fe2e9ed8e9", "block_time": 1703696992, "block_parent": "0x1ac6a0befa22d56cae14fee9e71d0f1134980123eba8229969d3cce861029b12"}
{"block_number": 236, "miner_hash": "0xC81470c83A386DEc5d251D763Acc834dD1987F47", "block_hash": "0x02c07ab6ee6da5b8ed9d4eba8b168c74f66b80407689ed56a319ea86cfcd03a8", "block_time": 1703696993, "block_parent": "0x8df29ee2ba813a4bbf90a15aa19113e06654b806e45ab48680510800706392ae"}
{"block_number": 237, "miner_hash": "0x8A7D3aA97cCd091D4169d444fF79028a64314DE1", "block_hash": "0x1daa30bf5c1ed3a0411ad52aa387d99819d7092937e942bdffa614a8e521d826", "block_time": 1703696994, "block_parent": "0x02c07ab6ee6da5b8ed9d4eba8b168c74f66b80407689ed56a319ea86cfcd03a8"}
{"block_number": 238, "miner_hash": "0xbE3243C54e4073CcAb10d51A08D8aBD6d450b623", "block_hash": "0x19a8effa543de30e8fadd3e464d0542755dc342771712764c5946f3163740722", "block_time": 1703696995, "block_parent": "0x1daa30bf5c1ed3a0411ad52aa387d99819d7092937e942bdffa614a8e521d826"}
{"block_number": 239, "miner_hash": "0xbE3243C54e4073CcAb10d51A08D8aBD6d450b623", "block_hash": "0x456a95b915d8064e4d7212e8b9de1dd106c97dcf42b8a4a6602bb2adc929ee37", "block_time": 1703696996, "block_parent": "0x19a8effa543de30e8fadd3e464d0542755dc342771712764c5946f3163740722"}
{"block_number": 240, "miner_hash": "0x8A7D3aA97cCd091D4169d444fF79028a64314DE1", "block_hash": "0x2ee5169cb97632d13f6e51daf60f7036b1d3fc300ad0bcc4ed32e9aa56a8775c", "block_time": 1703696997, "block_parent": "0x456a95b915d8064e4d7212e8b9de1dd106c97dcf42b8a4a6602bb2adc929ee37"}
{"block_number": 241, "miner_hash": "0x3fF96a3597a91C582b6dAdd7D39984282275687C", "block_hash": "0xbaa0926d45fad39d21de3a21f7c6cf19855e476b4a5dd18d69b8bc37a2fed21d", "block_time": 1703696998, "block_parent": "0x2ee5169cb97632d13f6e51daf60f7036b1d3fc300ad0bcc4ed32e9aa56a8775c"}
{"block_number": 242, "miner_hash": "0xbE3243C54e4073CcAb10d51A08D8aBD6d450b623", "block_hash": "0xf55fa0d8d9964dc8ecf64906a6488dcb0c84b16373d6092275f26802acf6458b", "block_time": 1703696999, "block_parent": "0xbaa0926d45fad39d21de3a21f7c6cf19855e476b4a5dd18d69b8bc37a2fed21d"}
{"block_number": 243, "miner_hash": "0x3fF96a3597a91C582b6dAdd7D39984282275687C", "block_hash": "0x5d5588bd829c40c7e1f0bc9feed670b6ca207369ba8982e8d01d1e5d479ec552", "block_time": 1703697000, "block_parent": "0xf55fa0d8d9964dc8ecf64906a6488dcb0c84b16373d6092275f26802acf6458b"}
{"block_number": 244, "miner_hash": "0x333f187bA12eB20beA5840BD2caD07D921A03f07", "block_hash": "0xb5a267cc5a39ee2c8f7be010041ab08d9ad55d13c0963d835f2d310228b6d119", "block_time": 1703697001, "block_parent": "0x5d5588bd829c40c7e1f0bc9feed670b6ca207369ba8982e8d01d1e5d479ec552"}
{"block_number": 245, "miner_hash": "0xF2B8874A4859cc5B9D4e018b5D5595b9Ed2FcBF2", "block_hash": "0x6b8a0d4180ae6aa4f0cf626ccafb549e89fe01b95d04aa80559c583d8753b977", "block_time": 1703697002, "block_parent": "0xb5a267cc5a39ee2c8f7be010041ab08d9ad55d13c0963d835f2d310228b6d119"}
{"block_number": 246, "miner_hash": "0xe85979d35212ad38075919c52d9B91e371Ca23eC", "block_hash": "0x989b4fdb5c23dcb139b64080d6f75d0e3dd99bf3a22d5b06603ba7360a3e94b2", "block_time": 1703697003, "block_parent": "0x6b8a0d4180ae6aa4f0cf626ccafb549e89fe01b95d04aa80559c583d8753b977"}
{"block_number": 247, "miner_hash": "0xe85979d35212ad38075919c52d9B91e371Ca23eC", "block_hash": "0x2c83aedf306380ad2fa5d06e0fde48653baebf4e5af74a76529daa3867e6ed9e", "block_time": 1703697004, "block_parent": "0x989b4fdb5c23dcb139b64080d6f75d0e3dd99bf3a22d5b06603ba7360a3e94b2"}
{"block_number": 248, "miner_hash": "0x8A7D3aA97cCd091D4169d444fF79028a64314DE1", "block_hash": "0x50e23db3d47c4a66754b3da2eb7efe4981889cd1e885955f5b2e1c17d8ba6e92", "block_time": 1703697005, "block_parent": "0x2c83aedf306380ad2fa5d06e0fde48653baebf4e5af74a76529daa3867e6ed9e"}
{"block_number": 249, "miner_hash": "0x8A7D3aA97cCd091D4169d444fF79028a64314DE1", "block_hash": "0xe926a5072322d9fb34569ac834ad9e30096e6209ff5aa18a07c11a230c746afe", "block_time": 1703697006, "block_parent": "0x50e23db3d47c4a66754b3da2eb7efe4981889cd1e885955f5b2e1c17d8ba6e92"}
{"block_number": 250, "miner_hash": "0xF2B8874A4859cc5B9D4e018b5D5595b9Ed2FcBF2", "block_hash": "0x99a874d45c62c81c1f5a0db2b8a70d9afe370f610a4eaf8184d305fbffa3af29", "block_time": 1703697007, "block_parent": "0xe926a5072322d9fb34569ac834ad9e30096e6209ff5aa18a07c11a230c746afe"}
{"block_number": 251, "miner_hash": "0xE910c76B445e44bD60bE26875649a18c7940582c", "block_hash": "0xae626bf474a53da0bfa4f20be738cd29aaa84c97646886d348965120a703693a", "block_time": 1703697008, "block_parent": "0x99a874d45c62c81c1f5a0db2b8a70d9afe370f610a4eaf8184d305fbffa3af29"}
{"block_number": 252, "miner_hash": "0xE910c76B445e44bD60bE26875649a18c7940582c", "block_hash": "0xcec6a669d7dd65b93c83cde1da98e6551aa3006d92768020cea14ca3b1c961b2", "block_time": 1703697009, "block_parent": "0xae626bf474a53da0bfa4f20be738cd29aaa84c97646886d348965120a703693a"}
{"block_number": 253, "miner_hash": "0xF2B8874A4859cc5B9D4e018b5D5595b9Ed2FcBF2", "block_hash": "0x53360e2955e3361b9841cbf2a8433baac5f1fdb997c8a20aeb138723f3023cab", "block_time": 1703697010, "block_parent": "0x95c7d8ce04be4531d2927a5c4836dea92c59057fe60ee280607eee261d8148e8"}
{"block_number": 254, "miner_hash": "0x8A7D3aA97cCd091D4169d444fF79028a64314DE1", "block_hash": "0xf3c2f1a92313ddfcc1047111b381021bf446bd230c06d06cf6ba7d91041d96ff", "block_time": 1703697011, "block_parent": "0x53360e2955e3361b9841cbf2a8433baac5f1fdb997c8a20aeb138723f3023cab"}
{"block_number": 256, "miner_hash": "0xF2B8874A4859cc5B9D4e018b5D5595b9Ed2FcBF2", "block_hash": "0xbf3cac61eed768d771b48d1914580c5392dd9c2828b3de42e50ff1018c24365e", "block_time": 1703697013, "block_parent": "0xfa63221e80cad3de988048f4bba5447f1ea19536585bc24c2be2e5a05468f642"}
{"block_number": 257, "miner_hash": "0xC81470c83A386DEc5d251D763Acc834dD1987F47", "block_hash": "0xecbb4d4f005d3802e5c651f75009ec7fbc3f60c96d1eca2be22014e4781bf134", "block_time": 1703697014, "block_parent": "0xbf3cac61eed768d771b48d1914580c5392dd9c2828b3de42e50ff1018c24365e"}
{"block_number": 258, "miner_hash": "0xC81470c83A386DEc5d251D763Acc834dD1987F47", "block_hash": "0x8863fedad88fc4c06ea372a1150d474bc3c8af2d2b12779ed32e16e864ced860", "block_time": 1703697015, "block_parent": "0xecbb4d4f005d3802e5c651f75009ec7fbc3f60c96d1eca2be22014e4781bf134"}
{"block_number": 259, "miner_hash": "0xF2B8874A4859cc5B9D4e018b5D5595b9Ed2FcBF2", "block_hash": "0x4a59273f4366d46e3c503b9b33fac956b71ca822bbb22ff837f4e166c7ed8332", "block_time": 1703697016, "block_parent": "0x8863fedad88fc4c06ea372a1150d474bc3c8af2d2b12779ed32e16e864ced860"}
{"block_number": 260, "miner_hash": "0xC81470c83A386DEc5d251D763Acc834dD1987F47", "block_hash": "0x7a9fdf5004f56551cf965727606db813371951caab0cc36b004336c3c180e14e", "block_time": 1703697017, "block_parent": "0x4a59273f4366d46e3c503b9b33fac956b71ca822bbb22ff837f4e166c7ed8332"}
{"block_number": 261, "miner_hash": "0x3fF96a3597a91C582b6dAdd7D39984282275687C", "block_hash": "0xdd3a55b29badfd77f1858b67f06a2344e8a59cf5eb831cee3d6294677f00c3a7", "block_time": 1703697018, "block_parent": "0x7a9fdf5004f56551cf965727606db813371951caab0cc36b004336c3c180e14e"}
{"block_number": 262, "miner_hash": "0xe85979d35212ad38075919c52d9B91e371Ca23eC", "block_hash": "0x8b8f5208b81a3b4b0fca8dbc08530fcafe378eb4c7e4999860080a9a05d96105", "block_time": 1703697019, "block_parent": "0xdd3a55b29badfd77f1858b67f06a2344e8a59cf5eb831cee3d6294677f00c3a7"}
{"block_number": 263, "miner_hash": "0x3fF96a3597a91C582b6dAdd7D39984282275687C", "block_hash": "0xfc7235a485976ffaaf408f784348afed5f52bbee110fd71c8b6a6753f30a8212", "block_time": 1703697020, "block_parent": "0x8b8f5208b81a3b4b0fca8dbc08530fcafe378eb4c7e4999860080a9a05d96105"}
{"block_number": 264, "miner_hash": "0x8A7D3aA97cCd091D4169d444fF79028a64314DE1", "block_hash": "0x4e8b269f7903ca13816d3ce609ac1de958d80e159868f64abb1c00d2d6a60871", "block_time": 1703697021, "block_parent": "0xfc7235a485976ffaaf408f784348afed5f52bbee110fd71c8b6a6753f30a8212"}
{"block_number": 265, "miner_hash": "0xF2B8874A4859cc5B9D4e018b5D5595b9Ed2FcBF2", "block_hash": "0xdc143420217633d44204f1d71e3bbf64ba4a49291001f78645c7de7e8bf58f9e", "block_time": 1703697022, "block_parent": "0x4e8b269f7903ca13816d3ce609ac1de958d80e159868f64abb1c00d2d6a60871"}
{"block_number": 266, "miner_hash": "0xF2B8874A4859cc5B9D4e018b5D5595b9Ed2FcBF2", "block_hash": "0xf477db0710b2126012a934c8c8a0bf52f80d94296a6cdfeb02c6b87572f734a2", "block_time": 1703697023, "block_parent": "0xdc143420217633d44204f1d71e3bbf64ba4a49291001f78645c7de7e8bf58f9e"}
{"block_number": 267, "miner_hash": "0xC81470c83A386DEc5d251D763Acc834dD1987F47", "block_hash": "0x4e388fc6b0f68f87dea7a5ca0b7e0cbf72b31819e68b845e3c823808c0c1e073", "block_time": 1703697024, "block_parent": "0xf477db0710b2126012a934c8c8a0bf52f80d94296a6cdfeb02c6b87572f734a2"}
{"block_number": 268, "miner_hash": "0xC81470c83A386DEc5d251D763Acc834dD1987F47", "block_hash": "0x0a1ce05338c4ab7f0c142dd8b094dbb5e0d6fa2834385884c252a37bbbf7c409", "block_time": 1703697025, "block_parent": "0x4e388fc6b0f68f87dea7a5ca0b7e0cbf72b31819e68b845e3c823808c0c1e073"}
{"block_number": 269, "miner_hash": "0xF2B8874A4859cc5B9D4e018b5D5595b9Ed2FcBF2", "block_hash": "0xce9ec2653274881f73d54aa5f9f4f08db09b4359bb6ed446d3180081e55ed543", "block_time": 1703697026, "block_parent": "0x0a1ce05338c4ab7f0c142dd8b094dbb5e0d6fa2834385884c252a37bbbf7c409"}
{"block_number": 270, "miner_hash": "0xF2B8874A4859cc5B9D4e018b5D5595b9Ed2FcBF2", "block_hash": "0xa824336edc374d05f0ac91e182830837bb9d0fb521c9c3b4418fb5170739e502", "block_time": 1703697027, "block_parent": "0xce9ec2653274881f73d54aa5f9f4f08db09b4359bb6ed446d3180081e55ed543"}
{"block_number": 271, "miner_hash": "0x3fF96a3597a91C582b6dAdd7D39984282275687C", "block_hash": "0x3da000719ab931eb9bd92523cf4c27e71f95b9835f1e9dd3c5e90dc351becf8e", "block_time": 1703697028, "block_parent": "0xa824336edc374d05f0ac91e182830837bb9d0fb521c9c3b4418fb5170739e502"}
{"block_number": 272, "miner_hash": "0xbE3243C54e4073CcAb10d51A08D8aBD6d450b623", "block_hash": "0x137a1b19d9ef677dfca3827ac493bf41d701fb255dcd8f61fb5299dee9b42a17", "block_time": 1703697029, "block_parent": "0xa0d52325bb5af635e6a498919f308c694f9e2db232c0a884e501a29dc1104580"}
{"block_number": 273, "miner_hash": "0xC81470c83A386DEc5d251D763Acc834dD1987F47", "block_hash": "0x48e98650087906ca8e1049a8d4e91258532c40b9f81a11720c7f37d86520f63b", "block_time": 1703697030, "block_parent": "0x137a1b19d9ef677dfca3827ac493bf41d701fb255dcd8f61fb5299dee9b42a17"}
{"block_number": 274, "miner_hash": "0xC81470c83A386DEc5d251D763Acc834dD1987F47", "block_hash": "0xd90fb7af8abf5fe90db08899b65ac9380d13b205bc152c4adc801a0c15cf05de", "block_time": 1703697031, "block_parent": "0x48e98650087906ca8e1049a8d4e91258532c40b9f81a11720c7f37d86520f63b"}
{"block_number": 275, "miner_hash": "0xe85979d35212ad38075919c52d9B91e371Ca23eC", "block_hash": "0xf5169cf5efd7c1c8b93789f6bb5b0aeae61e96d7d6345cce44a0296269b15e95", "block_time": 1703697032, "block_parent": "0xd90fb7af8abf5fe90db08899b65ac9380d13b205bc152c4adc801a0c15cf05de"}
{"block_number": 276, "miner_hash": "0x333f187bA12eB20beA5840BD2caD07D921A03f07", "block_hash": "0x570daaab4b8ab558f06a922f9ac40b5aeaaefbe4a35dda83f7bab4f524e0d323", "block_time": 1703697033, "block_parent": "0xf5169cf5efd7c1c8b93789f6bb5b0aeae61e96d7d6345cce44a0296269b15e95"}
{"block_number": 277, "miner_hash": "0xe85979d35212ad38075919c52d9B91e371Ca23eC", "block_hash": "0x4f3763355aa4f84285e7b97a7625162bd73e6a34497c22dfc278658439372df5", "block_time": 1703697034, "block_parent": "0x570daaab4b8ab558f06a922f9ac40b5aeaaefbe4a35dda83f7bab4f524e0d323"}
{"block_number": 278, "miner_hash": "0xC81470c83A386DEc5d251D763Acc834dD1987F47", "block_hash": "0xc06f59e5686cc38b84d0c4ca7ad8f83220bc9eb2261637e4a37985b221aba57b", "block_time": 1703697035, "block_parent": "0x4f3763355aa4f84285e7b97a7625162bd73e6a34497c22dfc278658439372df5"}
{"block_number": 279, "miner_hash": "0xC81470c83A386DEc5d251D763Acc834dD1987F47", "block_hash": "0x499f1718106d992df8e7b5095da6a2642c4234d19de0eed4400109f430f5b907", "block_time": 1703697036, "block_parent": "0xc06f59e5686cc38b84d0c4ca7ad8f83220bc9eb2261637e4a37985b221aba57b"}
{"block_number": 280, "miner_hash": "0xF2B8874A4859cc5B9D4e018b5D5595b9Ed2FcBF2", "block_hash": "0x32089ec31ae440a127ee712a659a8761fc388a318458d380a0f05a2ccb1a3d2b", "block_time": 1703697037, "block_parent": "0x499f1718106d992df8e7b5095da6a2642c4234d19de0eed4400109f430f5b907"}
{"block_number": 281, "miner_hash": "0xe85979d35212ad38075919c52d9B91e371Ca23eC", "block_hash": "0x9743d9ad7aee9e345fb3f25e1a64510b2e232a56a3613a7779e0515e7e05680b", "block_time": 1703697038, "block_parent": "0x32089ec31ae440a127ee712a659a8761fc388a318458d380a0f05a2ccb1a3d2b"}
{"block_number": 282, "miner_hash": "0xbE3243C54e4073CcAb10d51A08D8aBD6d450b623", "block_hash": "0x54b281ccd0c64581da9b230dbeddab22dbd6109704b620a6e601d313a5a9f08a", "block_time": 1703697039, "block_parent": "0x9743d9ad7aee9e345fb3f25e1a64510b2e232a56a3613a7779e0515e7e05680b"}
{"block_number": 283, "miner_hash": "0x8A7D3aA97cCd091D4169d444fF79028a64314DE1", "block_hash": "0x35cf0fe2e01a8b2514d6879ffa0b0a8855d2461b90a00dee928eec1244517b90", "block_time": 1703697040, "block_parent": "0x54b281ccd0c64581da9b230dbeddab22dbd6109704b620a6e601d313a5a9f08a"}
{"block_number": 284, "miner_hash": "0xe85979d35212ad38075919c52d9B91e371Ca23eC", "block_hash": "0x728c1b91a27775d422c3d0c01acb0f8877b1950e4ea5c52e0885948649f539c0", "block_time": 1703697041, "block_parent": "0x35cf0fe2e01a8b2514d6879ffa0b0a8855d2461b90a00dee928eec1244517b90"}
{"block_number": 285, "miner_hash": "0xe85979d35212ad38075919c52d9B91e371Ca23eC", "block_hash": "0xc61a4b51fe25e9cb8fbc8e109b272fadb9ffe9cf17c2a90a742381d49a180b68", "block_time": 1703697042, "block_parent": "0x728c1b91a27775d422c3d0c01acb0f8877b1950e4ea5c52e0885948649f539c0"}
{"block_number": 286, "miner_hash": "0xE910c76B445e44bD60bE26875649a18c7940582c", "block_hash": "0xc6926d816090f3e33d0523a20c2b435a2b46d9fb15c3f7561c01fe7d8edfd7cc", "block_time": 1703697043, "block_parent": "0xc61a4b51fe25e9cb8fbc8e109b272fadb9ffe9cf17c2a90a742381d49a180b68"}
{"block_number": 287, "miner_hash": "0xE910c76B445e44bD60bE26875649a18c7940582c", "block_hash": "0x42dbe11f29e97c100ca236f6f95a6813e239221c7e3dea1159434c4e8d2dd1ae", "block_time": 1703697044, "block_parent": "0xc6926d816090f3e33d0523a20c2b435a2b46d9fb15c3f7561c01fe7d8edfd7cc"}
{"block_number": 288, "miner_hash": "0xbE3243C54e4073CcAb10d51A08D8aBD6d450b623", "block_hash": "0x51b9d383409ddc2a3f63e0519bfd0677bc9c0ce8cbbc3a98c19bbdf2c6366e35", "block_time": 1703697045, "block_parent": "0xa7b7d3f61afa4cf03724ce52721bbd62f3cb6daa75667042dba2cd178b2db191"}
{"block_number": 289, "miner_hash": "0x3fF96a3597a91C582b6dAdd7D39984282275687C", "block_hash": "0x42b258accf1d5fd839be32768cffb2a4e4a7de3e98be8b4e578b58f0bdd90aed", "block_time": 1703697046, "block_parent": "0x51b9d383409ddc2a3f63e0519bfd0677bc9c0ce8cbbc3a98c19bbdf2c6366e35"}
{"block_number": 290, "miner_hash": "0x333f187bA12eB20beA5840BD2caD07D921A03f07", "block_hash": "0x2019ec9eedda323880adf2d2508325da151a32f196be8f9c121b3c1b39cc388f", "block_time": 1703697047, "block_parent": "0x42b258accf1d5fd839be32768cffb2a4e4a7de3e98be8b4e578b58f0bdd90aed"}
{"block_number": 291, "miner_hash": "0xF2B8874A4859cc5B9D4e018b5D5595b9Ed2FcBF2", "block_hash": "0x404195c375b2829537284e870834e04955d2ec4165f96638dedf28b288ad0a36", "block_time": 1703697048, "block_parent": "0x2019ec9eedda323880adf2d2508325da151a32f196be8f9c121b3c1b39cc388f"}
{"block_number": 292, "miner_hash": "0xC81470c83A386DEc5d251D763Acc834dD1987F47", "block_hash": "0x9b69d084b1e4d16a55011c80581c7345d9510fc5ed7e7bdce6b6dd940bc76864", "block_time": 1703697049, "block_parent": "0x404195c375b2829537284e870834e04955d2ec4165f96638dedf28b288ad0a36"}
{"block_number": 294, "miner_hash": "0xbE3243C54e4073CcAb10d51A08D8aBD6d450b623", "block_hash": "0x32872c69ccb5b5d9b68e657d2838dcfcff81a822f178c449d8a47ad5f0a7912c", "block_time": 1703697051, "block_parent": "0x68b99fb92d9c91d379d8365c47d21f2976377c7c0c6dbcfe7e0f2893bec64a6f"}
{"block_number": 295, "miner_hash": "0xF2B8874A4859cc5B9D4e018b5D5595b9Ed2FcBF2", "block_hash": "0x95eabbac48c4cffd14a3dc5deacffe723af028e417d60f41a5d7e0929688bbec", "block_time": 1703697052, "block_parent": "0x32872c69ccb5b5d9b68e657d2838dcfcff81a822f178c449d8a47ad5f0a7912c"}
{"block_number": 296, "miner_hash": "0xbE3243C54e4073CcAb10d51A08D8aBD6d450b623", "block_hash": "0x6d428cff1404a72644b29d5b299a6aa6a2b1b377947855a284df7842c43eb245", "block_time": 1703697053, "block_parent": "0x95eabbac48c4cffd14a3dc5deacffe723af028e417d60f41a5d7e0929688bbec"}
{"block_number": 297, "miner_hash": "0x3fF96a3597a91C582b6dAdd7D39984282275687C", "block_hash": "0xfbf19548a1608f5b359cd6f581fffc2515904a9173c269c912e917c29d324feb", "block_time": 1703697054, "block_parent": "0x6d428cff1404a72644b29d5b299a6aa6a2b1b377947855a284df7842c43eb245"}
{"block_number": 299, "miner_hash": "0xe85979d35212ad38075919c52d9B91e371Ca23eC", "block_hash": "0x040d1c094370d7a7bcb555dbff3ab35a8cd218bf48d2a51728778493364dcb64", "block_time": 1703697056, "block_parent": "0x69ea048ceb98403a50c2b4420b57cb325169b8f19cedc529448e6baab634c82d"}
{"block_number": 300, "miner_hash": "0xe85979d35212ad38075919c52d9B91e371Ca23eC", "block_hash": "0x619bd61413cc21f72735ccb0a1979348d7f1f2962d2a4e70f5e2f5392ce0bcc5", "block_time": 1703697057, "block_parent": "0x040d1c094370d7a7bcb555dbff3ab35a8cd218bf48d2a51728778493364dcb64"}
{"block_number": 302, "miner_hash": "0x3fF96a3597a91C582b6dAdd7D39984282275687C", "block_hash": "0x9a7522551eec7f8467b375cc3da17acdd7e61d2bfb927440d31eed804e73df2c", "block_time": 1703697059, "block_parent": "0x02e45662557cc04c2377330d734d5958926c06ac7f20bfa2727fa2013f2ec159"}
{"block_number": 303, "miner_hash": "0xF2B8874A4859cc5B9D4e018b5D5595b9Ed2FcBF2", "block_hash": "0x9a62991a3f6d2e27b8a9b1f85e565d18d3a3e5b34738f703b160773d8303198f", "block_time": 1703697060, "block_parent": "0x9a7522551eec7f8467b375cc3da17acdd7e61d2bfb927440d31eed804e73df2c"}
