{"block_number": 2, "miner_hash": "0xDa4d9192E14A85D8eaC09Eb10788db0decd8B60a", "block_hash": "0x16a93bf725c9a545c7b8e3eb328d0719df0edc13d3855fa66e17140ab9322a6f", "block_time": 1703697709, "block_parent": "0x1b734458df6221fce9ab005a909e520056e89d1ef4353bea6f8385a734eeda46"}
{"block_number": 4, "miner_hash": "0xDa4d9192E14A85D8eaC09Eb10788db0decd8B60a", "block_hash": "0x1404a533ebf8de9d34de42e2c241ab1e432510ce4d9e1bcdf5ec6beded21a6a5", "block_time": 1703697713, "block_parent": "0x85c6b22e862919174040054322057f29ffe0753fd9214b6719ed45e39b3b03cf"}
{"block_number": 4, "miner_hash": "0xDa4d9192E14A85D8eaC09Eb10788db0decd8B60a", "block_hash": "0x1404a533ebf8de9d34de42e2c241ab1e432510ce4d9e1bcdf5ec6beded21a6a5", "block_time": 1703697713, "block_parent": "0x85c6b22e862919174040054322057f29ffe0753fd9214b6719ed45e39b3b03cf"}
{"block_number": 7, "miner_hash": "0xDa4d9192E14A85D8eaC09Eb10788db0decd8B60a", "block_hash": "0x08d59ea9051f20741dc85d570e846a89b0ba007dfa427d9d5ba3fe5940361a75", "block_time": 1703697735, "block_parent": "0x70f5e51f0f4633cc8a3319b2a85560a8995f8b0bcc7df4392f65bfd466b340e1"}
{"block_number": 7, "miner_hash": "0xDa4d9192E14A85D8eaC09Eb10788db0decd8B60a", "block_hash": "0x08d59ea9051f20741dc85d570e846a89b0ba007dfa427d9d5ba3fe5940361a75", "block_time": 1703697735, "block_parent": "0x70f5e51f0f4633cc8a3319b2a85560a8995f8b0bcc7df4392f65bfd466b340e1"}
{"block_number": 8, "miner_hash": "0xB7fF61aE742d699A2D7ed8d187269c8574f7fa09", "block_hash": "0x96147807b6b94220079176254538307085774c36872eeab3fa82595ba6488242", "block_time": 1703697786, "block_parent": "0x08d59ea9051f20741dc85d570e846a89b0ba007dfa427d9d5ba3fe5940361a75"}
{"block_number": 9, "miner_hash": "0xB7fF61aE742d699A2D7ed8d187269c8574f7fa09", "block_hash": "0x32310830b022574b3e494d9121b98a8da7de876fe0664e782cf3e7de9c935902", "block_time": 1703697787, "block_parent": "0x96147807b6b94220079176254538307085774c36872eeab3fa82595ba6488242"}
{"block_number": 10, "miner_hash": "0xB7fF61aE742d699A2D7ed8d187269c8574f7fa09", "block_hash": "0x760fb2ca12da329a77ff844bcdb15a84377bd7c7737d4db21ab3206a35e036b6", "block_time": 1703697789, "block_parent": "0x32310830b022574b3e494d9121b98a8da7de876fe0664e782cf3e7de9c935902"}
{"block_number": 11, "miner_hash": "0xB7fF61aE742d699A2D7ed8d187269c8574f7fa09", "block_hash": "0x03f4157d3dae39f6d9d798b4025beeb22c035190cff0feffc91f4d27389b5a63", "block_time": 1703697793, "block_parent": "0x760fb2ca12da329a77ff844bcdb15a84377bd7c7737d4db21ab3206a35e036b6"}
{"block_number": 12, "miner_hash": "0xB7fF61aE742d699A2D7ed8d187269c8574f7fa09", "block_hash": "0xa7254195ae455f1e61fd85637d63fd10719e9533d74350a79c0110e4c44b7a92", "block_time": 1703697801, "block_parent": "0x03f4157d3dae39f6d9d798b4025beeb22c035190cff0feffc91f4d27389b5a63"}
{"block_number": 13, "miner_hash": "0xB7fF61aE742d699A2D7ed8d187269c8574f7fa09", "block_hash": "0xcd260d9f5a55ecde5303f99e426fa817c2fd8b45416d7729d047e3d6517f978e", "block_time": 1703697802, "block_parent": "0xa7254195ae455f1e61fd85637d63fd10719e9533d74350a79c0110e4c44b7a92"}
{"block_number": 14, "miner_hash": "0xB7fF61aE742d699A2D7ed8d187269c8574f7fa09", "block_hash": "0x24534b29e801364e6344fccb4972234f312b214e83110efb78078db82f20a7f2", "block_time": 1703697803, "block_parent": "0xcd260d9f5a55ecde5303f99e426fa817c2fd8b45416d7729d047e3d6517f978e"}
{"block_number": 15, "miner_hash": "0x49793216f6Fa00Dd02b7239954D54740B739bE7D", "block_hash": "0x05d3e690bfa0dc84aad8c5590b0faa9047a92963f61237fd78434eb366ae9a29", "block_time": 1703697807, "block_parent": "0x24534b29e801364e6344fccb4972234f312b214e83110efb78078db82f20a7f2"}
{"block_number": 16, "miner_hash": "0xB7fF61aE742d699A2D7ed8d187269c8574f7fa09", "block_hash": "0xc188333403eb4896afaf496278e6c0b89da32b9a4e8d6fb6eabf364da33616fa", "block_time": 1703697810, "block_parent": "0x05d3e690bfa0dc84aad8c5590b0faa9047a92963f61237fd78434eb366ae9a29"}
{"block_number": 17, "miner_hash": "0xB44F59F40b3Fa30B66F02561221D9E3b6e8E98D6", "block_hash": "0x1a693e17255ee587206e3402a100bd15c0d54f54c6ca4b9b2227e99e07eabd41", "block_time": 1703697811, "block_parent": "0xc188333403eb4896afaf496278e6c0b89da32b9a4e8d6fb6eabf364da33616fa"}
{"block_number": 18, "miner_hash": "0x49793216f6Fa00Dd02b7239954D54740B739bE7D", "block_hash": "0x24ce2828a24ebcc373335655672d3bde36294f20ab7e44e70abcab9642478f07", "block_time": 1703697812, "block_parent": "0x1a693e17255ee587206e3402a100bd15c0d54f54c6ca4b9b2227e99e07eabd41"}
{"block_number": 19, "miner_hash": "0xB44F59F40b3Fa30B66F02561221D9E3b6e8E98D6", "block_hash": "0x1e23c2b5a3a94125b616cf49eaea01c484f9ba956d9634a2db3987f3abed6d46", "block_time": 1703697813, "block_parent": "0x24ce2828a24ebcc373335655672d3bde36294f20ab7e44e70abcab9642478f07"}
{"block_number": 19, "miner_hash": "0xBAfee95989A15009c84271B8be3e98E7d54F98F0", "block_hash": "0xef34d205318e182eb618e3f26ebee40e35290b1c85488f3cf6a0d9a7738e59d5", "block_time": 1703697813, "block_parent": "0x24ce2828a24ebcc373335655672d3bde36294f20ab7e44e70abcab9642478f07"}
{"block_number": 20, "miner_hash": "0x1Ae33950cB8fE20596e36B49129CC74aBB7C6237", "block_hash": "0xfc6775c3536544a2559604534898a53d6e1084be8da593b7c096443ad432e146", "block_time": 1703697814, "block_parent": "0x1e23c2b5a3a94125b616cf49eaea01c484f9ba956d9634a2db3987f3abed6d46"}
{"block_number": 21, "miner_hash": "0xB7fF61aE742d699A2D7ed8d187269c8574f7fa09", "block_hash": "0xa9e21213ec9d318f388abcf2d286a1ca3639e7951ab4ad53383824a62d07258f", "block_time": 1703697815, "block_parent": "0xfc6775c3536544a2559604534898a53d6e1084be8da593b7c096443ad432e146"}
{"block_number": 22, "miner_hash": "0x49793216f6Fa00Dd02b7239954D54740B739bE7D", "block_hash": "0x88ffb1d488395c9dfee191a8744c3eca5628813b4790917c9ba198a720f6d484", "block_time": 1703697816, "block_parent": "0xa9e21213ec9d318f388abcf2d286a1ca3639e7951ab4ad53383824a62d07258f"}
{"block_number": 23, "miner_hash": "0xB7fF61aE742d699A2D7ed8d187269c8574f7fa09", "block_hash": "0x69c937d6626289332fd8f25577981f9d0bdee6b65cd8964d5fe01fa4761e8abe", "block_time": 1703697817, "block_parent": "0x88ffb1d488395c9dfee191a8744c3eca5628813b4790917c9ba198a720f6d484"}
{"block_number": 24, "miner_hash": "0xb9CDC8cF65cEE660D0abAC69F4dca5a409014334", "block_hash": "0x7414abf174c1f2c5fb58c4ae0a6ce92a3687350c5aa67d973ce3fdb08348c953", "block_time": 1703697818, "block_parent": "0x69c937d6626289332fd8f25577981f9d0bdee6b65cd8964d5fe01fa4761e8abe"}
{"block_number": 25, "miner_hash": "0x49793216f6Fa00Dd02b7239954D54740B739bE7D", "block_hash": "0xa32aa9bbbd0966f8ae3911fe488a3b11c533ee8500e0036e7688764cff033490", "block_time": 1703697819, "block_parent": "0x7414abf174c1f2c5fb58c4ae0a6ce92a3687350c5aa67d973ce3fdb08348c953"}
{"block_number": 26, "miner_hash": "0x1Ae33950cB8fE20596e36B49129CC74aBB7C6237", "block_hash": "0x7839db8c0049cb78ad06549694d40a220e17c669661d03dec4c70947ffde86a9", "block_time": 1703697820, "block_parent": "0xa32aa9bbbd0966f8ae3911fe488a3b11c533ee8500e0036e7688764cff033490"}
{"block_number": 27, "miner_hash": "0xB44F59F40b3Fa30B66F02561221D9E3b6e8E98D6", "block_hash": "0x7d29048ff4e41efad08b58414e25596c8c2424ddfcac7ca2b45afcba5d94031a", "block_time": 1703697821, "block_parent": "0x7839db8c0049cb78ad06549694d40a220e17c669661d03dec4c70947ffde86a9"}
{"block_number": 28, "miner_hash": "0xDa4d9192E14A85D8eaC09Eb10788db0decd8B60a", "block_hash": "0x2d98993acb224de558dfba2cb7b63034aeb13b822ae956f1177383e9984831a9", "block_time": 1703697822, "block_parent": "0x7d29048ff4e41efad08b58414e25596c8c2424ddfcac7ca2b45afcba5d94031a"}
{"block_number": 29, "miner_hash": "0xB44F59F40b3Fa30B66F02561221D9E3b6e8E98D6", "block_hash": "0x7eb6e8f1fdd9a7df5adb18c3bef48ec02d8008dfb4830d25962d82010563423a", "block_time": 1703697823, "block_parent": "0x2d98993acb224de558dfba2cb7b63034aeb13b822ae956f1177383e9984831a9"}
{"block_number": 30, "miner_hash": "0x49793216f6Fa00Dd02b7239954D54740B739bE7D", "block_hash": "0x6c09c49c4bea645d645525c37b581fe2992e365fcc3c14576ace00af4b6ee01f", "block_time": 1703697824, "block_parent": "0x7eb6e8f1fdd9a7df5adb18c3bef48ec02d8008dfb4830d25962d82010563423a"}
{"block_number": 31, "miner_hash": "0xE46F8A00bbb69Fa1f00d93a33371af4d8D07e6AC", "block_hash": "0xa15dcba544f4824fa92f82c9626089fabe239aa8836ccc6a355d4e92be9b3b66", "block_time": 1703697825, "block_parent": "0x6c09c49c4bea645d645525c37b581fe2992e365fcc3c14576ace00af4b6ee01f"}
{"block_number": 32, "miner_hash": "0xB7fF61aE742d699A2D7ed8d187269c8574f7fa09", "block_hash": "0x8387653599d6195459b23e369e95fd6407ac80fd5ee4a9fa487971898671a980", "block_time": 1703697826, "block_parent": "0xa15dcba544f4824fa92f82c9626089fabe239aa8836ccc6a355d4e92be9b3b66"}
{"block_number": 33, "miner_hash": "0x1Ae33950cB8fE20596e36B49129CC74aBB7C6237", "block_hash": "0x993acafa175c00ad3e9dfea65bfb54b3d759af59b16e431709d68787ec4d4215", "block_time": 1703697827, "block_parent": "0x8387653599d6195459b23e369e95fd6407ac80fd5ee4a9fa487971898671a980"}
{"block_number": 33, "miner_hash": "0x49793216f6Fa00Dd02b7239954D54740B739bE7D", "block_hash": "0xf77926f7eb6ba281a4b885d2c4e2f5187a2a73e33bef463529e08b6e5e4fc8ff", "block_time": 1703697827, "block_parent": "0x8387653599d6195459b23e369e95fd6407ac80fd5ee4a9fa487971898671a980"}
{"block_number": 34, "miner_hash": "0xDa4d9192E14A85D8eaC09Eb10788db0decd8B60a", "block_hash": "0xa292340d008d22af0f3fd4e342eaaf43a4a79a668c2a320faa04e862d46ca82a", "block_time": 1703697828, "block_parent": "0xf77926f7eb6ba281a4b885d2c4e2f5187a2a73e33bef463529e08b6e5e4fc8ff"}
{"block_number": 35, "miner_hash": "0x49793216f6Fa00Dd02b7239954D54740B739bE7D", "block_hash": "0x0036d88cf4e52b145a7ebe54d754ac840d9fa4bc4e4194213ec854bfd4a2e59f", "block_time": 1703697829, "block_parent": "0xa292340d008d22af0f3fd4e342eaaf43a4a79a668c2a320faa04e862d46ca82a"}
{"block_number": 36, "miner_hash": "0xE46F8A00bbb69Fa1f00d93a33371af4d8D07e6AC", "block_hash": "0x2f1eaf5128bd58ddbc04a67d7bcf5f0e33ac0f9826ea0a7cd9539e8a3c21fac4", "block_time": 1703697830, "block_parent": "0x0036d88cf4e52b145a7ebe54d754ac840d9fa4bc4e4194213ec854bfd4a2e59f"}
{"block_number": 37, "miner_hash": "0xBAfee95989A15009c84271B8be3e98E7d54F98F0", "block_hash": "0x3d0bd3fb476ae30d745dbd042cd1bc6544692c567ab94645d413d2cb27b5e0e6", "block_time": 1703697831, "block_parent": "0x2f1eaf5128bd58ddbc04a67d7bcf5f0e33ac0f9826ea0a7cd9539e8a3c21fac4"}
{"block_number": 38, "miner_hash": "0xB44F59F40b3Fa30B66F02561221D9E3b6e8E98D6", "block_hash": "0xf440999e4d9c8169423406c397380c80721e6a9e1ee6714cdc7562d87351ba1b", "block_time": 1703697832, "block_parent": "0x3d0bd3fb476ae30d745dbd042cd1bc6544692c567ab94645d413d2cb27b5e0e6"}
{"block_number": 39, "miner_hash": "0x1Ae33950cB8fE20596e36B49129CC74aBB7C6237", "block_hash": "0x88abfe338dfd7e012da5036d5b2cbce1f88c491b78acd3cb4ca4c10ef1a3adea", "block_time": 1703697833, "block_parent": "0xf440999e4d9c8169423406c397380c80721e6a9e1ee6714cdc7562d87351ba1b"}
{"block_number": 40, "miner_hash": "0x1Ae33950cB8fE20596e36B49129CC74aBB7C6237", "block_hash": "0xa4e70d5de82232ea9764be4054d211b79777602b898f90b658093d6065bf0161", "block_time": 1703697834, "block_parent": "0x88abfe338dfd7e012da5036d5b2cbce1f88c491b78acd3cb4ca4c10ef1a3adea"}
{"block_number": 41, "miner_hash": "0x49793216f6Fa00Dd02b7239954D54740B739bE7D", "block_hash": "0xde30e3765e22ac2863de4ba3e685dd62b0c69cb47b184fa285adfc7c8fd47032", "block_time": 1703697835, "block_parent": "0xa4e70d5de82232ea9764be4054d211b79777602b898f90b658093d6065bf0161"}
{"block_number": 42, "miner_hash": "0x1Ae33950cB8fE20596e36B49129CC74aBB7C6237", "block_hash": "0xe5beff60dd8f459b3b075fdca9a052497acd1cef2a25a35d5c295b396fd97917", "block_time": 1703697836, "block_parent": "0xde30e3765e22ac2863de4ba3e685dd62b0c69cb47b184fa285adfc7c8fd47032"}
{"block_number": 43, "miner_hash": "0xBAfee95989A15009c84271B8be3e98E7d54F98F0", "block_hash": "0xf1bccfc804f51b66e55011b52a3587a0e82d5a792bc408d50fb02d2672836e9a", "block_time": 1703697837, "block_parent": "0xe5beff60dd8f459b3b075fdca9a052497acd1cef2a25a35d5c295b396fd97917"}
{"block_number": 44, "miner_hash": "0x2fA032d2Db4dbcfD38C3F4543F7D808a788E18BF", "block_hash": "0x6c9f96eadc17966c6a185f5d766ab391dfdc30b5955223f67ef81789ebbabf52", "block_time": 1703697838, "block_parent": "0xf1bccfc804f51b66e55011b52a3587a0e82d5a792bc408d50fb02d2672836e9a"}
{"block_number": 45, "miner_hash": "0xE46F8A00bbb69Fa1f00d93a33371af4d8D07e6AC", "block_hash": "0xa682a55c97520bc6d01749518f8558d42c4b76d8fccb67626a7337adba336e90", "block_time": 1703697839, "block_parent": "0x6c9f96eadc17966c6a185f5d766ab391dfdc30b5955223f67ef81789ebbabf52"}
{"block_number": 46, "miner_hash": "0x2fA032d2Db4dbcfD38C3F4543F7D808a788E18BF", "block_hash": "0x3c1235d230f6c99d5593679a9c29207d4620760263420cf4af273c1afde4494d", "block_time": 1703697840, "block_parent": "0xa682a55c97520bc6d01749518f8558d42c4b76d8fccb67626a7337adba336e90"}
{"block_number": 47, "miner_hash": "0xB7fF61aE742d699A2D7ed8d187269c8574f7fa09", "block_hash": "0x4eb612bf090dfb6d11bbc243e38c1178939ff65d719e9f4711b5ac2655ce6224", "block_time": 1703697841, "block_parent": "0x3c1235d230f6c99d5593679a9c29207d4620760263420cf4af273c1afde4494d"}
{"block_number": 48, "miner_hash": "0xDa4d9192E14A85D8eaC09Eb10788db0decd8B60a", "block_hash": "0xfc8e9bc7ea2ec25a950b6348d699242058e46c18617754ce228a575fd5ea7395", "block_time": 1703697842, "block_parent": "0x4eb612bf090dfb6d11bbc243e38c1178939ff65d719e9f4711b5ac2655ce6224"}
{"block_number": 49, "miner_hash": "0x1Ae33950cB8fE20596e36B49129CC74aBB7C6237", "block_hash": "0xdd0a902134e4273e7da5a83fdf8fdce548082ef0af73bd64c81eabe11a89475a", "block_time": 1703697843, "block_parent": "0xfc8e9bc7ea2ec25a950b6348d699242058e46c18617754ce228a575fd5ea7395"}
{"block_number": 50, "miner_hash": "0x1Ae33950cB8fE20596e36B49129CC74aBB7C6237", "block_hash": "0x1b089553846f021295de6e65143f0ac0245aa60193b6c20cb0bc70793583f9db", "block_time": 1703697844, "block_parent": "0xdd0a902134e4273e7da5a83fdf8fdce548082ef0af73bd64c81eabe11a89475a"}
{"block_number": 51, "miner_hash": "0xBAfee95989A15009c84271B8be3e98E7d54F98F0", "block_hash": "0x1db6659b941ef08d6a9a0fcdfb55886e5e04ae8c4f812f50ae33bd0d32f20eda", "block_time": 1703697845, "block_parent": "0x1b089553846f021295de6e65143f0ac0245aa60193b6c20cb0bc70793583f9db"}
{"block_number": 52, "miner_hash": "0xB7fF61aE742d699A2D7ed8d187269c8574f7fa09", "block_hash": "0x14f1cf6f70c1087489d0f932f2d3ab293dd1ec3251e0caae2ec7993e2e30fb53", "block_time": 1703697846, "block_parent": "0x1db6659b941ef08d6a9a0fcdfb55886e5e04ae8c4f812f50ae33bd0d32f20eda"}
{"block_number": 53, "miner_hash": "0xE46F8A00bbb69Fa1f00d93a33371af4d8D07e6AC", "block_hash": "0x8e00c21873a29df984a97abeb98c88d4f5eaf83dde67d3a76ce8b8eb37dfdfbd", "block_time": 1703697847, "block_parent": "0x14f1cf6f70c1087489d0f932f2d3ab293dd1ec3251e0caae2ec7993e2e30fb53"}
{"block_number": 54, "miner_hash": "0x2fA032d2Db4dbcfD38C3F4543F7D808a788E18BF", "block_hash": "0xb1db9cd17d619bb5ea88b65dd9d628ec6d30d99c3331e151c955bd6d69f7cc40", "block_time": 1703697848, "block_parent": "0x8e00c21873a29df984a97abeb98c88d4f5eaf83dde67d3a76ce8b8eb37dfdfbd"}
{"block_number": 55, "miner_hash": "0xB44F59F40b3Fa30B66F02561221D9E3b6e8E98D6", "block_hash": "0xc4e7b0bcb416f3e3099bb5ce7694029af58162973b8ec273e8441e8fe0adaccd", "block_time": 1703697849, "block_parent": "0xb1db9cd17d619bb5ea88b65dd9d628ec6d30d99c3331e151c955bd6d69f7cc40"}
{"block_number": 56, "miner_hash": "0xE46F8A00bbb69Fa1f00d93a33371af4d8D07e6AC", "block_hash": "0x7c869519e4ffd26069a0002fac2856da60266dc2e73e33326c270c3c5c2fc995", "block_time": 1703697850, "block_parent": "0xc4e7b0bcb416f3e3099bb5ce7694029af58162973b8ec273e8441e8fe0adaccd"}
{"block_number": 57, "miner_hash": "0x49793216f6Fa00Dd02b7239954D54740B739bE7D", "block_hash": "0x00c678442ae266cf5edbe9de002e85b5c5d8f0c96af55569df01b20f29dc0139", "block_time": 1703697851, "block_parent": "0x7c869519e4ffd26069a0002fac2856da60266dc2e73e33326c270c3c5c2fc995"}
{"block_number": 58, "miner_hash": "0xB7fF61aE742d699A2D7ed8d187269c8574f7fa09", "block_hash": "0x69a6ddde7ee77e9514d6a135e297bf45c2e9a16c7264da081b70aeb4f663ee2e", "block_time": 1703697852, "block_parent": "0x00c678442ae266cf5edbe9de002e85b5c5d8f0c96af55569df01b20f29dc0139"}
{"block_number": 59, "miner_hash": "0x49793216f6Fa00Dd02b7239954D54740B739bE7D", "block_hash": "0x0028f4686658250043c73f01331c7cb783ad5d7330555fac8c496f8cdb63f347", "block_time": 1703697853, "block_parent": "0x69a6ddde7ee77e9514d6a135e297bf45c2e9a16c7264da081b70aeb4f663ee2e"}
{"block_number": 60, "miner_hash": "0xDa4d9192E14A85D8eaC09Eb10788db0decd8B60a", "block_hash": "0x1190401803d3e37a41991d3057bcca73fca474aa7d18560d253a091b28bf04f8", "block_time": 1703697854, "block_parent": "0x0028f4686658250043c73f01331c7cb783ad5d7330555fac8c496f8cdb63f347"}
{"block_number": 61, "miner_hash": "0xBAfee95989A15009c84271B8be3e98E7d54F98F0", "block_hash": "0x0ce81a0a41f06b8720bb33206757e4af427d0137bd76f520de3991dee7ac2406", "block_time": 1703697855, "block_parent": "0x1190401803d3e37a41991d3057bcca73fca474aa7d18560d253a091b28bf04f8"}
{"block_number": 62, "miner_hash": "0x1Ae33950cB8fE20596e36B49129CC74aBB7C6237", "block_hash": "0x4dbf97cfe95dbb71928fe2c9470ecf3b1ff6c1b988da33e0879e5c99dc88960f", "block_time": 1703697856, "block_parent": "0x0ce81a0a41f06b8720bb33206757e4af427d0137bd76f520de3991dee7ac2406"}
{"block_number": 63, "miner_hash": "0x1Ae33950cB8fE20596e36B49129CC74aBB7C6237", "block_hash": "0x50d8f21149d1963117603d83158f48ea26dd85266384f1a0bc0c8bddae1024c2", "block_time": 1703697857, "block_parent": "0x4dbf97cfe95dbb71928fe2c9470ecf3b1ff6c1b988da33e0879e5c99dc88960f"}
{"block_number": 64, "miner_hash": "0xE46F8A00bbb69Fa1f00d93a33371af4d8D07e6AC", "block_hash": "0x28ca9399f25076dabf184856cdf9aae6960db766afce8676d401bc93e37a0aaf", "block_time": 1703697858, "block_parent": "0x50d8f21149d1963117603d83158f48ea26dd85266384f1a0bc0c8bddae1024c2"}
{"block_number": 65, "miner_hash": "0x49793216f6Fa00Dd02b7239954D54740B739bE7D", "block_hash": "0xb83b0e5aaf41bb298e265aa44fa5c60663452cee1015173fe57b6f321de5a9c7", "block_time": 1703697859, "block_parent": "0x28ca9399f25076dabf184856cdf9aae6960db766afce8676d401bc93e37a0aaf"}
{"block_number": 66, "miner_hash": "0x2fA032d2Db4dbcfD38C3F4543F7D808a788E18BF", "block_hash": "0x3a4b33621122be02aa1adf55bf21b6894e51c8c45b3454e2783e6da1c3dfb8cf", "block_time": 1703697860, "block_parent": "0xb83b0e5aaf41bb298e265aa44fa5c60663452cee1015173fe57b6f321de5a9c7"}
{"block_number": 67, "miner_hash": "0xB44F59F40b3Fa30B66F02561221D9E3b6e8E98D6", "block_hash": "0x4abf501bcd5c18a8d8871d8206d11df736b87aa6f3c51174556c7958febb8d19", "block_time": 1703697861, "block_parent": "0x3a4b33621122be02aa1adf55bf21b6894e51c8c45b3454e2783e6da1c3dfb8cf"}
{"block_number": 68, "miner_hash": "0x2fA032d2Db4dbcfD38C3F4543F7D808a788E18BF", "block_hash": "0x213f80f261e7f234352c64c399198086fd8076bb989362e0c664d7f2562863f4", "block_time": 1703697862, "block_parent": "0x4abf501bcd5c18a8d8871d8206d11df736b87aa6f3c51174556c7958febb8d19"}
{"block_number": 69, "miner_hash": "0x49793216f6Fa00Dd02b7239954D54740B739bE7D", "block_hash": "0xa192193a60b280d69b05d2132b11557a10c8bffdb83dcfda27eae5153440cc22", "block_time": 1703697863, "block_parent": "0x213f80f261e7f234352c64c399198086fd8076bb989362e0c664d7f2562863f4"}
{"block_number": 70, "miner_hash": "0xE46F8A00bbb69Fa1f00d93a33371af4d8D07e6AC", "block_hash": "0x6b4a0f20aa51919fa71380b8a0a3f8c236d0b6c80fc84f558f2f2c24b0ce1cfe", "block_time": 1703697864, "block_parent": "0xa192193a60b280d69b05d2132b11557a10c8bffdb83dcfda27eae5153440cc22"}
{"block_number": 71, "miner_hash": "0xE46F8A00bbb69Fa1f00d93a33371af4d8D07e6AC", "block_hash": "0x4a770a7807b465424c706fb72e8bd333c600d5a55aeb442c3a88e316fe27b2a5", "block_time": 1703697865, "block_parent": "0x6b4a0f20aa51919fa71380b8a0a3f8c236d0b6c80fc84f558f2f2c24b0ce1cfe"}
{"block_number": 72, "miner_hash": "0xb9CDC8cF65cEE660D0abAC69F4dca5a409014334", "block_hash": "0x103cd295e4b4ae84aa91aac45351609ebb671b266dbbb72c11d9014f0e809117", "block_time": 1703697866, "block_parent": "0x4a770a7807b465424c706fb72e8bd333c600d5a55aeb442c3a88e316fe27b2a5"}
{"block_number": 73, "miner_hash": "0x2fA032d2Db4dbcfD38C3F4543F7D808a788E18BF", "block_hash": "0xc54cddf966c3316db356dce214258ebc94b5b53b854dc3806922b916e6f962ee", "block_time": 1703697867, "block_parent": "0x8165f547f9ba249e9213257a70683e6e8174c8ab373e270dc9d2b40341417ce5"}
{"block_number": 74, "miner_hash": "0xDa4d9192E14A85D8eaC09Eb10788db0decd8B60a", "block_hash": "0x5ae72876403decdf4e158eb6abb0b77563816f809bf4a81fe3179dff535ccdad", "block_time": 1703697868, "block_parent": "0xc54cddf966c3316db356dce214258ebc94b5b53b854dc3806922b916e6f962ee"}
{"block_number": 75, "miner_hash": "0x49793216f6Fa00Dd02b7239954D54740B739bE7D", "block_hash": "0xb25518638f8fd2616a941e405abc84002d4823a113266047744c6feabd5f8723", "block_time": 1703697869, "block_parent": "0x5ae72876403decdf4e158eb6abb0b77563816f809bf4a81fe3179dff535ccdad"}
{"block_number": 76, "miner_hash": "0xB44F59F40b3Fa30B66F02561221D9E3b6e8E98D6", "block_hash": "0x7828e72036c6f56b78723fe26787c00e6e09a783a8c0d788155dbbfc18fa49d0", "block_time": 1703697870, "block_parent": "0xb25518638f8fd2616a941e405abc84002d4823a113266047744c6feabd5f8723"}
{"block_number": 77, "miner_hash": "0xb9CDC8cF65cEE660D0abAC69F4dca5a409014334", "block_hash": "0x79999115265f8d76bfe0a72c593406bc32faec6e2382a515dd60bdb27b4b410b", "block_time": 1703697871, "block_parent": "0x7828e72036c6f56b78723fe26787c00e6e09a783a8c0d788155dbbfc18fa49d0"}
{"block_number": 78, "miner_hash": "0xBAfee95989A15009c84271B8be3e98E7d54F98F0", "block_hash": "0x80188bddb04e1476014aaef7c587abcc913a837a4b0ea62c7f7a1e8f3a30c3ec", "block_time": 1703697872, "block_parent": "0x79999115265f8d76bfe0a72c593406bc32faec6e2382a515dd60bdb27b4b410b"}
{"block_number": 79, "miner_hash": "0xb9CDC8cF65cEE660D0abAC69F4dca5a409014334", "block_hash": "0x2c19b2853f21a28bdd3d62ceb9e5dd140c7bc3ebd8d80f882cd351fba817972f", "block_time": 1703697873, "block_parent": "0x80188bddb04e1476014aaef7c587abcc913a837a4b0ea62c7f7a1e8f3a30c3ec"}
{"block_number": 80, "miner_hash": "0xE46F8A00bbb69Fa1f00d93a33371af4d8D07e6AC", "block_hash": "0x46dade0c5c4956183069974fa58bf29c3c359b4086796ff273e2da9e4879c094", "block_time": 1703697874, "block_parent": "0x2c19b2853f21a28bdd3d62ceb9e5dd140c7bc3ebd8d80f882cd351fba817972f"}
{"block_number": 81, "miner_hash": "0xBAfee95989A15009c84271B8be3e98E7d54F98F0", "block_hash": "0x051f5acdde0ff24148436221045f36b673cd1e9359b7712fafd491de849130ba", "block_time": 1703697875, "block_parent": "0x4fbe1fc7e42e5959ed1397431a11f20569996f487929e7477063373ef361900c"}
{"block_number": 82, "miner_hash": "0xb9CDC8cF65cEE660D0abAC69F4dca5a409014334", "block_hash": "0xfc0ca5c3a44c5e9014421f21e60fe02f85ff9a7c0885344f8aa8b41919aa9c9f", "block_time": 1703697876, "block_parent": "0x051f5acdde0ff24148436221045f36b673cd1e9359b7712fafd491de849130ba"}
{"block_number": 83, "miner_hash": "0x2fA032d2Db4dbcfD38C3F4543F7D808a788E18BF", "block_hash": "0xaba6e6faffb9fd50e088127a13d5303a74b83a610a3619cc56508c78b3b3864c", "block_time": 1703697877, "block_parent": "0xfc0ca5c3a44c5e9014421f21e60fe02f85ff9a7c0885344f8aa8b41919aa9c9f"}
{"block_number": 84, "miner_hash": "0x49793216f6Fa00Dd02b7239954D54740B739bE7D", "block_hash": "0xa1b5b6ee3fb81b3768a6f83d7d1bd60b3f86de3661b096ce02c113ae520c2587", "block_time": 1703697878, "block_parent": "0xaba6e6faffb9fd50e088127a13d5303a74b83a610a3619cc56508c78b3b3864c"}
{"block_number": 85, "miner_hash": "0xE46F8A00bbb69Fa1f00d93a33371af4d8D07e6AC", "block_hash": "0x8880f032282e2f56ba981e75102e27c81a7a17a50d3987eecff9550867a9d005", "block_time": 1703697879, "block_parent": "0xa1b5b6ee3fb81b3768a6f83d7d1bd60b3f86de3661b096ce02c113ae520c2587"}
{"block_number": 86, "miner_hash": "0x49793216f6Fa00Dd02b7239954D54740B739bE7D", "block_hash": "0x62dedf941c8499c6746474fe82a73f9d22ba6960db1531579e5b51d53b56aba3", "block_time": 1703697880, "block_parent": "0x8880f032282e2f56ba981e75102e27c81a7a17a50d3987eecff9550867a9d005"}
{"block_number": 87, "miner_hash": "0xDa4d9192E14A85D8eaC09Eb10788db0decd8B60a", "block_hash": "0x5c7212a46bff263e256f1823491302d712138daed252e0e4504847440a5da810", "block_time": 1703697881, "block_parent": "0x62dedf941c8499c6746474fe82a73f9d22ba6960db1531579e5b51d53b56aba3"}
{"block_number": 87, "miner_hash": "0x1Ae33950cB8fE20596e36B49129CC74aBB7C6237", "block_hash": "0x140ccc9fc5dfde1eac80b5c0909b581d64ae310a5d7afbef48d9b304b3dea426", "block_time": 1703697881, "block_parent": "0x62dedf941c8499c6746474fe82a73f9d22ba6960db1531579e5b51d53b56aba3"}
{"block_number": 88, "miner_hash": "0x1Ae33950cB8fE20596e36B49129CC74aBB7C6237", "block_hash": "0xc79e687350c684e4f2d0e50006824de37e8c04b00f1fd66f6c48e6aca8e845f8", "block_time": 1703697882, "block_parent": "0x140ccc9fc5dfde1eac80b5c0909b581d64ae310a5d7afbef48d9b304b3dea426"}
{"block_number": 89, "miner_hash": "0xb9CDC8cF65cEE660D0abAC69F4dca5a409014334", "block_hash": "0xf042cb003fde9f7e81b06851c1f2740e39800b464a63c2bfe4844bf2663f5a68", "block_time": 1703697883, "block_parent": "0xc79e687350c684e4f2d0e50006824de37e8c04b00f1fd66f6c48e6aca8e845f8"}
{"block_number": 90, "miner_hash": "0xb9CDC8cF65cEE660D0abAC69F4dca5a409014334", "block_hash": "0x0bb7075ed5cf314c459be4c27b80ec943eb3685f4c6e14c9478d074123318e3b", "block_time": 1703697884, "block_parent": "0xf042cb003fde9f7e81b06851c1f2740e39800b464a63c2bfe4844bf2663f5a68"}
{"block_number": 91, "miner_hash": "0xB44F59F40b3Fa30B66F02561221D9E3b6e8E98D6", "block_hash": "0x38728cd7b24d37689010875c25cfdca172782fc3e8a26a59484b2ed8f636d3f0", "block_time": 1703697885, "block_parent": "0x0bb7075ed5cf314c459be4c27b80ec943eb3685f4c6e14c9478d074123318e3b"}
{"block_number": 92, "miner_hash": "0xDa4d9192E14A85D8eaC09Eb10788db0decd8B60a", "block_hash": "0x180d7c519f45eb61f4154884a083ddb097e85afc7134c9e7b598523877e36503", "block_time": 1703697886, "block_parent": "0x38728cd7b24d37689010875c25cfdca172782fc3e8a26a59484b2ed8f636d3f0"}
{"block_number": 93, "miner_hash": "0x2fA032d2Db4dbcfD38C3F4543F7D808a788E18BF", "block_hash": "0xeef2e02b7a0b3d5f3b6ba2c34a8d0981f20359eabf1d71f9b0df86986ec8a8f9", "block_time": 1703697887, "block_parent": "0x180d7c519f45eb61f4154884a083ddb097e85afc7134c9e7b598523877e36503"}
{"block_number": 94, "miner_hash": "0xB7fF61aE742d699A2D7ed8d187269c8574f7fa09", "block_hash": "0x4970f03959c885c68f83c67687dbf6f01c0b0c4ea4febf00ffcb806cd81e7b4b", "block_time": 1703697888, "block_parent": "0xeef2e02b7a0b3d5f3b6ba2c34a8d0981f20359eabf1d71f9b0df86986ec8a8f9"}
{"block_number": 95, "miner_hash": "0xBAfee95989A15009c84271B8be3e98E7d54F98F0", "block_hash": "0x333eb7f2569e0f2fa0e4a08579d1dd0a613ae126498d3df4a7db2ea36219fa95", "block_time": 1703697889, "block_parent": "0x4970f03959c885c68f83c67687dbf6f01c0b0c4ea4febf00ffcb806cd81e7b4b"}
{"block_number": 96, "miner_hash": "0x2fA032d2Db4dbcfD38C3F4543F7D808a788E18BF", "block_hash": "0x4770ce0ced1a1b1559ed2cbae574929aff21e1f60f20b6e75a3be07c0d595054", "block_time": 1703697890, "block_parent": "0x333eb7f2569e0f2fa0e4a08579d1dd0a613ae126498d3df4a7db2ea36219fa95"}
{"block_number": 97, "miner_hash": "0xDa4d9192E14A85D8eaC09Eb10788db0decd8B60a", "block_hash": "0xdd1788afcce6c1ef5c1ca0902d3dea875e2bb6b7a173101d21c2f37ffbf23ad2", "block_time": 1703697891, "block_parent": "0x7e0b3965ba8f18263bebea86ba562ad4b7e82df7cfa707359bd22985f8ecde5e"}
{"block_number": 98, "miner_hash": "0xB7fF61aE742d699A2D7ed8d187269c8574f7fa09", "block_hash": "0x9b57f5079adfcd7ba6b5c4c91b4bf88eb9a963cff232f23e062a6f133c2554e9", "block_time": 1703697892, "block_parent": "0xdd1788afcce6c1ef5c1ca0902d3dea875e2bb6b7a173101d21c2f37ffbf23ad2"}
{"block_number": 99, "miner_hash": "0x1Ae33950cB8fE20596e36B49129CC74aBB7C6237", "block_hash": "0xb40eb7b2148fcf2929786e9f8d9964029f760c2ac06efb1c10849dbcb9699d24", "block_time": 1703697893, "block_parent": "0x9b57f5079adfcd7ba6b5c4c91b4bf88eb9a963cff232f23e062a6f133c2554e9"}
{"block_number": 100, "miner_hash": "0xE46F8A00bbb69Fa1f00d93a33371af4d8D07e6AC", "block_hash": "0x247d100ff6821a714dd19db61abbfcacb3f7f52f4edba23b2ffa73c452f5d138", "block_time": 1703697894, "block_parent": "0xb40eb7b2148fcf2929786e9f8d9964029f760c2ac06efb1c10849dbcb9699d24"}
{"block_number": 101, "miner_hash": "0xB7fF61aE742d699A2D7ed8d187269c8574f7fa09", "block_hash": "0xf73c0a6e105aec4ed5c1b1dec0d95239a4d099aba2899a62c120c558d3736b9a", "block_time": 1703697895, "block_parent": "0x247d100ff6821a714dd19db61abbfcacb3f7f52f4edba23b2ffa73c452f5d138"}
{"block_number": 102, "miner_hash": "0x49793216f6Fa00Dd02b7239954D54740B739bE7D", "block_hash": "0xe212f92b37cea661c821b46e8ee06e1b5d9c01b2a7197ec2acbab364b6bd3ee7", "block_time": 1703697896, "block_parent": "0xf73c0a6e105aec4ed5c1b1dec0d95239a4d099aba2899a62c120c558d3736b9a"}
{"block_number": 103, "miner_hash": "0x1Ae33950cB8fE20596e36B49129CC74aBB7C6237", "block_hash": "0x79f200f81eee11297b8a06b4356f67cb518c03f9f37e9253ddee73ba99bfc54b", "block_time": 1703697897, "block_parent": "0xe212f92b37cea661c821b46e8ee06e1b5d9c01b2a7197ec2acbab364b6bd3ee7"}
{"block_number": 104, "miner_hash": "0x2fA032d2Db4dbcfD38C3F4543F7D808a788E18BF", "block_hash": "0xb5d3f315eb0cb1460001673c3767a1cfb8ceabd9af348ef3ec913aab1ce5e946", "block_time": 1703697898, "block_parent": "0x79f200f81eee11297b8a06b4356f67cb518c03f9f37e9253ddee73ba99bfc54b"}
{"block_number": 105, "miner_hash": "0xB44F59F40b3Fa30B66F02561221D9E3b6e8E98D6", "block_hash": "0x719a9335efe9876cc8ca35065d2ad4adf496c0f4b1a1f1cb8b87096618ea92c2", "block_time": 1703697899, "block_parent": "0xb5d3f315eb0cb1460001673c3767a1cfb8ceabd9af348ef3ec913aab1ce5e946"}
{"block_number": 106, "miner_hash": "0x2fA032d2Db4dbcfD38C3F4543F7D808a788E18BF", "block_hash": "0x752e09ba1d4ea6ef9ab66e937c11882b4be34d60d0f3963ebc3081c14a38e247", "block_time": 1703697900, "block_parent": "0x719a9335efe9876cc8ca35065d2ad4adf496c0f4b1a1f1cb8b87096618ea92c2"}
{"block_number": 107, "miner_hash": "0xb9CDC8cF65cEE660D0abAC69F4dca5a409014334", "block_hash": "0x0c20d2662df5bd07239c3dd9148fbdb29bf193e59caa21f20a4774fa623b3975", "block_time": 1703697901, "block_parent": "0x752e09ba1d4ea6ef9ab66e937c11882b4be34d60d0f3963ebc3081c14a38e247"}
{"block_number": 107, "miner_hash": "0xB7fF61aE742d699A2D7ed8d187269c8574f7fa09", "block_hash": "0xe5a435b0380a93c4fa43c25c98a83b2480d67cce2c83796bf37bc3af7cde514e", "block_time": 1703697901, "block_parent": "0x752e09ba1d4ea6ef9ab66e937c11882b4be34d60d0f3963ebc3081c14a38e247"}
{"block_number": 108, "miner_hash": "0xB7fF61aE742d699A2D7ed8d187269c8574f7fa09", "block_hash": "0x73a9d00738dab87a553ec9dd651f39ee4907634fdfa983ea8c09e1a3c19ddf8a", "block_time": 1703697902, "block_parent": "0xe5a435b0380a93c4fa43c25c98a83b2480d67cce2c83796bf37bc3af7cde514e"}
{"block_number": 109, "miner_hash": "0xB7fF61aE742d699A2D7ed8d187269c8574f7fa09", "block_hash": "0x4b7ddea95680e436e4d80c9967238b6355400c1a00ae46aa6dad2bb17f5280be", "block_time": 1703697903, "block_parent": "0x73a9d00738dab87a553ec9dd651f39ee4907634fdfa983ea8c09e1a3c19ddf8a"}
{"block_number": 110, "miner_hash": "0x49793216f6Fa00Dd02b7239954D54740B739bE7D", "block_hash": "0x346cca75516656c92265480a64da60230eaaa411b6e7ea1a49d7b9d7169f6544", "block_time": 1703697904, "block_parent": "0x4b7ddea95680e436e4d80c9967238b6355400c1a00ae46aa6dad2bb17f5280be"}
{"block_number": 111, "miner_hash": "0x2fA032d2Db4dbcfD38C3F4543F7D808a788E18BF", "block_hash": "0xcfe0535630c465b7e6f001a5e584957ed5596b20fc3d36d4d79f3657f38c147e", "block_time": 1703697905, "block_parent": "0x346cca75516656c92265480a64da60230eaaa411b6e7ea1a49d7b9d7169f6544"}
{"block_number": 112, "miner_hash": "0xb9CDC8cF65cEE660D0abAC69F4dca5a409014334", "block_hash": "0xf17929f36796fa38635f0fdebd138e37f2fbed123e08feb8b99309e7d2129271", "block_time": 1703697906, "block_parent": "0xcfe0535630c465b7e6f001a5e584957ed5596b20fc3d36d4d79f3657f38c147e"}
{"block_number": 112, "miner_hash": "0xBAfee95989A15009c84271B8be3e98E7d54F98F0", "block_hash": "0x8e5ea881ddede5cf610fbd6413d67cda03703e5ff292840edd010c392e8440db", "block_time": 1703697906, "block_parent": "0xcfe0535630c465b7e6f001a5e584957ed5596b20fc3d36d4d79f3657f38c147e"}
{"block_number": 114, "miner_hash": "0xB44F59F40b3Fa30B66F02561221D9E3b6e8E98D6", "block_hash": "0x7fe67fb35d57a99389df9db0ca6d88ded7c1bb6adcc6ff2a3db4c09175a0aa43", "block_time": 1703697908, "block_parent": "0xd910f40a39e7c41327991d144e4aa3261aa35792b077c52ef560e3bc67ab8c6d"}
{"block_number": 115, "miner_hash": "0x2fA032d2Db4dbcfD38C3F4543F7D808a788E18BF", "block_hash": "0xc6fe55ed32afd7b2e0656e5b11a58d9e97b3b682a46d404daa5614aee083d161", "block_time": 1703697909, "block_parent": "0x7fe67fb35d57a99389df9db0ca6d88ded7c1bb6adcc6ff2a3db4c09175a0aa43"}
{"block_number": 116, "miner_hash": "0xB44F59F40b3Fa30B66F02561221D9E3b6e8E98D6", "block_hash": "0xfee9c1fedf5e24009854c9d09eddd163826ca3c9d29d479a46f2a7e633a2f591", "block_time": 1703697910, "block_parent": "0xc6fe55ed32afd7b2e0656e5b11a58d9e97b3b682a46d404daa5614aee083d161"}
{"block_number": 117, "miner_hash": "0xBAfee95989A15009c84271B8be3e98E7d54F98F0", "block_hash": "0x8880e5cc52e99be1ead5f131eb8058bd406e225ccc223d63d7f873b3319916ab", "block_time": 1703697911, "block_parent": "0xfee9c1fedf5e24009854c9d09eddd163826ca3c9d29d479a46f2a7e633a2f591"}
{"block_number": 118, "miner_hash": "0x2fA032d2Db4dbcfD38C3F4543F7D808a788E18BF", "block_hash": "0xca6662a96f75c058835bfb899dbe41f5692c397cb5431985f2983c84112772d0", "block_time": 1703697912, "block_parent": "0xaf10632b3acb63234e6744c3e51be5d14f088c117d12759302346c04bf1b9196"}
{"block_number": 119, "miner_hash": "0xBAfee95989A15009c84271B8be3e98E7d54F98F0", "block_hash": "0x6854b27cbf09cee3ef37d434e0ca32929484490b7969e1522cb737b72896c320", "block_time": 1703697913, "block_parent": "0xca6662a96f75c058835bfb899dbe41f5692c397cb5431985f2983c84112772d0"}
{"block_number": 120, "miner_hash": "0xB44F59F40b3Fa30B66F02561221D9E3b6e8E98D6", "block_hash": "0x90e5d2ad203e9edc83545f5ea92c953627f9e6b36cce90133a669ad59a162ac6", "block_time": 1703697914, "block_parent": "0x6854b27cbf09cee3ef37d434e0ca32929484490b7969e1522cb737b72896c320"}
{"block_number": 120, "miner_hash": "0xb9CDC8cF65cEE660D0abAC69F4dca5a409014334", "block_hash": "0xad6aaf3724bd8e2e80b1a442248f37b6a85f2d404c48273cc6500b3937246aac", "block_time": 1703697914, "block_parent": "0x6854b27cbf09cee3ef37d434e0ca32929484490b7969e1522cb737b72896c320"}
{"block_number": 121, "miner_hash": "0xE46F8A00bbb69Fa1f00d93a33371af4d8D07e6AC", "block_hash": "0x0a57eb7607fc68493d14c57b280101955dc5928c3fda558708bbbff9d1026552", "block_time": 1703697915, "block_parent": "0xad6aaf3724bd8e2e80b1a442248f37b6a85f2d404c48273cc6500b3937246aac"}
{"block_number": 122, "miner_hash": "0xB44F59F40b3Fa30B66F02561221D9E3b6e8E98D6", "block_hash": "0x3b95c07632ee80efc0a5ebd0045ca10e1eed1b36ccaf191a16ebdb774bc618bd", "block_time": 1703697916, "block_parent": "0x0a57eb7607fc68493d14c57b280101955dc5928c3fda558708bbbff9d1026552"}
{"block_number": 123, "miner_hash": "0x1Ae33950cB8fE20596e36B49129CC74aBB7C6237", "block_hash": "0x48572a7f0713db235e0bca296e189814fbd319085362c3a50cbfcdb427611d3f", "block_time": 1703697917, "block_parent": "0x3b95c07632ee80efc0a5ebd0045ca10e1eed1b36ccaf191a16ebdb774bc618bd"}
{"block_number": 124, "miner_hash": "0xB7fF61aE742d699A2D7ed8d187269c8574f7fa09", "block_hash": "0x9774566129d051b5b338cfb518b010a7ace4c0728899d540c4148cdd25337046", "block_time": 1703697918, "block_parent": "0xd0eb5ec0617bbcc632cb76800de6810d14c1bb994b4f799e3b9c650e09fe69b0"}
{"block_number": 125, "miner_hash": "0x1Ae33950cB8fE20596e36B49129CC74aBB7C6237", "block_hash": "0xd6e2531a202fea8dd58a4ed4fdbd35e919200369134bb868dd49c2f3eda0fc51", "block_time": 1703697919, "block_parent": "0x9774566129d051b5b338cfb518b010a7ace4c0728899d540c4148cdd25337046"}
{"block_number": 126, "miner_hash": "0xB44F59F40b3Fa30B66F02561221D9E3b6e8E98D6", "block_hash": "0x1ec7fe292a206fbe9a2e7c5d83c2bdb3ebdee59a1731e4c77ae4e6ee4394e849", "block_time": 1703697920, "block_parent": "0xd6e2531a202fea8dd58a4ed4fdbd35e919200369134bb868dd49c2f3eda0fc51"}
{"block_number": 127, "miner_hash": "0xB44F59F40b3Fa30B66F02561221D9E3b6e8E98D6", "block_hash": "0x56026e1ed5cfc85e1256e84996139235de356e496f2190615ee8e431ebbc04f2", "block_time": 1703697921, "block_parent": "0x1ec7fe292a206fbe9a2e7c5d83c2bdb3ebdee59a1731e4c77ae4e6ee4394e849"}
{"block_number": 128, "miner_hash": "0xDa4d9192E14A85D8eaC09Eb10788db0decd8B60a", "block_hash": "0xa8a4ba981ab2e5717aed029fe79adecbce8a828eec916334f13a9e720fb64cd4", "block_time": 1703697922, "block_parent": "0x56026e1ed5cfc85e1256e84996139235de356e496f2190615ee8e431ebbc04f2"}
{"block_number": 129, "miner_hash": "0xDa4d9192E14A85D8eaC09Eb10788db0decd8B60a", "block_hash": "0xab2aae1c02cd31cb9dcf6bc6cdeb6654833292ce7e58a7a8a67945b1d891e024", "block_time": 1703697923, "block_parent": "0xa8a4ba981ab2e5717aed029fe79adecbce8a828eec916334f13a9e720fb64cd4"}
{"block_number": 130, "miner_hash": "0xE46F8A00bbb69Fa1f00d93a33371af4d8D07e6AC", "block_hash": "0x3c7e8390e5ebf51fcabce3ca7320e97286280fb257d451084cffe6c351479a58", "block_time": 1703697924, "block_parent": "0xab2aae1c02cd31cb9dcf6bc6cdeb6654833292ce7e58a7a8a67945b1d891e024"}
{"block_number": 131, "miner_hash": "0xE46F8A00bbb69Fa1f00d93a33371af4d8D07e6AC", "block_hash": "0x41204f2394a10a18c03ac74876b115f3a092ccf9647f7d18791db0898a4d453e", "block_time": 1703697925, "block_parent": "0x3c7e8390e5ebf51fcabce3ca7320e97286280fb257d451084cffe6c351479a58"}
{"block_number": 132, "miner_hash": "0x1Ae33950cB8fE20596e36B49129CC74aBB7C6237", "block_hash": "0x71dec76a1f3c19d67d8beb8db9234b90de7174d4dcb6be8d62b4e61af2696dc6", "block_time": 1703697926, "block_parent": "0x41204f2394a10a18c03ac74876b115f3a092ccf9647f7d18791db0898a4d453e"}
{"block_number": 133, "miner_hash": "0x2fA032d2Db4dbcfD38C3F4543F7D808a788E18BF", "block_hash": "0x6ca556940646f4a43feeacaa52005e30c4692079c18938ca1dceb3ae21881240", "block_time": 1703697927, "block_parent": "0x71dec76a1f3c19d67d8beb8db9234b90de7174d4dcb6be8d62b4e61af2696dc6"}
{"block_number": 134, "miner_hash": "0xB44F59F40b3Fa30B66F02561221D9E3b6e8E98D6", "block_hash": "0x0c8f4967c55c9c616340b6ebc0447f108486bc28e2afedc1d7a9054310c9b77e", "block_time": 1703697928, "block_parent": "0x6ca556940646f4a43feeacaa52005e30c4692079c18938ca1dceb3ae21881240"}
{"block_number": 135, "miner_hash": "0xBAfee95989A15009c84271B8be3e98E7d54F98F0", "block_hash": "0x8e8dd044b013462a778100dc6bca341454bef7d1db6b1b5dd0f0726a34152364", "block_time": 1703697929, "block_parent": "0x0c8f4967c55c9c616340b6ebc0447f108486bc28e2afedc1d7a9054310c9b77e"}
{"block_number": 136, "miner_hash": "0x1Ae33950cB8fE20596e36B49129CC74aBB7C6237", "block_hash": "0x7a7ec7d61a97bdf3ab072eb986b0766e09847e00f19d52d86b5725e808f2d76c", "block_time": 1703697930, "block_parent": "0x8e8dd044b013462a778100dc6bca341454bef7d1db6b1b5dd0f0726a34152364"}
{"block_number": 137, "miner_hash": "0x49793216f6Fa00Dd02b7239954D54740B739bE7D", "block_hash": "0x3e5eb5eb4b358a4ec64f07139d20b61276eaa6b072c669c754123a1c8500adb8", "block_time": 1703697931, "block_parent": "0x7a7ec7d61a97bdf3ab072eb986b0766e09847e00f19d52d86b5725e808f2d76c"}
{"block_number": 138, "miner_hash": "0xb9CDC8cF65cEE660D0abAC69F4dca5a409014334", "block_hash": "0xf8dab0afef4d0dc596d53fecc6702e7674b7a410ea3cd0af55589966b21e2c12", "block_time": 1703697932, "block_parent": "0x3e5eb5eb4b358a4ec64f07139d20b61276eaa6b072c669c754123a1c8500adb8"}
{"block_number": 139, "miner_hash": "0x49793216f6Fa00Dd02b7239954D54740B739bE7D", "block_hash": "0x40b6124c624099af90be5618613031018b7f08089d1eec97f2fe8200cc5a6641", "block_time": 1703697933, "block_parent": "0xf8dab0afef4d0dc596d53fecc6702e7674b7a410ea3cd0af55589966b21e2c12"}
{"block_number": 140, "miner_hash": "0xb9CDC8cF65cEE660D0abAC69F4dca5a409014334", "block_hash": "0x6516d87c2eef7262862087f547db24b1fc864c46124525fb7229cb9b7c0c1728", "block_time": 1703697934, "block_parent": "0x40b6124c624099af90be5618613031018b7f08089d1eec97f2fe8200cc5a6641"}
{"block_number": 141, "miner_hash": "0xE46F8A00bbb69Fa1f00d93a33371af4d8D07e6AC", "block_hash": "0x65a5ce4bb461b7bb1ab6fcaedba10f04a201094fd4aaa19a180cd5ef44618cb7", "block_time": 1703697935, "block_parent": "0x6516d87c2eef7262862087f547db24b1fc864c46124525fb7229cb9b7c0c1728"}
{"block_number": 142, "miner_hash": "0xB44F59F40b3Fa30B66F02561221D9E3b6e8E98D6", "block_hash": "0x514a38f32dc4272040193dea4482c9ca02ba25c5a82704cd0ac98e0874f9df59", "block_time": 1703697936, "block_parent": "0x65a5ce4bb461b7bb1ab6fcaedba10f04a201094fd4aaa19a180cd5ef44618cb7"}
{"block_number": 143, "miner_hash": "0xb9CDC8cF65cEE660D0abAC69F4dca5a409014334", "block_hash": "0x4d937e81b31261863fdbd65d4ab8aeb859f73cd065999018f7c1a4d70dab38bd", "block_time": 1703697937, "block_parent": "0x514a38f32dc4272040193dea4482c9ca02ba25c5a82704cd0ac98e0874f9df59"}
{"block_number": 144, "miner_hash": "0xDa4d9192E14A85D8eaC09Eb10788db0decd8B60a", "block_hash": "0x50049bd3e1905ef93f10f6945ce4f4c32f92d035d9349c15f71fa741734ae00b", "block_time": 1703697938, "block_parent": "0x4d937e81b31261863fdbd65d4ab8aeb859f73cd065999018f7c1a4d70dab38bd"}
{"block_number": 145, "miner_hash": "0xB7fF61aE742d699A2D7ed8d187269c8574f7fa09", "block_hash": "0x093b33714a195bef427e1da112e921e8ba9617308eb858066960a8e680a040c5", "block_time": 1703697939, "block_parent": "0x50049bd3e1905ef93f10f6945ce4f4c32f92d035d9349c15f71fa741734ae00b"}
{"block_number": 146, "miner_hash": "0xB7fF61aE742d699A2D7ed8d187269c8574f7fa09", "block_hash": "0x16dfeb0201895b70a03b2aaf1f7143d35254b1a73884e918f86d5a3a4353fbf6", "block_time": 1703697940, "block_parent": "0x093b33714a195bef427e1da112e921e8ba9617308eb858066960a8e680a040c5"}
{"block_number": 147, "miner_hash": "0xE46F8A00bbb69Fa1f00d93a33371af4d8D07e6AC", "block_hash": "0x0fde606c0aa4e22cae59e8679eefe5ff4ac0fd45f89746585d5ec3c99070634f", "block_time": 1703697941, "block_parent": "0x16dfeb0201895b70a03b2aaf1f7143d35254b1a73884e918f86d5a3a4353fbf6"}
{"block_number": 148, "miner_hash": "0xE46F8A00bbb69Fa1f00d93a33371af4d8D07e6AC", "block_hash": "0x92c6a8d0740ca82d7a5d24dbb650617cdda503b1f5f5039cacbb83ebe44e2343", "block_time": 1703697942, "block_parent": "0x0fde606c0aa4e22cae59e8679eefe5ff4ac0fd45f89746585d5ec3c99070634f"}
{"block_number": 149, "miner_hash": "0xBAfee95989A15009c84271B8be3e98E7d54F98F0", "block_hash": "0xba3468c0770d454d6a40a8f872d261e8782967be5535def5ee8d73f4931dbfc2", "block_time": 1703697943, "block_parent": "0x92c6a8d0740ca82d7a5d24dbb650617cdda503b1f5f5039cacbb83ebe44e2343"}
{"block_number": 150, "miner_hash": "0x2fA032d2Db4dbcfD38C3F4543F7D808a788E18BF", "block_hash": "0x7cc49eae0bc24a9d6ff5cc98175b7d7c0c6cc8e6d865d03e07079dba26c6acaf", "block_time": 1703697944, "block_parent": "0xba3468c0770d454d6a40a8f872d261e8782967be5535def5ee8d73f4931dbfc2"}
{"block_number": 151, "miner_hash": "0xB44F59F40b3Fa30B66F02561221D9E3b6e8E98D6", "block_hash": "0x72a154b893477b1b3180d2251354d2073992c533fe1e0482fe07d5cd9ac0d198", "block_time": 1703697945, "block_parent": "0x7cc49eae0bc24a9d6ff5cc98175b7d7c0c6cc8e6d865d03e07079dba26c6acaf"}
{"block_number": 152, "miner_hash": "0x2fA032d2Db4dbcfD38C3F4543F7D808a788E18BF", "block_hash": "0x8217c6591cb6b910bdb729c88691f606abd485c6fa7ac7db12652c2d7dbdf94c", "block_time": 1703697946, "block_parent": "0x72a154b893477b1b3180d2251354d2073992c533fe1e0482fe07d5cd9ac0d198"}
{"block_number": 153, "miner_hash": "0xBAfee95989A15009c84271B8be3e98E7d54F98F0", "block_hash": "0x426091eb05b8a8fe1889649996799f0b5bf3681dee8babd5d2cc59de116fbedd", "block_time": 1703697947, "block_parent": "0x8217c6591cb6b910bdb729c88691f606abd485c6fa7ac7db12652c2d7dbdf94c"}
{"block_number": 154, "miner_hash": "0xDa4d9192E14A85D8eaC09Eb10788db0decd8B60a", "block_hash": "0x8330885c0463ab5426b9c0f2b06207c78b86eff3c82aac0e65aaf61b2a5ba93e", "block_time": 1703697948, "block_parent": "0x426091eb05b8a8fe1889649996799f0b5bf3681dee8babd5d2cc59de116fbedd"}
{"block_number": 155, "miner_hash": "0xBAfee95989A15009c84271B8be3e98E7d54F98F0", "block_hash": "0xbe0b1148d31247ba6c1e6980d73ab44761400e83aa122a637169fccaca120679", "block_time": 1703697949, "block_parent": "0x8330885c0463ab5426b9c0f2b06207c78b86eff3c82aac0e65aaf61b2a5ba93e"}
{"block_number": 156, "miner_hash": "0xBAfee95989A15009c84271B8be3e98E7d54F98F0", "block_hash": "0xdfe162639ee330bd422b56635a1bab119fb588af57401ebc617b558516395c1f", "block_time": 1703697950, "block_parent": "0xbe0b1148d31247ba6c1e6980d73ab44761400e83aa122a637169fccaca120679"}
{"block_number": 157, "miner_hash": "0xE46F8A00bbb69Fa1f00d93a33371af4d8D07e6AC", "block_hash": "0x9ac50f8559c3ca7d05629cce9d080898376c9ce0be11f8c02c8cc48beec16b99", "block_time": 1703697951, "block_parent": "0xdfe162639ee330bd422b56635a1bab119fb588af57401ebc617b558516395c1f"}
{"block_number": 158, "miner_hash": "0xDa4d9192E14A85D8eaC09Eb10788db0decd8B60a", "block_hash": "0xf0e988ef2ccd56a4bac304e61b75f74c625561eb226fe1532377262fc02e33a3", "block_time": 1703697952, "block_parent": "0x138416a2f03ec6567efae91eda520a7b8fefbcbc4e0c5de508beb6cffdeb04a9"}
{"block_number": 159, "miner_hash": "0xb9CDC8cF65cEE660D0abAC69F4dca5a409014334", "block_hash": "0x8df85623bad1a8a7aa2a15cccff76c85615bc6475ac4c2d7070f8db66da59b3c", "block_time": 1703697953, "block_parent": "0xf0e988ef2ccd56a4bac304e61b75f74c625561eb226fe1532377262fc02e33a3"}
{"block_number": 160, "miner_hash": "0xDa4d9192E14A85D8eaC09Eb10788db0decd8B60a", "block_hash": "0xe3c65ce3c5cf8a7bc34d7af0fa2e6dd2a7cb56aa104706eb080bcf9d5cb77bc9", "block_time": 1703697954, "block_parent": "0x8df85623bad1a8a7aa2a15cccff76c85615bc6475ac4c2d7070f8db66da59b3c"}
{"block_number": 161, "miner_hash": "0x49793216f6Fa00Dd02b7239954D54740B739bE7D", "block_hash": "0xbbc14cc48aee9b1be4c32c534be139e7f1b2fb3ab36a59639c8c54344f47c89c", "block_time": 1703697955, "block_parent": "0xe3c65ce3c5cf8a7bc34d7af0fa2e6dd2a7cb56aa104706eb080bcf9d5cb77bc9"}
{"block_number": 162, "miner_hash": "0xB7fF61aE742d699A2D7ed8d187269c8574f7fa09", "block_hash": "0xbd9ceb2d80a4911ece07d4736b88a59aa8ed49a5546ef065b9a7fc8068462087", "block_time": 1703697956, "block_parent": "0xbbc14cc48aee9b1be4c32c534be139e7f1b2fb3ab36a59639c8c54344f47c89c"}
{"block_number": 163, "miner_hash": "0xDa4d9192E14A85D8eaC09Eb10788db0decd8B60a", "block_hash": "0x5272640d222e5eb40e20e21c341516745695ad4db80c05f6d55f8da8b54ed058", "block_time": 1703697957, "block_parent": "0xbd9ceb2d80a4911ece07d4736b88a59aa8ed49a5546ef065b9a7fc8068462087"}
{"block_number": 164, "miner_hash": "0xE46F8A00bbb69Fa1f00d93a33371af4d8D07e6AC", "block_hash": "0xb47ef621c1aac9e7f2998c13dab65ef42efba7ef798e3bc8a6a17718c601eea4", "block_time": 1703697958, "block_parent": "0x5272640d222e5eb40e20e21c341516745695ad4db80c05f6d55f8da8b54ed058"}
{"block_number": 165, "miner_hash": "0xDa4d9192E14A85D8eaC09Eb10788db0decd8B60a", "block_hash": "0x2e677586d1155c5ecbe1387d3b9d4dd833fa2ea1fa816edcaa2ca52fd88e0548", "block_time": 1703697959, "block_parent": "0xb47ef621c1aac9e7f2998c13dab65ef42efba7ef798e3bc8a6a17718c601eea4"}
{"block_number": 166, "miner_hash": "0x1Ae33950cB8fE20596e36B49129CC74aBB7C6237", "block_hash": "0x5b5cbd152104e2797eb59fc7b17c7e356552b40f41f32eb868c2572165ae3522", "block_time": 1703697960, "block_parent": "0x2e677586d1155c5ecbe1387d3b9d4dd833fa2ea1fa816edcaa2ca52fd88e0548"}
{"block_number": 167, "miner_hash": "0xBAfee95989A15009c84271B8be3e98E7d54F98F0", "block_hash": "0xc1325e60599462dfb49a81f7871d2c8c46ebe5c112bef518bf4f287f33205fc0", "block_time": 1703697961, "block_parent": "0x5b5cbd152104e2797eb59fc7b17c7e356552b40f41f32eb868c2572165ae3522"}
{"block_number": 168, "miner_hash": "0xB7fF61aE742d699A2D7ed8d187269c8574f7fa09", "block_hash": "0x00fe3e59b00a1939fdc28fb030d5f04c4144a79ef52f0eb73ddc9bd08b8accfa", "block_time": 1703697962, "block_parent": "0xc1325e60599462dfb49a81f7871d2c8c46ebe5c112bef518bf4f287f33205fc0"}
{"block_number": 169, "miner_hash": "0xB44F59F40b3Fa30B66F02561221D9E3b6e8E98D6", "block_hash": "0xec02b5494e690a43ecdfe18fd1ef12536fbe3f834a3bacb8566a70bf24636273", "block_time": 1703697963, "block_parent": "0x00fe3e59b00a1939fdc28fb030d5f04c4144a79ef52f0eb73ddc9bd08b8accfa"}
{"block_number": 170, "miner_hash": "0xB44F59F40b3Fa30B66F02561221D9E3b6e8E98D6", "block_hash": "0xe725c088373ba26e78a6268e3fc9318b9a350820823bc2dcb0cdb461443b7623", "block_time": 1703697964, "block_parent": "0xec02b5494e690a43ecdfe18fd1ef12536fbe3f834a3bacb8566a70bf24636273"}
{"block_number": 171, "miner_hash": "0xE46F8A00bbb69Fa1f00d93a33371af4d8D07e6AC", "block_hash": "0xeecd87f686b0d2c72cdf22c6ffff5020e2bbadbd848fcaa68aa95f9b97fc0d0c", "block_time": 1703697965, "block_parent": "0xe725c088373ba26e78a6268e3fc9318b9a350820823bc2dcb0cdb461443b7623"}
{"block_number": 172, "miner_hash": "0x1Ae33950cB8fE20596e36B49129CC74aBB7C6237", "block_hash": "0xdf5925bc55e64210142e17cd52bfe6f88547a061657951ee3c491b6bd6413bda", "block_time": 1703697966, "block_parent": "0xeecd87f686b0d2c72cdf22c6ffff5020e2bbadbd848fcaa68aa95f9b97fc0d0c"}
{"block_number": 173, "miner_hash": "0xDa4d9192E14A85D8eaC09Eb10788db0decd8B60a", "block_hash": "0x8ed41a61c700fc4e223560f5654da5490b2a6276755fdb795e3d1d71890b58c5", "block_time": 1703697967, "block_parent": "0xdf5925bc55e64210142e17cd52bfe6f88547a061657951ee3c491b6bd6413bda"}
{"block_number": 174, "miner_hash": "0xBAfee95989A15009c84271B8be3e98E7d54F98F0", "block_hash": "0xa409c04484db64e3dbcb8073be8ff51fd93f15b024f1ae33cbbbb948727dd78f", "block_time": 1703697968, "block_parent": "0x8ed41a61c700fc4e223560f5654da5490b2a6276755fdb795e3d1d71890b58c5"}
{"block_number": 175, "miner_hash": "0xB44F59F40b3Fa30B66F02561221D9E3b6e8E98D6", "block_hash": "0x3d60630076ce459f53705a90d4fb93c5c40ff128f4e67c0a29ee36451a9fe58b", "block_time": 1703697969, "block_parent": "0xa409c04484db64e3dbcb8073be8ff51fd93f15b024f1ae33cbbbb948727dd78f"}
{"block_number": 175, "miner_hash": "0x49793216f6Fa00Dd02b7239954D54740B739bE7D", "block_hash": "0x0ee7bc87e5909aeedced5553d7f57c8e4bed4ee0f604db9914f655529b8e3583", "block_time": 1703697969, "block_parent": "0xa409c04484db64e3dbcb8073be8ff51fd93f15b024f1ae33cbbbb948727dd78f"}
{"block_number": 176, "miner_hash": "0x2fA032d2Db4dbcfD38C3F4543F7D808a788E18BF", "block_hash": "0xcf0853102a20ec228aa88307cf21ecf984c4a6cb83fcfce5233b9244f77c05f4", "block_time": 1703697970, "block_parent": "0x3d60630076ce459f53705a90d4fb93c5c40ff128f4e67c0a29ee36451a9fe58b"}
{"block_number": 177, "miner_hash": "0x1Ae33950cB8fE20596e36B49129CC74aBB7C6237", "block_hash": "0x3219b2f0641cca3b0255191b6c49acb28e93449c2bd570eca5ce450e96981895", "block_time": 1703697971, "block_parent": "0xcf0853102a20ec228aa88307cf21ecf984c4a6cb83fcfce5233b9244f77c05f4"}
{"block_number": 178, "miner_hash": "0x1Ae33950cB8fE20596e36B49129CC74aBB7C6237", "block_hash": "0x4991ebe8b2d6f58ffecac69405c06b035ba5d45fad08fff3b1197734e3e3e962", "block_time": 1703697972, "block_parent": "0x3219b2f0641cca3b0255191b6c49acb28e93449c2bd570eca5ce450e96981895"}
{"block_number": 179, "miner_hash": "0xB7fF61aE742d699A2D7ed8d187269c8574f7fa09", "block_hash": "0x4b733dd7022dcfa7fffcc94b8d53a31cced6ecaf0b1e47368d983b2943984755", "block_time": 1703697973, "block_parent": "0x4991ebe8b2d6f58ffecac69405c06b035ba5d45fad08fff3b1197734e3e3e962"}
{"block_number": 180, "miner_hash": "0xDa4d9192E14A85D8eaC09Eb10788db0decd8B60a", "block_hash": "0x9799e64540eec724f7f9d58a650faf624738c6d4c1dda363b7e678e7a2e689dd", "block_time": 1703697974, "block_parent": "0x4b733dd7022dcfa7fffcc94b8d53a31cced6ecaf0b1e47368d983b2943984755"}
{"block_number": 181, "miner_hash": "0xDa4d9192E14A85D8eaC09Eb10788db0decd8B60a", "block_hash": "0xdb1a95951c2593dda761e654cbd2acbb9c6d54109c81ce540e6fc4966fa78018", "block_time": 1703697975, "block_parent": "0x9799e64540eec724f7f9d58a650faf624738c6d4c1dda363b7e678e7a2e689dd"}
{"block_number": 182, "miner_hash": "0xE46F8A00bbb69Fa1f00d93a33371af4d8D07e6AC", "block_hash": "0x4ecdb2f6b91aa55b4f7e54afb06e63322da509d272c34f6535819354f63afd29", "block_time": 1703697976, "block_parent": "0xdb1a95951c2593dda761e654cbd2acbb9c6d54109c81ce540e6fc4966fa78018"}
{"block_number": 183, "miner_hash": "0xb9CDC8cF65cEE660D0abAC69F4dca5a409014334", "block_hash": "0x298b4f50312eb1e6d0db7947e039a79b5565249a7208653ab71e0a2908e28680", "block_time": 1703697977, "block_parent": "0x4ecdb2f6b91aa55b4f7e54afb06e63322da509d272c34f6535819354f63afd29"}
{"block_number": 184, "miner_hash": "0xB7fF61aE742d699A2D7ed8d187269c8574f7fa09", "block_hash": "0xd41353842f99cde1f882019f352c7a95c09315a71c174343e40e22ff75e82fcf", "block_time": 1703697978, "block_parent": "0x298b4f50312eb1e6d0db7947e039a79b5565249a7208653ab71e0a2908e28680"}
{"block_number": 185, "miner_hash": "0x49793216f6Fa00Dd02b7239954D54740B739bE7D", "block_hash": "0x6a089b8d68c88978f94eb82482301024a96e054c5ff22d60a22aebfe2b10d63a", "block_time": 1703697979, "block_parent": "0xd41353842f99cde1f882019f352c7a95c09315a71c174343e40e22ff75e82fcf"}
{"block_number": 186, "miner_hash": "0xb9CDC8cF65cEE660D0abAC69F4dca5a409014334", "block_hash": "0x05c7e9ba80fa99883e7f05c38712a7f0f03c815ad2e273fdaa3480f4231d9a7a", "block_time": 1703697980, "block_parent": "0x6a089b8d68c88978f94eb82482301024a96e054c5ff22d60a22aebfe2b10d63a"}
{"block_number": 187, "miner_hash": "0x49793216f6Fa00Dd02b7239954D54740B739bE7D", "block_hash": "0xc56d98028c6c40cab5925f61efcc6a59d20d97a36b36cac4e3f7854bd65b935b", "block_time": 1703697981, "block_parent": "0x05c7e9ba80fa99883e7f05c38712a7f0f03c815ad2e273fdaa3480f4231d9a7a"}
{"block_number": 188, "miner_hash": "0xDa4d9192E14A85D8eaC09Eb10788db0decd8B60a", "block_hash": "0xa0ae92109ff58ce380b7af299a768ab954244080863ec0e1732ad7ae5f02b5e7", "block_time": 1703697982, "block_parent": "0xc56d98028c6c40cab5925f61efcc6a59d20d97a36b36cac4e3f7854bd65b935b"}
{"block_number": 189, "miner_hash": "0x2fA032d2Db4dbcfD38C3F4543F7D808a788E18BF", "block_hash": "0x120e8c7c6458b076b56899b0fd7c8131bc8a470ea8f76f9589854b6e5ee6259b", "block_time": 1703697983, "block_parent": "0xa0ae92109ff58ce380b7af299a768ab954244080863ec0e1732ad7ae5f02b5e7"}
{"block_number": 190, "miner_hash": "0xE46F8A00bbb69Fa1f00d93a33371af4d8D07e6AC", "block_hash": "0x659e02961f47bcc3b2153cfb326125504ecb1a8f46a330cfb931418d9c639036", "block_time": 1703697984, "block_parent": "0x120e8c7c6458b076b56899b0fd7c8131bc8a470ea8f76f9589854b6e5ee6259b"}
{"block_number": 191, "miner_hash": "0x1Ae33950cB8fE20596e36B49129CC74aBB7C6237", "block_hash": "0x391177f071e86b45c57caebcf4cd8f79f0535808cbf1e443b31ea1b8a0d16f52", "block_time": 1703697985, "block_parent": "0x659e02961f47bcc3b2153cfb326125504ecb1a8f46a330cfb931418d9c639036"}
{"block_number": 192, "miner_hash": "0xE46F8A00bbb69Fa1f00d93a33371af4d8D07e6AC", "block_hash": "0x1c63bde38c1dce1035890a2a776d0f5fc52640d8093b29a27ca0f2c49803c4fb", "block_time": 1703697986, "block_parent": "0x391177f071e86b45c57caebcf4cd8f79f0535808cbf1e443b31ea1b8a0d16f52"}
{"block_number": 193, "miner_hash": "0x49793216f6Fa00Dd02b7239954D54740B739bE7D", "block_hash": "0xf73597939e701729f5050b7a3d8912d187e0728f0a54b975fb53f1ea2fb5855f", "block_time": 1703697987, "block_parent": "0x29ed710251dc88a8340fed169f80c11a58da87761e648c9612356f83401c6578"}
{"block_number": 194, "miner_hash": "0xE46F8A00bbb69Fa1f00d93a33371af4d8D07e6AC", "block_hash": "0x4c60c45056054b8aae8282165e6331d5db9532744d431ee59a02cf9ee3f0a1bb", "block_time": 1703697988, "block_parent": "0xf73597939e701729f5050b7a3d8912d187e0728f0a54b975fb53f1ea2fb5855f"}
{"block_number": 195, "miner_hash": "0xE46F8A00bbb69Fa1f00d93a33371af4d8D07e6AC", "block_hash": "0x86fbce32072b8b32c8ecba42610a419a454ecd2a77b59aaf90e14ffad3695572", "block_time": 1703697989, "block_parent": "0x4c60c45056054b8aae8282165e6331d5db9532744d431ee59a02cf9ee3f0a1bb"}
{"block_number": 196, "miner_hash": "0xE46F8A00bbb69Fa1f00d93a33371af4d8D07e6AC", "block_hash": "0x71daf9efcbe0df1b66743d3a397d4504d2b56ddc54f8b96605b343fa16dfe643", "block_time": 1703697990, "block_parent": "0x86fbce32072b8b32c8ecba42610a419a454ecd2a77b59aaf90e14ffad3695572"}
{"block_number": 197, "miner_hash": "0xDa4d9192E14A85D8eaC09Eb10788db0decd8B60a", "block_hash": "0x5cb164472467d8d6a01cd3dfa088422e75e8827daceeeb893265378044b6487a", "block_time": 1703697991, "block_parent": "0x71daf9efcbe0df1b66743d3a397d4504d2b56ddc54f8b96605b343fa16dfe643"}
{"block_number": 198, "miner_hash": "0xb9CDC8cF65cEE660D0abAC69F4dca5a409014334", "block_hash": "0xea7dc0f039b60014718f8d647bd14b25f8765bd655de8092c020cee8c7d0427b", "block_time": 1703697992, "block_parent": "0x5cb164472467d8d6a01cd3dfa088422e75e8827daceeeb893265378044b6487a"}
{"block_number": 199, "miner_hash": "0xE46F8A00bbb69Fa1f00d93a33371af4d8D07e6AC", "block_hash": "0x9667826a417960fdca3d800e8e46be0a710cc8c787727c97f467050af0856309", "block_time": 1703697993, "block_parent": "0xea7dc0f039b60014718f8d647bd14b25f8765bd655de8092c020cee8c7d0427b"}
{"block_number": 200, "miner_hash": "0xB7fF61aE742d699A2D7ed8d187269c8574f7fa09", "block_hash": "0xdca05ccf977777be712f15c65308c055a132c9fc538d6102fca202ae6d1373a5", "block_time": 1703697994, "block_parent": "0x9667826a417960fdca3d800e8e46be0a710cc8c787727c97f467050af0856309"}
{"block_number": 201, "miner_hash": "0xBAfee95989A15009c84271B8be3e98E7d54F98F0", "block_hash": "0x60327fd5da852c8a9b3f2d9f622503b25dc6acd42db2eba1e32264e760474b9f", "block_time": 1703697995, "block_parent": "0xdca05ccf977777be712f15c65308c055a132c9fc538d6102fca202ae6d1373a5"}
{"block_number": 202, "miner_hash": "0x49793216f6Fa00Dd02b7239954D54740B739bE7D", "block_hash": "0x6e62ef3505f57473b43e5c9d90408fde2c393e5e9f42ea09ecd22c6cc61bf3dc", "block_time": 1703697996, "block_parent": "0x60327fd5da852c8a9b3f2d9f622503b25dc6acd42db2eba1e32264e760474b9f"}
{"block_number": 203, "miner_hash": "0xB44F59F40b3Fa30B66F02561221D9E3b6e8E98D6", "block_hash": "0x6be2601d75f3d6886ee78d3a61eef3b3dedca98d4a0f826889ed9563525185b6", "block_time": 1703697997, "block_parent": "0x6e62ef3505f57473b43e5c9d90408fde2c393e5e9f42ea09ecd22c6cc61bf3dc"}
{"block_number": 204, "miner_hash": "0x2fA032d2Db4dbcfD38C3F4543F7D808a788E18BF", "block_hash": "0x8b6dad7a7e782743c35d8162d7f0c4ffbe3b2412b9e0eace1ccb2f8809c5cf32", "block_time": 1703697998, "block_parent": "0x6be2601d75f3d6886ee78d3a61eef3b3dedca98d4a0f826889ed9563525185b6"}
{"block_number": 205, "miner_hash": "0x49793216f6Fa00Dd02b7239954D54740B739bE7D", "block_hash": "0x7d8bbb8d5658e4e69fd68f2a4bb1850b7c491518df9fdf0b2f2cd447964badff", "block_time": 1703697999, "block_parent": "0x8b6dad7a7e782743c35d8162d7f0c4ffbe3b2412b9e0eace1ccb2f8809c5cf32"}
{"block_number": 206, "miner_hash": "0xb9CDC8cF65cEE660D0abAC69F4dca5a409014334", "block_hash": "0xf93810f543897ed5177c4ff91602df33257091cabc96575b98ec763155179270", "block_time": 1703698000, "block_parent": "0x7d8bbb8d5658e4e69fd68f2a4bb1850b7c491518df9fdf0b2f2cd447964badff"}
{"block_number": 207, "miner_hash": "0xBAfee95989A15009c84271B8be3e98E7d54F98F0", "block_hash": "0xfd5eedae445e3fbb1b9df122aff78f27b28dbc3a9f43c8f875905d48ad3cc7d1", "block_time": 1703698001, "block_parent": "0xf93810f543897ed5177c4ff91602df33257091cabc96575b98ec763155179270"}
{"block_number": 208, "miner_hash": "0xDa4d9192E14A85D8eaC09Eb10788db0decd8B60a", "block_hash": "0x39358fe55aee5733cac5facc31d4b1b7ccab3195977694ffdba4e0ad95a1f3eb", "block_time": 1703698002, "block_parent": "0xfd5eedae445e3fbb1b9df122aff78f27b28dbc3a9f43c8f875905d48ad3cc7d1"}
{"block_number": 209, "miner_hash": "0x2fA032d2Db4dbcfD38C3F4543F7D808a788E18BF", "block_hash": "0x1847d6256bdd68635d51e615ab18fcd35ac271cb0e942fa48a780aab6062927e", "block_time": 1703698003, "block_parent": "0x39358fe55aee5733cac5facc31d4b1b7ccab3195977694ffdba4e0ad95a1f3eb"}
{"block_number": 210, "miner_hash": "0xDa4d9192E14A85D8eaC09Eb10788db0decd8B60a", "block_hash": "0xabe86eb2ed440a67e24c2ca1bc52785ccd44a0cf71815460b3fe5c053d00de9a", "block_time": 1703698004, "block_parent": "0x1847d6256bdd68635d51e615ab18fcd35ac271cb0e942fa48a780aab6062927e"}
{"block_number": 211, "miner_hash": "0x49793216f6Fa00Dd02b7239954D54740B739bE7D", "block_hash": "0x8998ccbea5892f66a5b3dab42a54f64d2c01d1d297dcbef47dec0d5a142551be", "block_time": 1703698005, "block_parent": "0xabe86eb2ed440a67e24c2ca1bc52785ccd44a0cf71815460b3fe5c053d00de9a"}
{"block_number": 212, "miner_hash": "0xE46F8A00bbb69Fa1f00d93a33371af4d8D07e6AC", "block_hash": "0x7f94e16751513eda89152b797479c0ffc93c10207eb99cf1471363e153322fa9", "block_time": 1703698006, "block_parent": "0x8998ccbea5892f66a5b3dab42a54f64d2c01d1d297dcbef47dec0d5a142551be"}
{"block_number": 213, "miner_hash": "0x49793216f6Fa00Dd02b7239954D54740B739bE7D", "block_hash": "0x4c1b20a55ff5e89f46b0cb8631e2d2316f6cc2d26a80966b092e4d884f873a17", "block_time": 1703698007, "block_parent": "0x7f94e16751513eda89152b797479c0ffc93c10207eb99cf1471363e153322fa9"}
{"block_number": 214, "miner_hash": "0xB44F59F40b3Fa30B66F02561221D9E3b6e8E98D6", "block_hash": "0x2f3e73058c5d15f269be172c1d188832770015eb3135bd4f9be1c8e3914eda5b", "block_time": 1703698008, "block_parent": "0x4c1b20a55ff5e89f46b0cb8631e2d2316f6cc2d26a80966b092e4d884f873a17"}
{"block_number": 215, "miner_hash": "0x2fA032d2Db4dbcfD38C3F4543F7D808a788E18BF", "block_hash": "0xae39cefe0de62a5945095d9071f78f16d4af3559b8e6ece8337ee769c29adf6b", "block_time": 1703698009, "block_parent": "0x2f3e73058c5d15f269be172c1d188832770015eb3135bd4f9be1c8e3914eda5b"}
{"block_number": 216, "miner_hash": "0x49793216f6Fa00Dd02b7239954D54740B739bE7D", "block_hash": "0x05d3f25f50d9bdda6d0368390d8dc89257e54b26bb842c9173b76e632989234b", "block_time": 1703698010, "block_parent": "0xae39cefe0de62a5945095d9071f78f16d4af3559b8e6ece8337ee769c29adf6b"}
{"block_number": 217, "miner_hash": "0xDa4d9192E14A85D8eaC09Eb10788db0decd8B60a", "block_hash": "0xf66ccf996d162ce535c3026ff6530220c0eff3f2615d0fa1a5568804819443e7", "block_time": 1703698011, "block_parent": "0x05d3f25f50d9bdda6d0368390d8dc89257e54b26bb842c9173b76e632989234b"}
{"block_number": 218, "miner_hash": "0xb9CDC8cF65cEE660D0abAC69F4dca5a409014334", "block_hash": "0x468d3aaa72bcd6aa85aa4ac279604e6f6f3f79c73bf56d3dcc02b8e3c8a29d72", "block_time": 1703698012, "block_parent": "0xf66ccf996d162ce535c3026ff6530220c0eff3f2615d0fa1a5568804819443e7"}
{"block_number": 219, "miner_hash": "0xBAfee95989A15009c84271B8be3e98E7d54F98F0", "block_hash": "0x8a31d591642556b6c9d84cd6a4596da1093357139551488a229556c866cfec37", "block_time": 1703698013, "block_parent": "0x468d3aaa72bcd6aa85aa4ac279604e6f6f3f79c73bf56d3dcc02b8e3c8a29d72"}
{"block_number": 220, "miner_hash": "0xB7fF61aE742d699A2D7ed8d187269c8574f7fa09", "block_hash": "0x4ec55f832d75a8bdc6ca561f730e6cfce8c600e52f34d39bbe1b054efbf78b1c", "block_time": 1703698014, "block_parent": "0x8a31d591642556b6c9d84cd6a4596da1093357139551488a229556c866cfec37"}
{"block_number": 221, "miner_hash": "0xB7fF61aE742d699A2D7ed8d187269c8574f7fa09", "block_hash": "0xfb3b2051f7763ec10f3d7ad0051159185d1bc3d22af9f3b61120167e0047a3b7", "block_time": 1703698015, "block_parent": "0x4ec55f832d75a8bdc6ca561f730e6cfce8c600e52f34d39bbe1b054efbf78b1c"}
{"block_number": 222, "miner_hash": "0xB7fF61aE742d699A2D7ed8d187269c8574f7fa09", "block_hash": "0x362af63a1d7c6f2bbdcadaf038b8880868ab31fdc0e2ef6f9ca7bf3858947db0", "block_time": 1703698016, "block_parent": "0xfb3b2051f7763ec10f3d7ad0051159185d1bc3d22af9f3b61120167e0047a3b7"}
{"block_number": 223, "miner_hash": "0x49793216f6Fa00Dd02b7239954D54740B739bE7D", "block_hash": "0xa4ef190ad7048ca029eae0f3174d80f627cc28b7341fa73e991ced261f043994", "block_time": 1703698017, "block_parent": "0x362af63a1d7c6f2bbdcadaf038b8880868ab31fdc0e2ef6f9ca7bf3858947db0"}
{"block_number": 224, "miner_hash": "0xE46F8A00bbb69Fa1f00d93a33371af4d8D07e6AC", "block_hash": "0xd97b2db77b30ed4c5ed2fe4d3a125e79d14aa8873550ac1c9ba4577a98a9569a", "block_time": 1703698018, "block_parent": "0xa4ef190ad7048ca029eae0f3174d80f627cc28b7341fa73e991ced261f043994"}
{"block_number": 225, "miner_hash": "0xBAfee95989A15009c84271B8be3e98E7d54F98F0", "block_hash": "0x1def4932abe184c362a2e11d97422a1c8265151b88c64a3075d5ad23a51d330b", "block_time": 1703698019, "block_parent": "0xd97b2db77b30ed4c5ed2fe4d3a125e79d14aa8873550ac1c9ba4577a98a9569a"}
{"block_number": 226, "miner_hash": "0xB7fF61aE742d699A2D7ed8d187269c8574f7fa09", "block_hash": "0x7f6113a79dae657a8d6fc55937e4a5f4092e911610061ff000df3b6b2a5a77dd", "block_time": 1703698020, "block_parent": "0x1def4932abe184c362a2e11d97422a1c8265151b88c64a3075d5ad23a51d330b"}
{"block_number": 227, "miner_hash": "0xBAfee95989A15009c84271B8be3e98E7d54F98F0", "block_hash": "0x1c3e98ad07f6301589e316ec1ed6fcd77155a7740d68361867f0354141c2280a", "block_time": 1703698021, "block_parent": "0x7f6113a79dae657a8d6fc55937e4a5f4092e911610061ff000df3b6b2a5a77dd"}
{"block_number": 228, "miner_hash": "0xB44F59F40b3Fa30B66F02561221D9E3b6e8E98D6", "block_hash": "0x3e81c6126e8651daac788983eee418e8de59716d4e6387eaddd889a377bcc6f0", "block_time": 1703698022, "block_parent": "0x1c3e98ad07f6301589e316ec1ed6fcd77155a7740d68361867f0354141c2280a"}
{"block_number": 229, "miner_hash": "0xB44F59F40b3Fa30B66F02561221D9E3b6e8E98D6", "block_hash": "0x545ef83d6bee4b0c01fcec0daa31a6161736f81736711706581690d62b024b1e", "block_time": 1703698023, "block_parent": "0x3e81c6126e8651daac788983eee418e8de59716d4e6387eaddd889a377bcc6f0"}
{"block_number": 230, "miner_hash": "0xb9CDC8cF65cEE660D0abAC69F4dca5a409014334", "block_hash": "0x375a011b4a8fbb2e1df205c426037fde2dfec4297e3a352944e8c5be2d216cae", "block_time": 1703698024, "block_parent": "0x545ef83d6bee4b0c01fcec0daa31a6161736f81736711706581690d62b024b1e"}
{"block_number": 231, "miner_hash": "0x2fA032d2Db4dbcfD38C3F4543F7D808a788E18BF", "block_hash": "0x5526088c40c328f4d7b29e491a382bf4cc3eea0fc58b051317a4d00795aff3e4", "block_time": 1703698025, "block_parent": "0x375a011b4a8fbb2e1df205c426037fde2dfec4297e3a352944e8c5be2d216cae"}
{"block_number": 231, "miner_hash": "0xB7fF61aE742d699A2D7ed8d187269c8574f7fa09", "block_hash": "0xee07bd830e8503961d10a00af158e015d0dfb1d12c544659292929e868cfb3c0", "block_time": 1703698025, "block_parent": "0x375a011b4a8fbb2e1df205c426037fde2dfec4297e3a352944e8c5be2d216cae"}
{"block_number": 232, "miner_hash": "0x2fA032d2Db4dbcfD38C3F4543F7D808a788E18BF", "block_hash": "0x8d4c47be0110cc5be46f506dfa4ce1fbdc5e07afb83e27142441dfb46d967e56", "block_time": 1703698026, "block_parent": "0x5526088c40c328f4d7b29e491a382bf4cc3eea0fc58b051317a4d00795aff3e4"}
{"block_number": 233, "miner_hash": "0x49793216f6Fa00Dd02b7239954D54740B739bE7D", "block_hash": "0xcb4d372cfa3a4683d9ad454b80aeaec6d76eb357ff427df58841806b27ebb3c9", "block_time": 1703698027, "block_parent": "0x8d4c47be0110cc5be46f506dfa4ce1fbdc5e07afb83e27142441dfb46d967e56"}
{"block_number": 234, "miner_hash": "0x49793216f6Fa00Dd02b7239954D54740B739bE7D", "block_hash": "0x8d8851d237038f6c2ee89554ee1db814019d0258163ada2371110198d2a6b87a", "block_time": 1703698028, "block_parent": "0xcb4d372cfa3a4683d9ad454b80aeaec6d76eb357ff427df58841806b27ebb3c9"}
{"block_number": 235, "miner_hash": "0xBAfee95989A15009c84271B8be3e98E7d54F98F0", "block_hash": "0x3e86faaf6a79b885891eb41c11556a77fc99015fd5526d4d3ed11cee823f944a", "block_time": 1703698029, "block_parent": "0x8d8851d237038f6c2ee89554ee1db814019d0258163ada2371110198d2a6b87a"}
{"block_number": 236, "miner_hash": "0xb9CDC8cF65cEE660D0abAC69F4dca5a409014334", "block_hash": "0xc6ae58b632ed17a22ab68067e87e3a1df2d1b19467c7a46aa8b82d5af6b05e20", "block_time": 1703698030, "block_parent": "0x3e86faaf6a79b885891eb41c11556a77fc99015fd5526d4d3ed11cee823f944a"}
{"block_number": 236, "miner_hash": "0x1Ae33950cB8fE20596e36B49129CC74aBB7C6237", "block_hash": "0xd4335d5889e5303ccecb4520767549a6fe6b80002d7987423ac574e3a9ef66bb", "block_time": 1703698030, "block_parent": "0x3e86faaf6a79b885891eb41c11556a77fc99015fd5526d4d3ed11cee823f944a"}
{"block_number": 237, "miner_hash": "0x1Ae33950cB8fE20596e36B49129CC74aBB7C6237", "block_hash": "0xf2b9f3545185069e3b98d33f61c3d3a94fb3e5574d5efe1cfea9ecce1540fa23", "block_time": 1703698031, "block_parent": "0xd4335d5889e5303ccecb4520767549a6fe6b80002d7987423ac574e3a9ef66bb"}
{"block_number": 238, "miner_hash": "0xDa4d9192E14A85D8eaC09Eb10788db0decd8B60a", "block_hash": "0x19a4725d6028f5d44ba96e1adb6ae6e6032d7c05f7ee1ed06c6b64ff2339562e", "block_time": 1703698032, "block_parent": "0xf2b9f3545185069e3b98d33f61c3d3a94fb3e5574d5efe1cfea9ecce1540fa23"}
{"block_number": 239, "miner_hash": "0xB44F59F40b3Fa30B66F02561221D9E3b6e8E98D6", "block_hash": "0x757ab83a6cb861463b7fce276e859c27890df7651833e0e6dcc3c05671f2d855", "block_time": 1703698033, "block_parent": "0x90ca98ee5e25ab93b8379ee53fd584bbbb83acda79d4edd0341aa34eb5752fa4"}
{"block_number": 240, "miner_hash": "0xE46F8A00bbb69Fa1f00d93a33371af4d8D07e6AC", "block_hash": "0xc9cfda4501ab4a07ce72c03dc69aa2dd6ffe36d2eeb0bfe5e8527883007d782a", "block_time": 1703698034, "block_parent": "0x757ab83a6cb861463b7fce276e859c27890df7651833e0e6dcc3c05671f2d855"}
{"block_number": 241, "miner_hash": "0xB7fF61aE742d699A2D7ed8d187269c8574f7fa09", "block_hash": "0xaaef61aadfbac4be6aeea9759d68b83c1c6e676d361eb7eba903157428eb0efd", "block_time": 1703698035, "block_parent": "0xc9cfda4501ab4a07ce72c03dc69aa2dd6ffe36d2eeb0bfe5e8527883007d782a"}
{"block_number": 242, "miner_hash": "0xB7fF61aE742d699A2D7ed8d187269c8574f7fa09", "block_hash": "0x4b6c8a1f3cbacc732e1d17f9c9f9e595950fd3f53806dca1fdd91cd8e4f40dc5", "block_time": 1703698036, "block_parent": "0xaaef61aadfbac4be6aeea9759d68b83c1c6e676d361eb7eba903157428eb0efd"}
{"block_number": 243, "miner_hash": "0xDa4d9192E14A85D8eaC09Eb10788db0decd8B60a", "block_hash": "0x6553880a74208544a18f62fcd343d76b108ff896b41b819f491af05d6504f333", "block_time": 1703698037, "block_parent": "0x4b6c8a1f3cbacc732e1d17f9c9f9e595950fd3f53806dca1fdd91cd8e4f40dc5"}
{"block_number": 244, "miner_hash": "0x2fA032d2Db4dbcfD38C3F4543F7D808a788E18BF", "block_hash": "0x43cd234848de54892e8649f0164d340d78dcbd42268dfa2e957aa765dfec6ec8", "block_time": 1703698038, "block_parent": "0x6553880a74208544a18f62fcd343d76b108ff896b41b819f491af05d6504f333"}
{"block_number": 245, "miner_hash": "0xB44F59F40b3Fa30B66F02561221D9E3b6e8E98D6", "block_hash": "0x4466756ed1ec9861d3247a54382eeb3abbfbb32d162314450e949d5f5a3113f0", "block_time": 1703698039, "block_parent": "0x43cd234848de54892e8649f0164d340d78dcbd42268dfa2e957aa765dfec6ec8"}
{"block_number": 246, "miner_hash": "0xDa4d9192E14A85D8eaC09Eb10788db0decd8B60a", "block_hash": "0xf10ea735b07900b38bf8958329624948a2fcf9b58c2a2cdc9561b97cb8f8dc08", "block_time": 1703698040, "block_parent": "0x4466756ed1ec9861d3247a54382eeb3abbfbb32d162314450e949d5f5a3113f0"}
{"block_number": 247, "miner_hash": "0x49793216f6Fa00Dd02b7239954D54740B739bE7D", "block_hash": "0x0338d00a642403d08bdc94f490658281133d1685171bf2ec4c58aac3f07fed80", "block_time": 1703698041, "block_parent": "0xf10ea735b07900b38bf8958329624948a2fcf9b58c2a2cdc9561b97cb8f8dc08"}
{"block_number": 248, "miner_hash": "0xB44F59F40b3Fa30B66F02561221D9E3b6e8E98D6", "block_hash": "0x2ab71ea646284bd8d7af124f644e9ce91667a59a59a8abfd311c7cd5435415f4", "block_time": 1703698042, "block_parent": "0x0338d00a642403d08bdc94f490658281133d1685171bf2ec4c58aac3f07fed80"}
{"block_number": 249, "miner_hash": "0xB44F59F40b3Fa30B66F02561221D9E3b6e8E98D6", "block_hash": "0x59e770fa6d81676453c2087a11854fa6d635abc58f09b2eb2e92c5545700a09e", "block_time": 1703698043, "block_parent": "0x2ab71ea646284bd8d7af124f644e9ce91667a59a59a8abfd311c7cd5435415f4"}
{"block_number": 250, "miner_hash": "0xb9CDC8cF65cEE660D0abAC69F4dca5a409014334", "block_hash": "0xfa6427ac0fd7e5d20f36c15fc629e87bcfaa508ddba56b3f9e9f0ec225567a20", "block_time": 1703698044, "block_parent": "0x59e770fa6d81676453c2087a11854fa6d635abc58f09b2eb2e92c5545700a09e"}
{"block_number": 251, "miner_hash": "0xb9CDC8cF65cEE660D0abAC69F4dca5a409014334", "block_hash": "0x57231b8a40de691c868e50af3d691728b429b470bf984d2113d151b4d6124cc2", "block_time": 1703698045, "block_parent": "0xfa6427ac0fd7e5d20f36c15fc629e87bcfaa508ddba56b3f9e9f0ec225567a20"}
{"block_number": 252, "miner_hash": "0xB7fF61aE742d699A2D7ed8d187269c8574f7fa09", "block_hash": "0xd1b54221fb9c5ba837fd0f4199127a83906ea5692dd5059ba8d201a9ad17f92f", "block_time": 1703698046, "block_parent": "0x57231b8a40de691c868e50af3d691728b429b470bf984d2113d151b4d6124cc2"}
{"block_number": 253, "miner_hash": "0x49793216f6Fa00Dd02b7239954D54740B739bE7D", "block_hash": "0x0c4d4f9dd42b8fc1ff918a78510f811a4e2e3a4913bbb70c93d49db4b2c60569", "block_time": 1703698047, "block_parent": "0xd1b54221fb9c5ba837fd0f4199127a83906ea5692dd5059ba8d201a9ad17f92f"}
{"block_number": 254, "miner_hash": "0xDa4d9192E14A85D8eaC09Eb10788db0decd8B60a", "block_hash": "0x2c96689db9a70bfb4605a322d7c36afeb3c86649f5f937c6582107fb47b11a86", "block_time": 1703698048, "block_parent": "0x0c4d4f9dd42b8fc1ff918a78510f811a4e2e3a4913bbb70c93d49db4b2c60569"}
{"block_number": 255, "miner_hash": "0x2fA032d2Db4dbcfD38C3F4543F7D808a788E18BF", "block_hash": "0x44378955443ab5db272f399da190a4fe23332f6ca0c55273efb478c7c715fc24", "block_time": 1703698049, "block_parent": "0x2c96689db9a70bfb4605a322d7c36afeb3c86649f5f937c6582107fb47b11a86"}
{"block_number": 256, "miner_hash": "0xBAfee95989A15009c84271B8be3e98E7d54F98F0", "block_hash": "0x3e085646d3ffa5c422b923f5c3ef1e5041f4dc686d03c8a9c840728758c50bea", "block_time": 1703698050, "block_parent": "0x44378955443ab5db272f399da190a4fe23332f6ca0c55273efb478c7c715fc24"}
{"block_number": 257, "miner_hash": "0xBAfee95989A15009c84271B8be3e98E7d54F98F0", "block_hash": "0x9cf70e311f3c75e5b445f8d0903f12c011d8877a551d4aaa328875776ab931db", "block_time": 1703698051, "block_parent": "0x3e085646d3ffa5c422b923f5c3ef1e5041f4dc686d03c8a9c840728758c50bea"}
{"block_number": 258, "miner_hash": "0xE46F8A00bbb69Fa1f00d93a33371af4d8D07e6AC", "block_hash": "0x122c22983c96b19dc41233c793d27ccc0693cf3f9f0b5bec9689fdb7fa5dda80", "block_time": 1703698052, "block_parent": "0x9cf70e311f3c75e5b445f8d0903f12c011d8877a551d4aaa328875776ab931db"}
{"block_number": 259, "miner_hash": "0xb9CDC8cF65cEE660D0abAC69F4dca5a409014334", "block_hash": "0x5da093da59a437db08256694ebe2789c3e4c27363386505a409b4aba06bd4dd7", "block_time": 1703698053, "block_parent": "0x122c22983c96b19dc41233c793d27ccc0693cf3f9f0b5bec9689fdb7fa5dda80"}
{"block_number": 260, "miner_hash": "0x49793216f6Fa00Dd02b7239954D54740B739bE7D", "block_hash": "0xa631abda9028244828de389b4b7ae732198fb4388d94e62a3e4f1fc3753e6a20", "block_time": 1703698054, "block_parent": "0x5da093da59a437db08256694ebe2789c3e4c27363386505a409b4aba06bd4dd7"}
{"block_number": 261, "miner_hash": "0xBAfee95989A15009c84271B8be3e98E7d54F98F0", "block_hash": "0xbb1fd5943cd2d063b90381b5110a3ea44d585ce83eca6a8a7879b8cd75e8ba69", "block_time": 1703698055, "block_parent": "0xa631abda9028244828de389b4b7ae732198fb4388d94e62a3e4f1fc3753e6a20"}
{"block_number": 262, "miner_hash": "0x1Ae33950cB8fE20596e36B49129CC74aBB7C6237", "block_hash": "0xc7558b6b34707b160c1d7b27a95630f889f8861f77b0cdf86b1129f271e11a43", "block_time": 1703698056, "block_parent": "0xbb1fd5943cd2d063b90381b5110a3ea44d585ce83eca6a8a7879b8cd75e8ba69"}
{"block_number": 263, "miner_hash": "0x1Ae33950cB8fE20596e36B49129CC74aBB7C6237", "block_hash": "0xe0929cb9cdc3ca80c97352599cabeeb147d71db4c7a41c8e3295fb40127b0190", "block_time": 1703698057, "block_parent": "0xc7558b6b34707b160c1d7b27a95630f889f8861f77b0cdf86b1129f271e11a43"}
{"block_number": 264, "miner_hash": "0xB7fF61aE742d699A2D7ed8d187269c8574f7fa09", "block_hash": "0xb66d4390cafbb4206509be10b3d3c47358c446bffd52fb17fd1dff38fea5f128", "block_time": 1703698058, "block_parent": "0xe0929cb9cdc3ca80c97352599cabeeb147d71db4c7a41c8e3295fb40127b0190"}
{"block_number": 265, "miner_hash": "0x49793216f6Fa00Dd02b7239954D54740B739bE7D", "block_hash": "0x520e348c4623667bb4be67cfea1763683987fc196d2b995c169fc9b5f7aa7267", "block_time": 1703698059, "block_parent": "0xb66d4390cafbb4206509be10b3d3c47358c446bffd52fb17fd1dff38fea5f128"}
{"block_number": 266, "miner_hash": "0x2fA032d2Db4dbcfD38C3F4543F7D808a788E18BF", "block_hash": "0xa42b24bd7e87dec04d1f0b5ea669878eca2c98e3654341bf458c28eae4e477a2", "block_time": 1703698060, "block_parent": "0x520e348c4623667bb4be67cfea1763683987fc196d2b995c169fc9b5f7aa7267"}
{"block_number": 267, "miner_hash": "0xB7fF61aE742d699A2D7ed8d187269c8574f7fa09", "block_hash": "0x8bb9c04b4b84f52017a8a748848766f37bda440aa862ab5b755ebcf51205b39b", "block_time": 1703698061, "block_parent": "0xf821548444dd6be65ba8b4bfd9bc9d64aece0f8f5b4aaab208115de85c5c1dcc"}
{"block_number": 268, "miner_hash": "0x1Ae33950cB8fE20596e36B49129CC74aBB7C6237", "block_hash": "0x318e2711451ca91d865b7510ec3439ecd32e16cd7e1975a849d73a7aa1cdee14", "block_time": 1703698062, "block_parent": "0x8bb9c04b4b84f52017a8a748848766f37bda440aa862ab5b755ebcf51205b39b"}
{"block_number": 269, "miner_hash": "0xB7fF61aE742d699A2D7ed8d187269c8574f7fa09", "block_hash": "0xcde45a0fc60752db015bb3a0262813a30086de53eb5e11aed1c23b1a764bda3f", "block_time": 1703698063, "block_parent": "0x318e2711451ca91d865b7510ec3439ecd32e16cd7e1975a849d73a7aa1cdee14"}
{"block_number": 270, "miner_hash": "0xb9CDC8cF65cEE660D0abAC69F4dca5a409014334", "block_hash": "0xbc048b5e229441c73bacf027aea394795d246599d7de8d4c78bbf5ff8bed132b", "block_time": 1703698064, "block_parent": "0xcde45a0fc60752db015bb3a0262813a30086de53eb5e11aed1c23b1a764bda3f"}
{"block_number": 271, "miner_hash": "0xDa4d9192E14A85D8eaC09Eb10788db0decd8B60a", "block_hash": "0x8b8d4d6daf26ac80c754a6c7cb7581dbafa7c37a96a3f15cc65a518dbed5369c", "block_time": 1703698065, "block_parent": "0xbc048b5e229441c73bacf027aea394795d246599d7de8d4c78bbf5ff8bed132b"}
{"block_number": 271, "miner_hash": "0x1Ae33950cB8fE20596e36B49129CC74aBB7C6237", "block_hash": "0x4ec669e8da9e8897a629522d7c7249aafe0b07a5fc2eededbce9ee5109a60cec", "block_time": 1703698065, "block_parent": "0xbc048b5e229441c73bacf027aea394795d246599d7de8d4c78bbf5ff8bed132b"}
{"block_number": 272, "miner_hash": "0xBAfee95989A15009c84271B8be3e98E7d54F98F0", "block_hash": "0xa88192df11d67992891cdab9d33ed193944b79431e83c09529cc1ca3ded890ff", "block_time": 1703698066, "block_parent": "0x8b8d4d6daf26ac80c754a6c7cb7581dbafa7c37a96a3f15cc65a518dbed5369c"}
{"block_number": 273, "miner_hash": "0xBAfee95989A15009c84271B8be3e98E7d54F98F0", "block_hash": "0x0919a27eda2a2943c4cf2b71b757ffd5f856f9f5027a1a58e50c532328104b39", "block_time": 1703698067, "block_parent": "0xa88192df11d67992891cdab9d33ed193944b79431e83c09529cc1ca3ded890ff"}
{"block_number": 274, "miner_hash": "0x1Ae33950cB8fE20596e36B49129CC74aBB7C6237", "block_hash": "0x21ae5482a07ea376d7468fe7d691970dd732482053fd17bf827fde8bc93424c0", "block_time": 1703698068, "block_parent": "0x0919a27eda2a2943c4cf2b71b757ffd5f856f9f5027a1a58e50c532328104b39"}
{"block_number": 275, "miner_hash": "0xB7fF61aE742d699A2D7ed8d187269c8574f7fa09", "block_hash": "0xd32b5b8e148489344ff4b9731f780bf09c0ec9b2eb26c3ac5b4b534020035949", "block_time": 1703698069, "block_parent": "0x21ae5482a07ea376d7468fe7d691970dd732482053fd17bf827fde8bc93424c0"}
{"block_number": 276, "miner_hash": "0x49793216f6Fa00Dd02b7239954D54740B739bE7D", "block_hash": "0xe1eca353befec7275fc2f868f5177aab408cae0facda82aeecf1ae542d6f5d03", "block_time": 1703698070, "block_parent": "0xd32b5b8e148489344ff4b9731f780bf09c0ec9b2eb26c3ac5b4b534020035949"}
{"block_number": 277, "miner_hash": "0xb9CDC8cF65cEE660D0abAC69F4dca5a409014334", "block_hash": "0xb363457fa63759cb585ea845d7eab51feae108381219f58a2517d8715f08eed5", "block_time": 1703698071, "block_parent": "0xe1eca353befec7275fc2f868f5177aab408cae0facda82aeecf1ae542d6f5d03"}
{"block_number": 278, "miner_hash": "0x1Ae33950cB8fE20596e36B49129CC74aBB7C6237", "block_hash": "0xdd5c9646c8504ee65682c7ba58ef97271b8f4f98991fc2cc2d794a78ad6605a4", "block_time": 1703698072, "block_parent": "0xb363457fa63759cb585ea845d7eab51feae108381219f58a2517d8715f08eed5"}
{"block_number": 279, "miner_hash": "0x49793216f6Fa00Dd02b7239954D54740B739bE7D", "block_hash": "0xb9d641aaf2c9de6ef569ec7cd3808acce69cfb1a91ad29189ca133e45674f8b7", "block_time": 1703698073, "block_parent": "0xdd5c9646c8504ee65682c7ba58ef97271b8f4f98991fc2cc2d794a78ad6605a4"}
{"block_number": 280, "miner_hash": "0xB7fF61aE742d699A2D7ed8d187269c8574f7fa09", "block_hash": "0x76a92791a960ee9f1f52accbb490ff28aec7895461d920f9bae62f81789194a9", "block_time": 1703698074, "block_parent": "0xb9d641aaf2c9de6ef569ec7cd3808acce69cfb1a91ad29189ca133e45674f8b7"}
{"block_number": 281, "miner_hash": "0xb9CDC8cF65cEE660D0abAC69F4dca5a409014334", "block_hash": "0xfa10e64a1b7bb97a2a4959b70178a39957bc85b0b6590c8940dba299da47327b", "block_time": 1703698075, "block_parent": "0x76a92791a960ee9f1f52accbb490ff28aec7895461d920f9bae62f81789194a9"}
{"block_number": 282, "miner_hash": "0x1Ae33950cB8fE20596e36B49129CC74aBB7C6237", "block_hash": "0x70f54c8478ef827d65459f1898be8ba1c3f387faa2a3b5f0d090b7c0cdda105f", "block_time": 1703698076, "block_parent": "0xfa10e64a1b7bb97a2a4959b70178a39957bc85b0b6590c8940dba299da47327b"}
{"block_number": 283, "miner_hash": "0x2fA032d2Db4dbcfD38C3F4543F7D808a788E18BF", "block_hash": "0x1cf07a476be7f36e59038a655caaf7f3e0665db6c5c86d6e5ce112bec9357527", "block_time": 1703698077, "block_parent": "0x70f54c8478ef827d65459f1898be8ba1c3f387faa2a3b5f0d090b7c0cdda105f"}
{"block_number": 284, "miner_hash": "0xDa4d9192E14A85D8eaC09Eb10788db0decd8B60a", "block_hash": "0x5cca8155eab0847dac55654247f221a84739e379fb77df472fd818385a57a072", "block_time": 1703698078, "block_parent": "0x1cf07a476be7f36e59038a655caaf7f3e0665db6c5c86d6e5ce112bec9357527"}
{"block_number": 285, "miner_hash": "0xE46F8A00bbb69Fa1f00d93a33371af4d8D07e6AC", "block_hash": "0x6db7e9ddaa86cc1c034afd57f34c8b114b53f273d580a259cea80eb7931ffd29", "block_time": 1703698079, "block_parent": "0x5cca8155eab0847dac55654247f221a84739e379fb77df472fd818385a57a072"}
{"block_number": 286, "miner_hash": "0x49793216f6Fa00Dd02b7239954D54740B739bE7D", "block_hash": "0xad0bdbb469d76ccb86689897b0655cd8c72df5e7a2d37782d1c37ba23bdf1c8b", "block_time": 1703698080, "block_parent": "0x6db7e9ddaa86cc1c034afd57f34c8b114b53f273d580a259cea80eb7931ffd29"}
{"block_number": 287, "miner_hash": "0xb9CDC8cF65cEE660D0abAC69F4dca5a409014334", "block_hash": "0x51bb82d6104e1c258f80e3176006bbf144b01c868a819174582d2f92e680a278", "block_time": 1703698081, "block_parent": "0xad0bdbb469d76ccb86689897b0655cd8c72df5e7a2d37782d1c37ba23bdf1c8b"}
{"block_number": 288, "miner_hash": "0xb9CDC8cF65cEE660D0abAC69F4dca5a409014334", "block_hash": "0x78ea461cfb3f8dcc1910254bdf5ec7bb0e3ed9a261ae60a16e77810d6abcfbd8", "block_time": 1703698082, "block_parent": "0x51bb82d6104e1c258f80e3176006bbf144b01c868a819174582d2f92e680a278"}
{"block_number": 289, "miner_hash": "0x2fA032d2Db4dbcfD38C3F4543F7D808a788E18BF", "block_hash": "0x02bcca3c74543d1dc18afb08e77f194e3fd53acc9e50cc0d80930837fe9e184c", "block_time": 1703698083, "block_parent": "0x78ea461cfb3f8dcc1910254bdf5ec7bb0e3ed9a261ae60a16e77810d6abcfbd8"}
{"block_number": 290, "miner_hash": "0x2fA032d2Db4dbcfD38C3F4543F7D808a788E18BF", "block_hash": "0x079afd67e0a9c5541dd5ae063420f02212d6d6e91426c8d1b6cc1137ff68d8a2", "block_time": 1703698084, "block_parent": "0x02bcca3c74543d1dc18afb08e77f194e3fd53acc9e50cc0d80930837fe9e184c"}
{"block_number": 291, "miner_hash": "0xBAfee95989A15009c84271B8be3e98E7d54F98F0", "block_hash": "0xd3bb7b32c9b4d35be1b18f58711cbfa591fdb7e47e48ca548e3f6d98f0c477d6", "block_time": 1703698085, "block_parent": "0x079afd67e0a9c5541dd5ae063420f02212d6d6e91426c8d1b6cc1137ff68d8a2"}
{"block_number": 291, "miner_hash": "0xB44F59F40b3Fa30B66F02561221D9E3b6e8E98D6", "block_hash": "0x47f07da50361010e7b042df2c49a1edc6e329e7ff3c5a5965fccfeee1f5a6063", "block_time": 1703698085, "block_parent": "0x079afd67e0a9c5541dd5ae063420f02212d6d6e91426c8d1b6cc1137ff68d8a2"}
{"block_number": 292, "miner_hash": "0xBAfee95989A15009c84271B8be3e98E7d54F98F0", "block_hash": "0x4674780c006b035c056426d3967a81b455c1fddede96f50d4712bb18b393d26c", "block_time": 1703698086, "block_parent": "0xd3bb7b32c9b4d35be1b18f58711cbfa591fdb7e47e48ca548e3f6d98f0c477d6"}
{"block_number": 293, "miner_hash": "0x49793216f6Fa00Dd02b7239954D54740B739bE7D", "block_hash": "0x28873106557c7bddd8105b32e69b45ec50eb3cea8b69bdc9f7a73e8b1815ad4c", "block_time": 1703698087, "block_parent": "0x4674780c006b035c056426d3967a81b455c1fddede96f50d4712bb18b393d26c"}
{"block_number": 294, "miner_hash": "0xB7fF61aE742d699A2D7ed8d187269c8574f7fa09", "block_hash": "0x2d2af839161c82ffac6cb24d992721e7e518fd0fc0ab6c546d9c4f2e5f11eb68", "block_time": 1703698088, "block_parent": "0x28873106557c7bddd8105b32e69b45ec50eb3cea8b69bdc9f7a73e8b1815ad4c"}
{"block_number": 295, "miner_hash": "0x1Ae33950cB8fE20596e36B49129CC74aBB7C6237", "block_hash": "0xca5a183696716537257a448cf594e1df53b838ef89ae4a9e51d15f2649477635", "block_time": 1703698089, "block_parent": "0x2d2af839161c82ffac6cb24d992721e7e518fd0fc0ab6c546d9c4f2e5f11eb68"}
{"block_number": 296, "miner_hash": "0x1Ae33950cB8fE20596e36B49129CC74aBB7C6237", "block_hash": "0x2fc9a88cfca4283f4a5ce0c6d6fa9d1ff1402016cbbc4ef18b912ddf78eec422", "block_time": 1703698090, "block_parent": "0xca5a183696716537257a448cf594e1df53b838ef89ae4a9e51d15f2649477635"}
{"block_number": 298, "miner_hash": "0xE46F8A00bbb69Fa1f00d93a33371af4d8D07e6AC", "block_hash": "0x82a2ab1d97de29e980e6aae8eedb81b67dae499b620e2750bb68098d86c39dc7", "block_time": 1703698092, "block_parent": "0x5a3ccfd6e52575aa4310020fad2b7405e080b249abdc3aa08e1e38341999c05a"}
{"block_number": 299, "miner_hash": "0x1Ae33950cB8fE20596e36B49129CC74aBB7C6237", "block_hash": "0x5f183223d004ab5ae2a49cb764fb72617b2a385d37c29d7020c6bcab85c31b4a", "block_time": 1703698093, "block_parent": "0x6f23d4e8a3aab1389d1d1c9854dd674ab62dac1a757bf26f37a2e7dda47f02b3"}
{"block_number": 300, "miner_hash": "0xDa4d9192E14A85D8eaC09Eb10788db0decd8B60a", "block_hash": "0x4343f5a0f1d9d999707cf1a9de9d748b80b8be4ceba55707b8f79f93bc2f335a", "block_time": 1703698094, "block_parent": "0x5f183223d004ab5ae2a49cb764fb72617b2a385d37c29d7020c6bcab85c31b4a"}
