{"block_number": 15, "miner_hash": "0x18ed2EfD2777Ec8Be995401e73aB7fEA146CF1Da", "block_hash": "0xf3079fb1ef1217f0c4ff6326433224be252c3b9874cb9de67ea1912f06347499", "block_time": 1702493752, "block_parent": "0xfa51b557fb1c27e8c23a3b896a9c624cd7e3b06b8947f5a071ec29612d4ba0bb"}
{"block_number": 16, "miner_hash": "0x635E0EB8844ce750d36287d5aB5d0381219f934f", "block_hash": "0xaac0a8e59cb578e3ac92f8ee594ee03bffd24f7b55019ab8b4be48fef2597ec1", "block_time": 1702493762, "block_parent": "0xf3079fb1ef1217f0c4ff6326433224be252c3b9874cb9de67ea1912f06347499"}
{"block_number": 18, "miner_hash": "0x635E0EB8844ce750d36287d5aB5d0381219f934f", "block_hash": "0xba2f1310575eef8e3561e3dbec2d6a57279bbf46da3d588ee505bbee91d1c777", "block_time": 1702493767, "block_parent": "0xfb79036c15561826badfe8c890fbf81e1ee6a08088d1c24dc8c4cd44474c5633"}
{"block_number": 19, "miner_hash": "0x9f95CC9E627EB3d0f1252C568746aF0e250D3FF1", "block_hash": "0x32407b2d0f92e9892edc874ece98857174b4cf028ea7ed5cb7316b464041c552", "block_time": 1702493770, "block_parent": "0xba2f1310575eef8e3561e3dbec2d6a57279bbf46da3d588ee505bbee91d1c777"}
{"block_number": 20, "miner_hash": "0x28e2B043831ceaB5544b6cAF540b0B1ab098E60e", "block_hash": "0x2a6da13356609ea4a865571eaf3bd2e59c0fb4d1891ac65ced3398e92ef2c29e", "block_time": 1702493772, "block_parent": "0x4e9d33878cc5b0d8316bcf5cbcb228657325c8eec89eaba308abdd7ba8cbb85d"}
{"block_number": 21, "miner_hash": "0x28e2B043831ceaB5544b6cAF540b0B1ab098E60e", "block_hash": "0xdc2b4cd5e124606d12d1ee26d6e6ab4f01e61f237ccb27f53fbc18686dd0ce7d", "block_time": 1702493773, "block_parent": "0x2a6da13356609ea4a865571eaf3bd2e59c0fb4d1891ac65ced3398e92ef2c29e"}
{"block_number": 22, "miner_hash": "0x28e2B043831ceaB5544b6cAF540b0B1ab098E60e", "block_hash": "0x9a8a0fbb25cb6cf3df556898fbac607c56ab8577204d10c8e1a3f3fb7d440805", "block_time": 1702493774, "block_parent": "0xdc2b4cd5e124606d12d1ee26d6e6ab4f01e61f237ccb27f53fbc18686dd0ce7d"}
{"block_number": 23, "miner_hash": "0x28e2B043831ceaB5544b6cAF540b0B1ab098E60e", "block_hash": "0x22e680609fcf9b87455a2e9cf284b2597b6d40623f6138a2e5aabbefed8b7a8f", "block_time": 1702493775, "block_parent": "0x9a8a0fbb25cb6cf3df556898fbac607c56ab8577204d10c8e1a3f3fb7d440805"}
{"block_number": 24, "miner_hash": "0x9f95CC9E627EB3d0f1252C568746aF0e250D3FF1", "block_hash": "0xaea1c760d2c7a0d225eb53b393d0dfeacff334603671c062709c780a8d83dab7", "block_time": 1702493776, "block_parent": "0x22e680609fcf9b87455a2e9cf284b2597b6d40623f6138a2e5aabbefed8b7a8f"}
{"block_number": 25, "miner_hash": "0x635E0EB8844ce750d36287d5aB5d0381219f934f", "block_hash": "0x568fbcf5fa9b413d32e8ad31ad358a942ca1ec5898bec151014f0257a9f52084", "block_time": 1702493780, "block_parent": "0xaea1c760d2c7a0d225eb53b393d0dfeacff334603671c062709c780a8d83dab7"}
{"block_number": 26, "miner_hash": "0x635E0EB8844ce750d36287d5aB5d0381219f934f", "block_hash": "0x9ed571fe7b531afb45527e02db2eb193db24528c1755bd1ed9da26062df7aed7", "block_time": 1702493781, "block_parent": "0x568fbcf5fa9b413d32e8ad31ad358a942ca1ec5898bec151014f0257a9f52084"}
{"block_number": 27, "miner_hash": "0x9f95CC9E627EB3d0f1252C568746aF0e250D3FF1", "block_hash": "0x6c1eb4dd0b36ef8c8c1004d3e80f8912ad157b4dfe6c41b9601f9170f66a0b55", "block_time": 1702493782, "block_parent": "0x9ed571fe7b531afb45527e02db2eb193db24528c1755bd1ed9da26062df7aed7"}
{"block_number": 28, "miner_hash": "0x639b627eE6c615dca8bC54936D063834CEc0D227", "block_hash": "0xbbd7e04dcde1b83e9bd0e46a7de3aab4b3da3d94b4a50d39b4cfbfd9e4c149ae", "block_time": 1702493784, "block_parent": "0x6c1eb4dd0b36ef8c8c1004d3e80f8912ad157b4dfe6c41b9601f9170f66a0b55"}
{"block_number": 29, "miner_hash": "0x639b627eE6c615dca8bC54936D063834CEc0D227", "block_hash": "0x918a76919e2b5ec757210e169ddad95cf38be157f252a8c124b0c8308fbd7aa8", "block_time": 1702493785, "block_parent": "0xbbd7e04dcde1b83e9bd0e46a7de3aab4b3da3d94b4a50d39b4cfbfd9e4c149ae"}
{"block_number": 30, "miner_hash": "0x18ed2EfD2777Ec8Be995401e73aB7fEA146CF1Da", "block_hash": "0x3c580b06618f1ad0a10af0f45f226c98bdcb955ab849ebd1bb5ca52af8828dee", "block_time": 1702493786, "block_parent": "0x22feb7881538e78aa595e5019db2bbfedbb63a6d3ffe4c7fd67ee00e1b1b5d11"}
{"block_number": 31, "miner_hash": "0x18ed2EfD2777Ec8Be995401e73aB7fEA146CF1Da", "block_hash": "0xc08fb52df701a9172df18278be2dd33cacada8a432feb1dd25f63b490d272995", "block_time": 1702493787, "block_parent": "0x3c580b06618f1ad0a10af0f45f226c98bdcb955ab849ebd1bb5ca52af8828dee"}
{"block_number": 32, "miner_hash": "0x639b627eE6c615dca8bC54936D063834CEc0D227", "block_hash": "0x8cf16eddbe87b18ece0b43ef848912249e7b24ecc308ef23746a357f05e07146", "block_time": 1702493788, "block_parent": "0xc08fb52df701a9172df18278be2dd33cacada8a432feb1dd25f63b490d272995"}
{"block_number": 33, "miner_hash": "0x18ed2EfD2777Ec8Be995401e73aB7fEA146CF1Da", "block_hash": "0xbce16131f802a0325fd08a57460a3ec4a710840552bf970480001253a7976cdb", "block_time": 1702493789, "block_parent": "0x8cf16eddbe87b18ece0b43ef848912249e7b24ecc308ef23746a357f05e07146"}
{"block_number": 34, "miner_hash": "0x18ed2EfD2777Ec8Be995401e73aB7fEA146CF1Da", "block_hash": "0xfd578eadd88cb32a898c4fb2a4bdf1c98b9b8857aed42e3d71b10201cdc7eb7d", "block_time": 1702493790, "block_parent": "0xbce16131f802a0325fd08a57460a3ec4a710840552bf970480001253a7976cdb"}
{"block_number": 35, "miner_hash": "0x28e2B043831ceaB5544b6cAF540b0B1ab098E60e", "block_hash": "0x4b2e247c8f1b268e76cf49f6ff5e8a67af13da31a13927076285ada4dee61f19", "block_time": 1702493792, "block_parent": "0xfd578eadd88cb32a898c4fb2a4bdf1c98b9b8857aed42e3d71b10201cdc7eb7d"}
{"block_number": 36, "miner_hash": "0x18ed2EfD2777Ec8Be995401e73aB7fEA146CF1Da", "block_hash": "0x5795b86de7fe6fddc7d2648f07464777faa4eee30e6e362a8e8847e767db7e14", "block_time": 1702493793, "block_parent": "0x4b2e247c8f1b268e76cf49f6ff5e8a67af13da31a13927076285ada4dee61f19"}
{"block_number": 37, "miner_hash": "0x28e2B043831ceaB5544b6cAF540b0B1ab098E60e", "block_hash": "0x64a319866800858cd0d9359deeb911a9265f1e97b8bacc7480191848e9177d49", "block_time": 1702493795, "block_parent": "0x5795b86de7fe6fddc7d2648f07464777faa4eee30e6e362a8e8847e767db7e14"}
{"block_number": 38, "miner_hash": "0x28e2B043831ceaB5544b6cAF540b0B1ab098E60e", "block_hash": "0x7aff3c318714524e839a5f0abdd93dd8eee229ceeecb6cf173539b006e777f6f", "block_time": 1702493796, "block_parent": "0x64a319866800858cd0d9359deeb911a9265f1e97b8bacc7480191848e9177d49"}
{"block_number": 39, "miner_hash": "0x9f95CC9E627EB3d0f1252C568746aF0e250D3FF1", "block_hash": "0x362182f8a9fb16e7d56a45115f7e115498cac87f1c480a5fc21022bfa95db5d9", "block_time": 1702493799, "block_parent": "0x7aff3c318714524e839a5f0abdd93dd8eee229ceeecb6cf173539b006e777f6f"}
{"block_number": 39, "miner_hash": "0x635E0EB8844ce750d36287d5aB5d0381219f934f", "block_hash": "0xe1fb2ccdceb525feb6dec3e0c8f5a9ce743a41995463c7e5f838ef92a3a253d3", "block_time": 1702493798, "block_parent": "0x7aff3c318714524e839a5f0abdd93dd8eee229ceeecb6cf173539b006e777f6f"}
{"block_number": 40, "miner_hash": "0x9f95CC9E627EB3d0f1252C568746aF0e250D3FF1", "block_hash": "0x7b82e3c6da16e3482ce5425e3578cc821b1c81861d992dbeeb40bd8eb2a4cd6b", "block_time": 1702493800, "block_parent": "0x362182f8a9fb16e7d56a45115f7e115498cac87f1c480a5fc21022bfa95db5d9"}
