{"block_number": 8, "miner_hash": "0x10aD9F773D9266bC04B23835346145128C90A6db", "block_hash": "0xb1a2556d052f6b8e69987479c2eed594b1f2ab52e6bfa162c49e037ae08ea8ba", "block_time": 1702493379, "block_parent": "0xbe326de35d1db7e87e0416fd29bf91ac7ee9aef6bccce717fdb22cb64a1d746c"}
{"block_number": 9, "miner_hash": "0x47fA38caa80CC91AE3b99C775086a71A280a9ae8", "block_hash": "0x8f75115eec19f38d358aaddd94c832dbaa2e3a83b10d0bbafe2e4930a2321532", "block_time": 1702493381, "block_parent": "0xb1a2556d052f6b8e69987479c2eed594b1f2ab52e6bfa162c49e037ae08ea8ba"}
{"block_number": 10, "miner_hash": "0x47fA38caa80CC91AE3b99C775086a71A280a9ae8", "block_hash": "0xcc683e438d5702d3f86bd32c114ecf81bd5d7325530e3047699fc3e806315e8c", "block_time": 1702493382, "block_parent": "0x8f75115eec19f38d358aaddd94c832dbaa2e3a83b10d0bbafe2e4930a2321532"}
{"block_number": 11, "miner_hash": "0x47fA38caa80CC91AE3b99C775086a71A280a9ae8", "block_hash": "0x48e3a4e7ae296c45103e02ee8aca8b10b07c89c4e266897da2705c0e65acb904", "block_time": 1702493383, "block_parent": "0xcc683e438d5702d3f86bd32c114ecf81bd5d7325530e3047699fc3e806315e8c"}
{"block_number": 12, "miner_hash": "0x47fA38caa80CC91AE3b99C775086a71A280a9ae8", "block_hash": "0x978ffbe6c2f8d7f5884b40219c299e7fbd027ffdec99167d4a0137269cbc579f", "block_time": 1702493385, "block_parent": "0x48e3a4e7ae296c45103e02ee8aca8b10b07c89c4e266897da2705c0e65acb904"}
{"block_number": 14, "miner_hash": "0xe1dEB4096235C746b78fF8E4d0dd8f480F282e0b", "block_hash": "0x91a0be40972a878887b4623109a10e17c1d49fa3fa2a8cff05a80054571299a8", "block_time": 1702493389, "block_parent": "0xad178ec7eed2d967341f694ee70f984e50d2946187f630537cb7ed4291e185d1"}
{"block_number": 14, "miner_hash": "0xe1dEB4096235C746b78fF8E4d0dd8f480F282e0b", "block_hash": "0x91a0be40972a878887b4623109a10e17c1d49fa3fa2a8cff05a80054571299a8", "block_time": 1702493389, "block_parent": "0xad178ec7eed2d967341f694ee70f984e50d2946187f630537cb7ed4291e185d1"}
{"block_number": 15, "miner_hash": "0xe1dEB4096235C746b78fF8E4d0dd8f480F282e0b", "block_hash": "0xf0955b43c73027278bf8901d9806e06da0116e2bb8c3cfc994acd1d922befeca", "block_time": 1702493390, "block_parent": "0x91a0be40972a878887b4623109a10e17c1d49fa3fa2a8cff05a80054571299a8"}
{"block_number": 16, "miner_hash": "0x10aD9F773D9266bC04B23835346145128C90A6db", "block_hash": "0x4b5cdbbeae96f63334fccd4de5089cd0c03fcb75bc0e893b039035d093cc865c", "block_time": 1702493391, "block_parent": "0xf0955b43c73027278bf8901d9806e06da0116e2bb8c3cfc994acd1d922befeca"}
{"block_number": 17, "miner_hash": "0x10aD9F773D9266bC04B23835346145128C90A6db", "block_hash": "0x5303f0415f6044e4b4fffd9f5d31c64a86468e2942e4f74a84f4ccc2dbdc3640", "block_time": 1702493392, "block_parent": "0x4b5cdbbeae96f63334fccd4de5089cd0c03fcb75bc0e893b039035d093cc865c"}
{"block_number": 18, "miner_hash": "0x47fA38caa80CC91AE3b99C775086a71A280a9ae8", "block_hash": "0xa31f92c7e776702146d68735bfefad4c5a17580813d96375b599e66b723c0c9b", "block_time": 1702493394, "block_parent": "0x5303f0415f6044e4b4fffd9f5d31c64a86468e2942e4f74a84f4ccc2dbdc3640"}
{"block_number": 19, "miner_hash": "0x47fA38caa80CC91AE3b99C775086a71A280a9ae8", "block_hash": "0x1b831556f25330d0a536f52cff70f97cb4e5a04f8537bf39dd930a23ace13f69", "block_time": 1702493395, "block_parent": "0xa31f92c7e776702146d68735bfefad4c5a17580813d96375b599e66b723c0c9b"}
{"block_number": 20, "miner_hash": "0x10aD9F773D9266bC04B23835346145128C90A6db", "block_hash": "0xcf14dd60d3afd3c3e2f920998df8a5226a2642557f85459beee5a84e14fe6f38", "block_time": 1702493396, "block_parent": "0x1b831556f25330d0a536f52cff70f97cb4e5a04f8537bf39dd930a23ace13f69"}
{"block_number": 21, "miner_hash": "0x10aD9F773D9266bC04B23835346145128C90A6db", "block_hash": "0x74cc9a59ff126ff63370a8944e8ae802710d0e79a5828e667770ecefd9707279", "block_time": 1702493397, "block_parent": "0xcf14dd60d3afd3c3e2f920998df8a5226a2642557f85459beee5a84e14fe6f38"}
{"block_number": 22, "miner_hash": "0x47fA38caa80CC91AE3b99C775086a71A280a9ae8", "block_hash": "0xd1626db367ee99defa4e53983e424e860edd23a2b278840e558fa47dc3613398", "block_time": 1702493401, "block_parent": "0x74cc9a59ff126ff63370a8944e8ae802710d0e79a5828e667770ecefd9707279"}
{"block_number": 23, "miner_hash": "0x10aD9F773D9266bC04B23835346145128C90A6db", "block_hash": "0x9b7efc47adb84cee6040bd7eee7be841b1bcc271244828f34ca9853c6a093a8a", "block_time": 1702493402, "block_parent": "0xd1626db367ee99defa4e53983e424e860edd23a2b278840e558fa47dc3613398"}
{"block_number": 24, "miner_hash": "0x47fA38caa80CC91AE3b99C775086a71A280a9ae8", "block_hash": "0xda8c8831da1767d1532a8144245abf558ca7cfe2363273e8d24f04ca9a8c8160", "block_time": 1702493403, "block_parent": "0x9b7efc47adb84cee6040bd7eee7be841b1bcc271244828f34ca9853c6a093a8a"}
{"block_number": 25, "miner_hash": "0x47fA38caa80CC91AE3b99C775086a71A280a9ae8", "block_hash": "0x4e00c2b25f76078db1978230beb3a85ed2d24e5c948264e5571fa4b95cfbc397", "block_time": 1702493404, "block_parent": "0xda8c8831da1767d1532a8144245abf558ca7cfe2363273e8d24f04ca9a8c8160"}
{"block_number": 26, "miner_hash": "0x10aD9F773D9266bC04B23835346145128C90A6db", "block_hash": "0xe2156b3017c40ba3bf356e513ae394b604fe16d2e9a2dfd48fe2a1d1492c7a50", "block_time": 1702493405, "block_parent": "0x4e00c2b25f76078db1978230beb3a85ed2d24e5c948264e5571fa4b95cfbc397"}
{"block_number": 27, "miner_hash": "0xe1dEB4096235C746b78fF8E4d0dd8f480F282e0b", "block_hash": "0x756ecf340fb5a0dfd11438f21a00a587c7f6f87f3f36db13d9808c9d08937245", "block_time": 1702493406, "block_parent": "0xe2156b3017c40ba3bf356e513ae394b604fe16d2e9a2dfd48fe2a1d1492c7a50"}
{"block_number": 28, "miner_hash": "0x47fA38caa80CC91AE3b99C775086a71A280a9ae8", "block_hash": "0x40373e2876e7313644ab6e0ab2d17f52a11cba0252dae23e8abce7b00cce4077", "block_time": 1702493408, "block_parent": "0x756ecf340fb5a0dfd11438f21a00a587c7f6f87f3f36db13d9808c9d08937245"}
{"block_number": 29, "miner_hash": "0xe1dEB4096235C746b78fF8E4d0dd8f480F282e0b", "block_hash": "0xeabd0fbf5aece552343ab9cf4af7d8607814a95e6d756b629eb66602089c2e9a", "block_time": 1702493410, "block_parent": "0x40373e2876e7313644ab6e0ab2d17f52a11cba0252dae23e8abce7b00cce4077"}
{"block_number": 29, "miner_hash": "0x940e7A0F8B3D0489dA28a2C1B59A25d03ece98bB", "block_hash": "0xbc08c0e4ee38da3d4b6d77a8ced000922206bf8ec40b275e8e4167d4b87d7308", "block_time": 1702493411, "block_parent": "0x40373e2876e7313644ab6e0ab2d17f52a11cba0252dae23e8abce7b00cce4077"}
{"block_number": 30, "miner_hash": "0x10aD9F773D9266bC04B23835346145128C90A6db", "block_hash": "0xd42083fd48f4466bf4e97edd22422e1f0d21b5db84ac86369532334aae33098a", "block_time": 1702493412, "block_parent": "0xbc08c0e4ee38da3d4b6d77a8ced000922206bf8ec40b275e8e4167d4b87d7308"}
{"block_number": 31, "miner_hash": "0x47fA38caa80CC91AE3b99C775086a71A280a9ae8", "block_hash": "0x0a975c7102dfa16b7cf64dc0735a149cf53668826ba4c653040e9829d2335b81", "block_time": 1702493418, "block_parent": "0xd42083fd48f4466bf4e97edd22422e1f0d21b5db84ac86369532334aae33098a"}
{"block_number": 32, "miner_hash": "0x47fA38caa80CC91AE3b99C775086a71A280a9ae8", "block_hash": "0x4b4813980d2b07bbd6e5456f6b9ebfb8e18b4e24029295e5656a32a2c7784de8", "block_time": 1702493419, "block_parent": "0x0a975c7102dfa16b7cf64dc0735a149cf53668826ba4c653040e9829d2335b81"}
{"block_number": 33, "miner_hash": "0xe1dEB4096235C746b78fF8E4d0dd8f480F282e0b", "block_hash": "0xbc674c820f83dbcf3d46592825148d408e7017dd561c4c13b0c61c1f4e68686a", "block_time": 1702493420, "block_parent": "0x4b4813980d2b07bbd6e5456f6b9ebfb8e18b4e24029295e5656a32a2c7784de8"}
{"block_number": 34, "miner_hash": "0xe1dEB4096235C746b78fF8E4d0dd8f480F282e0b", "block_hash": "0xd7072cdb9341888bb576ed721448d4460c0ff3f07cee5d55723f45d69c7a5290", "block_time": 1702493421, "block_parent": "0xbc674c820f83dbcf3d46592825148d408e7017dd561c4c13b0c61c1f4e68686a"}
{"block_number": 35, "miner_hash": "0xe1dEB4096235C746b78fF8E4d0dd8f480F282e0b", "block_hash": "0x3db2c497c6e75f523243a21099a0e9c823b53686e72b26f2c67e3fe928c4c889", "block_time": 1702493422, "block_parent": "0xd7072cdb9341888bb576ed721448d4460c0ff3f07cee5d55723f45d69c7a5290"}
{"block_number": 36, "miner_hash": "0x10aD9F773D9266bC04B23835346145128C90A6db", "block_hash": "0x52f0537f3846e390df01b34e9a9fa8ed424bf5329648f7832f96453e1e2b0877", "block_time": 1702493427, "block_parent": "0x3db2c497c6e75f523243a21099a0e9c823b53686e72b26f2c67e3fe928c4c889"}
{"block_number": 37, "miner_hash": "0x10aD9F773D9266bC04B23835346145128C90A6db", "block_hash": "0x6041ea74a2131878ffacd45ed04bbeb7be2daddb8e1ed0cf41b8a9d6739a9cc3", "block_time": 1702493428, "block_parent": "0x52f0537f3846e390df01b34e9a9fa8ed424bf5329648f7832f96453e1e2b0877"}
{"block_number": 38, "miner_hash": "0xe6Fa0B6907284f7c6335FA3f5a9297d73bA8F96f", "block_hash": "0x33ea8a28d005c2702660777bf71fa2a79df815c7ef51bed8aa8bc95d9626f83c", "block_time": 1702493430, "block_parent": "0x69079caa3aa1a20aeb32c537d609f098f6a35f6be17698b07be400dd51e13d6a"}
{"block_number": 41, "miner_hash": "0xe1dEB4096235C746b78fF8E4d0dd8f480F282e0b", "block_hash": "0xb5e38f8743dcda5ad94b62be869e78e900cdeab176abf8aa22b0b80104d207a8", "block_time": 1702493433, "block_parent": "0x274a393a4f91fc4f04f379529eb77cc84723c2654c4fc2202dc68a220ed50d27"}
{"block_number": 42, "miner_hash": "0x87270CE1598e289DaBfB574E146174467562F147", "block_hash": "0x4a1fe5ccaeb3f6276681fb9a0b36c5a1ef41740e2e178949872f715b1ed5b544", "block_time": 1702493439, "block_parent": "0xb5e38f8743dcda5ad94b62be869e78e900cdeab176abf8aa22b0b80104d207a8"}
