{"block_number": 2, "miner_hash": "0xcf949f329583274618eeDfD56C993381c24fb93C", "block_hash": "0x72a4c481c52273bb6bbe01636b40b895da1591f2193a3d396b2c201784b41d98", "block_time": 1703688873, "block_parent": "0x1309f1dcfd87f4ad2e87fceec8eb5897d0d50d3c9f96d4a065ba422ca8d50ad5"}
{"block_number": 5, "miner_hash": "0xcf949f329583274618eeDfD56C993381c24fb93C", "block_hash": "0x5d041d029f25b33d3b56de910d29c389f7b8ee9618b27bbdb3ea12e8ae90d004", "block_time": 1703688881, "block_parent": "0xb5ec63b9af5e7af221853d5d7e243c7da10201d1f3a9f50491fa4af623371aa8"}
{"block_number": 6, "miner_hash": "0xcf949f329583274618eeDfD56C993381c24fb93C", "block_hash": "0xbdd4142837ed4d3bfbcb5ef14d86054cb11c2ef20b0404fca051c8cc8ae11e4b", "block_time": 1703688883, "block_parent": "0x5d041d029f25b33d3b56de910d29c389f7b8ee9618b27bbdb3ea12e8ae90d004"}
{"block_number": 7, "miner_hash": "0xcf949f329583274618eeDfD56C993381c24fb93C", "block_hash": "0x715cb8ade09982895c143f4ff141766878eef162b6a712f05ae7b5d306d6ed39", "block_time": 1703688972, "block_parent": "0xbdd4142837ed4d3bfbcb5ef14d86054cb11c2ef20b0404fca051c8cc8ae11e4b"}
{"block_number": 8, "miner_hash": "0x1F0C3Ca34066546bA229A5E18801e6F4f1f2F3d5", "block_hash": "0x8cc9eff5d18d2a04fd196b57c49b33275437e266882c7a98f3f5ad479e0bacd9", "block_time": 1703688974, "block_parent": "0x715cb8ade09982895c143f4ff141766878eef162b6a712f05ae7b5d306d6ed39"}
{"block_number": 8, "miner_hash": "0xcf949f329583274618eeDfD56C993381c24fb93C", "block_hash": "0x9f9d98cd5ae9b237ffc13a36d0d032c59b09d6f2abb4b2e746c7939c57642b46", "block_time": 1703688973, "block_parent": "0x715cb8ade09982895c143f4ff141766878eef162b6a712f05ae7b5d306d6ed39"}
{"block_number": 9, "miner_hash": "0x68C802Fe19d47Ea9151AEFEa6e1f128cC3eeCB6F", "block_hash": "0xff7678039534bb40741ff5a038910c900ee12c74430b5421bbfc9ccd35b3584f", "block_time": 1703688979, "block_parent": "0x9f9d98cd5ae9b237ffc13a36d0d032c59b09d6f2abb4b2e746c7939c57642b46"}
{"block_number": 10, "miner_hash": "0x43e6e61Eb3B9f58440B78211e387ECbD86cB60d5", "block_hash": "0x9d81e31465f196bbfd62b1e933dfbcca7c28762290713e359d4d373482b3c38c", "block_time": 1703688979, "block_parent": "0x6970708ce0b2217c2d5803eea9d5ba1c2c5b4cb96847d7f84e8740b872953566"}
{"block_number": 11, "miner_hash": "0x43e6e61Eb3B9f58440B78211e387ECbD86cB60d5", "block_hash": "0x91e3e42794b4b1f03bd166236b8dc2030b0837ed48445da2aee3a6deae72c38c", "block_time": 1703688981, "block_parent": "0x9d81e31465f196bbfd62b1e933dfbcca7c28762290713e359d4d373482b3c38c"}
{"block_number": 12, "miner_hash": "0x63F92659165fb2929413Fb71667aa95764ef3773", "block_hash": "0x837195c6428ce8f585488f3a07811e8e3a6efd2a59a44be6b329c4efacbaeb9a", "block_time": 1703688982, "block_parent": "0x91e3e42794b4b1f03bd166236b8dc2030b0837ed48445da2aee3a6deae72c38c"}
{"block_number": 13, "miner_hash": "0x48d6eB9d722A0aE02a5798C0938E344653C6b36b", "block_hash": "0x8669fe1784b7defefc167efeee93160b3a7679be2cb025ddc6f247bc2cd10458", "block_time": 1703688983, "block_parent": "0x837195c6428ce8f585488f3a07811e8e3a6efd2a59a44be6b329c4efacbaeb9a"}
{"block_number": 14, "miner_hash": "0xDA5A2B4eF7668cD801B2cc1Fb3586C25d0366DDc", "block_hash": "0x3e51a9f77697addffb3567f2ee0a258a90111e2ad1437ab370c285a9b7284951", "block_time": 1703688984, "block_parent": "0x8669fe1784b7defefc167efeee93160b3a7679be2cb025ddc6f247bc2cd10458"}
{"block_number": 15, "miner_hash": "0xcf949f329583274618eeDfD56C993381c24fb93C", "block_hash": "0x0c0d82f9427e4c85ee9971e73bded7ee0193981273029c3c2faa880b01579f33", "block_time": 1703688985, "block_parent": "0xe77371dcb29fca9221c6cf51cff19887f08a6cd1abe1c501c97563e32eb804f0"}
{"block_number": 16, "miner_hash": "0x43e6e61Eb3B9f58440B78211e387ECbD86cB60d5", "block_hash": "0x38f6f3782ec761b7f85d28cd1e277d0422fd77247dc1e5efa671e97891428d28", "block_time": 1703688986, "block_parent": "0x0c0d82f9427e4c85ee9971e73bded7ee0193981273029c3c2faa880b01579f33"}
{"block_number": 17, "miner_hash": "0x48d6eB9d722A0aE02a5798C0938E344653C6b36b", "block_hash": "0x9df0afb220a2ff52b227e8160e11bf20cbf4fd39144e54e90219c2daf2b10aab", "block_time": 1703688987, "block_parent": "0x38f6f3782ec761b7f85d28cd1e277d0422fd77247dc1e5efa671e97891428d28"}
{"block_number": 18, "miner_hash": "0x48d6eB9d722A0aE02a5798C0938E344653C6b36b", "block_hash": "0x846da6e5010a13382b74f2b1337d2beee402da4d0a738d8ba00991792021a0e3", "block_time": 1703688988, "block_parent": "0x9df0afb220a2ff52b227e8160e11bf20cbf4fd39144e54e90219c2daf2b10aab"}
{"block_number": 19, "miner_hash": "0x68C802Fe19d47Ea9151AEFEa6e1f128cC3eeCB6F", "block_hash": "0x74a69eb76d4b04225ab4f692acb7b9e6957ceacc8edff531d2d21844bbd95bf0", "block_time": 1703688989, "block_parent": "0x846da6e5010a13382b74f2b1337d2beee402da4d0a738d8ba00991792021a0e3"}
{"block_number": 20, "miner_hash": "0x68C802Fe19d47Ea9151AEFEa6e1f128cC3eeCB6F", "block_hash": "0xd7a744b362c7de1831e5abf4de72a01fd288964456ee7894a5c082c12693b384", "block_time": 1703688990, "block_parent": "0x74a69eb76d4b04225ab4f692acb7b9e6957ceacc8edff531d2d21844bbd95bf0"}
{"block_number": 21, "miner_hash": "0x63F92659165fb2929413Fb71667aa95764ef3773", "block_hash": "0xa998e3a9122b29713d098bc009b54d6eb113fdfb79b2e016a8db36d2595aa5f9", "block_time": 1703688993, "block_parent": "0xb9079ebbfbb0b6e58e88543bf49c01ee676f11b655678271a3e607b482b8fd1b"}
{"block_number": 22, "miner_hash": "0xDA5A2B4eF7668cD801B2cc1Fb3586C25d0366DDc", "block_hash": "0x21715c5b4a6e7f693033c1c383979c7596aee65b8d7bb860864292360d97996f", "block_time": 1703688994, "block_parent": "0xa998e3a9122b29713d098bc009b54d6eb113fdfb79b2e016a8db36d2595aa5f9"}
{"block_number": 23, "miner_hash": "0x48d6eB9d722A0aE02a5798C0938E344653C6b36b", "block_hash": "0x2f699afb7b788fa3dbfc24eb6f485feaf1f2ed4a4bfd17e3633acdd4092bf7c9", "block_time": 1703688995, "block_parent": "0x21715c5b4a6e7f693033c1c383979c7596aee65b8d7bb860864292360d97996f"}
{"block_number": 24, "miner_hash": "0x63F92659165fb2929413Fb71667aa95764ef3773", "block_hash": "0x534fcb55ee3982cb374df90f865d05506a1d80b80d9eef54423be5d54ad9d424", "block_time": 1703688996, "block_parent": "0x2f699afb7b788fa3dbfc24eb6f485feaf1f2ed4a4bfd17e3633acdd4092bf7c9"}
{"block_number": 25, "miner_hash": "0x63F92659165fb2929413Fb71667aa95764ef3773", "block_hash": "0x5f899eadac954da7cca7323b1ffc027f4a8dfc0e595a7e30af16816f2d770dc3", "block_time": 1703688997, "block_parent": "0x534fcb55ee3982cb374df90f865d05506a1d80b80d9eef54423be5d54ad9d424"}
{"block_number": 26, "miner_hash": "0x63F92659165fb2929413Fb71667aa95764ef3773", "block_hash": "0x99d272bed55f674f4ded5a9089d59ea5e1cd034018db001f3fa389d5d9b4d623", "block_time": 1703688998, "block_parent": "0x5f899eadac954da7cca7323b1ffc027f4a8dfc0e595a7e30af16816f2d770dc3"}
{"block_number": 27, "miner_hash": "0x68C802Fe19d47Ea9151AEFEa6e1f128cC3eeCB6F", "block_hash": "0xbe59af1d322e1aa4522e4e838782738a29066d10860b84d0e8ea26aea4b1bd02", "block_time": 1703688999, "block_parent": "0x99d272bed55f674f4ded5a9089d59ea5e1cd034018db001f3fa389d5d9b4d623"}
{"block_number": 28, "miner_hash": "0x48d6eB9d722A0aE02a5798C0938E344653C6b36b", "block_hash": "0x22925377e5de051e8878abb866168388d1b041099bfa29f31e4fb02047eef3a4", "block_time": 1703689000, "block_parent": "0x0d9511668e590b9a3c48ce197684e4fd99a9a5a84fad08e4f278afed893b62bf"}
{"block_number": 28, "miner_hash": "0x1F0C3Ca34066546bA229A5E18801e6F4f1f2F3d5", "block_hash": "0xb1c796dc0fdc2fcb775ac4f3bd8c0d846450682de769fc2c6a74041609a190e2", "block_time": 1703689000, "block_parent": "0x0d9511668e590b9a3c48ce197684e4fd99a9a5a84fad08e4f278afed893b62bf"}
{"block_number": 29, "miner_hash": "0x48d6eB9d722A0aE02a5798C0938E344653C6b36b", "block_hash": "0xb8e4afb2e3e8d007eade365af2b9c11ac4792efa2604361c77cf5f1e38245cfc", "block_time": 1703689001, "block_parent": "0x22925377e5de051e8878abb866168388d1b041099bfa29f31e4fb02047eef3a4"}
{"block_number": 30, "miner_hash": "0x1F0C3Ca34066546bA229A5E18801e6F4f1f2F3d5", "block_hash": "0xf3f1780f1432860de07ed4c77369d6d08028d791be3978f582a8ad6d2a6242e8", "block_time": 1703689002, "block_parent": "0xb8e4afb2e3e8d007eade365af2b9c11ac4792efa2604361c77cf5f1e38245cfc"}
{"block_number": 31, "miner_hash": "0xcf949f329583274618eeDfD56C993381c24fb93C", "block_hash": "0x1b7fe617b56ad30f1eaae941a55a14576b463b7901b2eb7a6488d75041bd7675", "block_time": 1703689003, "block_parent": "0xf3f1780f1432860de07ed4c77369d6d08028d791be3978f582a8ad6d2a6242e8"}
{"block_number": 32, "miner_hash": "0x63F92659165fb2929413Fb71667aa95764ef3773", "block_hash": "0x18a1e327dc3994f070902cc510e7a0257483eafd0480370acba6aeb455556bed", "block_time": 1703689004, "block_parent": "0x1b7fe617b56ad30f1eaae941a55a14576b463b7901b2eb7a6488d75041bd7675"}
{"block_number": 33, "miner_hash": "0x43e6e61Eb3B9f58440B78211e387ECbD86cB60d5", "block_hash": "0x7120d77854e95b9f36ade404947846c9432ce7cfda1f237f811584f53f60bdb2", "block_time": 1703689005, "block_parent": "0x18a1e327dc3994f070902cc510e7a0257483eafd0480370acba6aeb455556bed"}
{"block_number": 34, "miner_hash": "0xDE27747eB3B843D0AB96893719b34F313972ab57", "block_hash": "0x1c132ca1e4760cc895040ff6100017d8ad1efdcd32bef468ac8546e058cbf5e3", "block_time": 1703689006, "block_parent": "0x7120d77854e95b9f36ade404947846c9432ce7cfda1f237f811584f53f60bdb2"}
{"block_number": 35, "miner_hash": "0x48d6eB9d722A0aE02a5798C0938E344653C6b36b", "block_hash": "0xc06cf0bafedee651a6e298b9279d5dc4063fa30ecfd8a806c09990d9cfd0cf55", "block_time": 1703689007, "block_parent": "0x1c132ca1e4760cc895040ff6100017d8ad1efdcd32bef468ac8546e058cbf5e3"}
{"block_number": 35, "miner_hash": "0xc5b8e0f6052691D92A718CE7b22342622e3083Cb", "block_hash": "0xa660bde361b317364e0ddbdd6917f85a22a8fe29ff9da7de4ba305fd0d8756cc", "block_time": 1703689007, "block_parent": "0x1c132ca1e4760cc895040ff6100017d8ad1efdcd32bef468ac8546e058cbf5e3"}
{"block_number": 36, "miner_hash": "0x63F92659165fb2929413Fb71667aa95764ef3773", "block_hash": "0xcd0558ed3e39321c6e6826ff9130e80e8a35d845f7b2d2c96cfd70aadb06fac9", "block_time": 1703689008, "block_parent": "0xc06cf0bafedee651a6e298b9279d5dc4063fa30ecfd8a806c09990d9cfd0cf55"}
{"block_number": 37, "miner_hash": "0x43e6e61Eb3B9f58440B78211e387ECbD86cB60d5", "block_hash": "0x86c84da829b1ad41d854c27893202cb9ad227ae1588257cc054a68f6e5989983", "block_time": 1703689009, "block_parent": "0xcd0558ed3e39321c6e6826ff9130e80e8a35d845f7b2d2c96cfd70aadb06fac9"}
{"block_number": 38, "miner_hash": "0x48d6eB9d722A0aE02a5798C0938E344653C6b36b", "block_hash": "0xb6e8025d1995684c48a92e10a48b66d1c31f75c4a74bad907c3fbca6db957c2c", "block_time": 1703689010, "block_parent": "0x86c84da829b1ad41d854c27893202cb9ad227ae1588257cc054a68f6e5989983"}
{"block_number": 39, "miner_hash": "0x48d6eB9d722A0aE02a5798C0938E344653C6b36b", "block_hash": "0x63d914f1f02e6c6dc66df76e4948ef5e01feafa7f336dcd678ec466cb34d4c6f", "block_time": 1703689011, "block_parent": "0xb6e8025d1995684c48a92e10a48b66d1c31f75c4a74bad907c3fbca6db957c2c"}
{"block_number": 40, "miner_hash": "0xc5b8e0f6052691D92A718CE7b22342622e3083Cb", "block_hash": "0x52f96f5619eb5791edfed52bd71fa6545263e5d0fd07194dab4350b0052e59a0", "block_time": 1703689012, "block_parent": "0x63d914f1f02e6c6dc66df76e4948ef5e01feafa7f336dcd678ec466cb34d4c6f"}
{"block_number": 41, "miner_hash": "0xDA5A2B4eF7668cD801B2cc1Fb3586C25d0366DDc", "block_hash": "0xb8929d274ba7a025552389055220a3845ae14ca98b6af4c247790089c09cc2cf", "block_time": 1703689013, "block_parent": "0x52f96f5619eb5791edfed52bd71fa6545263e5d0fd07194dab4350b0052e59a0"}
{"block_number": 42, "miner_hash": "0xDE27747eB3B843D0AB96893719b34F313972ab57", "block_hash": "0x49c81233b51d299064afb0b34746686ff02a494bb23e9d9cb97042ff80d818bf", "block_time": 1703689014, "block_parent": "0xb8929d274ba7a025552389055220a3845ae14ca98b6af4c247790089c09cc2cf"}
{"block_number": 43, "miner_hash": "0x48d6eB9d722A0aE02a5798C0938E344653C6b36b", "block_hash": "0x4326875e6a9234988c7cfd8dc3174cfae706d74babdb7f4be0b709807042bede", "block_time": 1703689015, "block_parent": "0x49c81233b51d299064afb0b34746686ff02a494bb23e9d9cb97042ff80d818bf"}
{"block_number": 44, "miner_hash": "0x48d6eB9d722A0aE02a5798C0938E344653C6b36b", "block_hash": "0x649a9f75954f08444398f9b801b9b5b8cae6054f34482d4511787b91ae4cbdf1", "block_time": 1703689016, "block_parent": "0x4326875e6a9234988c7cfd8dc3174cfae706d74babdb7f4be0b709807042bede"}
{"block_number": 45, "miner_hash": "0xDA5A2B4eF7668cD801B2cc1Fb3586C25d0366DDc", "block_hash": "0xcaeb361ef9b66f2f80b4c4568d1be49407782829b5fbf9b0536bb41724487d00", "block_time": 1703689017, "block_parent": "0x649a9f75954f08444398f9b801b9b5b8cae6054f34482d4511787b91ae4cbdf1"}
{"block_number": 46, "miner_hash": "0xcf949f329583274618eeDfD56C993381c24fb93C", "block_hash": "0xae4d3a3183972b75e52246f5194ee5b3ff1845745a1da5aaf86a9c916250d87a", "block_time": 1703689018, "block_parent": "0xcaeb361ef9b66f2f80b4c4568d1be49407782829b5fbf9b0536bb41724487d00"}
{"block_number": 47, "miner_hash": "0x48d6eB9d722A0aE02a5798C0938E344653C6b36b", "block_hash": "0x697879f8fdb54cb4ab890fb5f3a578c3ec887d0df2de23849443ba405c430e3c", "block_time": 1703689019, "block_parent": "0xae4d3a3183972b75e52246f5194ee5b3ff1845745a1da5aaf86a9c916250d87a"}
{"block_number": 48, "miner_hash": "0x43e6e61Eb3B9f58440B78211e387ECbD86cB60d5", "block_hash": "0x6c9eae8f9ad5ff4d193bd60181f250d074c7c0eefda29635f532950aa4533222", "block_time": 1703689020, "block_parent": "0x697879f8fdb54cb4ab890fb5f3a578c3ec887d0df2de23849443ba405c430e3c"}
{"block_number": 49, "miner_hash": "0xcf949f329583274618eeDfD56C993381c24fb93C", "block_hash": "0x71ee7f737ad7c64b248b62bdf3776e89fe47ae8ba41d904951ebdda27166c722", "block_time": 1703689021, "block_parent": "0x6c9eae8f9ad5ff4d193bd60181f250d074c7c0eefda29635f532950aa4533222"}
{"block_number": 50, "miner_hash": "0x43e6e61Eb3B9f58440B78211e387ECbD86cB60d5", "block_hash": "0xc832a459cc217e359331045308ff727fac836f4e3f9dc0158b00561668cf9580", "block_time": 1703689022, "block_parent": "0x71ee7f737ad7c64b248b62bdf3776e89fe47ae8ba41d904951ebdda27166c722"}
{"block_number": 51, "miner_hash": "0xDA5A2B4eF7668cD801B2cc1Fb3586C25d0366DDc", "block_hash": "0x23a7937db90b127345abc0504b6fec95e7e05de5d8fbe3472350eedc395c5a05", "block_time": 1703689023, "block_parent": "0xc832a459cc217e359331045308ff727fac836f4e3f9dc0158b00561668cf9580"}
{"block_number": 52, "miner_hash": "0xc5b8e0f6052691D92A718CE7b22342622e3083Cb", "block_hash": "0x41523ebaf6938d87585380404e71b93708bf21a673f6f664f1a255cdf3f8151c", "block_time": 1703689024, "block_parent": "0x23a7937db90b127345abc0504b6fec95e7e05de5d8fbe3472350eedc395c5a05"}
{"block_number": 53, "miner_hash": "0x48d6eB9d722A0aE02a5798C0938E344653C6b36b", "block_hash": "0x6b0f78d03c8934b8bce31c8710dabbc26c1c90a346759ec6855abeb0755ee1c5", "block_time": 1703689025, "block_parent": "0x41523ebaf6938d87585380404e71b93708bf21a673f6f664f1a255cdf3f8151c"}
{"block_number": 54, "miner_hash": "0x48d6eB9d722A0aE02a5798C0938E344653C6b36b", "block_hash": "0x767c608b2ed2a1b42700f0380a275fb0724dbc240104c87563aca074309ac9db", "block_time": 1703689026, "block_parent": "0x6b0f78d03c8934b8bce31c8710dabbc26c1c90a346759ec6855abeb0755ee1c5"}
{"block_number": 55, "miner_hash": "0x63F92659165fb2929413Fb71667aa95764ef3773", "block_hash": "0xe11045466627f870e032667b1be36fd30e66699a40ca2993e9884af1ff1479d4", "block_time": 1703689027, "block_parent": "0x767c608b2ed2a1b42700f0380a275fb0724dbc240104c87563aca074309ac9db"}
{"block_number": 56, "miner_hash": "0x63F92659165fb2929413Fb71667aa95764ef3773", "block_hash": "0xb71787535e46c994445b8badc10062134d53a665a1084b143cd034107e9f7813", "block_time": 1703689028, "block_parent": "0xe11045466627f870e032667b1be36fd30e66699a40ca2993e9884af1ff1479d4"}
{"block_number": 57, "miner_hash": "0xDE27747eB3B843D0AB96893719b34F313972ab57", "block_hash": "0x1658c1dd396e785190da8571f902e77d4eed74ea05292bfba9adf19f54b387ff", "block_time": 1703689029, "block_parent": "0xb71787535e46c994445b8badc10062134d53a665a1084b143cd034107e9f7813"}
{"block_number": 58, "miner_hash": "0x43e6e61Eb3B9f58440B78211e387ECbD86cB60d5", "block_hash": "0x628763e0471778543447ba6483bf48bacb460a657d62fee5b55b0cca739a68ac", "block_time": 1703689030, "block_parent": "0x1658c1dd396e785190da8571f902e77d4eed74ea05292bfba9adf19f54b387ff"}
{"block_number": 59, "miner_hash": "0xcf949f329583274618eeDfD56C993381c24fb93C", "block_hash": "0x3f9d3be4c94ce93105db23dd9faecba2b5a9c698b3759a786260f8639fdcd3d7", "block_time": 1703689031, "block_parent": "0x628763e0471778543447ba6483bf48bacb460a657d62fee5b55b0cca739a68ac"}
{"block_number": 60, "miner_hash": "0x48d6eB9d722A0aE02a5798C0938E344653C6b36b", "block_hash": "0xc7ca9b0df5505a802d4e26dfb5118367ecaa0ccf3aa1fde245831c27d3a77b94", "block_time": 1703689032, "block_parent": "0x3f9d3be4c94ce93105db23dd9faecba2b5a9c698b3759a786260f8639fdcd3d7"}
{"block_number": 61, "miner_hash": "0xDA5A2B4eF7668cD801B2cc1Fb3586C25d0366DDc", "block_hash": "0x7f904f9b452b6bb9516868f5a2661568507eb60324a4a8c373267dc6b39e88af", "block_time": 1703689033, "block_parent": "0xc7ca9b0df5505a802d4e26dfb5118367ecaa0ccf3aa1fde245831c27d3a77b94"}
{"block_number": 62, "miner_hash": "0x48d6eB9d722A0aE02a5798C0938E344653C6b36b", "block_hash": "0xee8b27dea0e49a6d395d242abae4204e5e2efa5dd78fe8abe032c2337a7cb1cd", "block_time": 1703689034, "block_parent": "0x7f904f9b452b6bb9516868f5a2661568507eb60324a4a8c373267dc6b39e88af"}
{"block_number": 63, "miner_hash": "0xDE27747eB3B843D0AB96893719b34F313972ab57", "block_hash": "0x1247966ce232a6094ca3c45db312f1c3df03d07f38f0a27a319e347b610839f2", "block_time": 1703689035, "block_parent": "0xee8b27dea0e49a6d395d242abae4204e5e2efa5dd78fe8abe032c2337a7cb1cd"}
{"block_number": 64, "miner_hash": "0xDA5A2B4eF7668cD801B2cc1Fb3586C25d0366DDc", "block_hash": "0x4d61d9f1932514697f628d57b449855b4b28fa01383a0ecac52c343373d90ed4", "block_time": 1703689036, "block_parent": "0x1247966ce232a6094ca3c45db312f1c3df03d07f38f0a27a319e347b610839f2"}
{"block_number": 65, "miner_hash": "0x48d6eB9d722A0aE02a5798C0938E344653C6b36b", "block_hash": "0xe9ef47a602103989cd6afb489ab590eb90f80310d60dbccaada9641bdc87e0c2", "block_time": 1703689037, "block_parent": "0x4d61d9f1932514697f628d57b449855b4b28fa01383a0ecac52c343373d90ed4"}
{"block_number": 66, "miner_hash": "0xcf949f329583274618eeDfD56C993381c24fb93C", "block_hash": "0x9b86d1b418fdc6a26967d01776ed14c4507153fe8253e63719066f8107b73bc6", "block_time": 1703689038, "block_parent": "0xe9ef47a602103989cd6afb489ab590eb90f80310d60dbccaada9641bdc87e0c2"}
{"block_number": 67, "miner_hash": "0x1F0C3Ca34066546bA229A5E18801e6F4f1f2F3d5", "block_hash": "0xca6d2d1cc4c5ac309fb34f24c6cfc72290df284cfc3928dba97cef08857b4357", "block_time": 1703689039, "block_parent": "0x9b86d1b418fdc6a26967d01776ed14c4507153fe8253e63719066f8107b73bc6"}
{"block_number": 68, "miner_hash": "0x68C802Fe19d47Ea9151AEFEa6e1f128cC3eeCB6F", "block_hash": "0xc0b6135d4ad3436a824b280aa48cfa2056ff76773c70cb5fb85549fbe9c83846", "block_time": 1703689040, "block_parent": "0xca6d2d1cc4c5ac309fb34f24c6cfc72290df284cfc3928dba97cef08857b4357"}
{"block_number": 69, "miner_hash": "0x63F92659165fb2929413Fb71667aa95764ef3773", "block_hash": "0x7750ecebcba21b49226bbeb6f95cdbd444b6cc3550887324298838f2e87b87a4", "block_time": 1703689041, "block_parent": "0xc0b6135d4ad3436a824b280aa48cfa2056ff76773c70cb5fb85549fbe9c83846"}
{"block_number": 70, "miner_hash": "0xDA5A2B4eF7668cD801B2cc1Fb3586C25d0366DDc", "block_hash": "0x09446437e51526756bc8a3c5fa088672876bb32ac1ffa71c18e333d437ec9db0", "block_time": 1703689042, "block_parent": "0x7750ecebcba21b49226bbeb6f95cdbd444b6cc3550887324298838f2e87b87a4"}
{"block_number": 71, "miner_hash": "0x1F0C3Ca34066546bA229A5E18801e6F4f1f2F3d5", "block_hash": "0x196fef167abf2659f0ee9c2572999c156c35c5349cd6c040e896b5591f094c1e", "block_time": 1703689043, "block_parent": "0x09446437e51526756bc8a3c5fa088672876bb32ac1ffa71c18e333d437ec9db0"}
{"block_number": 72, "miner_hash": "0x1F0C3Ca34066546bA229A5E18801e6F4f1f2F3d5", "block_hash": "0x370d348436570e4788f47685f58e1110d65c95193239c0b7b494c3697f6abbc8", "block_time": 1703689044, "block_parent": "0x196fef167abf2659f0ee9c2572999c156c35c5349cd6c040e896b5591f094c1e"}
{"block_number": 73, "miner_hash": "0x43e6e61Eb3B9f58440B78211e387ECbD86cB60d5", "block_hash": "0x5a5dfa2621c0af658f6c6bf7e0693c03421e236d101de82fdc324a2d02005013", "block_time": 1703689045, "block_parent": "0x370d348436570e4788f47685f58e1110d65c95193239c0b7b494c3697f6abbc8"}
{"block_number": 74, "miner_hash": "0x48d6eB9d722A0aE02a5798C0938E344653C6b36b", "block_hash": "0x11f1e70e90a2722f008bf5278266fe343f3fc787db5e642beb75833ef4a96e02", "block_time": 1703689046, "block_parent": "0x5a5dfa2621c0af658f6c6bf7e0693c03421e236d101de82fdc324a2d02005013"}
{"block_number": 75, "miner_hash": "0xcf949f329583274618eeDfD56C993381c24fb93C", "block_hash": "0x5a6398ce95902b59e020311285d7e0cf5ce79344e22a6a8bcefc16dfa8864bc8", "block_time": 1703689047, "block_parent": "0x11f1e70e90a2722f008bf5278266fe343f3fc787db5e642beb75833ef4a96e02"}
{"block_number": 76, "miner_hash": "0xDA5A2B4eF7668cD801B2cc1Fb3586C25d0366DDc", "block_hash": "0x7ca069861af182a9991dd13ec039a194bb4e63f7b6f5eb3642cfff56fbf1aeb7", "block_time": 1703689048, "block_parent": "0x5a6398ce95902b59e020311285d7e0cf5ce79344e22a6a8bcefc16dfa8864bc8"}
{"block_number": 77, "miner_hash": "0x68C802Fe19d47Ea9151AEFEa6e1f128cC3eeCB6F", "block_hash": "0x6ea2a07bb82fb83244203a4b3b5c035ef42ad17b85e60561ae816512102c5ea1", "block_time": 1703689049, "block_parent": "0x7ca069861af182a9991dd13ec039a194bb4e63f7b6f5eb3642cfff56fbf1aeb7"}
{"block_number": 78, "miner_hash": "0x48d6eB9d722A0aE02a5798C0938E344653C6b36b", "block_hash": "0x564948fa82db6110f75cfc00ebe3534e74fce7e59defa267d7bd632848b26da7", "block_time": 1703689050, "block_parent": "0x6ea2a07bb82fb83244203a4b3b5c035ef42ad17b85e60561ae816512102c5ea1"}
{"block_number": 79, "miner_hash": "0x1F0C3Ca34066546bA229A5E18801e6F4f1f2F3d5", "block_hash": "0x40ce321db4770dbebfeb8b6c25222bc98bc56cca599bfe6e9057d5b29d9c1f1f", "block_time": 1703689051, "block_parent": "0x564948fa82db6110f75cfc00ebe3534e74fce7e59defa267d7bd632848b26da7"}
{"block_number": 80, "miner_hash": "0x63F92659165fb2929413Fb71667aa95764ef3773", "block_hash": "0xbc849af661e1f4200550ae95c46d1785903a887fd89da14ff15fa2dba70aef9d", "block_time": 1703689052, "block_parent": "0x40ce321db4770dbebfeb8b6c25222bc98bc56cca599bfe6e9057d5b29d9c1f1f"}
{"block_number": 81, "miner_hash": "0x43e6e61Eb3B9f58440B78211e387ECbD86cB60d5", "block_hash": "0x4ace263d0835a6c0153994a1f6952b60d17176f0f2307f7b082e13d3f77a0195", "block_time": 1703689053, "block_parent": "0xbc849af661e1f4200550ae95c46d1785903a887fd89da14ff15fa2dba70aef9d"}
{"block_number": 82, "miner_hash": "0x1F0C3Ca34066546bA229A5E18801e6F4f1f2F3d5", "block_hash": "0xd18a92708cf362dabcb567712232c590f5017f2bd070caecba22458c08a76c66", "block_time": 1703689054, "block_parent": "0x4ace263d0835a6c0153994a1f6952b60d17176f0f2307f7b082e13d3f77a0195"}
{"block_number": 83, "miner_hash": "0x68C802Fe19d47Ea9151AEFEa6e1f128cC3eeCB6F", "block_hash": "0x63b9afd63d922320372f4abbb5514b711746abdd3c3a743722da1beeb308478a", "block_time": 1703689055, "block_parent": "0xd18a92708cf362dabcb567712232c590f5017f2bd070caecba22458c08a76c66"}
{"block_number": 84, "miner_hash": "0x48d6eB9d722A0aE02a5798C0938E344653C6b36b", "block_hash": "0x0879febd86fe90201947a17bda8c0396e89f05bca45ffcb341922cda278be4c7", "block_time": 1703689056, "block_parent": "0x63b9afd63d922320372f4abbb5514b711746abdd3c3a743722da1beeb308478a"}
{"block_number": 85, "miner_hash": "0xDE27747eB3B843D0AB96893719b34F313972ab57", "block_hash": "0xdc93c749b149eec0a9582935267d6f4a18878851d4731493137330aae6c7001d", "block_time": 1703689057, "block_parent": "0x0879febd86fe90201947a17bda8c0396e89f05bca45ffcb341922cda278be4c7"}
{"block_number": 85, "miner_hash": "0xDA5A2B4eF7668cD801B2cc1Fb3586C25d0366DDc", "block_hash": "0xa8e4f0da49b0676cc83b4a0ad23c75d14c12457a9d513e2bf5370a35b0b81ed9", "block_time": 1703689057, "block_parent": "0x0879febd86fe90201947a17bda8c0396e89f05bca45ffcb341922cda278be4c7"}
{"block_number": 87, "miner_hash": "0xDE27747eB3B843D0AB96893719b34F313972ab57", "block_hash": "0x8110e9a5f80ca1749a07e08b9409b7b4bb679a079902db1ddb36478901f6f71a", "block_time": 1703689059, "block_parent": "0x30394b229c18214d4dd9ddfc7a85b12e310d65f8685c827a591c2dd189e8a466"}
{"block_number": 87, "miner_hash": "0xDE27747eB3B843D0AB96893719b34F313972ab57", "block_hash": "0x8110e9a5f80ca1749a07e08b9409b7b4bb679a079902db1ddb36478901f6f71a", "block_time": 1703689059, "block_parent": "0x30394b229c18214d4dd9ddfc7a85b12e310d65f8685c827a591c2dd189e8a466"}
{"block_number": 88, "miner_hash": "0x68C802Fe19d47Ea9151AEFEa6e1f128cC3eeCB6F", "block_hash": "0x6de4cf4879258a3f5f98c8f7e80354d09fcd5a355939b0d20127da729b9e1d3f", "block_time": 1703689060, "block_parent": "0x8110e9a5f80ca1749a07e08b9409b7b4bb679a079902db1ddb36478901f6f71a"}
{"block_number": 90, "miner_hash": "0x48d6eB9d722A0aE02a5798C0938E344653C6b36b", "block_hash": "0x0ea01e0a390ae8df9dbf37d92d4bca0c3c7956cd95bf138b7a3fdea9c7acb973", "block_time": 1703689062, "block_parent": "0x36966eb02e8b2e08036752c354ae8dd8ec5bc9866ea2bf614602b89b60491925"}
{"block_number": 97, "miner_hash": "0x43e6e61Eb3B9f58440B78211e387ECbD86cB60d5", "block_hash": "0xe6fac809834e7fa7119f2db94e35c4611e68e70af573de054cfa13dcdbe272a0", "block_time": 1703689069, "block_parent": "0x04e8b3a8feaa7f6d373e4b307170cd13e1cd1ed1f2b07512e9727a386124769b"}
{"block_number": 98, "miner_hash": "0xDE27747eB3B843D0AB96893719b34F313972ab57", "block_hash": "0xd38356cf9a1848c008433a448c255089b110aeb8ca824ed47d6393321982691a", "block_time": 1703689070, "block_parent": "0xe6fac809834e7fa7119f2db94e35c4611e68e70af573de054cfa13dcdbe272a0"}
{"block_number": 99, "miner_hash": "0x1F0C3Ca34066546bA229A5E18801e6F4f1f2F3d5", "block_hash": "0xc68d7abccf76b4821b1db501c23167bd78acee4dbfe4eb8e78f1c9f08bbc2b04", "block_time": 1703689071, "block_parent": "0xd38356cf9a1848c008433a448c255089b110aeb8ca824ed47d6393321982691a"}
{"block_number": 100, "miner_hash": "0x68C802Fe19d47Ea9151AEFEa6e1f128cC3eeCB6F", "block_hash": "0xdd0f73869c3515cbc9bfe5eb8d1300d81b14c53aa01e0374b1a14ffe7a436d83", "block_time": 1703689072, "block_parent": "0xc68d7abccf76b4821b1db501c23167bd78acee4dbfe4eb8e78f1c9f08bbc2b04"}
{"block_number": 100, "miner_hash": "0x68C802Fe19d47Ea9151AEFEa6e1f128cC3eeCB6F", "block_hash": "0xdd0f73869c3515cbc9bfe5eb8d1300d81b14c53aa01e0374b1a14ffe7a436d83", "block_time": 1703689072, "block_parent": "0xc68d7abccf76b4821b1db501c23167bd78acee4dbfe4eb8e78f1c9f08bbc2b04"}
{"block_number": 101, "miner_hash": "0x63F92659165fb2929413Fb71667aa95764ef3773", "block_hash": "0x9ed535434c71463ceb3c1977aa10f78600e7e67ba8989251cb6f525aae5158ff", "block_time": 1703689073, "block_parent": "0x80382687dcca5088e406175450e1a574c908e72f0219e9b332c8f881d26fa60c"}
{"block_number": 102, "miner_hash": "0x43e6e61Eb3B9f58440B78211e387ECbD86cB60d5", "block_hash": "0x489060002a2ee3a629e30cbe92d773f7542b19bf24e8af0b0ee13317e98b03d5", "block_time": 1703689074, "block_parent": "0x9ed535434c71463ceb3c1977aa10f78600e7e67ba8989251cb6f525aae5158ff"}
{"block_number": 103, "miner_hash": "0x43e6e61Eb3B9f58440B78211e387ECbD86cB60d5", "block_hash": "0x1eb6521032938f2b7e48638ab21e5b0d4b44ee4983b50faf3589b89b721acc97", "block_time": 1703689075, "block_parent": "0x489060002a2ee3a629e30cbe92d773f7542b19bf24e8af0b0ee13317e98b03d5"}
{"block_number": 104, "miner_hash": "0x68C802Fe19d47Ea9151AEFEa6e1f128cC3eeCB6F", "block_hash": "0x314f7318eb3149e02e697abd7a3ad5b1026f11511aa47e24b34f6f11f9b23f2a", "block_time": 1703689076, "block_parent": "0x1eb6521032938f2b7e48638ab21e5b0d4b44ee4983b50faf3589b89b721acc97"}
{"block_number": 105, "miner_hash": "0x43e6e61Eb3B9f58440B78211e387ECbD86cB60d5", "block_hash": "0xfd740a4903c7af64276fee9f3d7aabf05e993958307090b8d0e20179a745ac5b", "block_time": 1703689077, "block_parent": "0xf47741771c8b7da56f35b2ded22af08be5ce11240dc5637e5de7a08d126f91af"}
{"block_number": 106, "miner_hash": "0x43e6e61Eb3B9f58440B78211e387ECbD86cB60d5", "block_hash": "0x82ceaf5fba47f1857f71d361d32e9bf2945a21dd4cb0bd7aeb6e33ab2c6d66a9", "block_time": 1703689078, "block_parent": "0xfd740a4903c7af64276fee9f3d7aabf05e993958307090b8d0e20179a745ac5b"}
{"block_number": 107, "miner_hash": "0x63F92659165fb2929413Fb71667aa95764ef3773", "block_hash": "0xd498f3df0f5d4a2d3b2eca9491e1ddc228874ec3d1f37824afa99c6025ec3120", "block_time": 1703689079, "block_parent": "0x82ceaf5fba47f1857f71d361d32e9bf2945a21dd4cb0bd7aeb6e33ab2c6d66a9"}
{"block_number": 108, "miner_hash": "0x43e6e61Eb3B9f58440B78211e387ECbD86cB60d5", "block_hash": "0xb8fa4e675e38755f1b97b0701990d85eb6f000a98fbd1a1de5e7daa164c42b7f", "block_time": 1703689080, "block_parent": "0xd498f3df0f5d4a2d3b2eca9491e1ddc228874ec3d1f37824afa99c6025ec3120"}
{"block_number": 109, "miner_hash": "0xc5b8e0f6052691D92A718CE7b22342622e3083Cb", "block_hash": "0xb9545237cff17c930f860f3f09e3051e9bf35ac74287d3bfc825a906ff01bd9e", "block_time": 1703689081, "block_parent": "0xb8fa4e675e38755f1b97b0701990d85eb6f000a98fbd1a1de5e7daa164c42b7f"}
{"block_number": 110, "miner_hash": "0xc5b8e0f6052691D92A718CE7b22342622e3083Cb", "block_hash": "0xe4460fd4a1b2f8524d09f2c8300aad567cb99535d5f3743f81a6c6857a73193b", "block_time": 1703689082, "block_parent": "0xb9545237cff17c930f860f3f09e3051e9bf35ac74287d3bfc825a906ff01bd9e"}
{"block_number": 111, "miner_hash": "0xcf949f329583274618eeDfD56C993381c24fb93C", "block_hash": "0xbb76a9f9bb3930e4d3def3df3a5557ae9c07defa7c8dc039dd0496318c0df4c4", "block_time": 1703689083, "block_parent": "0xe4460fd4a1b2f8524d09f2c8300aad567cb99535d5f3743f81a6c6857a73193b"}
{"block_number": 112, "miner_hash": "0x63F92659165fb2929413Fb71667aa95764ef3773", "block_hash": "0x3279be13d36b08f2d860ad2ccb61d430b8c69b5d167ec85cc095cea16c7059e2", "block_time": 1703689084, "block_parent": "0xbb76a9f9bb3930e4d3def3df3a5557ae9c07defa7c8dc039dd0496318c0df4c4"}
{"block_number": 113, "miner_hash": "0xDE27747eB3B843D0AB96893719b34F313972ab57", "block_hash": "0xb0b9f0aab22e02695e942cd3aa3c07a92d5de310ea07e7275c68552bcffae9bf", "block_time": 1703689085, "block_parent": "0x3279be13d36b08f2d860ad2ccb61d430b8c69b5d167ec85cc095cea16c7059e2"}
{"block_number": 114, "miner_hash": "0xcf949f329583274618eeDfD56C993381c24fb93C", "block_hash": "0x0d0adf407991b6412a968a59cb87d3d32363469d0b16d6bdbe5a13757870add2", "block_time": 1703689086, "block_parent": "0xb0b9f0aab22e02695e942cd3aa3c07a92d5de310ea07e7275c68552bcffae9bf"}
{"block_number": 115, "miner_hash": "0xc5b8e0f6052691D92A718CE7b22342622e3083Cb", "block_hash": "0xb8c6d0c146a93cf0647c018f32703775631adcfbe08dc0e868fe93e14d00cb1f", "block_time": 1703689087, "block_parent": "0x0d0adf407991b6412a968a59cb87d3d32363469d0b16d6bdbe5a13757870add2"}
{"block_number": 116, "miner_hash": "0x63F92659165fb2929413Fb71667aa95764ef3773", "block_hash": "0x8563afdce2b471c9ad5e3efa66fbfecff11b8e912012779bae6b1a3e6bf5d337", "block_time": 1703689088, "block_parent": "0xb8c6d0c146a93cf0647c018f32703775631adcfbe08dc0e868fe93e14d00cb1f"}
{"block_number": 117, "miner_hash": "0x48d6eB9d722A0aE02a5798C0938E344653C6b36b", "block_hash": "0x63c2073c2a78dc2a2b384cbc78b5dbc2b32ccf0de869a4c846277c7a24d958ed", "block_time": 1703689089, "block_parent": "0x8563afdce2b471c9ad5e3efa66fbfecff11b8e912012779bae6b1a3e6bf5d337"}
{"block_number": 118, "miner_hash": "0x1F0C3Ca34066546bA229A5E18801e6F4f1f2F3d5", "block_hash": "0xe10cba69c48eb3dfc57c80c2b0ae38019b55929197c36aa87ad196f2482c30d9", "block_time": 1703689090, "block_parent": "0x63c2073c2a78dc2a2b384cbc78b5dbc2b32ccf0de869a4c846277c7a24d958ed"}
{"block_number": 119, "miner_hash": "0xDE27747eB3B843D0AB96893719b34F313972ab57", "block_hash": "0x88443b4c6d0acde2bdbaa6a134b524d77df7b1aae70f5209fbced5f2f5e73067", "block_time": 1703689091, "block_parent": "0xe10cba69c48eb3dfc57c80c2b0ae38019b55929197c36aa87ad196f2482c30d9"}
{"block_number": 120, "miner_hash": "0x43e6e61Eb3B9f58440B78211e387ECbD86cB60d5", "block_hash": "0x63cb77856881ff7d980d0f3c85c90ad796279f2ad02e79fe95abb9caf6f60b9e", "block_time": 1703689092, "block_parent": "0x88443b4c6d0acde2bdbaa6a134b524d77df7b1aae70f5209fbced5f2f5e73067"}
{"block_number": 121, "miner_hash": "0xDE27747eB3B843D0AB96893719b34F313972ab57", "block_hash": "0xd5d413582b7e6a3a95debe990d3c5150930fd66826db2dc42f6a81f702a29d01", "block_time": 1703689093, "block_parent": "0x1d39023a16d57ce526ae0bd71646783de544ab5144065be73a633fed2a8e45fe"}
{"block_number": 122, "miner_hash": "0x48d6eB9d722A0aE02a5798C0938E344653C6b36b", "block_hash": "0x04f6708d93e0f9f2b915af81322542777c365e41771cc8c8a978b0aec9131630", "block_time": 1703689094, "block_parent": "0xd5d413582b7e6a3a95debe990d3c5150930fd66826db2dc42f6a81f702a29d01"}
{"block_number": 124, "miner_hash": "0x63F92659165fb2929413Fb71667aa95764ef3773", "block_hash": "0x0f13e86e50c354841c9d9c3066f0f8813794aa0f1f95c17de6addff03ac35d09", "block_time": 1703689096, "block_parent": "0xa1b26be7fbf0315b986214e4cd5b28e0293ff44adcff44d67c38ac77068df934"}
{"block_number": 124, "miner_hash": "0x1F0C3Ca34066546bA229A5E18801e6F4f1f2F3d5", "block_hash": "0x550f68d2a0bd9af14755fe957e6505fe89543a757cb5e4d998ec1c25427e6c6c", "block_time": 1703689096, "block_parent": "0xa1b26be7fbf0315b986214e4cd5b28e0293ff44adcff44d67c38ac77068df934"}
{"block_number": 125, "miner_hash": "0x68C802Fe19d47Ea9151AEFEa6e1f128cC3eeCB6F", "block_hash": "0xa5f2d8b965c75299fc8828f9a8e7ab8fff007cdcda294880fa7b4f4805c909ef", "block_time": 1703689097, "block_parent": "0x550f68d2a0bd9af14755fe957e6505fe89543a757cb5e4d998ec1c25427e6c6c"}
{"block_number": 126, "miner_hash": "0xDA5A2B4eF7668cD801B2cc1Fb3586C25d0366DDc", "block_hash": "0xdacca4341f6a7e422450920a12a475367b9b227a25851b585e864d5060a0051c", "block_time": 1703689098, "block_parent": "0xa5f2d8b965c75299fc8828f9a8e7ab8fff007cdcda294880fa7b4f4805c909ef"}
{"block_number": 127, "miner_hash": "0x63F92659165fb2929413Fb71667aa95764ef3773", "block_hash": "0xdae7b84a44e403eb408f07762944840d11390838a9e87237462debae06a4117f", "block_time": 1703689099, "block_parent": "0xdacca4341f6a7e422450920a12a475367b9b227a25851b585e864d5060a0051c"}
{"block_number": 128, "miner_hash": "0xDA5A2B4eF7668cD801B2cc1Fb3586C25d0366DDc", "block_hash": "0x2f4f6f5e245212c457b1ec2353ff8027765416d204692a7eb7174de39b2ade9b", "block_time": 1703689100, "block_parent": "0xdae7b84a44e403eb408f07762944840d11390838a9e87237462debae06a4117f"}
{"block_number": 129, "miner_hash": "0x1F0C3Ca34066546bA229A5E18801e6F4f1f2F3d5", "block_hash": "0xf22f92fb22accfea61ce69a721989f0159cccbab769c948d99e0a86ca4ffab06", "block_time": 1703689101, "block_parent": "0x2f4f6f5e245212c457b1ec2353ff8027765416d204692a7eb7174de39b2ade9b"}
{"block_number": 130, "miner_hash": "0xcf949f329583274618eeDfD56C993381c24fb93C", "block_hash": "0xb74b78760b746c86bd362647c95d0bbdbb162cc792ba158a8a8b590306c40400", "block_time": 1703689102, "block_parent": "0xf22f92fb22accfea61ce69a721989f0159cccbab769c948d99e0a86ca4ffab06"}
{"block_number": 131, "miner_hash": "0xDE27747eB3B843D0AB96893719b34F313972ab57", "block_hash": "0x9d6a00884f894c6d4ce6c487c2e0d9eef73efcbcab2993d97d580dc3a7292155", "block_time": 1703689103, "block_parent": "0xb74b78760b746c86bd362647c95d0bbdbb162cc792ba158a8a8b590306c40400"}
{"block_number": 132, "miner_hash": "0x1F0C3Ca34066546bA229A5E18801e6F4f1f2F3d5", "block_hash": "0x9c16f4822a76ad1cbd589b5f942d1feaaea896b9d60186299b57095cadd6a8d4", "block_time": 1703689104, "block_parent": "0x9d6a00884f894c6d4ce6c487c2e0d9eef73efcbcab2993d97d580dc3a7292155"}
{"block_number": 133, "miner_hash": "0x63F92659165fb2929413Fb71667aa95764ef3773", "block_hash": "0x426f75762b8ce139515494462ee74352b72450294ffd12992d8d5a56489fe9af", "block_time": 1703689105, "block_parent": "0x9c16f4822a76ad1cbd589b5f942d1feaaea896b9d60186299b57095cadd6a8d4"}
{"block_number": 134, "miner_hash": "0x48d6eB9d722A0aE02a5798C0938E344653C6b36b", "block_hash": "0xa6b47d5774a1eea03bf999a4a905d477028a5104cff20399ea1d5a42d814befe", "block_time": 1703689106, "block_parent": "0x426f75762b8ce139515494462ee74352b72450294ffd12992d8d5a56489fe9af"}
{"block_number": 135, "miner_hash": "0x68C802Fe19d47Ea9151AEFEa6e1f128cC3eeCB6F", "block_hash": "0x210a06abed902cdd57505f8a2c600e463631b7a27d3f6dee1feef8bb3c6fb110", "block_time": 1703689107, "block_parent": "0xa6b47d5774a1eea03bf999a4a905d477028a5104cff20399ea1d5a42d814befe"}
{"block_number": 136, "miner_hash": "0x68C802Fe19d47Ea9151AEFEa6e1f128cC3eeCB6F", "block_hash": "0x5dc6b6de20d92353b84074d03be8419f4de605d264745d88109b0c3b173a04e0", "block_time": 1703689108, "block_parent": "0x210a06abed902cdd57505f8a2c600e463631b7a27d3f6dee1feef8bb3c6fb110"}
{"block_number": 137, "miner_hash": "0x63F92659165fb2929413Fb71667aa95764ef3773", "block_hash": "0xc1d497e10c9bd7952895357bd829264e829a62ed60ed561a248a5ea5e92dfa75", "block_time": 1703689109, "block_parent": "0x5dc6b6de20d92353b84074d03be8419f4de605d264745d88109b0c3b173a04e0"}
{"block_number": 138, "miner_hash": "0xDE27747eB3B843D0AB96893719b34F313972ab57", "block_hash": "0x7d123fde74fad7f045a2d8a89ef991d57dffb6775c61f85f780d821a7064e3c5", "block_time": 1703689110, "block_parent": "0xc1d497e10c9bd7952895357bd829264e829a62ed60ed561a248a5ea5e92dfa75"}
{"block_number": 139, "miner_hash": "0xDE27747eB3B843D0AB96893719b34F313972ab57", "block_hash": "0x6da0198bcad90bcb2d2e6d9e821aa67399f06f236dd202d54fcd4fdef359c800", "block_time": 1703689111, "block_parent": "0x7d123fde74fad7f045a2d8a89ef991d57dffb6775c61f85f780d821a7064e3c5"}
{"block_number": 140, "miner_hash": "0x1F0C3Ca34066546bA229A5E18801e6F4f1f2F3d5", "block_hash": "0x54eb7a125175e5773584bb327289a300598391ddaec46be18b35aca4c726219c", "block_time": 1703689112, "block_parent": "0x6da0198bcad90bcb2d2e6d9e821aa67399f06f236dd202d54fcd4fdef359c800"}
{"block_number": 141, "miner_hash": "0x63F92659165fb2929413Fb71667aa95764ef3773", "block_hash": "0xae2f9397dd91ef63ce146ae278c6afe50dd1735a11ae1165ff988567e1231d5a", "block_time": 1703689113, "block_parent": "0x4e07ebd6d3268730a7ce826527484e9245edb8ebb94ef2a5bae76b45f284fd37"}
{"block_number": 141, "miner_hash": "0xc5b8e0f6052691D92A718CE7b22342622e3083Cb", "block_hash": "0x2928676acd4f33647af082e419e22eb7869c99f5171167f2c49741d004a4498a", "block_time": 1703689113, "block_parent": "0x4e07ebd6d3268730a7ce826527484e9245edb8ebb94ef2a5bae76b45f284fd37"}
{"block_number": 142, "miner_hash": "0xDE27747eB3B843D0AB96893719b34F313972ab57", "block_hash": "0x4767a91463fe117dac81b26bb58efd4414005fe2740c5c0317c6661624877b19", "block_time": 1703689114, "block_parent": "0xae2f9397dd91ef63ce146ae278c6afe50dd1735a11ae1165ff988567e1231d5a"}
{"block_number": 142, "miner_hash": "0xc5b8e0f6052691D92A718CE7b22342622e3083Cb", "block_hash": "0x7588bbe480b5e3e29f8daecdfc8956c217cd96b303fef0e9e7a8ec82b0970e40", "block_time": 1703689114, "block_parent": "0x2928676acd4f33647af082e419e22eb7869c99f5171167f2c49741d004a4498a"}
{"block_number": 143, "miner_hash": "0x48d6eB9d722A0aE02a5798C0938E344653C6b36b", "block_hash": "0x3c8710b3ae0ea10ecf26653b0aa91a0af5818b95b1ce590c67317e0bc656e5ba", "block_time": 1703689115, "block_parent": "0x7588bbe480b5e3e29f8daecdfc8956c217cd96b303fef0e9e7a8ec82b0970e40"}
{"block_number": 144, "miner_hash": "0x1F0C3Ca34066546bA229A5E18801e6F4f1f2F3d5", "block_hash": "0x9067a6dfd68d5a1fa46c9ea981d5967339f6359576699870e46c9d857a756378", "block_time": 1703689116, "block_parent": "0x3c8710b3ae0ea10ecf26653b0aa91a0af5818b95b1ce590c67317e0bc656e5ba"}
{"block_number": 145, "miner_hash": "0x1F0C3Ca34066546bA229A5E18801e6F4f1f2F3d5", "block_hash": "0x98402951ae2fcc6f2603ae0e7f53ff46881d470d058d27d3834d2286f39f01c1", "block_time": 1703689117, "block_parent": "0x9067a6dfd68d5a1fa46c9ea981d5967339f6359576699870e46c9d857a756378"}
{"block_number": 146, "miner_hash": "0x1F0C3Ca34066546bA229A5E18801e6F4f1f2F3d5", "block_hash": "0x7c1ba90538c126776c84f0a370fa8cca4d6dbfb4f87851841327a63fb0c13dff", "block_time": 1703689118, "block_parent": "0x98402951ae2fcc6f2603ae0e7f53ff46881d470d058d27d3834d2286f39f01c1"}
{"block_number": 147, "miner_hash": "0x63F92659165fb2929413Fb71667aa95764ef3773", "block_hash": "0x683b4101eb34ad8d12053a6c3bf31c57716b1d66d4fedd9b8b47c292576ac622", "block_time": 1703689119, "block_parent": "0x7c1ba90538c126776c84f0a370fa8cca4d6dbfb4f87851841327a63fb0c13dff"}
{"block_number": 148, "miner_hash": "0x48d6eB9d722A0aE02a5798C0938E344653C6b36b", "block_hash": "0x10ea7cc4d9325491833d1fff67ec545cb1290a4763e8e204cc2da4cb7e29e861", "block_time": 1703689120, "block_parent": "0x683b4101eb34ad8d12053a6c3bf31c57716b1d66d4fedd9b8b47c292576ac622"}
{"block_number": 149, "miner_hash": "0x68C802Fe19d47Ea9151AEFEa6e1f128cC3eeCB6F", "block_hash": "0xc812413dfac090ffc882cae4318835a38cd62d09cc93015a172689da43e35378", "block_time": 1703689121, "block_parent": "0x10ea7cc4d9325491833d1fff67ec545cb1290a4763e8e204cc2da4cb7e29e861"}
{"block_number": 150, "miner_hash": "0xDE27747eB3B843D0AB96893719b34F313972ab57", "block_hash": "0xffae2805989b7f4efc37819499e8966b73aa15bf9ad99964d3180365ccc5d2a3", "block_time": 1703689122, "block_parent": "0xc812413dfac090ffc882cae4318835a38cd62d09cc93015a172689da43e35378"}
{"block_number": 151, "miner_hash": "0x68C802Fe19d47Ea9151AEFEa6e1f128cC3eeCB6F", "block_hash": "0xda1bfb8d71fe17a0941c82bedff7d85828c77152c3aba5b6aa57ce13eb1e87c2", "block_time": 1703689123, "block_parent": "0xffae2805989b7f4efc37819499e8966b73aa15bf9ad99964d3180365ccc5d2a3"}
{"block_number": 152, "miner_hash": "0xcf949f329583274618eeDfD56C993381c24fb93C", "block_hash": "0xdcb1022992012091c1f305290c4c94a376884628759ef2e2e9c20b902db52619", "block_time": 1703689124, "block_parent": "0xf66b5b4a5a4d89aa68a2f491b6ecacabc827a0aa566ba93ac04a2f62ed5f67c7"}
{"block_number": 153, "miner_hash": "0x1F0C3Ca34066546bA229A5E18801e6F4f1f2F3d5", "block_hash": "0x870629de585aa704d72ca40b5071f06dcad4ad42e3b754a893846dfe991834b6", "block_time": 1703689125, "block_parent": "0xdcb1022992012091c1f305290c4c94a376884628759ef2e2e9c20b902db52619"}
{"block_number": 154, "miner_hash": "0x48d6eB9d722A0aE02a5798C0938E344653C6b36b", "block_hash": "0xb29ef1f7d1b5f3eda6824b70a75790f580d3e2d9a018b67f1c21afe24ad066ff", "block_time": 1703689126, "block_parent": "0x870629de585aa704d72ca40b5071f06dcad4ad42e3b754a893846dfe991834b6"}
{"block_number": 155, "miner_hash": "0xc5b8e0f6052691D92A718CE7b22342622e3083Cb", "block_hash": "0x8637ab48352b1e9bb20e6b71fc51f27cfa45e1ca33445f13870b96438ec68b35", "block_time": 1703689127, "block_parent": "0xb29ef1f7d1b5f3eda6824b70a75790f580d3e2d9a018b67f1c21afe24ad066ff"}
{"block_number": 156, "miner_hash": "0x63F92659165fb2929413Fb71667aa95764ef3773", "block_hash": "0x8b2b2eb5b91d544962eaee3430bc75c83a7287749ff5040089ad5ac152a4cf3c", "block_time": 1703689128, "block_parent": "0x8637ab48352b1e9bb20e6b71fc51f27cfa45e1ca33445f13870b96438ec68b35"}
{"block_number": 157, "miner_hash": "0xcf949f329583274618eeDfD56C993381c24fb93C", "block_hash": "0xd8c87a3e35993db21109756021b03a153855362b037c1214abf1200d302e503d", "block_time": 1703689129, "block_parent": "0x8b2b2eb5b91d544962eaee3430bc75c83a7287749ff5040089ad5ac152a4cf3c"}
{"block_number": 158, "miner_hash": "0xc5b8e0f6052691D92A718CE7b22342622e3083Cb", "block_hash": "0xb4a61245919d691da3136462c6272e886bf91d5022670a6c28be75a79212fd55", "block_time": 1703689130, "block_parent": "0xd8c87a3e35993db21109756021b03a153855362b037c1214abf1200d302e503d"}
{"block_number": 159, "miner_hash": "0x48d6eB9d722A0aE02a5798C0938E344653C6b36b", "block_hash": "0xe2cf662df9aa51562c8fe7edf72307c4cfcaafa321aca93a861dcb2275bb1a64", "block_time": 1703689131, "block_parent": "0xb4a61245919d691da3136462c6272e886bf91d5022670a6c28be75a79212fd55"}
{"block_number": 160, "miner_hash": "0x1F0C3Ca34066546bA229A5E18801e6F4f1f2F3d5", "block_hash": "0x93c1d3e58c6938d32ac143baa56cd14985faa32ced79940c802d0ec9ed94e8b0", "block_time": 1703689132, "block_parent": "0xe2cf662df9aa51562c8fe7edf72307c4cfcaafa321aca93a861dcb2275bb1a64"}
{"block_number": 161, "miner_hash": "0x68C802Fe19d47Ea9151AEFEa6e1f128cC3eeCB6F", "block_hash": "0x4efcdcf61718e08507bd7286bedde1aa37fce914f3a87d67ed21f6f6ff36ca54", "block_time": 1703689133, "block_parent": "0x93c1d3e58c6938d32ac143baa56cd14985faa32ced79940c802d0ec9ed94e8b0"}
{"block_number": 162, "miner_hash": "0x68C802Fe19d47Ea9151AEFEa6e1f128cC3eeCB6F", "block_hash": "0x236be687ab69a4d5baba0556d31251a4c4d0ea9fa9dcbb0de5945501910fe226", "block_time": 1703689134, "block_parent": "0x4efcdcf61718e08507bd7286bedde1aa37fce914f3a87d67ed21f6f6ff36ca54"}
{"block_number": 163, "miner_hash": "0x43e6e61Eb3B9f58440B78211e387ECbD86cB60d5", "block_hash": "0xec0ecd7e81874efa3ad4e3e85d15f451113de144630cb0d2d9e4faa0ae01f03b", "block_time": 1703689135, "block_parent": "0x236be687ab69a4d5baba0556d31251a4c4d0ea9fa9dcbb0de5945501910fe226"}
{"block_number": 164, "miner_hash": "0x43e6e61Eb3B9f58440B78211e387ECbD86cB60d5", "block_hash": "0x4c8d4d46030f332d7641eda384b4f6ec1913016ceec22f5d9d82bc33073d0a62", "block_time": 1703689137, "block_parent": "0xec0ecd7e81874efa3ad4e3e85d15f451113de144630cb0d2d9e4faa0ae01f03b"}
{"block_number": 165, "miner_hash": "0x63F92659165fb2929413Fb71667aa95764ef3773", "block_hash": "0x06a3ad7d2831c2233ad2fd30aa4d436c8c0ba8a4523b71df6b9f3250130b9481", "block_time": 1703689138, "block_parent": "0x6afa3560f894f3dbc41370d230642e6557c32f743ed514b92c449385a994d634"}
{"block_number": 166, "miner_hash": "0x48d6eB9d722A0aE02a5798C0938E344653C6b36b", "block_hash": "0x36d9dcdd9edad638105b2d8822ec1c2cae3d65d7ccd920272bafa9bf9fff54cd", "block_time": 1703689140, "block_parent": "0x06a3ad7d2831c2233ad2fd30aa4d436c8c0ba8a4523b71df6b9f3250130b9481"}
{"block_number": 167, "miner_hash": "0xDE27747eB3B843D0AB96893719b34F313972ab57", "block_hash": "0xe34c13924742157cdc859f203c42d36ad91673932064d2cfc9b856cc92cc2d24", "block_time": 1703689141, "block_parent": "0x36d9dcdd9edad638105b2d8822ec1c2cae3d65d7ccd920272bafa9bf9fff54cd"}
{"block_number": 168, "miner_hash": "0xc5b8e0f6052691D92A718CE7b22342622e3083Cb", "block_hash": "0x9c6c693ed6ab17ca2f47b056fa64aa478f3c8b91523cca97eab683a3dbb7ea86", "block_time": 1703689142, "block_parent": "0xe34c13924742157cdc859f203c42d36ad91673932064d2cfc9b856cc92cc2d24"}
{"block_number": 169, "miner_hash": "0x1F0C3Ca34066546bA229A5E18801e6F4f1f2F3d5", "block_hash": "0xd52eb030f4fa2a8b4cece54ac04b788e523154e46fc31b5f55230c3076f3c1fc", "block_time": 1703689143, "block_parent": "0x9c6c693ed6ab17ca2f47b056fa64aa478f3c8b91523cca97eab683a3dbb7ea86"}
{"block_number": 170, "miner_hash": "0xcf949f329583274618eeDfD56C993381c24fb93C", "block_hash": "0xcd324ea3b6a162c99e2f994763cdee1cbbbf8d38333499154957a1b219519cb5", "block_time": 1703689144, "block_parent": "0xd52eb030f4fa2a8b4cece54ac04b788e523154e46fc31b5f55230c3076f3c1fc"}
{"block_number": 171, "miner_hash": "0x43e6e61Eb3B9f58440B78211e387ECbD86cB60d5", "block_hash": "0xeeacdddd641aff26785a3be6ce7433b7dbf6040ae0f6a384939350f73f2d3190", "block_time": 1703689145, "block_parent": "0xcd324ea3b6a162c99e2f994763cdee1cbbbf8d38333499154957a1b219519cb5"}
{"block_number": 172, "miner_hash": "0xc5b8e0f6052691D92A718CE7b22342622e3083Cb", "block_hash": "0x838c7508928cc586152774d94ede4285510efb973f9a565ec810fa1ec227d405", "block_time": 1703689146, "block_parent": "0xeeacdddd641aff26785a3be6ce7433b7dbf6040ae0f6a384939350f73f2d3190"}
{"block_number": 173, "miner_hash": "0xcf949f329583274618eeDfD56C993381c24fb93C", "block_hash": "0x372aed4b8092aa144276307a5f6a463ed71b2a1375ec63feac8f8b2666827de8", "block_time": 1703689147, "block_parent": "0x838c7508928cc586152774d94ede4285510efb973f9a565ec810fa1ec227d405"}
{"block_number": 174, "miner_hash": "0x48d6eB9d722A0aE02a5798C0938E344653C6b36b", "block_hash": "0x2c895260c5a0463c993e7669194c01299adb568a1f27f20e14c87f88b958a798", "block_time": 1703689148, "block_parent": "0x372aed4b8092aa144276307a5f6a463ed71b2a1375ec63feac8f8b2666827de8"}
{"block_number": 175, "miner_hash": "0x1F0C3Ca34066546bA229A5E18801e6F4f1f2F3d5", "block_hash": "0xdd74d4490f10ac4518750190dec29882f4216a8ba485f1b35afbd2d13b1d9efe", "block_time": 1703689149, "block_parent": "0x2c895260c5a0463c993e7669194c01299adb568a1f27f20e14c87f88b958a798"}
{"block_number": 176, "miner_hash": "0xc5b8e0f6052691D92A718CE7b22342622e3083Cb", "block_hash": "0x3efd0cce30dd9750c50a030d902bb99b85bd8d8c64f3ea93fdbb6d7cf8306ff5", "block_time": 1703689150, "block_parent": "0xdd74d4490f10ac4518750190dec29882f4216a8ba485f1b35afbd2d13b1d9efe"}
{"block_number": 177, "miner_hash": "0xDA5A2B4eF7668cD801B2cc1Fb3586C25d0366DDc", "block_hash": "0xb45472e17d4b0b1cfad17103b8d53db9ebcd565bb5f84878a0fd10d70d7db283", "block_time": 1703689151, "block_parent": "0x3efd0cce30dd9750c50a030d902bb99b85bd8d8c64f3ea93fdbb6d7cf8306ff5"}
{"block_number": 178, "miner_hash": "0xDE27747eB3B843D0AB96893719b34F313972ab57", "block_hash": "0xd1c4800a188c499c82e5804cc9960243a5231ae97dfae65db3c4f854e480d3a9", "block_time": 1703689152, "block_parent": "0xb45472e17d4b0b1cfad17103b8d53db9ebcd565bb5f84878a0fd10d70d7db283"}
{"block_number": 179, "miner_hash": "0xc5b8e0f6052691D92A718CE7b22342622e3083Cb", "block_hash": "0xaa19a27a255fa76e83fb077a1aa124e4491512c5f65d1f561cc7de43c59ea663", "block_time": 1703689153, "block_parent": "0xd1c4800a188c499c82e5804cc9960243a5231ae97dfae65db3c4f854e480d3a9"}
{"block_number": 180, "miner_hash": "0x68C802Fe19d47Ea9151AEFEa6e1f128cC3eeCB6F", "block_hash": "0x4cd7f97126062b556e252dc981b66206f81e6c8591dddd7f7823baf43ce93809", "block_time": 1703689154, "block_parent": "0xaa19a27a255fa76e83fb077a1aa124e4491512c5f65d1f561cc7de43c59ea663"}
{"block_number": 181, "miner_hash": "0xDA5A2B4eF7668cD801B2cc1Fb3586C25d0366DDc", "block_hash": "0xaac2230ccf7c941a2ce405845b0b8ac0564c51c12be64ffba335eb08b338ed21", "block_time": 1703689155, "block_parent": "0x4cd7f97126062b556e252dc981b66206f81e6c8591dddd7f7823baf43ce93809"}
{"block_number": 182, "miner_hash": "0xDE27747eB3B843D0AB96893719b34F313972ab57", "block_hash": "0x3736cf2644ce928bea6e7d64f89fe24e2a7692cf33b607ac6007710b004e7b65", "block_time": 1703689156, "block_parent": "0xaac2230ccf7c941a2ce405845b0b8ac0564c51c12be64ffba335eb08b338ed21"}
{"block_number": 183, "miner_hash": "0x48d6eB9d722A0aE02a5798C0938E344653C6b36b", "block_hash": "0x5f353185498a8c559a471bc108f1141f9bd36c7e83d37f41d8c9d70882b16915", "block_time": 1703689157, "block_parent": "0x3736cf2644ce928bea6e7d64f89fe24e2a7692cf33b607ac6007710b004e7b65"}
{"block_number": 184, "miner_hash": "0xDA5A2B4eF7668cD801B2cc1Fb3586C25d0366DDc", "block_hash": "0xe1b33c95dd9b681eb43b104f21afe5b99427a7bea9c824c1dbc944e20bc05bd1", "block_time": 1703689158, "block_parent": "0x5f353185498a8c559a471bc108f1141f9bd36c7e83d37f41d8c9d70882b16915"}
{"block_number": 185, "miner_hash": "0x68C802Fe19d47Ea9151AEFEa6e1f128cC3eeCB6F", "block_hash": "0x0293f3e7301103c8ba3803581e1058a2221eab8ad67266ab9131ece6996cc5ba", "block_time": 1703689159, "block_parent": "0xe1b33c95dd9b681eb43b104f21afe5b99427a7bea9c824c1dbc944e20bc05bd1"}
{"block_number": 186, "miner_hash": "0xDE27747eB3B843D0AB96893719b34F313972ab57", "block_hash": "0xe962334319e3b02cea03342576a442cfbef62730e327c616478496105620b439", "block_time": 1703689160, "block_parent": "0x0293f3e7301103c8ba3803581e1058a2221eab8ad67266ab9131ece6996cc5ba"}
{"block_number": 187, "miner_hash": "0x68C802Fe19d47Ea9151AEFEa6e1f128cC3eeCB6F", "block_hash": "0x38ccf2c222cc9d24f7f1f2fcd1817dfeb0587303aa5b7237d1fead4b4c77e457", "block_time": 1703689161, "block_parent": "0xe962334319e3b02cea03342576a442cfbef62730e327c616478496105620b439"}
{"block_number": 188, "miner_hash": "0xDA5A2B4eF7668cD801B2cc1Fb3586C25d0366DDc", "block_hash": "0x15d2cd50c46213b3d4013794d9d304df2846544ee60899b0c794210d7a300f4f", "block_time": 1703689162, "block_parent": "0x38ccf2c222cc9d24f7f1f2fcd1817dfeb0587303aa5b7237d1fead4b4c77e457"}
{"block_number": 189, "miner_hash": "0x48d6eB9d722A0aE02a5798C0938E344653C6b36b", "block_hash": "0xfafaf2ba6aeffda4d8c6a8c5484a5b9c3001e4ab4b1302ca2561cff0b109edc6", "block_time": 1703689163, "block_parent": "0x15d2cd50c46213b3d4013794d9d304df2846544ee60899b0c794210d7a300f4f"}
{"block_number": 190, "miner_hash": "0x68C802Fe19d47Ea9151AEFEa6e1f128cC3eeCB6F", "block_hash": "0x55d40af0bda8c898091a828b396c57bd9ad0110de352820c04857bea2c767d4e", "block_time": 1703689164, "block_parent": "0xfafaf2ba6aeffda4d8c6a8c5484a5b9c3001e4ab4b1302ca2561cff0b109edc6"}
{"block_number": 191, "miner_hash": "0x68C802Fe19d47Ea9151AEFEa6e1f128cC3eeCB6F", "block_hash": "0x7c39d9dcfd2df2dadbd17f81de3264fe01e9d09010aceb9b752417b741e16409", "block_time": 1703689165, "block_parent": "0x55d40af0bda8c898091a828b396c57bd9ad0110de352820c04857bea2c767d4e"}
{"block_number": 192, "miner_hash": "0xDA5A2B4eF7668cD801B2cc1Fb3586C25d0366DDc", "block_hash": "0x1a9daaed6ef52b58f7a7f06918da6d07ecc7962bfe65686a15bbac5354d2cc8a", "block_time": 1703689166, "block_parent": "0x7c39d9dcfd2df2dadbd17f81de3264fe01e9d09010aceb9b752417b741e16409"}
{"block_number": 193, "miner_hash": "0x43e6e61Eb3B9f58440B78211e387ECbD86cB60d5", "block_hash": "0xf59891d4ec187c8948c651d97d2dcdcc5ed3196a70ec1af5a12efe324f27ff0c", "block_time": 1703689167, "block_parent": "0x1a9daaed6ef52b58f7a7f06918da6d07ecc7962bfe65686a15bbac5354d2cc8a"}
{"block_number": 194, "miner_hash": "0xc5b8e0f6052691D92A718CE7b22342622e3083Cb", "block_hash": "0x74f3af5c5c088e97f90bd68d3fbdf8a8e231b7ec7b4196db39a51f1d0cd23e67", "block_time": 1703689168, "block_parent": "0xf59891d4ec187c8948c651d97d2dcdcc5ed3196a70ec1af5a12efe324f27ff0c"}
{"block_number": 195, "miner_hash": "0x63F92659165fb2929413Fb71667aa95764ef3773", "block_hash": "0x43746ee87eeedadd894bed0ddba92d284aabeea2507ca08d35ba810bf7a12db0", "block_time": 1703689169, "block_parent": "0x74f3af5c5c088e97f90bd68d3fbdf8a8e231b7ec7b4196db39a51f1d0cd23e67"}
{"block_number": 196, "miner_hash": "0x68C802Fe19d47Ea9151AEFEa6e1f128cC3eeCB6F", "block_hash": "0x0ae8c107257da34f053b70c6971ea75d149bcc72ae74c3bbb6bfad2b760caa8d", "block_time": 1703689170, "block_parent": "0x43746ee87eeedadd894bed0ddba92d284aabeea2507ca08d35ba810bf7a12db0"}
{"block_number": 197, "miner_hash": "0x43e6e61Eb3B9f58440B78211e387ECbD86cB60d5", "block_hash": "0x4de567b590659165313865aaee0e411d7c9eaac06f2fa3788070c1e40eda66aa", "block_time": 1703689171, "block_parent": "0x0ae8c107257da34f053b70c6971ea75d149bcc72ae74c3bbb6bfad2b760caa8d"}
{"block_number": 197, "miner_hash": "0x1F0C3Ca34066546bA229A5E18801e6F4f1f2F3d5", "block_hash": "0x920176787feda908a8a527a6f90a0640ba139e6108ee0ad615ffc9022daa49e8", "block_time": 1703689171, "block_parent": "0x0ae8c107257da34f053b70c6971ea75d149bcc72ae74c3bbb6bfad2b760caa8d"}
{"block_number": 198, "miner_hash": "0x43e6e61Eb3B9f58440B78211e387ECbD86cB60d5", "block_hash": "0x76dc1c5cb43c483c26b4b4ec86512b0f7fc595ef2e1d6c5c00283c3b562e14fb", "block_time": 1703689172, "block_parent": "0x4de567b590659165313865aaee0e411d7c9eaac06f2fa3788070c1e40eda66aa"}
{"block_number": 199, "miner_hash": "0x63F92659165fb2929413Fb71667aa95764ef3773", "block_hash": "0xd32b88b0e61c4c197b42f762f36f00fa5557440d679853f3a377449934a78f4d", "block_time": 1703689173, "block_parent": "0x76dc1c5cb43c483c26b4b4ec86512b0f7fc595ef2e1d6c5c00283c3b562e14fb"}
{"block_number": 200, "miner_hash": "0xcf949f329583274618eeDfD56C993381c24fb93C", "block_hash": "0x70258ca547623dc1bf143ad9571de141a3d14eb0e7f45e17be5aaf1888b5228e", "block_time": 1703689174, "block_parent": "0xd32b88b0e61c4c197b42f762f36f00fa5557440d679853f3a377449934a78f4d"}
{"block_number": 201, "miner_hash": "0x43e6e61Eb3B9f58440B78211e387ECbD86cB60d5", "block_hash": "0x4bd897fe1aa6431089ceca61cb1b85e6e251e4f50df4107254d4ce0c31ecffa9", "block_time": 1703689175, "block_parent": "0x70258ca547623dc1bf143ad9571de141a3d14eb0e7f45e17be5aaf1888b5228e"}
{"block_number": 202, "miner_hash": "0xcf949f329583274618eeDfD56C993381c24fb93C", "block_hash": "0x527debd26e98d44f2021811a95bc0b61f9741c0a4331f8d4e6190449efcb7e95", "block_time": 1703689176, "block_parent": "0x4bd897fe1aa6431089ceca61cb1b85e6e251e4f50df4107254d4ce0c31ecffa9"}
{"block_number": 203, "miner_hash": "0xc5b8e0f6052691D92A718CE7b22342622e3083Cb", "block_hash": "0x7b7818476af632e0dbeeec606ab9da2f0b9908b1e0a8405aecfb88314c0d7a4a", "block_time": 1703689177, "block_parent": "0x527debd26e98d44f2021811a95bc0b61f9741c0a4331f8d4e6190449efcb7e95"}
{"block_number": 204, "miner_hash": "0x1F0C3Ca34066546bA229A5E18801e6F4f1f2F3d5", "block_hash": "0xd588f657a02b43fbf5b0252c2a1ed217dc39cc79996a4667e6ca00f3d9c4f2d0", "block_time": 1703689178, "block_parent": "0x7b7818476af632e0dbeeec606ab9da2f0b9908b1e0a8405aecfb88314c0d7a4a"}
{"block_number": 205, "miner_hash": "0x1F0C3Ca34066546bA229A5E18801e6F4f1f2F3d5", "block_hash": "0x92df2e4f3ea873a6225f9d3fbef0f242baa4f4a4a24e273da9ec3b3aece0cc78", "block_time": 1703689179, "block_parent": "0xd588f657a02b43fbf5b0252c2a1ed217dc39cc79996a4667e6ca00f3d9c4f2d0"}
{"block_number": 206, "miner_hash": "0x63F92659165fb2929413Fb71667aa95764ef3773", "block_hash": "0x3b448c54d28dabc5a39c9178698f3b45fa51bdb598cc72f2cedf9b7ddc8f2475", "block_time": 1703689180, "block_parent": "0x92df2e4f3ea873a6225f9d3fbef0f242baa4f4a4a24e273da9ec3b3aece0cc78"}
{"block_number": 207, "miner_hash": "0xDA5A2B4eF7668cD801B2cc1Fb3586C25d0366DDc", "block_hash": "0xd231ef5f22ed4723b82eb75ab47a5f0ca221813d51454eeddaa1333b8bf75d3f", "block_time": 1703689181, "block_parent": "0x3b448c54d28dabc5a39c9178698f3b45fa51bdb598cc72f2cedf9b7ddc8f2475"}
{"block_number": 208, "miner_hash": "0x43e6e61Eb3B9f58440B78211e387ECbD86cB60d5", "block_hash": "0xd8cd0339bc95bb6b7494897d1ba70ae6efbfd2926c439d82d1ed4e7c1b04fde8", "block_time": 1703689182, "block_parent": "0xd231ef5f22ed4723b82eb75ab47a5f0ca221813d51454eeddaa1333b8bf75d3f"}
{"block_number": 209, "miner_hash": "0x43e6e61Eb3B9f58440B78211e387ECbD86cB60d5", "block_hash": "0x80c93dc01104d6e4410c95d6c1043899ecc2f5b04674076b11f5ea32c745918e", "block_time": 1703689183, "block_parent": "0xd8cd0339bc95bb6b7494897d1ba70ae6efbfd2926c439d82d1ed4e7c1b04fde8"}
{"block_number": 210, "miner_hash": "0x63F92659165fb2929413Fb71667aa95764ef3773", "block_hash": "0xebb1b595945d40f0d162e20342f876d7e6715bb6642b6530aa46f0019c2da3d6", "block_time": 1703689184, "block_parent": "0x80c93dc01104d6e4410c95d6c1043899ecc2f5b04674076b11f5ea32c745918e"}
{"block_number": 211, "miner_hash": "0xcf949f329583274618eeDfD56C993381c24fb93C", "block_hash": "0x7ddf48f2d3696046054fa35ef684377ce1fbae4c63ddd9b7bfbb57038867aa8e", "block_time": 1703689185, "block_parent": "0xebb1b595945d40f0d162e20342f876d7e6715bb6642b6530aa46f0019c2da3d6"}
{"block_number": 211, "miner_hash": "0xDE27747eB3B843D0AB96893719b34F313972ab57", "block_hash": "0x5fc7581877004f095796fe257b37b76512ce6bd578c27c9d4145889c9d0b0460", "block_time": 1703689185, "block_parent": "0xebb1b595945d40f0d162e20342f876d7e6715bb6642b6530aa46f0019c2da3d6"}
{"block_number": 212, "miner_hash": "0xcf949f329583274618eeDfD56C993381c24fb93C", "block_hash": "0xb7c8ad8b416261fbefe2c847c6a76af063e6c3b4e4d3b389f46c86ffcf6f8942", "block_time": 1703689186, "block_parent": "0x7ddf48f2d3696046054fa35ef684377ce1fbae4c63ddd9b7bfbb57038867aa8e"}
{"block_number": 213, "miner_hash": "0x48d6eB9d722A0aE02a5798C0938E344653C6b36b", "block_hash": "0x4cd3de8ae985611bc2fbd4fba7b9481b4af5051d6f955e4a837d22c861fc75bf", "block_time": 1703689187, "block_parent": "0xb7c8ad8b416261fbefe2c847c6a76af063e6c3b4e4d3b389f46c86ffcf6f8942"}
{"block_number": 214, "miner_hash": "0xDE27747eB3B843D0AB96893719b34F313972ab57", "block_hash": "0xf903c4bada0754ef933dba58119daff27ab729cbc324d0bd75387b444d0a4de8", "block_time": 1703689188, "block_parent": "0x4cd3de8ae985611bc2fbd4fba7b9481b4af5051d6f955e4a837d22c861fc75bf"}
{"block_number": 215, "miner_hash": "0xcf949f329583274618eeDfD56C993381c24fb93C", "block_hash": "0xa4ff2020715b221cd7d431aa39df8995b5a0f8838fbf30f3831f778889571883", "block_time": 1703689189, "block_parent": "0xf903c4bada0754ef933dba58119daff27ab729cbc324d0bd75387b444d0a4de8"}
{"block_number": 216, "miner_hash": "0x63F92659165fb2929413Fb71667aa95764ef3773", "block_hash": "0xde375ce381121fe1c71220deea6473a43ee45ab6b962331d12fe0044d0b98eba", "block_time": 1703689190, "block_parent": "0xa4ff2020715b221cd7d431aa39df8995b5a0f8838fbf30f3831f778889571883"}
{"block_number": 217, "miner_hash": "0x43e6e61Eb3B9f58440B78211e387ECbD86cB60d5", "block_hash": "0xb24ed170f1e61fba7ddfd437f2b88fc7de5ce5cc2fc66cb3ea8e24596c1fedb0", "block_time": 1703689191, "block_parent": "0xde375ce381121fe1c71220deea6473a43ee45ab6b962331d12fe0044d0b98eba"}
{"block_number": 218, "miner_hash": "0x48d6eB9d722A0aE02a5798C0938E344653C6b36b", "block_hash": "0x64cf7755db9743b8f2e3d5ece37f2d3ccb5e2f784adf70df0a36b6d88e4651df", "block_time": 1703689192, "block_parent": "0xb24ed170f1e61fba7ddfd437f2b88fc7de5ce5cc2fc66cb3ea8e24596c1fedb0"}
{"block_number": 219, "miner_hash": "0xDA5A2B4eF7668cD801B2cc1Fb3586C25d0366DDc", "block_hash": "0xfbcc582bccc7e0e034ad0150739df1f68a6a7089cc0a419f4ac8c9f12dc4cbc0", "block_time": 1703689193, "block_parent": "0x64cf7755db9743b8f2e3d5ece37f2d3ccb5e2f784adf70df0a36b6d88e4651df"}
{"block_number": 220, "miner_hash": "0x43e6e61Eb3B9f58440B78211e387ECbD86cB60d5", "block_hash": "0x172663960be5047f524ac8dcd1c2d91299bcefb2ee67ba53ff504023c175196d", "block_time": 1703689194, "block_parent": "0xfbcc582bccc7e0e034ad0150739df1f68a6a7089cc0a419f4ac8c9f12dc4cbc0"}
{"block_number": 221, "miner_hash": "0x1F0C3Ca34066546bA229A5E18801e6F4f1f2F3d5", "block_hash": "0x008333d4311dce784f38ecb3a96fa012fd97076ca17c9481ef1a33d905ad3261", "block_time": 1703689195, "block_parent": "0x172663960be5047f524ac8dcd1c2d91299bcefb2ee67ba53ff504023c175196d"}
{"block_number": 222, "miner_hash": "0xDA5A2B4eF7668cD801B2cc1Fb3586C25d0366DDc", "block_hash": "0x962817892f2c929c7aa1c782636ed0a03be6ee37d17d3efde30c5b2ac2aaf817", "block_time": 1703689196, "block_parent": "0x008333d4311dce784f38ecb3a96fa012fd97076ca17c9481ef1a33d905ad3261"}
{"block_number": 223, "miner_hash": "0x48d6eB9d722A0aE02a5798C0938E344653C6b36b", "block_hash": "0xa1e292997bedb678b5e084e186bdde05fd1b551528c8e51f26e76f82da3e50e7", "block_time": 1703689197, "block_parent": "0x962817892f2c929c7aa1c782636ed0a03be6ee37d17d3efde30c5b2ac2aaf817"}
{"block_number": 224, "miner_hash": "0xc5b8e0f6052691D92A718CE7b22342622e3083Cb", "block_hash": "0x3ff74255f844eac708d12c2b7ac703815b5b644fdd8a18ecaa3bb51081e8f539", "block_time": 1703689198, "block_parent": "0xa1e292997bedb678b5e084e186bdde05fd1b551528c8e51f26e76f82da3e50e7"}
{"block_number": 225, "miner_hash": "0x1F0C3Ca34066546bA229A5E18801e6F4f1f2F3d5", "block_hash": "0xfa5e7766782053a88cced409d9b365c1f95cac1ca445af128fb50f70c63f47b4", "block_time": 1703689199, "block_parent": "0x3ff74255f844eac708d12c2b7ac703815b5b644fdd8a18ecaa3bb51081e8f539"}
{"block_number": 226, "miner_hash": "0x43e6e61Eb3B9f58440B78211e387ECbD86cB60d5", "block_hash": "0x510b3459a651f12d29b4aeebd4268e1bfb0c32688d1ac06a852a86a4418568ee", "block_time": 1703689200, "block_parent": "0xfa5e7766782053a88cced409d9b365c1f95cac1ca445af128fb50f70c63f47b4"}
{"block_number": 227, "miner_hash": "0x43e6e61Eb3B9f58440B78211e387ECbD86cB60d5", "block_hash": "0xd2c4143e0bfe556a6f29d3aa33fd79dc3884e08384f512e626fc70067165e86e", "block_time": 1703689201, "block_parent": "0x510b3459a651f12d29b4aeebd4268e1bfb0c32688d1ac06a852a86a4418568ee"}
{"block_number": 228, "miner_hash": "0xc5b8e0f6052691D92A718CE7b22342622e3083Cb", "block_hash": "0x248e6204ec202d246f91e490f15362e7b3b074d41a6aaebc0f258626ab5e9e7d", "block_time": 1703689202, "block_parent": "0xd2c4143e0bfe556a6f29d3aa33fd79dc3884e08384f512e626fc70067165e86e"}
{"block_number": 229, "miner_hash": "0xDE27747eB3B843D0AB96893719b34F313972ab57", "block_hash": "0x3814b56e7c2d71cccf923cd43b3243d6ca3bbd43e3bc92a279071a16b3cf53e6", "block_time": 1703689203, "block_parent": "0x248e6204ec202d246f91e490f15362e7b3b074d41a6aaebc0f258626ab5e9e7d"}
{"block_number": 231, "miner_hash": "0xDA5A2B4eF7668cD801B2cc1Fb3586C25d0366DDc", "block_hash": "0x0ce9400d4bcbbb3f807fd93cb45c8ff312ef1a90eb4930b2f6dc4456201cb44e", "block_time": 1703689205, "block_parent": "0xaa7a18426a1f0a3b39457d70b8df454a886387426ffec54f0b0ba1d4f79c17a4"}
{"block_number": 231, "miner_hash": "0xDA5A2B4eF7668cD801B2cc1Fb3586C25d0366DDc", "block_hash": "0x0ce9400d4bcbbb3f807fd93cb45c8ff312ef1a90eb4930b2f6dc4456201cb44e", "block_time": 1703689205, "block_parent": "0xaa7a18426a1f0a3b39457d70b8df454a886387426ffec54f0b0ba1d4f79c17a4"}
{"block_number": 232, "miner_hash": "0xcf949f329583274618eeDfD56C993381c24fb93C", "block_hash": "0x194155e3bc2a4815d98a9e74fa187059fb7e227db33aae7762647eedb081d555", "block_time": 1703689206, "block_parent": "0x0ce9400d4bcbbb3f807fd93cb45c8ff312ef1a90eb4930b2f6dc4456201cb44e"}
{"block_number": 233, "miner_hash": "0xDA5A2B4eF7668cD801B2cc1Fb3586C25d0366DDc", "block_hash": "0x9fa156f7ac0f005a6bf5f0d2f00992339386759910845f1c5d681f929714a908", "block_time": 1703689207, "block_parent": "0x194155e3bc2a4815d98a9e74fa187059fb7e227db33aae7762647eedb081d555"}
{"block_number": 234, "miner_hash": "0xDA5A2B4eF7668cD801B2cc1Fb3586C25d0366DDc", "block_hash": "0x035c4c3636d7c23ddf272b961c0e26ebd262395dab2b59e409b80ca26dcd4e91", "block_time": 1703689208, "block_parent": "0x9fa156f7ac0f005a6bf5f0d2f00992339386759910845f1c5d681f929714a908"}
{"block_number": 235, "miner_hash": "0xDA5A2B4eF7668cD801B2cc1Fb3586C25d0366DDc", "block_hash": "0x34f6b91646337f9384b94f34eec34a57bdb6627164371ae032f2ea1ad8193a1e", "block_time": 1703689209, "block_parent": "0x035c4c3636d7c23ddf272b961c0e26ebd262395dab2b59e409b80ca26dcd4e91"}
{"block_number": 236, "miner_hash": "0xcf949f329583274618eeDfD56C993381c24fb93C", "block_hash": "0x6ef96c6da3a7cc69f4b83951be33651f2ff1545fb8143c4590a84dd623a3b763", "block_time": 1703689210, "block_parent": "0x34f6b91646337f9384b94f34eec34a57bdb6627164371ae032f2ea1ad8193a1e"}
{"block_number": 237, "miner_hash": "0x68C802Fe19d47Ea9151AEFEa6e1f128cC3eeCB6F", "block_hash": "0xb20065f058155a86b4162bc1ad30dff7b52ebb1714625389041fe1d91d32c2f4", "block_time": 1703689211, "block_parent": "0x6ef96c6da3a7cc69f4b83951be33651f2ff1545fb8143c4590a84dd623a3b763"}
{"block_number": 238, "miner_hash": "0x63F92659165fb2929413Fb71667aa95764ef3773", "block_hash": "0x386911eb2345fdf64ae2eca21b8a6fe9bd860b4ca22f7159a5b9564fb79f68a7", "block_time": 1703689212, "block_parent": "0xd906b7d6715665129ddcf9a9b74a22967b391f14c126c55dbccdf341f6b318f3"}
{"block_number": 239, "miner_hash": "0x43e6e61Eb3B9f58440B78211e387ECbD86cB60d5", "block_hash": "0x822c2b01b113c9a1c595f2fd253884e651010dbefbde116c991e2d6e242bc809", "block_time": 1703689213, "block_parent": "0x386911eb2345fdf64ae2eca21b8a6fe9bd860b4ca22f7159a5b9564fb79f68a7"}
{"block_number": 240, "miner_hash": "0x68C802Fe19d47Ea9151AEFEa6e1f128cC3eeCB6F", "block_hash": "0x643fb6eebb875faac345f49649d34e6e7b7f2a7d732b343450f72dae75091fca", "block_time": 1703689214, "block_parent": "0x822c2b01b113c9a1c595f2fd253884e651010dbefbde116c991e2d6e242bc809"}
{"block_number": 241, "miner_hash": "0xc5b8e0f6052691D92A718CE7b22342622e3083Cb", "block_hash": "0x251d807ee776e1e43608a647c72932d605be02e180242c6a500840383b0540ca", "block_time": 1703689215, "block_parent": "0xac390bccf9c7a67896c168225443b3da8399896efe7a0e99d42ea867245640d5"}
{"block_number": 243, "miner_hash": "0xc5b8e0f6052691D92A718CE7b22342622e3083Cb", "block_hash": "0x0fa5ddaebe1116c970167ddd9cbe99aeb27d45e2c497a94ebc4a29ef7e6b0267", "block_time": 1703689217, "block_parent": "0xaedb6a76a3927c570aa169ae7cf3dd9745ca70905779ae97dfbac91904ab6baa"}
{"block_number": 244, "miner_hash": "0xc5b8e0f6052691D92A718CE7b22342622e3083Cb", "block_hash": "0x6367d603ad1f2c554429f8f0bd577b560e6df0ba7bee09e7ac3aeae5dd0933c0", "block_time": 1703689218, "block_parent": "0x0fa5ddaebe1116c970167ddd9cbe99aeb27d45e2c497a94ebc4a29ef7e6b0267"}
{"block_number": 245, "miner_hash": "0xcf949f329583274618eeDfD56C993381c24fb93C", "block_hash": "0x47346f1a6b0ed16dd35810102986b245180ec309de317b3cc9bc6d96fed7c643", "block_time": 1703689219, "block_parent": "0x6367d603ad1f2c554429f8f0bd577b560e6df0ba7bee09e7ac3aeae5dd0933c0"}
{"block_number": 246, "miner_hash": "0xc5b8e0f6052691D92A718CE7b22342622e3083Cb", "block_hash": "0x9f3915b9fee7c2c6c09d049d5df4dcc57fc36b5e141e913e34c8492f83a4a19a", "block_time": 1703689220, "block_parent": "0x47346f1a6b0ed16dd35810102986b245180ec309de317b3cc9bc6d96fed7c643"}
{"block_number": 247, "miner_hash": "0x68C802Fe19d47Ea9151AEFEa6e1f128cC3eeCB6F", "block_hash": "0x313d2486f94e0c3f0eaf0724c8075fb553a9506fb161405f5efaf5fd300656ff", "block_time": 1703689221, "block_parent": "0x9f3915b9fee7c2c6c09d049d5df4dcc57fc36b5e141e913e34c8492f83a4a19a"}
{"block_number": 248, "miner_hash": "0x43e6e61Eb3B9f58440B78211e387ECbD86cB60d5", "block_hash": "0x58d4d1e20bbba321d62ebb6c2d39bb11a6063a40f368a6fa2d03b727f03a8f8e", "block_time": 1703689222, "block_parent": "0x313d2486f94e0c3f0eaf0724c8075fb553a9506fb161405f5efaf5fd300656ff"}
{"block_number": 249, "miner_hash": "0xDE27747eB3B843D0AB96893719b34F313972ab57", "block_hash": "0x5cee003c8012cdb36e1cc5912c72865ff308958c78267d33761fa87d2d5a85f5", "block_time": 1703689223, "block_parent": "0x58d4d1e20bbba321d62ebb6c2d39bb11a6063a40f368a6fa2d03b727f03a8f8e"}
{"block_number": 250, "miner_hash": "0x43e6e61Eb3B9f58440B78211e387ECbD86cB60d5", "block_hash": "0x2d9c922ddfe0a1725d92080e173e311c9b28593f364300c25015153953b1c9aa", "block_time": 1703689224, "block_parent": "0x5cee003c8012cdb36e1cc5912c72865ff308958c78267d33761fa87d2d5a85f5"}
{"block_number": 251, "miner_hash": "0xcf949f329583274618eeDfD56C993381c24fb93C", "block_hash": "0xaf130741401efaf41b181d5e32c84af6ce44833dd9a5987754c88a2fcecaf164", "block_time": 1703689225, "block_parent": "0x2d9c922ddfe0a1725d92080e173e311c9b28593f364300c25015153953b1c9aa"}
{"block_number": 252, "miner_hash": "0x68C802Fe19d47Ea9151AEFEa6e1f128cC3eeCB6F", "block_hash": "0x9f95e2e562ea43089c0b7b79f3bf8a57bcc14eee2b5e8fc63d319387396a0e31", "block_time": 1703689226, "block_parent": "0xaf130741401efaf41b181d5e32c84af6ce44833dd9a5987754c88a2fcecaf164"}
{"block_number": 253, "miner_hash": "0x68C802Fe19d47Ea9151AEFEa6e1f128cC3eeCB6F", "block_hash": "0xfb4da63b02c65cb9aca5adf8abc21bd22d54db6e01648205c0744f18f6cfa897", "block_time": 1703689227, "block_parent": "0x9f95e2e562ea43089c0b7b79f3bf8a57bcc14eee2b5e8fc63d319387396a0e31"}
{"block_number": 254, "miner_hash": "0x68C802Fe19d47Ea9151AEFEa6e1f128cC3eeCB6F", "block_hash": "0xfb7351edea8bcf5ec5e2fdd578ab2053d267f44b71fde43b8165c2ab32363d7f", "block_time": 1703689228, "block_parent": "0xfb4da63b02c65cb9aca5adf8abc21bd22d54db6e01648205c0744f18f6cfa897"}
{"block_number": 255, "miner_hash": "0x48d6eB9d722A0aE02a5798C0938E344653C6b36b", "block_hash": "0x8b32e41844e648bef6f8dbd722f436b1e617b1eb2255f495ba96462b6a5694e0", "block_time": 1703689229, "block_parent": "0x2ddbc7412ec0a6aa60b255dc1d7e865045a7ebb1d0c7bbac9d585bf4884b9909"}
{"block_number": 256, "miner_hash": "0x68C802Fe19d47Ea9151AEFEa6e1f128cC3eeCB6F", "block_hash": "0xafaca01772f947eb2e566b8df059a29789bb408f9832d4c9f8ef4d5299ae3033", "block_time": 1703689230, "block_parent": "0x8b32e41844e648bef6f8dbd722f436b1e617b1eb2255f495ba96462b6a5694e0"}
{"block_number": 257, "miner_hash": "0xc5b8e0f6052691D92A718CE7b22342622e3083Cb", "block_hash": "0xb550284e46d18bd1b95a56ebaff572c0f0b87dc8d1526e9127430bb687dc0211", "block_time": 1703689231, "block_parent": "0xafaca01772f947eb2e566b8df059a29789bb408f9832d4c9f8ef4d5299ae3033"}
{"block_number": 258, "miner_hash": "0x1F0C3Ca34066546bA229A5E18801e6F4f1f2F3d5", "block_hash": "0x1aa2e3b4d16b49fd1d7e522bbec5bfe34390d097005b99665b8e60a309c10fb0", "block_time": 1703689232, "block_parent": "0xb550284e46d18bd1b95a56ebaff572c0f0b87dc8d1526e9127430bb687dc0211"}
{"block_number": 259, "miner_hash": "0xcf949f329583274618eeDfD56C993381c24fb93C", "block_hash": "0x723468c849a8b1e416c8c6e61f9a279e567cb9e11c1a1719375906a8a4c57be2", "block_time": 1703689233, "block_parent": "0x1aa2e3b4d16b49fd1d7e522bbec5bfe34390d097005b99665b8e60a309c10fb0"}
{"block_number": 259, "miner_hash": "0x63F92659165fb2929413Fb71667aa95764ef3773", "block_hash": "0x49b26116ef5cd0933ec7c01cbc01e800f72d305ae81967708995aeaeb4ed5cf9", "block_time": 1703689233, "block_parent": "0x1aa2e3b4d16b49fd1d7e522bbec5bfe34390d097005b99665b8e60a309c10fb0"}
{"block_number": 260, "miner_hash": "0x48d6eB9d722A0aE02a5798C0938E344653C6b36b", "block_hash": "0xb140a035ef29335f952f138c7ceebbc0cf5a71a140a62406affc02aff4c75c6e", "block_time": 1703689234, "block_parent": "0x49b26116ef5cd0933ec7c01cbc01e800f72d305ae81967708995aeaeb4ed5cf9"}
{"block_number": 261, "miner_hash": "0x43e6e61Eb3B9f58440B78211e387ECbD86cB60d5", "block_hash": "0xd33a7fdabbd0513b90a37e2cfbd8728d3be8f2587f2176fd607a014e29287a7e", "block_time": 1703689235, "block_parent": "0xb140a035ef29335f952f138c7ceebbc0cf5a71a140a62406affc02aff4c75c6e"}
{"block_number": 262, "miner_hash": "0xcf949f329583274618eeDfD56C993381c24fb93C", "block_hash": "0x13aa633f5de94adbc9b3c6d29090ef04316369666364497717122f4454021d17", "block_time": 1703689236, "block_parent": "0xd33a7fdabbd0513b90a37e2cfbd8728d3be8f2587f2176fd607a014e29287a7e"}
{"block_number": 262, "miner_hash": "0x1F0C3Ca34066546bA229A5E18801e6F4f1f2F3d5", "block_hash": "0x3be3c3a57760b11d7779ac11af00b7cd6adffe5fd18c185f50022eef00ae986a", "block_time": 1703689236, "block_parent": "0xd33a7fdabbd0513b90a37e2cfbd8728d3be8f2587f2176fd607a014e29287a7e"}
{"block_number": 263, "miner_hash": "0xc5b8e0f6052691D92A718CE7b22342622e3083Cb", "block_hash": "0x781499135dd3e8b768407a246c48e227d95fc297510fe5ce68d8d79f8528a01a", "block_time": 1703689237, "block_parent": "0x13aa633f5de94adbc9b3c6d29090ef04316369666364497717122f4454021d17"}
{"block_number": 263, "miner_hash": "0xcf949f329583274618eeDfD56C993381c24fb93C", "block_hash": "0xf635990b5852f69fc8c02252117b2babd5030376e625b604765fc5be8994ec97", "block_time": 1703689237, "block_parent": "0x13aa633f5de94adbc9b3c6d29090ef04316369666364497717122f4454021d17"}
{"block_number": 264, "miner_hash": "0x48d6eB9d722A0aE02a5798C0938E344653C6b36b", "block_hash": "0xdc3257d159b4ebd0308d5baa7c5d052f635874ec52c69a46fae9b6807e53ba27", "block_time": 1703689238, "block_parent": "0x781499135dd3e8b768407a246c48e227d95fc297510fe5ce68d8d79f8528a01a"}
{"block_number": 265, "miner_hash": "0x43e6e61Eb3B9f58440B78211e387ECbD86cB60d5", "block_hash": "0xeabfebefb15bad500a98618670a8cf59d331e9f9adc29da7c58d9b5d8ed226bf", "block_time": 1703689239, "block_parent": "0xdc3257d159b4ebd0308d5baa7c5d052f635874ec52c69a46fae9b6807e53ba27"}
{"block_number": 266, "miner_hash": "0xDE27747eB3B843D0AB96893719b34F313972ab57", "block_hash": "0x5d9dba0e27351c8d7429a3c7e85ce19f99a066e37581063e393eb2ce778396e3", "block_time": 1703689240, "block_parent": "0xeabfebefb15bad500a98618670a8cf59d331e9f9adc29da7c58d9b5d8ed226bf"}
{"block_number": 267, "miner_hash": "0xDE27747eB3B843D0AB96893719b34F313972ab57", "block_hash": "0x75993e36e2d8c12df2f6bfa518178d76161fdb52282266f3d5e914f0070ef892", "block_time": 1703689241, "block_parent": "0x5d9dba0e27351c8d7429a3c7e85ce19f99a066e37581063e393eb2ce778396e3"}
{"block_number": 268, "miner_hash": "0x68C802Fe19d47Ea9151AEFEa6e1f128cC3eeCB6F", "block_hash": "0x71b21ebdfc6a1ebf97bb8fd7b7d458cddcf0b7087491aa47ed4a2aa0f53ccc94", "block_time": 1703689242, "block_parent": "0x75993e36e2d8c12df2f6bfa518178d76161fdb52282266f3d5e914f0070ef892"}
{"block_number": 268, "miner_hash": "0x68C802Fe19d47Ea9151AEFEa6e1f128cC3eeCB6F", "block_hash": "0x71b21ebdfc6a1ebf97bb8fd7b7d458cddcf0b7087491aa47ed4a2aa0f53ccc94", "block_time": 1703689242, "block_parent": "0x75993e36e2d8c12df2f6bfa518178d76161fdb52282266f3d5e914f0070ef892"}
{"block_number": 269, "miner_hash": "0xcf949f329583274618eeDfD56C993381c24fb93C", "block_hash": "0x55cc3746a466517646881c5d1e016befd4fb40662727f5671c6dc31986e2412c", "block_time": 1703689243, "block_parent": "0x806b8f3cc2544e9c58c01ed1e9209c73b5475e4325b3923941920257720643a9"}
{"block_number": 270, "miner_hash": "0x68C802Fe19d47Ea9151AEFEa6e1f128cC3eeCB6F", "block_hash": "0xa8d7f9cb8a4fa17b4979f643f4dfc730b203756d34a69fb1f989284264dcc794", "block_time": 1703689244, "block_parent": "0x55cc3746a466517646881c5d1e016befd4fb40662727f5671c6dc31986e2412c"}
{"block_number": 270, "miner_hash": "0x68C802Fe19d47Ea9151AEFEa6e1f128cC3eeCB6F", "block_hash": "0xa8d7f9cb8a4fa17b4979f643f4dfc730b203756d34a69fb1f989284264dcc794", "block_time": 1703689244, "block_parent": "0x55cc3746a466517646881c5d1e016befd4fb40662727f5671c6dc31986e2412c"}
{"block_number": 271, "miner_hash": "0x63F92659165fb2929413Fb71667aa95764ef3773", "block_hash": "0xe2f11336249ca8035542a004c3b5add5052e040e018bd6e86d0c10ede79717d4", "block_time": 1703689245, "block_parent": "0xa8d7f9cb8a4fa17b4979f643f4dfc730b203756d34a69fb1f989284264dcc794"}
{"block_number": 272, "miner_hash": "0x63F92659165fb2929413Fb71667aa95764ef3773", "block_hash": "0xa1e32676882bbf69c333c170bc406126bbf432a5c01fe70c7b0757984c13ff31", "block_time": 1703689246, "block_parent": "0xe2f11336249ca8035542a004c3b5add5052e040e018bd6e86d0c10ede79717d4"}
{"block_number": 272, "miner_hash": "0x48d6eB9d722A0aE02a5798C0938E344653C6b36b", "block_hash": "0xc72c19b758af092a087c3e6e533171bd312f3e0ffad8bfb4c981847c3eccc5ed", "block_time": 1703689246, "block_parent": "0xe2f11336249ca8035542a004c3b5add5052e040e018bd6e86d0c10ede79717d4"}
{"block_number": 273, "miner_hash": "0x48d6eB9d722A0aE02a5798C0938E344653C6b36b", "block_hash": "0x1e0456c8f92739f4209938c3a3f5cd2d965f7d61a4900047bdd0c0aae21c93cb", "block_time": 1703689247, "block_parent": "0xc72c19b758af092a087c3e6e533171bd312f3e0ffad8bfb4c981847c3eccc5ed"}
{"block_number": 274, "miner_hash": "0xDE27747eB3B843D0AB96893719b34F313972ab57", "block_hash": "0x483c351af2e271e7b25edbab309a8aa8989c85a8f04b11a43368a5fafc5f55a7", "block_time": 1703689248, "block_parent": "0x1e0456c8f92739f4209938c3a3f5cd2d965f7d61a4900047bdd0c0aae21c93cb"}
{"block_number": 275, "miner_hash": "0x1F0C3Ca34066546bA229A5E18801e6F4f1f2F3d5", "block_hash": "0xb415717a43ea0e19a6c77866c6456087fe2dce1ce06f5542811f023bf6f7328f", "block_time": 1703689249, "block_parent": "0x483c351af2e271e7b25edbab309a8aa8989c85a8f04b11a43368a5fafc5f55a7"}
{"block_number": 276, "miner_hash": "0xcf949f329583274618eeDfD56C993381c24fb93C", "block_hash": "0x5bd30ce6cb940c492721d6806232d0b67c4ae57a84c8deb892d6d2d84a118e84", "block_time": 1703689250, "block_parent": "0xb415717a43ea0e19a6c77866c6456087fe2dce1ce06f5542811f023bf6f7328f"}
{"block_number": 276, "miner_hash": "0x48d6eB9d722A0aE02a5798C0938E344653C6b36b", "block_hash": "0x34dd4c134e988ffd70d1f5ec7474a62ff60143d2630cfdfb43b4a2a30eb7be36", "block_time": 1703689250, "block_parent": "0xb415717a43ea0e19a6c77866c6456087fe2dce1ce06f5542811f023bf6f7328f"}
{"block_number": 277, "miner_hash": "0x63F92659165fb2929413Fb71667aa95764ef3773", "block_hash": "0x36c003bcf43a25fabd5308fbb595d53ffd17a73603afeebf76c734d2f1bda121", "block_time": 1703689251, "block_parent": "0x5bd30ce6cb940c492721d6806232d0b67c4ae57a84c8deb892d6d2d84a118e84"}
{"block_number": 278, "miner_hash": "0xDE27747eB3B843D0AB96893719b34F313972ab57", "block_hash": "0xdac4d7e2f6765cf1550117ef996f6d1cbc3d46416c93895f878040fe673e7ba7", "block_time": 1703689252, "block_parent": "0x36c003bcf43a25fabd5308fbb595d53ffd17a73603afeebf76c734d2f1bda121"}
{"block_number": 279, "miner_hash": "0xDE27747eB3B843D0AB96893719b34F313972ab57", "block_hash": "0x894c76be906729c8e8595c1df99bbc851a4e03723accca1136a0686cd7b24078", "block_time": 1703689253, "block_parent": "0xdac4d7e2f6765cf1550117ef996f6d1cbc3d46416c93895f878040fe673e7ba7"}
{"block_number": 280, "miner_hash": "0x1F0C3Ca34066546bA229A5E18801e6F4f1f2F3d5", "block_hash": "0xd78ebef34a45158214a480a02046d0ad02fd09b54f7b3398141bb5a112de313c", "block_time": 1703689254, "block_parent": "0x894c76be906729c8e8595c1df99bbc851a4e03723accca1136a0686cd7b24078"}
{"block_number": 281, "miner_hash": "0x1F0C3Ca34066546bA229A5E18801e6F4f1f2F3d5", "block_hash": "0x1efdd846dfff0c1ff6de5a2a2dddfccd8810de48a3f343e99ee7379ed7052ba5", "block_time": 1703689255, "block_parent": "0xd78ebef34a45158214a480a02046d0ad02fd09b54f7b3398141bb5a112de313c"}
{"block_number": 282, "miner_hash": "0xc5b8e0f6052691D92A718CE7b22342622e3083Cb", "block_hash": "0x2a67eff571fe6eb761d43c4df8f43832ae1784f50401a3faa1bf2ea1bf65c577", "block_time": 1703689256, "block_parent": "0x1efdd846dfff0c1ff6de5a2a2dddfccd8810de48a3f343e99ee7379ed7052ba5"}
{"block_number": 283, "miner_hash": "0x43e6e61Eb3B9f58440B78211e387ECbD86cB60d5", "block_hash": "0xea1077581bbe4600b575615bfd5056ec9c2be4f80277a0d69f9aad849eb97271", "block_time": 1703689257, "block_parent": "0x2a67eff571fe6eb761d43c4df8f43832ae1784f50401a3faa1bf2ea1bf65c577"}
{"block_number": 284, "miner_hash": "0x63F92659165fb2929413Fb71667aa95764ef3773", "block_hash": "0xe18773907f23fd403513f4fa2f44cd323a97b0183dfa6955ec5b87037ecd3eff", "block_time": 1703689258, "block_parent": "0xea1077581bbe4600b575615bfd5056ec9c2be4f80277a0d69f9aad849eb97271"}
{"block_number": 285, "miner_hash": "0x43e6e61Eb3B9f58440B78211e387ECbD86cB60d5", "block_hash": "0x942114787641cd40d6260fa590478eea5ed79b55ee10c95b1430df932ae75cf9", "block_time": 1703689259, "block_parent": "0xe18773907f23fd403513f4fa2f44cd323a97b0183dfa6955ec5b87037ecd3eff"}
{"block_number": 286, "miner_hash": "0xcf949f329583274618eeDfD56C993381c24fb93C", "block_hash": "0xa17dd45cf2659421519ac4b4a8fdf399e7cee0cd065086a86b2c846f1c387792", "block_time": 1703689260, "block_parent": "0x942114787641cd40d6260fa590478eea5ed79b55ee10c95b1430df932ae75cf9"}
{"block_number": 287, "miner_hash": "0x48d6eB9d722A0aE02a5798C0938E344653C6b36b", "block_hash": "0x729c91712e3c736efeeee981d4623a52245295189c5ce75c6480db06b2db1f38", "block_time": 1703689261, "block_parent": "0xa17dd45cf2659421519ac4b4a8fdf399e7cee0cd065086a86b2c846f1c387792"}
{"block_number": 288, "miner_hash": "0xc5b8e0f6052691D92A718CE7b22342622e3083Cb", "block_hash": "0x87dbe42c868cc04a5ffff3831f50f7c03253e7bf510db154a61eb47ce9a97fe9", "block_time": 1703689262, "block_parent": "0x729c91712e3c736efeeee981d4623a52245295189c5ce75c6480db06b2db1f38"}
{"block_number": 289, "miner_hash": "0x43e6e61Eb3B9f58440B78211e387ECbD86cB60d5", "block_hash": "0x8234d8857e79ccdd40f0b3442e1f67a62deb0e5b7bb4556cdacb699558a83b2e", "block_time": 1703689263, "block_parent": "0x87dbe42c868cc04a5ffff3831f50f7c03253e7bf510db154a61eb47ce9a97fe9"}
{"block_number": 290, "miner_hash": "0xcf949f329583274618eeDfD56C993381c24fb93C", "block_hash": "0x90e3b1121b74303f736a8e6a43d1f1d06a3fc7b78e0b69e7c875199fbac8f8f4", "block_time": 1703689264, "block_parent": "0x8234d8857e79ccdd40f0b3442e1f67a62deb0e5b7bb4556cdacb699558a83b2e"}
{"block_number": 291, "miner_hash": "0xDA5A2B4eF7668cD801B2cc1Fb3586C25d0366DDc", "block_hash": "0x84c75077929b01cf68a0e3ba65c420356fe46c6c08e09a8a68684e67478e9c60", "block_time": 1703689265, "block_parent": "0x90e3b1121b74303f736a8e6a43d1f1d06a3fc7b78e0b69e7c875199fbac8f8f4"}
{"block_number": 292, "miner_hash": "0xcf949f329583274618eeDfD56C993381c24fb93C", "block_hash": "0xbe02556aee4c237ab94a21e18286e9b1e89588e7ed1c6a3d3d0477ebb8ad07d4", "block_time": 1703689266, "block_parent": "0x84c75077929b01cf68a0e3ba65c420356fe46c6c08e09a8a68684e67478e9c60"}
{"block_number": 293, "miner_hash": "0xDE27747eB3B843D0AB96893719b34F313972ab57", "block_hash": "0x63268de74e9ec1cfd8f173c4bb0a9f3aaf9e513ab935a42784d2a869a16b4603", "block_time": 1703689267, "block_parent": "0xbe02556aee4c237ab94a21e18286e9b1e89588e7ed1c6a3d3d0477ebb8ad07d4"}
{"block_number": 294, "miner_hash": "0xDE27747eB3B843D0AB96893719b34F313972ab57", "block_hash": "0x2c73f01e62aa0b614d70539e0a56b11c24d22ff6af7bca74a436f44b9ddfe700", "block_time": 1703689268, "block_parent": "0x63268de74e9ec1cfd8f173c4bb0a9f3aaf9e513ab935a42784d2a869a16b4603"}
{"block_number": 295, "miner_hash": "0x1F0C3Ca34066546bA229A5E18801e6F4f1f2F3d5", "block_hash": "0x5e4d7e38c1f0a0a3eb0c3c0c125e984b36e0bf94467c4ba536b00970b2cd8e7e", "block_time": 1703689269, "block_parent": "0x2c73f01e62aa0b614d70539e0a56b11c24d22ff6af7bca74a436f44b9ddfe700"}
{"block_number": 296, "miner_hash": "0xDA5A2B4eF7668cD801B2cc1Fb3586C25d0366DDc", "block_hash": "0x7b4e7689fdd571e4b14312c6d78f55d5858b47157faab6f46fb9f1198bdc75ba", "block_time": 1703689270, "block_parent": "0x5e4d7e38c1f0a0a3eb0c3c0c125e984b36e0bf94467c4ba536b00970b2cd8e7e"}
{"block_number": 297, "miner_hash": "0xDE27747eB3B843D0AB96893719b34F313972ab57", "block_hash": "0x874b4662e2cc5ef071db10a3cbcab964f5948595f508b14f74479f1ce01fcfc5", "block_time": 1703689271, "block_parent": "0x7b4e7689fdd571e4b14312c6d78f55d5858b47157faab6f46fb9f1198bdc75ba"}
{"block_number": 298, "miner_hash": "0x43e6e61Eb3B9f58440B78211e387ECbD86cB60d5", "block_hash": "0xac467e233c95e1f20e1815ae2bfcee80c5d7e65d3a8f63103bc3bc806fdd2aad", "block_time": 1703689272, "block_parent": "0x874b4662e2cc5ef071db10a3cbcab964f5948595f508b14f74479f1ce01fcfc5"}
{"block_number": 300, "miner_hash": "0x1F0C3Ca34066546bA229A5E18801e6F4f1f2F3d5", "block_hash": "0xa1e02d16933b69edae411cac35b8cfda1fb26c8842a0335f5907387403bcbfaa", "block_time": 1703689274, "block_parent": "0x0e31780f0c704f4970c13daf4a3c1e4fb12b25417ead8523729ef0a2b5e836c1"}
