{"block_number": 2, "miner_hash": "0x8e58fe8dC1F53cFb03A601F59d511EB77B36D30B", "block_hash": "0xc93df101b89d33a56793cd5ae0fbd1efb3480bb5620ba6140d7760cacd0cba7f", "block_time": 1703689850, "block_parent": "0x8035a8233689e817cdc29ff54b87778dbfd59054011243bb03f60c24353ea28e"}
{"block_number": 2, "miner_hash": "0x8e58fe8dC1F53cFb03A601F59d511EB77B36D30B", "block_hash": "0xc93df101b89d33a56793cd5ae0fbd1efb3480bb5620ba6140d7760cacd0cba7f", "block_time": 1703689850, "block_parent": "0x8035a8233689e817cdc29ff54b87778dbfd59054011243bb03f60c24353ea28e"}
{"block_number": 1, "miner_hash": "0x35257c0b87E6b0D528368433C4cE072edB3AeD1f", "block_hash": "0x336741175afbb48f3adb26e75c3ce2abff318a4bedb16031f5f901d3dda8f34c", "block_time": 1703689964, "block_parent": "0x07ac5dd0bb356483216cf855deeb696dbc685b1f72f66bb4d7a592cda5af81c4"}
{"block_number": 2, "miner_hash": "0x35257c0b87E6b0D528368433C4cE072edB3AeD1f", "block_hash": "0x9924efb68c3b110f6c5a313469dd6ac40125ed45f1a4d5d5adfbe5f95a041019", "block_time": 1703689965, "block_parent": "0x336741175afbb48f3adb26e75c3ce2abff318a4bedb16031f5f901d3dda8f34c"}
{"block_number": 3, "miner_hash": "0x35257c0b87E6b0D528368433C4cE072edB3AeD1f", "block_hash": "0x62633b10b68445552e446d88e2fafbc54b1441069c816190159595406bc47899", "block_time": 1703689969, "block_parent": "0x9924efb68c3b110f6c5a313469dd6ac40125ed45f1a4d5d5adfbe5f95a041019"}
{"block_number": 1, "miner_hash": "0x35257c0b87E6b0D528368433C4cE072edB3AeD1f", "block_hash": "0xd70dc3d2084c64724675dc7d471cf0d3cd99e00f43680a8ac77cd4a9a9a7a9c1", "block_time": 1703689995, "block_parent": "0x07ac5dd0bb356483216cf855deeb696dbc685b1f72f66bb4d7a592cda5af81c4"}
{"block_number": 2, "miner_hash": "0x35257c0b87E6b0D528368433C4cE072edB3AeD1f", "block_hash": "0x5a6ad64aa83895665424fba7c3bd2b24fb4a60b9459bb438fc554041dcd54fc0", "block_time": 1703689996, "block_parent": "0xd70dc3d2084c64724675dc7d471cf0d3cd99e00f43680a8ac77cd4a9a9a7a9c1"}
{"block_number": 3, "miner_hash": "0x35257c0b87E6b0D528368433C4cE072edB3AeD1f", "block_hash": "0xf49fc14d2e15835cebf5dd6f27c18fb2a89078b7169d073d5d64291eb36e4926", "block_time": 1703689997, "block_parent": "0x5a6ad64aa83895665424fba7c3bd2b24fb4a60b9459bb438fc554041dcd54fc0"}
{"block_number": 4, "miner_hash": "0x35257c0b87E6b0D528368433C4cE072edB3AeD1f", "block_hash": "0x98eb8e84c1bb81971be3b6227cde920b5ec34bee4ac9251e2e3e46360de134ed", "block_time": 1703690004, "block_parent": "0xf49fc14d2e15835cebf5dd6f27c18fb2a89078b7169d073d5d64291eb36e4926"}
{"block_number": 1, "miner_hash": "0x35257c0b87E6b0D528368433C4cE072edB3AeD1f", "block_hash": "0xa00e285a90d21b6ca0c8d6b077c33886d3ec5b433e362e756b15c8c0229eb00a", "block_time": 1703690027, "block_parent": "0x07ac5dd0bb356483216cf855deeb696dbc685b1f72f66bb4d7a592cda5af81c4"}
{"block_number": 2, "miner_hash": "0x35257c0b87E6b0D528368433C4cE072edB3AeD1f", "block_hash": "0x1370a314edcef8a5d34a27c1cdd3e08fb9ffb59f105507d32afef681884e1578", "block_time": 1703690030, "block_parent": "0xa00e285a90d21b6ca0c8d6b077c33886d3ec5b433e362e756b15c8c0229eb00a"}
{"block_number": 1, "miner_hash": "0x35257c0b87E6b0D528368433C4cE072edB3AeD1f", "block_hash": "0x3e2f548cddb215f34a47ac87a8fb4218ef71f9bb3bebf5cece80c8e9f366071f", "block_time": 1703690049, "block_parent": "0x07ac5dd0bb356483216cf855deeb696dbc685b1f72f66bb4d7a592cda5af81c4"}
{"block_number": 2, "miner_hash": "0x35257c0b87E6b0D528368433C4cE072edB3AeD1f", "block_hash": "0x94b7088ed1704acd10b24510ae18b3c99b5f21418b5ad031df9282159cf07d5b", "block_time": 1703690050, "block_parent": "0x3e2f548cddb215f34a47ac87a8fb4218ef71f9bb3bebf5cece80c8e9f366071f"}
{"block_number": 3, "miner_hash": "0x35257c0b87E6b0D528368433C4cE072edB3AeD1f", "block_hash": "0x89eccbcef92e62a143efcd1fcf17f75f9b19aa87d5ed4d0a0badea97184d6b19", "block_time": 1703690053, "block_parent": "0x94b7088ed1704acd10b24510ae18b3c99b5f21418b5ad031df9282159cf07d5b"}
{"block_number": 4, "miner_hash": "0x35257c0b87E6b0D528368433C4cE072edB3AeD1f", "block_hash": "0x66e9f3d62f17856d81bdc73c948994910c060212fda585dc0051c35d46360fc5", "block_time": 1703690063, "block_parent": "0x89eccbcef92e62a143efcd1fcf17f75f9b19aa87d5ed4d0a0badea97184d6b19"}
{"block_number": 5, "miner_hash": "0x35257c0b87E6b0D528368433C4cE072edB3AeD1f", "block_hash": "0x896395bf0348ca131b05eb4e4c0b5f81200f78726d1a023f9f10f2611e44d6c1", "block_time": 1703690064, "block_parent": "0x66e9f3d62f17856d81bdc73c948994910c060212fda585dc0051c35d46360fc5"}
{"block_number": 28, "miner_hash": "0xCfE72D7948e3275D0C5476e58e1F6C98605e4dfa", "block_hash": "0x1508d7a9043634f651eb3d0e20bdca077685c509461f60312ccd9bdc789b2388", "block_time": 1703689987, "block_parent": "0x13ee7a1e46ef09fdf17355bc9df17645343741204b322ecda1ea67f1ade81bc9"}
{"block_number": 30, "miner_hash": "0xeE4861d877A5c732c3437a002EB34d7dc20eEB04", "block_hash": "0x2dcee01e8554e9098927e1212053ff1de40b06e1d648e8ef070d3ce15fb9674d", "block_time": 1703689990, "block_parent": "0xf6fbcfd7e3c738d964c2141069b52ec563496ea9e80eb3faed391c02a67137d7"}
{"block_number": 36, "miner_hash": "0xabD25597eC4EfE21baDB76497591874FDC2341d8", "block_hash": "0x640b851163446d6be0f2dd4df963ffd4de40687e15a127d77bffa259442f49aa", "block_time": 1703690001, "block_parent": "0x5e105e23a94338a23c16983471981e1088adbc2e9067b6c7dea4bc0a4e6feb12"}
{"block_number": 48, "miner_hash": "0x56dd4ffafC859d231150e42C8273296727c981b1", "block_hash": "0xc8d2657f438b96e659690ea84a96884fd622531675d91d4e92266ad4884c8062", "block_time": 1703690016, "block_parent": "0x5c0ef8c62d291bf5f2d5a3b00a438b402f0def2cc6adb8eb6b0437f11cb33ebd"}
{"block_number": 57, "miner_hash": "0xeE4861d877A5c732c3437a002EB34d7dc20eEB04", "block_hash": "0x4e12d74c33cd7be77c5c898be2db40324577c273c2b482a15034a3858bd4cd2e", "block_time": 1703690026, "block_parent": "0xf31ecae95d690e60548b55b4eaf724aec42d132541dfc9909a6f41451bb0e77d"}
{"block_number": 65, "miner_hash": "0xabD25597eC4EfE21baDB76497591874FDC2341d8", "block_hash": "0x0c148b5eb576d5bd71607770dc5dbaf8adae9f0f428f0a1077b457667699314e", "block_time": 1703690040, "block_parent": "0xe2dd0e919bb64103d22b93f5f8385d15ed28b31cfeb9251066c1c5350d18d4fa"}
{"block_number": 79, "miner_hash": "0xabD25597eC4EfE21baDB76497591874FDC2341d8", "block_hash": "0x4aa8144731becd5257f19f00ed077e56166ca7430cdcd1adecad7e721579e31c", "block_time": 1703690055, "block_parent": "0x817b1997e3a912dff90e325cafce6c2f14e804ee06ad211c73794692a28e531d"}
{"block_number": 86, "miner_hash": "0x8e58fe8dC1F53cFb03A601F59d511EB77B36D30B", "block_hash": "0xc4f538f7fe65fc26bc567b9314eabe2487d1d45b5201c4a9a3c3faa52455aa7d", "block_time": 1703690062, "block_parent": "0x226f250b065c3e2e94243536aa9a0256780ff003c156d7613b61d56bdfdb16b8"}
{"block_number": 89, "miner_hash": "0xE2E79598aBBbf49F99e6288256d3B9DDA0945551", "block_hash": "0xdcecd8a406d6a03832e1adb52fac72abd5b9afa5b584ca5d51b598115395baca", "block_time": 1703690065, "block_parent": "0x0e80439f134bd4c69fdd10b6dfc1c01079d720f2abf27dd4e719aeeab1d3cedc"}
{"block_number": 91, "miner_hash": "0xeE4861d877A5c732c3437a002EB34d7dc20eEB04", "block_hash": "0xe7cd84c8c7b2412864aab0acfaf691fdce765dde96775134326f403cbe7a764b", "block_time": 1703690067, "block_parent": "0x30d18e4e2dd6d68e9330825a3105764171edcadf95e464040689f815b343f988"}
{"block_number": 94, "miner_hash": "0x8e58fe8dC1F53cFb03A601F59d511EB77B36D30B", "block_hash": "0x60e648e456d453dca61357903023d60e02eb78b01033f5ab4937ecc2987ba0a1", "block_time": 1703690070, "block_parent": "0x37fb399dc26e0d4d7ae0eb37ca434d17e4705fb169b64234330ff10cf4743983"}
{"block_number": 95, "miner_hash": "0xCfE72D7948e3275D0C5476e58e1F6C98605e4dfa", "block_hash": "0xa7072a790d3e6673a60c7edc859a923d593bdd5c6aca74dba3502b688290955f", "block_time": 1703690071, "block_parent": "0x60e648e456d453dca61357903023d60e02eb78b01033f5ab4937ecc2987ba0a1"}
{"block_number": 96, "miner_hash": "0xCfE72D7948e3275D0C5476e58e1F6C98605e4dfa", "block_hash": "0xa1deba7af166a6554af8fce5ac74d4677a9b3fe0aabf6a0a47151e1699cce48a", "block_time": 1703690075, "block_parent": "0xa7072a790d3e6673a60c7edc859a923d593bdd5c6aca74dba3502b688290955f"}
{"block_number": 97, "miner_hash": "0xCfE72D7948e3275D0C5476e58e1F6C98605e4dfa", "block_hash": "0x892c14a32235cf99e10e8685cc62e50ee9da3bda9dd8f70f755c2cf1db7e4a81", "block_time": 1703690076, "block_parent": "0xa1deba7af166a6554af8fce5ac74d4677a9b3fe0aabf6a0a47151e1699cce48a"}
{"block_number": 100, "miner_hash": "0x8e58fe8dC1F53cFb03A601F59d511EB77B36D30B", "block_hash": "0x074ff1011fd1290c0f6442ca72ceffb8239dcd3ce082808fc7fca1daea4d838e", "block_time": 1703690078, "block_parent": "0x1e1833ea385190bcd3dc47b001c6e1f3d55db4e2955d533b53841c096c650783"}
{"block_number": 103, "miner_hash": "0x8e58fe8dC1F53cFb03A601F59d511EB77B36D30B", "block_hash": "0xa599d5166004cdc6513d0f7f508630f933392a26b7cbf6b692e50abf50d56774", "block_time": 1703690081, "block_parent": "0x2cbb39b128efd46a397ea580acc3a9e129eb4516d2d4f009d3918a73b0f8644f"}
{"block_number": 104, "miner_hash": "0xabD25597eC4EfE21baDB76497591874FDC2341d8", "block_hash": "0xc1382d838b48374814444de204ce0a78325012c6c32abc957d4e00ad3a08fc59", "block_time": 1703690082, "block_parent": "0xa599d5166004cdc6513d0f7f508630f933392a26b7cbf6b692e50abf50d56774"}
{"block_number": 105, "miner_hash": "0x8e58fe8dC1F53cFb03A601F59d511EB77B36D30B", "block_hash": "0x49ab092f822a2e5bc85a98b14343b3e95d02fe73da07d16fe3fce2243661f6db", "block_time": 1703690083, "block_parent": "0xc1382d838b48374814444de204ce0a78325012c6c32abc957d4e00ad3a08fc59"}
{"block_number": 106, "miner_hash": "0xCfE72D7948e3275D0C5476e58e1F6C98605e4dfa", "block_hash": "0x846cd478661544807819a882c3a64d089199187795e57cee9245e02b500fd771", "block_time": 1703690084, "block_parent": "0x49ab092f822a2e5bc85a98b14343b3e95d02fe73da07d16fe3fce2243661f6db"}
{"block_number": 107, "miner_hash": "0xabD25597eC4EfE21baDB76497591874FDC2341d8", "block_hash": "0xdc634e1ac5543a5806e665095708f87664829cf79b5f0f4c1b541e85e030ba92", "block_time": 1703690085, "block_parent": "0x846cd478661544807819a882c3a64d089199187795e57cee9245e02b500fd771"}
{"block_number": 107, "miner_hash": "0xCfE72D7948e3275D0C5476e58e1F6C98605e4dfa", "block_hash": "0xbef47b16b21e40038ec72b62612c8ad8698df433c176ab7ac8a7753482fa47fe", "block_time": 1703690085, "block_parent": "0x846cd478661544807819a882c3a64d089199187795e57cee9245e02b500fd771"}
{"block_number": 108, "miner_hash": "0x56dd4ffafC859d231150e42C8273296727c981b1", "block_hash": "0xa87cfc0704fd06cc3923f7fa4346bc8e9274c5f3af09962945a9d3211bf28feb", "block_time": 1703690086, "block_parent": "0xbef47b16b21e40038ec72b62612c8ad8698df433c176ab7ac8a7753482fa47fe"}
{"block_number": 108, "miner_hash": "0xE2E79598aBBbf49F99e6288256d3B9DDA0945551", "block_hash": "0xb02ec4d2d5b2ea54f0f1e0b9710e52351cb84caa19c69bc0a946ed29ccbfdffd", "block_time": 1703690086, "block_parent": "0xbef47b16b21e40038ec72b62612c8ad8698df433c176ab7ac8a7753482fa47fe"}
{"block_number": 109, "miner_hash": "0xCfE72D7948e3275D0C5476e58e1F6C98605e4dfa", "block_hash": "0x787e2c54452481305a27af07250142badab7c581ea95e5d3cbf447e7f09b641f", "block_time": 1703690091, "block_parent": "0xb02ec4d2d5b2ea54f0f1e0b9710e52351cb84caa19c69bc0a946ed29ccbfdffd"}
{"block_number": 110, "miner_hash": "0xCfE72D7948e3275D0C5476e58e1F6C98605e4dfa", "block_hash": "0xffd9ed8d629bc64c35c3f0685fb51f415381291d5a57348e60db66c26c18d6f3", "block_time": 1703690092, "block_parent": "0x787e2c54452481305a27af07250142badab7c581ea95e5d3cbf447e7f09b641f"}
{"block_number": 111, "miner_hash": "0x56dd4ffafC859d231150e42C8273296727c981b1", "block_hash": "0x41681b549397871109e3a210829a86be11a29cac38eb1ea011877bf2e5efc93a", "block_time": 1703690093, "block_parent": "0xffd9ed8d629bc64c35c3f0685fb51f415381291d5a57348e60db66c26c18d6f3"}
{"block_number": 112, "miner_hash": "0x8e58fe8dC1F53cFb03A601F59d511EB77B36D30B", "block_hash": "0xec98d74caa15bb051cfd026f554a9859654886b1886a1d04a4bb2751fcfed803", "block_time": 1703690094, "block_parent": "0x41681b549397871109e3a210829a86be11a29cac38eb1ea011877bf2e5efc93a"}
{"block_number": 113, "miner_hash": "0x35257c0b87E6b0D528368433C4cE072edB3AeD1f", "block_hash": "0x0e3b73133ecba8cfa7d1c1e5380bf70136c601dfc824171e3f7b57824f54217a", "block_time": 1703690095, "block_parent": "0xec98d74caa15bb051cfd026f554a9859654886b1886a1d04a4bb2751fcfed803"}
{"block_number": 114, "miner_hash": "0xE2E79598aBBbf49F99e6288256d3B9DDA0945551", "block_hash": "0x0e65a2a8c0b48ecbd321d4ba25a48d4221c11819dcb18a0e5deabc588ae121ac", "block_time": 1703690096, "block_parent": "0x0e3b73133ecba8cfa7d1c1e5380bf70136c601dfc824171e3f7b57824f54217a"}
{"block_number": 115, "miner_hash": "0x35257c0b87E6b0D528368433C4cE072edB3AeD1f", "block_hash": "0x018c06503090541d84105495cf9c1c5d4b854d6fec0997c3313e149b7cf17294", "block_time": 1703690097, "block_parent": "0x0e65a2a8c0b48ecbd321d4ba25a48d4221c11819dcb18a0e5deabc588ae121ac"}
{"block_number": 116, "miner_hash": "0xE2E79598aBBbf49F99e6288256d3B9DDA0945551", "block_hash": "0x3e78c9b91ecccd75671ae5285511fbc89e63a4d11124cb9b84762b0e99768174", "block_time": 1703690098, "block_parent": "0x018c06503090541d84105495cf9c1c5d4b854d6fec0997c3313e149b7cf17294"}
{"block_number": 117, "miner_hash": "0x35257c0b87E6b0D528368433C4cE072edB3AeD1f", "block_hash": "0x9f592b077438d6e54c30389dbb9d7e245f51087c36ad4512e2e5216c052229d5", "block_time": 1703690099, "block_parent": "0x3e78c9b91ecccd75671ae5285511fbc89e63a4d11124cb9b84762b0e99768174"}
{"block_number": 118, "miner_hash": "0xabD25597eC4EfE21baDB76497591874FDC2341d8", "block_hash": "0x8f9e906f5e9696f2a7e956b46d554add1b1dc02105c60c6317d039226d01ae63", "block_time": 1703690101, "block_parent": "0x9f592b077438d6e54c30389dbb9d7e245f51087c36ad4512e2e5216c052229d5"}
{"block_number": 119, "miner_hash": "0xabD25597eC4EfE21baDB76497591874FDC2341d8", "block_hash": "0xc88989e0a6abb0635a349c473880f9a78ce17756dfc1bf86ad3f5ce52d1f43c2", "block_time": 1703690102, "block_parent": "0x8f9e906f5e9696f2a7e956b46d554add1b1dc02105c60c6317d039226d01ae63"}
{"block_number": 120, "miner_hash": "0xCfE72D7948e3275D0C5476e58e1F6C98605e4dfa", "block_hash": "0x35b7472df01b1c081be124c35b59c342f40978d7fb84b6b6313c3f2dd895cbbb", "block_time": 1703690103, "block_parent": "0xc88989e0a6abb0635a349c473880f9a78ce17756dfc1bf86ad3f5ce52d1f43c2"}
{"block_number": 121, "miner_hash": "0x8e58fe8dC1F53cFb03A601F59d511EB77B36D30B", "block_hash": "0x8c1883d28374f45c51683a5db8950e162056a7566b2da401c861ac72b69e8de7", "block_time": 1703690104, "block_parent": "0x35b7472df01b1c081be124c35b59c342f40978d7fb84b6b6313c3f2dd895cbbb"}
{"block_number": 122, "miner_hash": "0x56dd4ffafC859d231150e42C8273296727c981b1", "block_hash": "0x61d8bad05cb6a6cfd95a3a4f74ceb937e0d6fb396d6bcb69fbc4528c9d92c51e", "block_time": 1703690105, "block_parent": "0x8c1883d28374f45c51683a5db8950e162056a7566b2da401c861ac72b69e8de7"}
{"block_number": 123, "miner_hash": "0xE17c8673880C02048896F3612cac16bB24c62fBC", "block_hash": "0x056c5a5c70b93c94efbb546129aa0da40b354ebe8e23a183289c91bf15fd2d50", "block_time": 1703690106, "block_parent": "0x61d8bad05cb6a6cfd95a3a4f74ceb937e0d6fb396d6bcb69fbc4528c9d92c51e"}
{"block_number": 124, "miner_hash": "0xabD25597eC4EfE21baDB76497591874FDC2341d8", "block_hash": "0x4f2ab36943e99d00ed7fd4dc0846a02e6581a44b7d3637661e94327405b9a7ff", "block_time": 1703690107, "block_parent": "0x056c5a5c70b93c94efbb546129aa0da40b354ebe8e23a183289c91bf15fd2d50"}
{"block_number": 125, "miner_hash": "0xeE4861d877A5c732c3437a002EB34d7dc20eEB04", "block_hash": "0x8de20e58ec1e1c8e5ad445617e26eb50d18dbe4c584d363a74673635ad92c4b3", "block_time": 1703690108, "block_parent": "0x4f2ab36943e99d00ed7fd4dc0846a02e6581a44b7d3637661e94327405b9a7ff"}
{"block_number": 126, "miner_hash": "0xE17c8673880C02048896F3612cac16bB24c62fBC", "block_hash": "0x9f6b93bd4ae7812eeaf7fa6276ee63da4bd298e3271a1d729e345d4c3b7dacd8", "block_time": 1703690109, "block_parent": "0x8de20e58ec1e1c8e5ad445617e26eb50d18dbe4c584d363a74673635ad92c4b3"}
{"block_number": 127, "miner_hash": "0x56dd4ffafC859d231150e42C8273296727c981b1", "block_hash": "0x6a7e86e016ba9fb55bf3bdc42d73dfc6c2b7059239c3dc44809553ea16ee736b", "block_time": 1703690110, "block_parent": "0x9f6b93bd4ae7812eeaf7fa6276ee63da4bd298e3271a1d729e345d4c3b7dacd8"}
{"block_number": 128, "miner_hash": "0xeE4861d877A5c732c3437a002EB34d7dc20eEB04", "block_hash": "0x1636d822bb474f8052981826c2f4239bc57e1b2af024ab16780a2b2f1abe6e1b", "block_time": 1703690111, "block_parent": "0x6a7e86e016ba9fb55bf3bdc42d73dfc6c2b7059239c3dc44809553ea16ee736b"}
{"block_number": 129, "miner_hash": "0x35257c0b87E6b0D528368433C4cE072edB3AeD1f", "block_hash": "0x8d7b1857f775473a659eb906f43816d6544eae01ac4fa1ddc8878c54e3523cf8", "block_time": 1703690112, "block_parent": "0x1636d822bb474f8052981826c2f4239bc57e1b2af024ab16780a2b2f1abe6e1b"}
{"block_number": 130, "miner_hash": "0xE17c8673880C02048896F3612cac16bB24c62fBC", "block_hash": "0xaad07a8eb863717b1dd1ee95e47112fe431d1c9cff18a7e52e2357bbe8dc4103", "block_time": 1703690113, "block_parent": "0x0e3fa5dfd9b0e2787ca2154acd6baa0225cdcbd1cc06d2708e69f61d573d5a73"}
{"block_number": 131, "miner_hash": "0xabD25597eC4EfE21baDB76497591874FDC2341d8", "block_hash": "0xa43c3ec80d818160fd63774db6dde14fb604ba175fbe1b1a5fa62f3b8ddcd933", "block_time": 1703690114, "block_parent": "0xaad07a8eb863717b1dd1ee95e47112fe431d1c9cff18a7e52e2357bbe8dc4103"}
{"block_number": 132, "miner_hash": "0xabD25597eC4EfE21baDB76497591874FDC2341d8", "block_hash": "0x74f64301b2bef8ce842a2d94d1fec1f80df2fc3af110918fc7f0edabf2bdacd3", "block_time": 1703690115, "block_parent": "0xa43c3ec80d818160fd63774db6dde14fb604ba175fbe1b1a5fa62f3b8ddcd933"}
{"block_number": 133, "miner_hash": "0xf1096fcc75530A6898fb62bAC7763C8199784E25", "block_hash": "0x39da7ff64e5d8b1c0c3d1941af0c07a273438aa6fb32e46678e5cbe24fe5d4c1", "block_time": 1703690116, "block_parent": "0x74f64301b2bef8ce842a2d94d1fec1f80df2fc3af110918fc7f0edabf2bdacd3"}
{"block_number": 134, "miner_hash": "0xCfE72D7948e3275D0C5476e58e1F6C98605e4dfa", "block_hash": "0x17526026029bc61069055efd69d45174982db1cc710891ff50ffa580a8a7e986", "block_time": 1703690117, "block_parent": "0x39da7ff64e5d8b1c0c3d1941af0c07a273438aa6fb32e46678e5cbe24fe5d4c1"}
{"block_number": 135, "miner_hash": "0x56dd4ffafC859d231150e42C8273296727c981b1", "block_hash": "0xf6ec42e911e1b6c6611070cfc0a43b41384b44816c37da6f6fd4702521d63ae8", "block_time": 1703690118, "block_parent": "0x17526026029bc61069055efd69d45174982db1cc710891ff50ffa580a8a7e986"}
{"block_number": 136, "miner_hash": "0xE17c8673880C02048896F3612cac16bB24c62fBC", "block_hash": "0x05d76063d358cac4f24620ff6040ee9e35adef943176589ba8c231a1947766fa", "block_time": 1703690119, "block_parent": "0xf6ec42e911e1b6c6611070cfc0a43b41384b44816c37da6f6fd4702521d63ae8"}
{"block_number": 136, "miner_hash": "0xCfE72D7948e3275D0C5476e58e1F6C98605e4dfa", "block_hash": "0xb6aa57e2c389d6c4bbf226bfda3a4624dfb910af5c0f12cc645a88ecd1316c93", "block_time": 1703690119, "block_parent": "0xf6ec42e911e1b6c6611070cfc0a43b41384b44816c37da6f6fd4702521d63ae8"}
{"block_number": 137, "miner_hash": "0xabD25597eC4EfE21baDB76497591874FDC2341d8", "block_hash": "0x92b70b86ccfebf84717ec52805e386e3cf75a69da8d020431a85ad17902d51b2", "block_time": 1703690120, "block_parent": "0x05d76063d358cac4f24620ff6040ee9e35adef943176589ba8c231a1947766fa"}
{"block_number": 138, "miner_hash": "0x8e58fe8dC1F53cFb03A601F59d511EB77B36D30B", "block_hash": "0x7a5c523019197fd72221d2a00a7eb7af493781cb883d80bea10e5e40cc196792", "block_time": 1703690121, "block_parent": "0x92b70b86ccfebf84717ec52805e386e3cf75a69da8d020431a85ad17902d51b2"}
{"block_number": 139, "miner_hash": "0xf1096fcc75530A6898fb62bAC7763C8199784E25", "block_hash": "0x466c24ea33917dd0aa976edfc406739f6862b6d71056a74c958b5b285d57944e", "block_time": 1703690122, "block_parent": "0x7a5c523019197fd72221d2a00a7eb7af493781cb883d80bea10e5e40cc196792"}
{"block_number": 140, "miner_hash": "0xE17c8673880C02048896F3612cac16bB24c62fBC", "block_hash": "0x748c6388f7f31f956588a33a0f2982bb8aa53a43e7225fdf39aa1f5fc79c2eab", "block_time": 1703690123, "block_parent": "0x466c24ea33917dd0aa976edfc406739f6862b6d71056a74c958b5b285d57944e"}
{"block_number": 141, "miner_hash": "0x56dd4ffafC859d231150e42C8273296727c981b1", "block_hash": "0x92fa8ba13144bb807db8af5dcf7ee03855cf5c1f158aab6c084463bdf8fb9e08", "block_time": 1703690124, "block_parent": "0x748c6388f7f31f956588a33a0f2982bb8aa53a43e7225fdf39aa1f5fc79c2eab"}
{"block_number": 142, "miner_hash": "0xf1096fcc75530A6898fb62bAC7763C8199784E25", "block_hash": "0x2fb1a5eef0c247f1706f5284a307c43a1c931998321d9354a6037190eaa41469", "block_time": 1703690125, "block_parent": "0x92fa8ba13144bb807db8af5dcf7ee03855cf5c1f158aab6c084463bdf8fb9e08"}
{"block_number": 143, "miner_hash": "0xeE4861d877A5c732c3437a002EB34d7dc20eEB04", "block_hash": "0x4b08a277e32b46569cfcbfafc2089af5aeeada23eba51bdcc2f50af097958cbd", "block_time": 1703690126, "block_parent": "0x2fb1a5eef0c247f1706f5284a307c43a1c931998321d9354a6037190eaa41469"}
{"block_number": 144, "miner_hash": "0xE2E79598aBBbf49F99e6288256d3B9DDA0945551", "block_hash": "0xe6a468e809cea1b09dd4c43053ef5960b5d90e928d55f2ee954bb0bc9fe1bcbc", "block_time": 1703690127, "block_parent": "0x4b08a277e32b46569cfcbfafc2089af5aeeada23eba51bdcc2f50af097958cbd"}
{"block_number": 145, "miner_hash": "0xCfE72D7948e3275D0C5476e58e1F6C98605e4dfa", "block_hash": "0x64fd1d9471e0ae3638984065795b93ac9a94e69e9861386ac08313123f507cee", "block_time": 1703690128, "block_parent": "0xe6a468e809cea1b09dd4c43053ef5960b5d90e928d55f2ee954bb0bc9fe1bcbc"}
{"block_number": 146, "miner_hash": "0x35257c0b87E6b0D528368433C4cE072edB3AeD1f", "block_hash": "0x5e93d1f792692843fd1091cb9efc5f02e8253a47aa150e95adc7eeff6a6f71b8", "block_time": 1703690129, "block_parent": "0x64fd1d9471e0ae3638984065795b93ac9a94e69e9861386ac08313123f507cee"}
{"block_number": 147, "miner_hash": "0xE17c8673880C02048896F3612cac16bB24c62fBC", "block_hash": "0x191af7f287dda6dfbf4d0e2d91b01e67969f86ff3d108e8b3bed3ffc2052b5d2", "block_time": 1703690130, "block_parent": "0x5e93d1f792692843fd1091cb9efc5f02e8253a47aa150e95adc7eeff6a6f71b8"}
{"block_number": 148, "miner_hash": "0x8e58fe8dC1F53cFb03A601F59d511EB77B36D30B", "block_hash": "0x123573cd86cfab4199adba1bb60b66327014d53686a7c099bdbddf67c1faf812", "block_time": 1703690131, "block_parent": "0x191af7f287dda6dfbf4d0e2d91b01e67969f86ff3d108e8b3bed3ffc2052b5d2"}
{"block_number": 149, "miner_hash": "0x35257c0b87E6b0D528368433C4cE072edB3AeD1f", "block_hash": "0x63ac85e7137e6a950bc24aa1e59b42b5931e0c71fa93bd7c8903d52d9870a150", "block_time": 1703690132, "block_parent": "0x123573cd86cfab4199adba1bb60b66327014d53686a7c099bdbddf67c1faf812"}
{"block_number": 150, "miner_hash": "0x56dd4ffafC859d231150e42C8273296727c981b1", "block_hash": "0xb69941e888b381e371e322f59561d39e1c6aa3693572a00d8b922795f8f3973d", "block_time": 1703690133, "block_parent": "0x63ac85e7137e6a950bc24aa1e59b42b5931e0c71fa93bd7c8903d52d9870a150"}
{"block_number": 151, "miner_hash": "0xE17c8673880C02048896F3612cac16bB24c62fBC", "block_hash": "0xb4cb0d985cc3e882061d9af690a02001795173dbabd35cd48a1230436d42fe70", "block_time": 1703690134, "block_parent": "0xb69941e888b381e371e322f59561d39e1c6aa3693572a00d8b922795f8f3973d"}
{"block_number": 152, "miner_hash": "0x35257c0b87E6b0D528368433C4cE072edB3AeD1f", "block_hash": "0xfc251cd2fa8720687526db5d5c305443d230c9a5e476d22067e59fca768a2e58", "block_time": 1703690135, "block_parent": "0xb4cb0d985cc3e882061d9af690a02001795173dbabd35cd48a1230436d42fe70"}
{"block_number": 153, "miner_hash": "0xeE4861d877A5c732c3437a002EB34d7dc20eEB04", "block_hash": "0xad25fb6e517ce09612872f6886a2a1121d4cd4ba8cb3fc71a6ba6449a16b58e3", "block_time": 1703690136, "block_parent": "0xfc251cd2fa8720687526db5d5c305443d230c9a5e476d22067e59fca768a2e58"}
{"block_number": 154, "miner_hash": "0xE2E79598aBBbf49F99e6288256d3B9DDA0945551", "block_hash": "0xb952e07089a0f6accac0bd327de2cd3a65c41f5d29f2f80f1216a85d671b5162", "block_time": 1703690137, "block_parent": "0xad25fb6e517ce09612872f6886a2a1121d4cd4ba8cb3fc71a6ba6449a16b58e3"}
{"block_number": 155, "miner_hash": "0xE2E79598aBBbf49F99e6288256d3B9DDA0945551", "block_hash": "0x06f72fac3c32c2c3d43eb34eb2e675854f3a50598a29a8f26922ab9a43ce43cc", "block_time": 1703690138, "block_parent": "0xb952e07089a0f6accac0bd327de2cd3a65c41f5d29f2f80f1216a85d671b5162"}
{"block_number": 156, "miner_hash": "0xCfE72D7948e3275D0C5476e58e1F6C98605e4dfa", "block_hash": "0x51e8f4719906ad090afaa2b6c417c1e5746239d0e5284730abcf236bfaa524ad", "block_time": 1703690139, "block_parent": "0x06f72fac3c32c2c3d43eb34eb2e675854f3a50598a29a8f26922ab9a43ce43cc"}
{"block_number": 157, "miner_hash": "0x35257c0b87E6b0D528368433C4cE072edB3AeD1f", "block_hash": "0x041ffbcbe43381c73b4b5820896e398a1d9086002c970e2fd2a10e634b852fd6", "block_time": 1703690140, "block_parent": "0x51e8f4719906ad090afaa2b6c417c1e5746239d0e5284730abcf236bfaa524ad"}
{"block_number": 158, "miner_hash": "0x8e58fe8dC1F53cFb03A601F59d511EB77B36D30B", "block_hash": "0xc903bd05c592440fee875c9fb6778f41810a2198b8cfc64d80ffcae9294970ac", "block_time": 1703690141, "block_parent": "0x041ffbcbe43381c73b4b5820896e398a1d9086002c970e2fd2a10e634b852fd6"}
{"block_number": 159, "miner_hash": "0x56dd4ffafC859d231150e42C8273296727c981b1", "block_hash": "0xaa8a175bf35b18f1a353d9565b07b0ad9e88b94d74ef3fb3452ee52fc785e927", "block_time": 1703690142, "block_parent": "0xc903bd05c592440fee875c9fb6778f41810a2198b8cfc64d80ffcae9294970ac"}
{"block_number": 160, "miner_hash": "0xf1096fcc75530A6898fb62bAC7763C8199784E25", "block_hash": "0x09d9b72c8935172d1e6871fdf46549f76a724ca24d1050e611ee4f3596788904", "block_time": 1703690143, "block_parent": "0xaa8a175bf35b18f1a353d9565b07b0ad9e88b94d74ef3fb3452ee52fc785e927"}
{"block_number": 161, "miner_hash": "0x8e58fe8dC1F53cFb03A601F59d511EB77B36D30B", "block_hash": "0x419947edf9f66680462552a6dcb612226d62db3bd5acfbcb63c8350a4ea6fae0", "block_time": 1703690144, "block_parent": "0x09d9b72c8935172d1e6871fdf46549f76a724ca24d1050e611ee4f3596788904"}
{"block_number": 162, "miner_hash": "0xE2E79598aBBbf49F99e6288256d3B9DDA0945551", "block_hash": "0x6fd4b40c6d6fd33bef2d60a3c5fc01bdf948f70ff2e43670dcab40d40b9dd396", "block_time": 1703690145, "block_parent": "0x419947edf9f66680462552a6dcb612226d62db3bd5acfbcb63c8350a4ea6fae0"}
{"block_number": 163, "miner_hash": "0x8e58fe8dC1F53cFb03A601F59d511EB77B36D30B", "block_hash": "0xba76e45c3601b54254b7507ba4f97d672b0f166271e9f0916f1eb4f933bccee2", "block_time": 1703690146, "block_parent": "0x6fd4b40c6d6fd33bef2d60a3c5fc01bdf948f70ff2e43670dcab40d40b9dd396"}
{"block_number": 164, "miner_hash": "0xeE4861d877A5c732c3437a002EB34d7dc20eEB04", "block_hash": "0x3fcb6384f32e20ecf13411d301db769e7407d8e7507a1d9757bc30f2eade02c4", "block_time": 1703690147, "block_parent": "0xba76e45c3601b54254b7507ba4f97d672b0f166271e9f0916f1eb4f933bccee2"}
{"block_number": 165, "miner_hash": "0x8e58fe8dC1F53cFb03A601F59d511EB77B36D30B", "block_hash": "0xa99325416fe0daec3899ddd1e767201df73d5c7cc1a26c2593a9a72583fb0e53", "block_time": 1703690148, "block_parent": "0x3fcb6384f32e20ecf13411d301db769e7407d8e7507a1d9757bc30f2eade02c4"}
{"block_number": 166, "miner_hash": "0x8e58fe8dC1F53cFb03A601F59d511EB77B36D30B", "block_hash": "0x2a12be605ac424420a13aaaf86a7de8cee794a42d03a16b4317ceca9358a1598", "block_time": 1703690149, "block_parent": "0xa99325416fe0daec3899ddd1e767201df73d5c7cc1a26c2593a9a72583fb0e53"}
{"block_number": 167, "miner_hash": "0xE17c8673880C02048896F3612cac16bB24c62fBC", "block_hash": "0x8d873d9fcf237fda7e2f135ffcdcec9be07107e2e4c053aba6e32da81ef4db91", "block_time": 1703690150, "block_parent": "0x2a12be605ac424420a13aaaf86a7de8cee794a42d03a16b4317ceca9358a1598"}
{"block_number": 169, "miner_hash": "0x35257c0b87E6b0D528368433C4cE072edB3AeD1f", "block_hash": "0xa77369411f5fb2cbd08261cdb7185421a548e2f6f153d8cb952a81ad9922cb49", "block_time": 1703690152, "block_parent": "0x2329ebd1ac1143aeb29bdda3a6ff9bf6225bc773df2f8aef85d57e89f4ebb4db"}
{"block_number": 170, "miner_hash": "0x35257c0b87E6b0D528368433C4cE072edB3AeD1f", "block_hash": "0x96879aeec7c62732d3867fca080304e64622e809fc780e7256b0560027d8eec7", "block_time": 1703690153, "block_parent": "0xa77369411f5fb2cbd08261cdb7185421a548e2f6f153d8cb952a81ad9922cb49"}
{"block_number": 171, "miner_hash": "0xf1096fcc75530A6898fb62bAC7763C8199784E25", "block_hash": "0x6e479bdfc67d21d18e02a8ea57b1b3790bdb794ab537b5e52e3ea3705efde7df", "block_time": 1703690154, "block_parent": "0x96879aeec7c62732d3867fca080304e64622e809fc780e7256b0560027d8eec7"}
{"block_number": 172, "miner_hash": "0xf1096fcc75530A6898fb62bAC7763C8199784E25", "block_hash": "0x2a970a475e26d60e6c43f5184b393a1fea6639a317710d5410206d717d036f45", "block_time": 1703690155, "block_parent": "0x6e479bdfc67d21d18e02a8ea57b1b3790bdb794ab537b5e52e3ea3705efde7df"}
{"block_number": 173, "miner_hash": "0x35257c0b87E6b0D528368433C4cE072edB3AeD1f", "block_hash": "0x053ede1549c01235a6ac7e2783566e7bb39cc186b53d36016745ed423387bcdb", "block_time": 1703690156, "block_parent": "0x2a970a475e26d60e6c43f5184b393a1fea6639a317710d5410206d717d036f45"}
{"block_number": 174, "miner_hash": "0xE17c8673880C02048896F3612cac16bB24c62fBC", "block_hash": "0xe85911c9e99ce96fb369313dc72c36685a4b6a0799821bb2bf048eb67c043ebd", "block_time": 1703690157, "block_parent": "0x053ede1549c01235a6ac7e2783566e7bb39cc186b53d36016745ed423387bcdb"}
{"block_number": 175, "miner_hash": "0xE17c8673880C02048896F3612cac16bB24c62fBC", "block_hash": "0x4c8fe62df6fd702571050419018a6cf74edfa6289dfd6dbaafb44ac43360eca2", "block_time": 1703690158, "block_parent": "0xe85911c9e99ce96fb369313dc72c36685a4b6a0799821bb2bf048eb67c043ebd"}
{"block_number": 176, "miner_hash": "0xE2E79598aBBbf49F99e6288256d3B9DDA0945551", "block_hash": "0x4c375fe5f15fb0f2446a715ce21f61e2502d7b39a08bd70bb084db70c84e41f0", "block_time": 1703690159, "block_parent": "0x4c8fe62df6fd702571050419018a6cf74edfa6289dfd6dbaafb44ac43360eca2"}
{"block_number": 176, "miner_hash": "0x56dd4ffafC859d231150e42C8273296727c981b1", "block_hash": "0x8c4a197acb721cc15ab6cd0e989741598cfba98f50d33be93dfa5ee578104a92", "block_time": 1703690159, "block_parent": "0x4c8fe62df6fd702571050419018a6cf74edfa6289dfd6dbaafb44ac43360eca2"}
{"block_number": 177, "miner_hash": "0xabD25597eC4EfE21baDB76497591874FDC2341d8", "block_hash": "0x488b6fa7f970109fcb22c3f571ef96d45dc4073c0f64ef3e326114f26802ba90", "block_time": 1703690160, "block_parent": "0x4c375fe5f15fb0f2446a715ce21f61e2502d7b39a08bd70bb084db70c84e41f0"}
{"block_number": 178, "miner_hash": "0xeE4861d877A5c732c3437a002EB34d7dc20eEB04", "block_hash": "0x6560e5fa0f3dec157baf93743adaed651ac75285fd69abd4eba57604030e2297", "block_time": 1703690161, "block_parent": "0x488b6fa7f970109fcb22c3f571ef96d45dc4073c0f64ef3e326114f26802ba90"}
{"block_number": 179, "miner_hash": "0xCfE72D7948e3275D0C5476e58e1F6C98605e4dfa", "block_hash": "0x1137caf7e446e431dbd4daa8b41a7172d235cae3c2adf09ffe9219f5d4a96b86", "block_time": 1703690162, "block_parent": "0x6560e5fa0f3dec157baf93743adaed651ac75285fd69abd4eba57604030e2297"}
{"block_number": 180, "miner_hash": "0xf1096fcc75530A6898fb62bAC7763C8199784E25", "block_hash": "0x3a9d344c67bb7c275af3f9d66361d853c19a454d3b59ec317c05ccb4bfe14efb", "block_time": 1703690163, "block_parent": "0x1137caf7e446e431dbd4daa8b41a7172d235cae3c2adf09ffe9219f5d4a96b86"}
{"block_number": 181, "miner_hash": "0xeE4861d877A5c732c3437a002EB34d7dc20eEB04", "block_hash": "0x97da95c896930503b12db49a9ea44731d5e6433900563ab8bf6e232ce4d886e1", "block_time": 1703690164, "block_parent": "0x3a9d344c67bb7c275af3f9d66361d853c19a454d3b59ec317c05ccb4bfe14efb"}
{"block_number": 182, "miner_hash": "0xeE4861d877A5c732c3437a002EB34d7dc20eEB04", "block_hash": "0xddbd7d497c2ac819765eccc31d26b581f1016fd61f2209d551b947ef22826166", "block_time": 1703690165, "block_parent": "0x97da95c896930503b12db49a9ea44731d5e6433900563ab8bf6e232ce4d886e1"}
{"block_number": 183, "miner_hash": "0xCfE72D7948e3275D0C5476e58e1F6C98605e4dfa", "block_hash": "0x6b1fbf43ecdf99d77478caa014ba0a0257823aa763c06dc5f1269e5365bcd591", "block_time": 1703690166, "block_parent": "0xddbd7d497c2ac819765eccc31d26b581f1016fd61f2209d551b947ef22826166"}
{"block_number": 184, "miner_hash": "0xeE4861d877A5c732c3437a002EB34d7dc20eEB04", "block_hash": "0xe131d6d94c55cccf9af825aca4d829a584d5eafeec50185c72c73c853cd8b03c", "block_time": 1703690167, "block_parent": "0x6b1fbf43ecdf99d77478caa014ba0a0257823aa763c06dc5f1269e5365bcd591"}
{"block_number": 185, "miner_hash": "0x56dd4ffafC859d231150e42C8273296727c981b1", "block_hash": "0x03c4435b6d1919fa8be6704e44e6a29a4afcdcc54fbc110e75b763226eab80db", "block_time": 1703690168, "block_parent": "0xe131d6d94c55cccf9af825aca4d829a584d5eafeec50185c72c73c853cd8b03c"}
{"block_number": 186, "miner_hash": "0x35257c0b87E6b0D528368433C4cE072edB3AeD1f", "block_hash": "0x3ec495bb795015d63bb948506fee7dfe69715d2edba5da067f5c942d75c58d26", "block_time": 1703690169, "block_parent": "0x03c4435b6d1919fa8be6704e44e6a29a4afcdcc54fbc110e75b763226eab80db"}
{"block_number": 187, "miner_hash": "0xE2E79598aBBbf49F99e6288256d3B9DDA0945551", "block_hash": "0x0b7a2275f16d72c93a2d27dd02997bd37b19581c9906624189687ce3f3cabf35", "block_time": 1703690170, "block_parent": "0x3ec495bb795015d63bb948506fee7dfe69715d2edba5da067f5c942d75c58d26"}
{"block_number": 188, "miner_hash": "0x35257c0b87E6b0D528368433C4cE072edB3AeD1f", "block_hash": "0x8f4fc395b0df5f45b2824223161e43b3b81d79e7058ca7ff473d5b2ceb7875c2", "block_time": 1703690171, "block_parent": "0x0b7a2275f16d72c93a2d27dd02997bd37b19581c9906624189687ce3f3cabf35"}
{"block_number": 189, "miner_hash": "0x8e58fe8dC1F53cFb03A601F59d511EB77B36D30B", "block_hash": "0x0dcee78851e489008298623dd927e41fc44a2fa2d0985fab6602f5aa6661dc9c", "block_time": 1703690172, "block_parent": "0xaa04a5556fa41b26d1ae92f47788b83ae400c62608171fce95a03e35e36d2332"}
{"block_number": 190, "miner_hash": "0x8e58fe8dC1F53cFb03A601F59d511EB77B36D30B", "block_hash": "0xf70a06bc8a4b28859df01c62289c651fc234392916133aa20cc2a121cd614d84", "block_time": 1703690173, "block_parent": "0x0dcee78851e489008298623dd927e41fc44a2fa2d0985fab6602f5aa6661dc9c"}
{"block_number": 191, "miner_hash": "0xabD25597eC4EfE21baDB76497591874FDC2341d8", "block_hash": "0xb565afddcd53d6a783278b964fc43759ebef790b8478645ff05ecd86185b30ce", "block_time": 1703690174, "block_parent": "0xf70a06bc8a4b28859df01c62289c651fc234392916133aa20cc2a121cd614d84"}
{"block_number": 191, "miner_hash": "0xabD25597eC4EfE21baDB76497591874FDC2341d8", "block_hash": "0xb565afddcd53d6a783278b964fc43759ebef790b8478645ff05ecd86185b30ce", "block_time": 1703690174, "block_parent": "0xf70a06bc8a4b28859df01c62289c651fc234392916133aa20cc2a121cd614d84"}
{"block_number": 191, "miner_hash": "0xE17c8673880C02048896F3612cac16bB24c62fBC", "block_hash": "0x985af48861311f3a6daa52ceb96842e7f92535c61628a12748fc85a71bd95082", "block_time": 1703690174, "block_parent": "0xf70a06bc8a4b28859df01c62289c651fc234392916133aa20cc2a121cd614d84"}
{"block_number": 192, "miner_hash": "0xeE4861d877A5c732c3437a002EB34d7dc20eEB04", "block_hash": "0x5d94d8de0b499a264672ac9f23b6489ff3c82ef5a1905109c728f9b8fcff135e", "block_time": 1703690175, "block_parent": "0x5f030441f92b12fa610f669b7408fc46081654e533870e576f38511f927b9f32"}
{"block_number": 193, "miner_hash": "0xf1096fcc75530A6898fb62bAC7763C8199784E25", "block_hash": "0x347d4bfb7cc7126e2a094df7e6ec161d5da6005e225a1190bb42afd0da9e02bb", "block_time": 1703690176, "block_parent": "0x5d94d8de0b499a264672ac9f23b6489ff3c82ef5a1905109c728f9b8fcff135e"}
{"block_number": 193, "miner_hash": "0xCfE72D7948e3275D0C5476e58e1F6C98605e4dfa", "block_hash": "0x2850f6a97bbf97936fec8c46b8f79ba06ab25a93ba988eb24b2d0f7a1c81f49a", "block_time": 1703690176, "block_parent": "0x5d94d8de0b499a264672ac9f23b6489ff3c82ef5a1905109c728f9b8fcff135e"}
{"block_number": 194, "miner_hash": "0xCfE72D7948e3275D0C5476e58e1F6C98605e4dfa", "block_hash": "0x546b74fca4a333ecb17abc02dd31638b39a173284803c20e737a573ca4b8b531", "block_time": 1703690177, "block_parent": "0x2850f6a97bbf97936fec8c46b8f79ba06ab25a93ba988eb24b2d0f7a1c81f49a"}
{"block_number": 195, "miner_hash": "0x35257c0b87E6b0D528368433C4cE072edB3AeD1f", "block_hash": "0x0ad5f69c81a6b66992722e0899c803494bd897a893e8083681a0b08bb5b301c2", "block_time": 1703690178, "block_parent": "0x546b74fca4a333ecb17abc02dd31638b39a173284803c20e737a573ca4b8b531"}
{"block_number": 196, "miner_hash": "0xabD25597eC4EfE21baDB76497591874FDC2341d8", "block_hash": "0x980c684e41787a75bb5141ac25d0f911cd33e09c5a1e392a9fa1a7503e78c097", "block_time": 1703690179, "block_parent": "0x0ad5f69c81a6b66992722e0899c803494bd897a893e8083681a0b08bb5b301c2"}
{"block_number": 197, "miner_hash": "0xf1096fcc75530A6898fb62bAC7763C8199784E25", "block_hash": "0x66442b6ae79eac2b66f18a70d42912903f992603089854dfddcc9be46f81040a", "block_time": 1703690180, "block_parent": "0x980c684e41787a75bb5141ac25d0f911cd33e09c5a1e392a9fa1a7503e78c097"}
{"block_number": 198, "miner_hash": "0xE17c8673880C02048896F3612cac16bB24c62fBC", "block_hash": "0xc4f1eaf2090d273581cf115c1fb8bc033b05337725fd50ec1d0b132c4f37d8fe", "block_time": 1703690181, "block_parent": "0x66442b6ae79eac2b66f18a70d42912903f992603089854dfddcc9be46f81040a"}
{"block_number": 199, "miner_hash": "0xE2E79598aBBbf49F99e6288256d3B9DDA0945551", "block_hash": "0x6fa2d6fa86e7e85abb09218bad60495f999342fa77ea8b7d5d8f23f6a68b839b", "block_time": 1703690182, "block_parent": "0xc4f1eaf2090d273581cf115c1fb8bc033b05337725fd50ec1d0b132c4f37d8fe"}
{"block_number": 200, "miner_hash": "0xf1096fcc75530A6898fb62bAC7763C8199784E25", "block_hash": "0x7c1ab85e377b773b584106c7642c5db86d3129a445b6af018af65c945ce80b22", "block_time": 1703690183, "block_parent": "0x6fa2d6fa86e7e85abb09218bad60495f999342fa77ea8b7d5d8f23f6a68b839b"}
{"block_number": 200, "miner_hash": "0xCfE72D7948e3275D0C5476e58e1F6C98605e4dfa", "block_hash": "0x3f0510407ea71bb0eeee8a9b62c0070904915ab9c7f3cc6ceb74ae948abeae64", "block_time": 1703690183, "block_parent": "0x6fa2d6fa86e7e85abb09218bad60495f999342fa77ea8b7d5d8f23f6a68b839b"}
{"block_number": 201, "miner_hash": "0x35257c0b87E6b0D528368433C4cE072edB3AeD1f", "block_hash": "0xd94a6321dadf86659f5eea209a8c0e8e7a184848261795b0722334fb79572dee", "block_time": 1703690184, "block_parent": "0x3f0510407ea71bb0eeee8a9b62c0070904915ab9c7f3cc6ceb74ae948abeae64"}
{"block_number": 202, "miner_hash": "0x35257c0b87E6b0D528368433C4cE072edB3AeD1f", "block_hash": "0x5af14acd4a85e370694b03040e4d9e0ccd126261d91ab80d86cd9883c8758978", "block_time": 1703690185, "block_parent": "0xd94a6321dadf86659f5eea209a8c0e8e7a184848261795b0722334fb79572dee"}
{"block_number": 203, "miner_hash": "0xf1096fcc75530A6898fb62bAC7763C8199784E25", "block_hash": "0x8fc2153ce3cdcafe336204e632d131116d7878424d4c7c6d19cb57bf7e4302e5", "block_time": 1703690186, "block_parent": "0x5af14acd4a85e370694b03040e4d9e0ccd126261d91ab80d86cd9883c8758978"}
{"block_number": 204, "miner_hash": "0xE17c8673880C02048896F3612cac16bB24c62fBC", "block_hash": "0xc522d0f02f6c0147c37ab634c3726abb7428019e9e49b19dced09ae26507253c", "block_time": 1703690187, "block_parent": "0x9bf8e7a2f0bda2515bf09165752a1583f597d2105461aad366684514121633b5"}
{"block_number": 205, "miner_hash": "0xE2E79598aBBbf49F99e6288256d3B9DDA0945551", "block_hash": "0xf9f7effb2f1991705cf229ae57f446e44acd4fa3df0bb877ae21332c452c035b", "block_time": 1703690188, "block_parent": "0xc522d0f02f6c0147c37ab634c3726abb7428019e9e49b19dced09ae26507253c"}
{"block_number": 206, "miner_hash": "0x35257c0b87E6b0D528368433C4cE072edB3AeD1f", "block_hash": "0xa5aa0cbe38bd6c18f4c916f7362b4804cb55eeaca4ff9b677054ea6eb53c2947", "block_time": 1703690189, "block_parent": "0xf9f7effb2f1991705cf229ae57f446e44acd4fa3df0bb877ae21332c452c035b"}
{"block_number": 207, "miner_hash": "0xeE4861d877A5c732c3437a002EB34d7dc20eEB04", "block_hash": "0xa23710d06e9b41f2f9e7c7657fdda806cd5549320e24169d52349dc4762b154c", "block_time": 1703690190, "block_parent": "0xa5aa0cbe38bd6c18f4c916f7362b4804cb55eeaca4ff9b677054ea6eb53c2947"}
{"block_number": 208, "miner_hash": "0x35257c0b87E6b0D528368433C4cE072edB3AeD1f", "block_hash": "0x55539e20ccfa7cddf76ae6d663c0be4c6b051be47610cfe9978cf5b26a8e37a1", "block_time": 1703690191, "block_parent": "0xa23710d06e9b41f2f9e7c7657fdda806cd5549320e24169d52349dc4762b154c"}
{"block_number": 209, "miner_hash": "0xCfE72D7948e3275D0C5476e58e1F6C98605e4dfa", "block_hash": "0xef04176da7fa186287f696c9728d371d14d31ab3c2f04396c4a9b01bd0542ba4", "block_time": 1703690192, "block_parent": "0x51391ccf2e07bce15fcc5ff42c6deb64841c86acc48557760ad4670122f4d5af"}
{"block_number": 209, "miner_hash": "0xE2E79598aBBbf49F99e6288256d3B9DDA0945551", "block_hash": "0x21f9fe04dfcc3f7afbd4e13e7c0c450942781a19c38b9faa9026527ca9cd3db1", "block_time": 1703690192, "block_parent": "0x55539e20ccfa7cddf76ae6d663c0be4c6b051be47610cfe9978cf5b26a8e37a1"}
{"block_number": 210, "miner_hash": "0x35257c0b87E6b0D528368433C4cE072edB3AeD1f", "block_hash": "0x27eb92b870f53bd912e646b38d93ef38bb3614477efd236e742091ac90aecb88", "block_time": 1703690193, "block_parent": "0x21f9fe04dfcc3f7afbd4e13e7c0c450942781a19c38b9faa9026527ca9cd3db1"}
{"block_number": 211, "miner_hash": "0xeE4861d877A5c732c3437a002EB34d7dc20eEB04", "block_hash": "0xc60b8fb9b8cf39aa53567b7586f2fac1c5f1b52370967a89ee02cbe38e4a6b94", "block_time": 1703690194, "block_parent": "0x27eb92b870f53bd912e646b38d93ef38bb3614477efd236e742091ac90aecb88"}
{"block_number": 212, "miner_hash": "0x8e58fe8dC1F53cFb03A601F59d511EB77B36D30B", "block_hash": "0xc5a895a2f8fa66d5180803e226afa85d1451dae1952f56b94d49ad4827ddec2f", "block_time": 1703690195, "block_parent": "0xc60b8fb9b8cf39aa53567b7586f2fac1c5f1b52370967a89ee02cbe38e4a6b94"}
{"block_number": 213, "miner_hash": "0x56dd4ffafC859d231150e42C8273296727c981b1", "block_hash": "0x1202f12c6f53d54d3cb576b0ed09ec6da9e0c42c4fbce0facfcc5ad0aafae470", "block_time": 1703690196, "block_parent": "0xc5a895a2f8fa66d5180803e226afa85d1451dae1952f56b94d49ad4827ddec2f"}
{"block_number": 214, "miner_hash": "0xE2E79598aBBbf49F99e6288256d3B9DDA0945551", "block_hash": "0x220642828f4f85693d344cdfebf6ed81739d7af75eec50b670514361c9ea8d54", "block_time": 1703690197, "block_parent": "0x1202f12c6f53d54d3cb576b0ed09ec6da9e0c42c4fbce0facfcc5ad0aafae470"}
{"block_number": 215, "miner_hash": "0xf1096fcc75530A6898fb62bAC7763C8199784E25", "block_hash": "0x72ccb7e733c4fc4f000390ce41f24855a025b8ef2462f86df5bd7740c1b28509", "block_time": 1703690198, "block_parent": "0x220642828f4f85693d344cdfebf6ed81739d7af75eec50b670514361c9ea8d54"}
{"block_number": 216, "miner_hash": "0xE17c8673880C02048896F3612cac16bB24c62fBC", "block_hash": "0xe48750a1241fc43c924ff0b799b8cfcf8c39164df3cf87edcbcb3ae43156be49", "block_time": 1703690199, "block_parent": "0x72ccb7e733c4fc4f000390ce41f24855a025b8ef2462f86df5bd7740c1b28509"}
{"block_number": 217, "miner_hash": "0xE17c8673880C02048896F3612cac16bB24c62fBC", "block_hash": "0x1d96a5e296ca25878ef334822a12b4e72cb8383037a0c15a03fc7934e47b1fe7", "block_time": 1703690200, "block_parent": "0xe48750a1241fc43c924ff0b799b8cfcf8c39164df3cf87edcbcb3ae43156be49"}
{"block_number": 219, "miner_hash": "0x8e58fe8dC1F53cFb03A601F59d511EB77B36D30B", "block_hash": "0x50f6c06ff1dfb2904a29b5abb8f765a953067c9f62331e0f6fea4d247495f50c", "block_time": 1703690202, "block_parent": "0x7d1ae7e909c3a270e439d87ea085ec01ad7b83d8a4c8ec310433283268f7dcae"}
{"block_number": 220, "miner_hash": "0xabD25597eC4EfE21baDB76497591874FDC2341d8", "block_hash": "0x55189a38892d87945b8f7809e8dcadc23f1d4c4d42aa8685d325297e232dd3e5", "block_time": 1703690203, "block_parent": "0x50f6c06ff1dfb2904a29b5abb8f765a953067c9f62331e0f6fea4d247495f50c"}
{"block_number": 221, "miner_hash": "0x56dd4ffafC859d231150e42C8273296727c981b1", "block_hash": "0x311da461c69985187966c181856c1f9772be61665fa10589c268e31ca0f7f643", "block_time": 1703690204, "block_parent": "0x55189a38892d87945b8f7809e8dcadc23f1d4c4d42aa8685d325297e232dd3e5"}
{"block_number": 222, "miner_hash": "0xabD25597eC4EfE21baDB76497591874FDC2341d8", "block_hash": "0x846fbda58d1f6176eb82b1c64a6ef667255d8b3636b696e630619d2fa71df603", "block_time": 1703690205, "block_parent": "0x311da461c69985187966c181856c1f9772be61665fa10589c268e31ca0f7f643"}
{"block_number": 223, "miner_hash": "0xCfE72D7948e3275D0C5476e58e1F6C98605e4dfa", "block_hash": "0xbd880e8ed5512a9b01f094425dec591cf70b342f87c5657d59bd3a25f75430c1", "block_time": 1703690206, "block_parent": "0x846fbda58d1f6176eb82b1c64a6ef667255d8b3636b696e630619d2fa71df603"}
{"block_number": 224, "miner_hash": "0xE2E79598aBBbf49F99e6288256d3B9DDA0945551", "block_hash": "0xb893e3c12734153de715a8a86375635467e573490a196ba05a48c193b68b4c87", "block_time": 1703690207, "block_parent": "0xbd880e8ed5512a9b01f094425dec591cf70b342f87c5657d59bd3a25f75430c1"}
{"block_number": 225, "miner_hash": "0x35257c0b87E6b0D528368433C4cE072edB3AeD1f", "block_hash": "0x17a878ac2ec0bc0616cfc97704e83de29714196dc2b8da0f2a0c70ce6c392d59", "block_time": 1703690208, "block_parent": "0xb893e3c12734153de715a8a86375635467e573490a196ba05a48c193b68b4c87"}
{"block_number": 226, "miner_hash": "0xE17c8673880C02048896F3612cac16bB24c62fBC", "block_hash": "0x48c0f1a068087174657815997c9cb83cd490c47d371e9d373a9ea2b6270859da", "block_time": 1703690209, "block_parent": "0xc9f5ca1c8575ab28fa05a3b2c2cca1e12d91a0068c689505ddb436e0357c6e3c"}
{"block_number": 227, "miner_hash": "0xabD25597eC4EfE21baDB76497591874FDC2341d8", "block_hash": "0x5b4ae47b83bb0103df4291d69d95ae15ee5abefa00031fdf5a40ef3a5a3f4580", "block_time": 1703690210, "block_parent": "0x48c0f1a068087174657815997c9cb83cd490c47d371e9d373a9ea2b6270859da"}
{"block_number": 228, "miner_hash": "0x8e58fe8dC1F53cFb03A601F59d511EB77B36D30B", "block_hash": "0x77c08c42c482ca9460fc259cb5307a9d935b8bcba67b01e5919a2d9fa4b9107d", "block_time": 1703690211, "block_parent": "0x5b4ae47b83bb0103df4291d69d95ae15ee5abefa00031fdf5a40ef3a5a3f4580"}
{"block_number": 229, "miner_hash": "0xf1096fcc75530A6898fb62bAC7763C8199784E25", "block_hash": "0x478d6f597b1060cf2c9d63a43d52014f1dd310418594c84b5422cba9390f621e", "block_time": 1703690212, "block_parent": "0x77c08c42c482ca9460fc259cb5307a9d935b8bcba67b01e5919a2d9fa4b9107d"}
{"block_number": 230, "miner_hash": "0xabD25597eC4EfE21baDB76497591874FDC2341d8", "block_hash": "0x5b1054ca5157ed3b5f547afe2193a9ce74088952e5d8115bdf5b5937a4225ce0", "block_time": 1703690213, "block_parent": "0x478d6f597b1060cf2c9d63a43d52014f1dd310418594c84b5422cba9390f621e"}
{"block_number": 231, "miner_hash": "0xE17c8673880C02048896F3612cac16bB24c62fBC", "block_hash": "0x147b6b5ec4a8cf5ad66818dad73a4d1a56c029ac4e43c48edc7c33524fd0c679", "block_time": 1703690214, "block_parent": "0x5b1054ca5157ed3b5f547afe2193a9ce74088952e5d8115bdf5b5937a4225ce0"}
{"block_number": 232, "miner_hash": "0xCfE72D7948e3275D0C5476e58e1F6C98605e4dfa", "block_hash": "0xa64fe0b4dfc80a77ea948220953d2e0583c3910ec1fbcc9eaabec01b46d82a8a", "block_time": 1703690215, "block_parent": "0x147b6b5ec4a8cf5ad66818dad73a4d1a56c029ac4e43c48edc7c33524fd0c679"}
{"block_number": 233, "miner_hash": "0xE17c8673880C02048896F3612cac16bB24c62fBC", "block_hash": "0x3974c38864188e3bc2d0d500c7e05b9ab2a9bf018d7a1ee57b3c5d0bffe3de66", "block_time": 1703690216, "block_parent": "0xa64fe0b4dfc80a77ea948220953d2e0583c3910ec1fbcc9eaabec01b46d82a8a"}
{"block_number": 234, "miner_hash": "0x35257c0b87E6b0D528368433C4cE072edB3AeD1f", "block_hash": "0xffa0bc12bc07c06dbc923217109575641b4c478d2b6119ac6e25caa4b4fb35da", "block_time": 1703690217, "block_parent": "0x3974c38864188e3bc2d0d500c7e05b9ab2a9bf018d7a1ee57b3c5d0bffe3de66"}
{"block_number": 235, "miner_hash": "0xE17c8673880C02048896F3612cac16bB24c62fBC", "block_hash": "0x91490cdeb90a07f18d5195bc8415fb76ae47556952bb0efdaabd921f4c8352c3", "block_time": 1703690218, "block_parent": "0xffa0bc12bc07c06dbc923217109575641b4c478d2b6119ac6e25caa4b4fb35da"}
{"block_number": 236, "miner_hash": "0xeE4861d877A5c732c3437a002EB34d7dc20eEB04", "block_hash": "0x3881824629ea50af15fdcd7ef267e46fcd08f5088f9aba4f8de229c0ec4eacf4", "block_time": 1703690219, "block_parent": "0x91490cdeb90a07f18d5195bc8415fb76ae47556952bb0efdaabd921f4c8352c3"}
{"block_number": 237, "miner_hash": "0x8e58fe8dC1F53cFb03A601F59d511EB77B36D30B", "block_hash": "0xa221690873b064d8f6bfb06aef2bd75da0741d0d9e019fbd14985249b2c42859", "block_time": 1703690220, "block_parent": "0x3881824629ea50af15fdcd7ef267e46fcd08f5088f9aba4f8de229c0ec4eacf4"}
{"block_number": 238, "miner_hash": "0xabD25597eC4EfE21baDB76497591874FDC2341d8", "block_hash": "0xf48ebc283f4e50e8a4dca65a0e84e19ce6c8a652e5b4c9ff7053a78d2563fc31", "block_time": 1703690221, "block_parent": "0xa221690873b064d8f6bfb06aef2bd75da0741d0d9e019fbd14985249b2c42859"}
{"block_number": 239, "miner_hash": "0xE2E79598aBBbf49F99e6288256d3B9DDA0945551", "block_hash": "0x765b94407ba2e26ca616a9459f90d6e32857f7c5d509571a5d26ee4f588eeed3", "block_time": 1703690222, "block_parent": "0xf48ebc283f4e50e8a4dca65a0e84e19ce6c8a652e5b4c9ff7053a78d2563fc31"}
{"block_number": 240, "miner_hash": "0xE2E79598aBBbf49F99e6288256d3B9DDA0945551", "block_hash": "0xdde6df22758da37308ac95fe73a21d20b1cb3f9fea4c4caec3e9168b99eb96cc", "block_time": 1703690223, "block_parent": "0x765b94407ba2e26ca616a9459f90d6e32857f7c5d509571a5d26ee4f588eeed3"}
{"block_number": 241, "miner_hash": "0xf1096fcc75530A6898fb62bAC7763C8199784E25", "block_hash": "0xfcd94785a3157af71326b86b23060052f8b4c4b14cf8623cf9584492d3e1e825", "block_time": 1703690224, "block_parent": "0xdde6df22758da37308ac95fe73a21d20b1cb3f9fea4c4caec3e9168b99eb96cc"}
{"block_number": 242, "miner_hash": "0xCfE72D7948e3275D0C5476e58e1F6C98605e4dfa", "block_hash": "0x562233a95962b472cae7ea1dead30c97859e779ee00571fbdb1af029d5e1e9a0", "block_time": 1703690225, "block_parent": "0xfcd94785a3157af71326b86b23060052f8b4c4b14cf8623cf9584492d3e1e825"}
{"block_number": 243, "miner_hash": "0xCfE72D7948e3275D0C5476e58e1F6C98605e4dfa", "block_hash": "0x46e847d7ba0fa22d1951838f5ba60bb5684626ea759aa330763e823b0ab6d08e", "block_time": 1703690226, "block_parent": "0x562233a95962b472cae7ea1dead30c97859e779ee00571fbdb1af029d5e1e9a0"}
{"block_number": 244, "miner_hash": "0xE2E79598aBBbf49F99e6288256d3B9DDA0945551", "block_hash": "0xd960a02b4a642fd72293891acc85e735f6d694dd88bf551055fdd872e21aa6de", "block_time": 1703690227, "block_parent": "0x46e847d7ba0fa22d1951838f5ba60bb5684626ea759aa330763e823b0ab6d08e"}
{"block_number": 245, "miner_hash": "0x35257c0b87E6b0D528368433C4cE072edB3AeD1f", "block_hash": "0x9ff9833048a2a822f38e2cac2f24e04a3fcb34761407d6a487df461bb61fd270", "block_time": 1703690228, "block_parent": "0xd960a02b4a642fd72293891acc85e735f6d694dd88bf551055fdd872e21aa6de"}
{"block_number": 246, "miner_hash": "0x8e58fe8dC1F53cFb03A601F59d511EB77B36D30B", "block_hash": "0xf11e79c738699371949fbabad3f1a4cbefeb42152e12556c8bec85f8dafdd0f0", "block_time": 1703690229, "block_parent": "0x9ff9833048a2a822f38e2cac2f24e04a3fcb34761407d6a487df461bb61fd270"}
{"block_number": 247, "miner_hash": "0x35257c0b87E6b0D528368433C4cE072edB3AeD1f", "block_hash": "0x1f6654d1b7d1a756bff54cf78f171ee918933939fb2fc0d7bfa5d83a23d826a7", "block_time": 1703690230, "block_parent": "0xf11e79c738699371949fbabad3f1a4cbefeb42152e12556c8bec85f8dafdd0f0"}
{"block_number": 248, "miner_hash": "0xeE4861d877A5c732c3437a002EB34d7dc20eEB04", "block_hash": "0x28aac625007debadd900753e2ecf354b69e70c8cd527eb218b2ebd9b15360a0a", "block_time": 1703690231, "block_parent": "0x1f6654d1b7d1a756bff54cf78f171ee918933939fb2fc0d7bfa5d83a23d826a7"}
{"block_number": 249, "miner_hash": "0x8e58fe8dC1F53cFb03A601F59d511EB77B36D30B", "block_hash": "0x06dfa59df2bca2b62cf01bb67609dd4cae5f8b7ad5bc4b0f666fd048b3ee2a3d", "block_time": 1703690232, "block_parent": "0x28aac625007debadd900753e2ecf354b69e70c8cd527eb218b2ebd9b15360a0a"}
{"block_number": 250, "miner_hash": "0xf1096fcc75530A6898fb62bAC7763C8199784E25", "block_hash": "0x741c8a21f4f80277e8d61879d19e4d2b6d7f78d396dc69070d4cddb0d504303c", "block_time": 1703690233, "block_parent": "0x06dfa59df2bca2b62cf01bb67609dd4cae5f8b7ad5bc4b0f666fd048b3ee2a3d"}
{"block_number": 251, "miner_hash": "0xE17c8673880C02048896F3612cac16bB24c62fBC", "block_hash": "0xeacc77dd3fa1ea3299063f88d84ca79c3eb1ddfee1f9d2f606bc6764a19431e2", "block_time": 1703690234, "block_parent": "0x741c8a21f4f80277e8d61879d19e4d2b6d7f78d396dc69070d4cddb0d504303c"}
{"block_number": 252, "miner_hash": "0x56dd4ffafC859d231150e42C8273296727c981b1", "block_hash": "0x5559ab2dea4324af97c796cd7e8b4736ee5c2d64808767179e84aaafc631bf86", "block_time": 1703690235, "block_parent": "0xeacc77dd3fa1ea3299063f88d84ca79c3eb1ddfee1f9d2f606bc6764a19431e2"}
{"block_number": 253, "miner_hash": "0xabD25597eC4EfE21baDB76497591874FDC2341d8", "block_hash": "0xb632e5bdb253a66763412d8925078c68fbdb6ce37906dafc8a55db7c9d1a7302", "block_time": 1703690236, "block_parent": "0x5559ab2dea4324af97c796cd7e8b4736ee5c2d64808767179e84aaafc631bf86"}
{"block_number": 254, "miner_hash": "0xE2E79598aBBbf49F99e6288256d3B9DDA0945551", "block_hash": "0x9874f4118ecd719d7f9b47a0a1da0f53d8bfd2d6b4815093141159ca411f7cd1", "block_time": 1703690237, "block_parent": "0xb632e5bdb253a66763412d8925078c68fbdb6ce37906dafc8a55db7c9d1a7302"}
{"block_number": 255, "miner_hash": "0x56dd4ffafC859d231150e42C8273296727c981b1", "block_hash": "0x7173669c7f33a07a3a9c1ebab618b4b0e319ce366eeb1dc659c32b10e01f1ef1", "block_time": 1703690238, "block_parent": "0x9874f4118ecd719d7f9b47a0a1da0f53d8bfd2d6b4815093141159ca411f7cd1"}
{"block_number": 256, "miner_hash": "0xE2E79598aBBbf49F99e6288256d3B9DDA0945551", "block_hash": "0x70d6b9d7ecda830475d94f8588667d9b075404000161dcf6c332cead015a69b8", "block_time": 1703690239, "block_parent": "0x7173669c7f33a07a3a9c1ebab618b4b0e319ce366eeb1dc659c32b10e01f1ef1"}
{"block_number": 257, "miner_hash": "0xeE4861d877A5c732c3437a002EB34d7dc20eEB04", "block_hash": "0x002ffb00c78bee24320fcbc5840d9925cd393ebe87d936a7c585d38ea0267eaa", "block_time": 1703690240, "block_parent": "0x70d6b9d7ecda830475d94f8588667d9b075404000161dcf6c332cead015a69b8"}
{"block_number": 257, "miner_hash": "0x8e58fe8dC1F53cFb03A601F59d511EB77B36D30B", "block_hash": "0x8f3514d76d81ac1882548066d5998d59d46aa148a202225254d942fe073b87ef", "block_time": 1703690240, "block_parent": "0x70d6b9d7ecda830475d94f8588667d9b075404000161dcf6c332cead015a69b8"}
{"block_number": 258, "miner_hash": "0xE2E79598aBBbf49F99e6288256d3B9DDA0945551", "block_hash": "0x9fc84faceb7b00a5908a89a0372d7b5701109aa2dd05f0a4b88205aca748b0bf", "block_time": 1703690241, "block_parent": "0x002ffb00c78bee24320fcbc5840d9925cd393ebe87d936a7c585d38ea0267eaa"}
{"block_number": 259, "miner_hash": "0xeE4861d877A5c732c3437a002EB34d7dc20eEB04", "block_hash": "0x9f16de85a9917fe1f9ad2f1b6de50ac058553f6766455230d8b2d40b6e100bf0", "block_time": 1703690242, "block_parent": "0x9fc84faceb7b00a5908a89a0372d7b5701109aa2dd05f0a4b88205aca748b0bf"}
{"block_number": 260, "miner_hash": "0x35257c0b87E6b0D528368433C4cE072edB3AeD1f", "block_hash": "0xfb244db4293cef64f4aed9b1b04ba71e2169488ba8f2f4ba60ac996753b03609", "block_time": 1703690243, "block_parent": "0x9f16de85a9917fe1f9ad2f1b6de50ac058553f6766455230d8b2d40b6e100bf0"}
{"block_number": 261, "miner_hash": "0xE2E79598aBBbf49F99e6288256d3B9DDA0945551", "block_hash": "0xc8b0587ce5734d039d0ec6c08929d6e31767a866aff0c7ac4c430bf888988163", "block_time": 1703690244, "block_parent": "0xfb244db4293cef64f4aed9b1b04ba71e2169488ba8f2f4ba60ac996753b03609"}
{"block_number": 262, "miner_hash": "0xE2E79598aBBbf49F99e6288256d3B9DDA0945551", "block_hash": "0x969301879bfc6b120542abb2b3a9281497190865d9eed73666e22050c96c2629", "block_time": 1703690245, "block_parent": "0xc8b0587ce5734d039d0ec6c08929d6e31767a866aff0c7ac4c430bf888988163"}
{"block_number": 263, "miner_hash": "0x35257c0b87E6b0D528368433C4cE072edB3AeD1f", "block_hash": "0x91165520e0309c042353752ac64a986645f421d043ca3969173ddbea2abf0b33", "block_time": 1703690246, "block_parent": "0x969301879bfc6b120542abb2b3a9281497190865d9eed73666e22050c96c2629"}
{"block_number": 264, "miner_hash": "0xabD25597eC4EfE21baDB76497591874FDC2341d8", "block_hash": "0x0772a7832cce6dd6866fa4821df14549477f8a71dfd8e29eb8fca783fb694385", "block_time": 1703690247, "block_parent": "0x1a5aea56c2778d6632eda443d7b6f19964817407460642841c10187320caf2f3"}
{"block_number": 265, "miner_hash": "0xf1096fcc75530A6898fb62bAC7763C8199784E25", "block_hash": "0xda680067aac0f99e8690ca93b1701b43180ba6b881a4d3d0ee88da3c9f1c9d6a", "block_time": 1703690248, "block_parent": "0x0772a7832cce6dd6866fa4821df14549477f8a71dfd8e29eb8fca783fb694385"}
{"block_number": 266, "miner_hash": "0xE17c8673880C02048896F3612cac16bB24c62fBC", "block_hash": "0xfbb6dadddd9f85b791030b457aaca61b69f4c7c8311cd6ca7dc15990036dc25a", "block_time": 1703690249, "block_parent": "0xda680067aac0f99e8690ca93b1701b43180ba6b881a4d3d0ee88da3c9f1c9d6a"}
{"block_number": 267, "miner_hash": "0xeE4861d877A5c732c3437a002EB34d7dc20eEB04", "block_hash": "0x4b3fb4e3c30fc9f32955ef6736332b9b15773d8b4bc238a5ec67fe9f8858b262", "block_time": 1703690250, "block_parent": "0xfbb6dadddd9f85b791030b457aaca61b69f4c7c8311cd6ca7dc15990036dc25a"}
{"block_number": 268, "miner_hash": "0xCfE72D7948e3275D0C5476e58e1F6C98605e4dfa", "block_hash": "0xca37c1f036ebd10dada9ba32e98da0bfe8a79334270c8e70395c8e332613ceb8", "block_time": 1703690251, "block_parent": "0x4b3fb4e3c30fc9f32955ef6736332b9b15773d8b4bc238a5ec67fe9f8858b262"}
{"block_number": 269, "miner_hash": "0xabD25597eC4EfE21baDB76497591874FDC2341d8", "block_hash": "0x3e195587642f92401208ebed4894a478f3301a2f723e199e00fb963a8a0bb239", "block_time": 1703690252, "block_parent": "0xca37c1f036ebd10dada9ba32e98da0bfe8a79334270c8e70395c8e332613ceb8"}
{"block_number": 270, "miner_hash": "0x8e58fe8dC1F53cFb03A601F59d511EB77B36D30B", "block_hash": "0x2fc7b1428681d7a516b8e30432ad5a179ce7e068cec5a38004fc27fe66df7382", "block_time": 1703690253, "block_parent": "0x3e195587642f92401208ebed4894a478f3301a2f723e199e00fb963a8a0bb239"}
{"block_number": 271, "miner_hash": "0xE17c8673880C02048896F3612cac16bB24c62fBC", "block_hash": "0xcdd4598c70bd5f7d2fb03ef4c7a3fa798bca9a268318900aff993f6dfc930117", "block_time": 1703690254, "block_parent": "0x2fc7b1428681d7a516b8e30432ad5a179ce7e068cec5a38004fc27fe66df7382"}
{"block_number": 272, "miner_hash": "0xabD25597eC4EfE21baDB76497591874FDC2341d8", "block_hash": "0x85d12c2c857c577686f205d66832a7139fba3756b58f5515f415ca62513b462b", "block_time": 1703690255, "block_parent": "0xcdd4598c70bd5f7d2fb03ef4c7a3fa798bca9a268318900aff993f6dfc930117"}
{"block_number": 273, "miner_hash": "0xabD25597eC4EfE21baDB76497591874FDC2341d8", "block_hash": "0x3d5c7b2461e25834ce26c06d0b846867d982f1b117140d354b2dda09cf7c0e77", "block_time": 1703690256, "block_parent": "0x85d12c2c857c577686f205d66832a7139fba3756b58f5515f415ca62513b462b"}
{"block_number": 274, "miner_hash": "0xabD25597eC4EfE21baDB76497591874FDC2341d8", "block_hash": "0xa5fc165eee08fee97e92cb333cc93141ef936ec8e115ec75326b1b12fc252f2e", "block_time": 1703690257, "block_parent": "0x3d5c7b2461e25834ce26c06d0b846867d982f1b117140d354b2dda09cf7c0e77"}
{"block_number": 275, "miner_hash": "0xabD25597eC4EfE21baDB76497591874FDC2341d8", "block_hash": "0x4fe560d24960bd0e57dbdcb09edffa89dd9ca078b579cd53442c71619237a876", "block_time": 1703690258, "block_parent": "0xa5fc165eee08fee97e92cb333cc93141ef936ec8e115ec75326b1b12fc252f2e"}
{"block_number": 276, "miner_hash": "0x56dd4ffafC859d231150e42C8273296727c981b1", "block_hash": "0x2307c787c70b4da300cd494001da650b89933b3bf9b8a9d6ed0cca49c0fc04bf", "block_time": 1703690259, "block_parent": "0x4fe560d24960bd0e57dbdcb09edffa89dd9ca078b579cd53442c71619237a876"}
{"block_number": 277, "miner_hash": "0x35257c0b87E6b0D528368433C4cE072edB3AeD1f", "block_hash": "0x6997736b52bbf562892464a2802e6aa4fe2dc791be22d06f4cd8bf339621ab59", "block_time": 1703690260, "block_parent": "0x2307c787c70b4da300cd494001da650b89933b3bf9b8a9d6ed0cca49c0fc04bf"}
{"block_number": 278, "miner_hash": "0xabD25597eC4EfE21baDB76497591874FDC2341d8", "block_hash": "0x9a9502cc2a7eddd043e046ebb5a658791ec1c55beb91c33a6cda47d4311859dc", "block_time": 1703690261, "block_parent": "0x6997736b52bbf562892464a2802e6aa4fe2dc791be22d06f4cd8bf339621ab59"}
{"block_number": 279, "miner_hash": "0x8e58fe8dC1F53cFb03A601F59d511EB77B36D30B", "block_hash": "0x36ce29d18680ba4852c39a9fb314e71d69a41292b52018b2aefc84fed9324ffc", "block_time": 1703690262, "block_parent": "0x9a9502cc2a7eddd043e046ebb5a658791ec1c55beb91c33a6cda47d4311859dc"}
{"block_number": 280, "miner_hash": "0x35257c0b87E6b0D528368433C4cE072edB3AeD1f", "block_hash": "0x46e31a5753e0d81d6e2cb5d12c558c577165b357bbdb2f48972d43daf84290df", "block_time": 1703690263, "block_parent": "0x36ce29d18680ba4852c39a9fb314e71d69a41292b52018b2aefc84fed9324ffc"}
{"block_number": 281, "miner_hash": "0xf1096fcc75530A6898fb62bAC7763C8199784E25", "block_hash": "0x9f1c931f916dac9e87af9b358018fd1efc3987e731b318ef7eafea3e1a87bc6b", "block_time": 1703690264, "block_parent": "0x46e31a5753e0d81d6e2cb5d12c558c577165b357bbdb2f48972d43daf84290df"}
{"block_number": 282, "miner_hash": "0x56dd4ffafC859d231150e42C8273296727c981b1", "block_hash": "0x46fa5b7c78f52236b04dcf3eb8b6510846291aca1e57ce6704fa1ba5448e488c", "block_time": 1703690265, "block_parent": "0x9f1c931f916dac9e87af9b358018fd1efc3987e731b318ef7eafea3e1a87bc6b"}
{"block_number": 283, "miner_hash": "0x35257c0b87E6b0D528368433C4cE072edB3AeD1f", "block_hash": "0x95b33466491681b17125e3efabd7504b3624094d513d5f08d26f08c37d5422a8", "block_time": 1703690266, "block_parent": "0x46fa5b7c78f52236b04dcf3eb8b6510846291aca1e57ce6704fa1ba5448e488c"}
{"block_number": 284, "miner_hash": "0xabD25597eC4EfE21baDB76497591874FDC2341d8", "block_hash": "0x26d938d8d30d0808a6e7bcef3cdaeded42e5914e477a35efadd4a88ab50b16f2", "block_time": 1703690267, "block_parent": "0x95b33466491681b17125e3efabd7504b3624094d513d5f08d26f08c37d5422a8"}
{"block_number": 285, "miner_hash": "0xabD25597eC4EfE21baDB76497591874FDC2341d8", "block_hash": "0x0870d004eaead8fa527fde834eb0037f9e4e4e4c5d04e0c4507a83c4e2b160b5", "block_time": 1703690268, "block_parent": "0x26d938d8d30d0808a6e7bcef3cdaeded42e5914e477a35efadd4a88ab50b16f2"}
{"block_number": 286, "miner_hash": "0xabD25597eC4EfE21baDB76497591874FDC2341d8", "block_hash": "0x7950d5fd09f4d7100cc009b30b8c7a66ce57f6427ef62b06c6573ce60c414c33", "block_time": 1703690269, "block_parent": "0x0870d004eaead8fa527fde834eb0037f9e4e4e4c5d04e0c4507a83c4e2b160b5"}
{"block_number": 287, "miner_hash": "0xCfE72D7948e3275D0C5476e58e1F6C98605e4dfa", "block_hash": "0x3bf275b88b3b125867b21a229e5d67b003f727bc8b451167f6b8dc089d918b70", "block_time": 1703690270, "block_parent": "0x7950d5fd09f4d7100cc009b30b8c7a66ce57f6427ef62b06c6573ce60c414c33"}
{"block_number": 288, "miner_hash": "0x56dd4ffafC859d231150e42C8273296727c981b1", "block_hash": "0xb2de4700dc554d15b9e5bd568967d626f087d96b48e8e226880ac8b021fd0013", "block_time": 1703690271, "block_parent": "0x3bf275b88b3b125867b21a229e5d67b003f727bc8b451167f6b8dc089d918b70"}
{"block_number": 289, "miner_hash": "0xE2E79598aBBbf49F99e6288256d3B9DDA0945551", "block_hash": "0xbde79fbd1a182f5d1799eaee91355e9106f07ec21c3d0f05fb2b0991575bd608", "block_time": 1703690272, "block_parent": "0xb2de4700dc554d15b9e5bd568967d626f087d96b48e8e226880ac8b021fd0013"}
{"block_number": 290, "miner_hash": "0xf1096fcc75530A6898fb62bAC7763C8199784E25", "block_hash": "0x705c47249a2ebe04b106356e5f071226865f4a9e79d71c0851fde0127c1271a6", "block_time": 1703690273, "block_parent": "0xbde79fbd1a182f5d1799eaee91355e9106f07ec21c3d0f05fb2b0991575bd608"}
{"block_number": 291, "miner_hash": "0xE17c8673880C02048896F3612cac16bB24c62fBC", "block_hash": "0xcbdb37749b758683368328e6c13cc06461140bbf2214d9273b39624fee1d730b", "block_time": 1703690274, "block_parent": "0x705c47249a2ebe04b106356e5f071226865f4a9e79d71c0851fde0127c1271a6"}
{"block_number": 292, "miner_hash": "0xCfE72D7948e3275D0C5476e58e1F6C98605e4dfa", "block_hash": "0xc4e4eb4c5ba97e60b25fbdec396a08a83d804f08f9a2a9133b2379ba3f2d62e2", "block_time": 1703690275, "block_parent": "0xcbdb37749b758683368328e6c13cc06461140bbf2214d9273b39624fee1d730b"}
{"block_number": 294, "miner_hash": "0xabD25597eC4EfE21baDB76497591874FDC2341d8", "block_hash": "0xeffbcc0671d2d8163d71e893953233f7f7018e6711625381bc2f6464edf77ba0", "block_time": 1703690277, "block_parent": "0x15245294d255f8f7d1d4adb7f91b68ee09e2ff4b003560d43a61091e3404926c"}
{"block_number": 295, "miner_hash": "0x35257c0b87E6b0D528368433C4cE072edB3AeD1f", "block_hash": "0x65ed458e02eb2785163f3a261da0addedf3822729bec6430e1e1ba32af23c5f0", "block_time": 1703690278, "block_parent": "0xeffbcc0671d2d8163d71e893953233f7f7018e6711625381bc2f6464edf77ba0"}
{"block_number": 296, "miner_hash": "0xE17c8673880C02048896F3612cac16bB24c62fBC", "block_hash": "0x76f9a807b94a771c7b100f2efa521b9518ff48794347bc8108e19d916d3ee6a7", "block_time": 1703690279, "block_parent": "0xb085d490ced2196ea21792eb05e02fa55c9f39cf489177060d308c2a78c6abef"}
{"block_number": 297, "miner_hash": "0xCfE72D7948e3275D0C5476e58e1F6C98605e4dfa", "block_hash": "0xc8c0a6c55b92a66bc0329fb8ce791bd910a465a8971615eb2169f0feef91c833", "block_time": 1703690280, "block_parent": "0x76f9a807b94a771c7b100f2efa521b9518ff48794347bc8108e19d916d3ee6a7"}
{"block_number": 298, "miner_hash": "0xf1096fcc75530A6898fb62bAC7763C8199784E25", "block_hash": "0xef08ebfc66c2d0b7f114e0455faeb5916fca35cee4916c863057021e7087f83c", "block_time": 1703690281, "block_parent": "0xc8c0a6c55b92a66bc0329fb8ce791bd910a465a8971615eb2169f0feef91c833"}
{"block_number": 299, "miner_hash": "0xeE4861d877A5c732c3437a002EB34d7dc20eEB04", "block_hash": "0x26bd5c2d44d864ea529e0ed03325b488b3dfd8eeea9323dfaabc65c9493cf158", "block_time": 1703690282, "block_parent": "0xef08ebfc66c2d0b7f114e0455faeb5916fca35cee4916c863057021e7087f83c"}
{"block_number": 300, "miner_hash": "0xE2E79598aBBbf49F99e6288256d3B9DDA0945551", "block_hash": "0x7b04de8ae68a622d4960b1ad14b99b7b5cf9acfea4cad5d380d20593267fa1c1", "block_time": 1703690283, "block_parent": "0x26bd5c2d44d864ea529e0ed03325b488b3dfd8eeea9323dfaabc65c9493cf158"}
{"block_number": 301, "miner_hash": "0x8e58fe8dC1F53cFb03A601F59d511EB77B36D30B", "block_hash": "0x6393ced9c2e32d8162ab547c76448eaaaf7623341a5c03707ff7b39cd5c255b3", "block_time": 1703690336, "block_parent": "0x7b04de8ae68a622d4960b1ad14b99b7b5cf9acfea4cad5d380d20593267fa1c1"}
{"block_number": 302, "miner_hash": "0x8e58fe8dC1F53cFb03A601F59d511EB77B36D30B", "block_hash": "0x34bf51e662efa95c2faeadbfc56d32de64f817b90a2ffe2556b6dcc832487aa6", "block_time": 1703690337, "block_parent": "0x6393ced9c2e32d8162ab547c76448eaaaf7623341a5c03707ff7b39cd5c255b3"}
{"block_number": 303, "miner_hash": "0x8e58fe8dC1F53cFb03A601F59d511EB77B36D30B", "block_hash": "0xc3ddfcbeb649475d3697f99e8743467129fa31cd2d7db1bbca29ca0958119ab8", "block_time": 1703690360, "block_parent": "0x34bf51e662efa95c2faeadbfc56d32de64f817b90a2ffe2556b6dcc832487aa6"}
{"block_number": 304, "miner_hash": "0x8e58fe8dC1F53cFb03A601F59d511EB77B36D30B", "block_hash": "0x59cc2755a55217003d34eff39270ba307cb95efec5803b1a2f95112d1e0e7d6c", "block_time": 1703690364, "block_parent": "0xc3ddfcbeb649475d3697f99e8743467129fa31cd2d7db1bbca29ca0958119ab8"}
