INFO [12-16|16:09:20.176] Maximum peer count                       ETH=50 LES=0 total=50
INFO [12-16|16:09:20.180] Smartcard socket not found, disabling    err="stat /run/pcscd/pcscd.comm: no such file or directory"
INFO [12-16|16:09:20.188] Set global gas cap                       cap=50,000,000
INFO [12-16|16:09:20.195] Allocated trie memory caches             clean=154.00MiB dirty=256.00MiB
INFO [12-16|16:09:20.195] Using leveldb as the backing database 
INFO [12-16|16:09:20.195] Allocated cache and file handles         database=/home/raspberry-node/.testchain44/geth/chaindata cache=512.00MiB handles=524,288
INFO [12-16|16:09:20.444] Using LevelDB as the backing database 
INFO [12-16|16:09:20.445] Opened ancient database                  database=/home/raspberry-node/.testchain44/geth/chaindata/ancient/chain readonly=false
INFO [12-16|16:09:20.446] Disk storage enabled for ethash caches   dir=/home/raspberry-node/.testchain44/geth/ethash count=3
INFO [12-16|16:09:20.447] Disk storage enabled for ethash DAGs     dir=/home/raspberry-node/.ethash count=2
INFO [12-16|16:09:20.447] Initialising Ethereum protocol           network=42 dbversion=<nil>
INFO [12-16|16:09:20.448]  
INFO [12-16|16:09:20.448] --------------------------------------------------------------------------------------------------------------------------------------------------------- 
INFO [12-16|16:09:20.448] Chain ID:  4308 (unknown) 
INFO [12-16|16:09:20.448] Consensus: Ethash (proof-of-work) 
INFO [12-16|16:09:20.448]  
INFO [12-16|16:09:20.448] Pre-Merge hard forks (block based): 
INFO [12-16|16:09:20.448]  - Homestead:                   #0        (https://github.com/ethereum/execution-specs/blob/master/network-upgrades/mainnet-upgrades/homestead.md) 
INFO [12-16|16:09:20.448]  - Tangerine Whistle (EIP 150): #0        (https://github.com/ethereum/execution-specs/blob/master/network-upgrades/mainnet-upgrades/tangerine-whistle.md) 
INFO [12-16|16:09:20.448]  - Spurious Dragon/1 (EIP 155): #0        (https://github.com/ethereum/execution-specs/blob/master/network-upgrades/mainnet-upgrades/spurious-dragon.md) 
INFO [12-16|16:09:20.448]  - Spurious Dragon/2 (EIP 158): #0        (https://github.com/ethereum/execution-specs/blob/master/network-upgrades/mainnet-upgrades/spurious-dragon.md) 
INFO [12-16|16:09:20.448]  - Byzantium:                   #0        (https://github.com/ethereum/execution-specs/blob/master/network-upgrades/mainnet-upgrades/byzantium.md) 
INFO [12-16|16:09:20.448]  - Constantinople:              #0        (https://github.com/ethereum/execution-specs/blob/master/network-upgrades/mainnet-upgrades/constantinople.md) 
INFO [12-16|16:09:20.448]  - Petersburg:                  #0        (https://github.com/ethereum/execution-specs/blob/master/network-upgrades/mainnet-upgrades/petersburg.md) 
INFO [12-16|16:09:20.448]  - Istanbul:                    #0        (https://github.com/ethereum/execution-specs/blob/master/network-upgrades/mainnet-upgrades/istanbul.md) 
INFO [12-16|16:09:20.448]  - Berlin:                      #0        (https://github.com/ethereum/execution-specs/blob/master/network-upgrades/mainnet-upgrades/berlin.md) 
INFO [12-16|16:09:20.448]  - London:                      #<nil> (https://github.com/ethereum/execution-specs/blob/master/network-upgrades/mainnet-upgrades/london.md) 
INFO [12-16|16:09:20.448]  
INFO [12-16|16:09:20.448] The Merge is not yet available for this network! 
INFO [12-16|16:09:20.448]  - Hard-fork specification: https://github.com/ethereum/execution-specs/blob/master/network-upgrades/mainnet-upgrades/paris.md 
INFO [12-16|16:09:20.448]  
INFO [12-16|16:09:20.448] Post-Merge hard forks (timestamp based): 
INFO [12-16|16:09:20.448]  
INFO [12-16|16:09:20.448] --------------------------------------------------------------------------------------------------------------------------------------------------------- 
INFO [12-16|16:09:20.448]  
INFO [12-16|16:09:20.449] Loaded most recent local block           number=0 hash=2aebf2..35d131 td=2500 age=54y8mo3w
WARN [12-16|16:09:20.449] Failed to load snapshot                  err="missing or corrupted snapshot"
INFO [12-16|16:09:20.449] Rebuilding state snapshot 
INFO [12-16|16:09:20.450] Resuming state snapshot generation       root=56e81f..63b421 accounts=0 slots=0 storage=0.00B dangling=0 elapsed="670.067µs"
INFO [12-16|16:09:20.451] Generated state snapshot                 accounts=0 slots=0 storage=0.00B dangling=0 elapsed=1.176ms
INFO [12-16|16:09:20.451] Regenerated local transaction journal    transactions=0 accounts=0
INFO [12-16|16:09:20.451] Gasprice oracle is ignoring threshold set threshold=2
WARN [12-16|16:09:20.451] Error reading unclean shutdown markers   error="leveldb: not found"
WARN [12-16|16:09:20.452] Engine API enabled                       protocol=eth
WARN [12-16|16:09:20.452] Engine API started but chain not configured for merge yet 
INFO [12-16|16:09:20.452] Starting peer-to-peer node               instance=Geth/v1.11.6-stable-ea9e62ca/linux-arm64/go1.20.5
INFO [12-16|16:09:20.498] New local node record                    seq=1,702,739,360,495 id=accb93f082e65b97 ip=127.0.0.1 udp=0 tcp=4242
INFO [12-16|16:09:20.498] Started P2P networking                   self="enode://a9f12b9773e90a7158f176818036e2571e961c555dcc46d313a1f3940415981734fcef0c65d5fb483b2500f401934c5d055550d391a6b06bb840654d956e6714@127.0.0.1:4242?discport=0"
INFO [12-16|16:09:20.501] IPC endpoint opened                      url=/home/raspberry-node/.testchain44/geth.ipc
INFO [12-16|16:09:20.501] Generated JWT secret                     path=/home/raspberry-node/.testchain44/geth/jwtsecret
INFO [12-16|16:09:20.503] WebSocket enabled                        url=ws://127.0.0.1:8551
INFO [12-16|16:09:20.503] HTTP server started                      endpoint=127.0.0.1:8551 auth=true prefix= cors=localhost vhosts=localhost
Welcome to the Geth JavaScript console!

instance: Geth/v1.11.6-stable-ea9e62ca/linux-arm64/go1.20.5
coinbase: 0x4d4bfaacd3229411f17d3deb5c644a032683bb7b
at block: 0 (Thu Jan 01 1970 01:00:00 GMT+0100 (CET))
 datadir: /home/raspberry-node/.testchain44
 modules: admin:1.0 debug:1.0 engine:1.0 eth:1.0 ethash:1.0 miner:1.0 net:1.0 rpc:1.0 txpool:1.0 web3:1.0

To exit, press ctrl-d or type exit
> INFO [12-16|16:09:30.808] Looking for peers                        peercount=2 tried=1 static=1
INFO [12-16|16:09:51.134] Updated mining threads                   threads=1
INFO [12-16|16:09:51.134] Transaction pool price threshold updated price=1,000,000,000
INFO [12-16|16:09:51.135] Commit new sealing work                  number=1 sealhash=d02928..c66d0f uncles=0 txs=0 gas=0 fees=0 elapsed="948.837µs"
INFO [12-16|16:09:51.136] Commit new sealing work                  number=1 sealhash=d02928..c66d0f uncles=0 txs=0 gas=0 fees=0 elapsed=1.592ms
WARN [12-16|16:10:00.410] Snap syncing, discarded propagated block number=1 hash=e2f004..8fd07d
WARN [12-16|16:10:00.416] Snap syncing, discarded propagated block number=1 hash=005b12..5197d4
WARN [12-16|16:10:00.432] Snap syncing, discarded propagated block number=1 hash=7e6ac1..4e3967
WARN [12-16|16:10:00.433] Snap syncing, discarded propagated block number=1 hash=c47c37..111dce
WARN [12-16|16:10:00.443] Snap syncing, discarded propagated block number=1 hash=d4ec96..9bd4c8
INFO [12-16|16:10:00.923] Successfully sealed new block            number=1 sealhash=d02928..c66d0f hash=e754ee..f72de8 elapsed=9.787s
INFO [12-16|16:10:00.923] "🔨 mined potential block"                number=1 hash=e754ee..f72de8
INFO [12-16|16:10:00.924] Commit new sealing work                  number=2 sealhash=4930f0..64c71c uncles=0 txs=0 gas=0 fees=0 elapsed="867.803µs"
INFO [12-16|16:10:00.925] Commit new sealing work                  number=2 sealhash=4930f0..64c71c uncles=0 txs=0 gas=0 fees=0 elapsed=1.498ms
INFO [12-16|16:10:00.992] Successfully sealed new block            number=2 sealhash=4930f0..64c71c hash=4f7078..54372b elapsed=68.156ms
INFO [12-16|16:10:00.992] "🔨 mined potential block"                number=2 hash=4f7078..54372b
INFO [12-16|16:10:00.993] Commit new sealing work                  number=3 sealhash=c395a5..14d59f uncles=0 txs=0 gas=0 fees=0 elapsed="420.93µs"
INFO [12-16|16:10:00.994] Commit new sealing work                  number=3 sealhash=c395a5..14d59f uncles=0 txs=0 gas=0 fees=0 elapsed=1.091ms
WARN [12-16|16:10:01.571] Snap syncing, discarded propagated block number=1 hash=0aeeae..66f276
INFO [12-16|16:10:02.871] Successfully sealed new block            number=3 sealhash=c395a5..14d59f hash=09179f..b653cd elapsed=1.877s
INFO [12-16|16:10:02.871] "🔨 mined potential block"                number=3 hash=09179f..b653cd
INFO [12-16|16:10:02.873] Commit new sealing work                  number=4 sealhash=7933b7..aabad2 uncles=0 txs=0 gas=0 fees=0 elapsed="842.026µs"
INFO [12-16|16:10:02.874] Commit new sealing work                  number=4 sealhash=7933b7..aabad2 uncles=0 txs=0 gas=0 fees=0 elapsed=1.874ms
INFO [12-16|16:10:04.089] Looking for peers                        peercount=2 tried=0 static=1
INFO [12-16|16:10:06.165] Block synchronisation started 
INFO [12-16|16:10:06.166] Mining aborted due to sync 
INFO [12-16|16:10:06.225] Syncing: chain download in progress      synced=100.00% chain=18.00B headers=4@6.00B bodies=3@6.00B receipts=3@6.00B eta=0s
INFO [12-16|16:10:06.346] Syncing: state download in progress      synced=79.18%  state=194.00B accounts=1@194.00B slots=0@0.00B codes=0@0.00B eta=42.179ms
INFO [12-16|16:10:06.367] Syncing: state download in progress      synced=100.00% state=194.00B accounts=1@194.00B slots=0@0.00B codes=0@0.00B eta=-68ns
INFO [12-16|16:10:06.378] Syncing: state healing in progress       accounts=1@46.00B  slots=0@0.00B codes=0@0.00B nodes=1@116.00B pending=0
INFO [12-16|16:10:06.379] Rebuilding state snapshot 
INFO [12-16|16:10:06.380] Committed new head block                 number=3 hash=848af1..268a91
INFO [12-16|16:10:06.380] Resuming state snapshot generation       root=9a1dd3..282459 accounts=0         slots=0       storage=0.00B dangling=0 elapsed="675.717µs"
INFO [12-16|16:10:06.382] Generated state snapshot                 accounts=1         slots=0       storage=47.00B dangling=0 elapsed=2.836ms
INFO [12-16|16:10:06.393] Imported new chain segment               number=4 hash=7180bf..80e293 blocks=1 txs=0 mgas=0.000 elapsed=11.860ms    mgasps=0.000 dirty=972.00B
INFO [12-16|16:10:09.349] Syncing: chain download in progress      synced=133.33% chain=18.00B headers=4@6.00B bodies=4@6.00B receipts=4@6.00B eta=-781.190ms
INFO [12-16|16:10:09.349] Snap sync complete, auto disabling 
INFO [12-16|16:10:09.350] Commit new sealing work                  number=5 sealhash=b79749..20621b uncles=0 txs=0 gas=0 fees=0 elapsed="608.849µs"
INFO [12-16|16:10:09.351] Commit new sealing work                  number=5 sealhash=b79749..20621b uncles=0 txs=0 gas=0 fees=0 elapsed=1.241ms
INFO [12-16|16:10:10.256] Imported new chain segment               number=5 hash=a5f583..e1ba87 blocks=1 txs=0 mgas=0.000 elapsed=9.879ms     mgasps=0.000 dirty=1.19KiB
INFO [12-16|16:10:10.257] Commit new sealing work                  number=6 sealhash=3dcae9..6dae82 uncles=0 txs=0 gas=0 fees=0 elapsed="610.349µs"
INFO [12-16|16:10:10.258] Commit new sealing work                  number=6 sealhash=3dcae9..6dae82 uncles=0 txs=0 gas=0 fees=0 elapsed=1.387ms
INFO [12-16|16:10:12.849] Imported new chain segment               number=6 hash=6b6593..995799 blocks=1 txs=0 mgas=0.000 elapsed=11.091ms    mgasps=0.000 dirty=1.42KiB
INFO [12-16|16:10:12.851] Commit new sealing work                  number=7 sealhash=2689b1..4b02f3 uncles=0 txs=0 gas=0 fees=0 elapsed="541.703µs"
INFO [12-16|16:10:12.852] Commit new sealing work                  number=7 sealhash=2689b1..4b02f3 uncles=0 txs=0 gas=0 fees=0 elapsed=1.688ms
INFO [12-16|16:10:14.550] Imported new chain segment               number=7 hash=41c843..7b9a09 blocks=1 txs=0 mgas=0.000 elapsed=9.879ms     mgasps=0.000 dirty=1.66KiB
INFO [12-16|16:10:14.554] Commit new sealing work                  number=8 sealhash=fa0111..6fe368 uncles=0 txs=0 gas=0 fees=0 elapsed=2.568ms
INFO [12-16|16:10:14.554] Commit new sealing work                  number=8 sealhash=fa0111..6fe368 uncles=0 txs=0 gas=0 fees=0 elapsed=2.962ms
INFO [12-16|16:10:16.330] Successfully sealed new block            number=8 sealhash=fa0111..6fe368 hash=77ac0e..6f35a2 elapsed=1.778s
INFO [12-16|16:10:16.331] "😱 block lost"                           number=1 hash=e754ee..f72de8
INFO [12-16|16:10:16.331] "🔨 mined potential block"                number=8 hash=77ac0e..6f35a2
INFO [12-16|16:10:16.332] Commit new sealing work                  number=9 sealhash=316e65..ab70ee uncles=0 txs=0 gas=0 fees=0 elapsed=1.005ms
INFO [12-16|16:10:16.332] Commit new sealing work                  number=9 sealhash=316e65..ab70ee uncles=0 txs=0 gas=0 fees=0 elapsed=1.699ms
INFO [12-16|16:10:18.312] Successfully sealed new block            number=9 sealhash=316e65..ab70ee hash=b13b51..a1732d elapsed=1.980s
INFO [12-16|16:10:18.312] "😱 block lost"                           number=2 hash=4f7078..54372b
INFO [12-16|16:10:18.312] "🔨 mined potential block"                number=9 hash=b13b51..a1732d
INFO [12-16|16:10:18.313] Commit new sealing work                  number=10 sealhash=74eb52..980e35 uncles=0 txs=0 gas=0 fees=0 elapsed="968.689µs"
INFO [12-16|16:10:18.313] Commit new sealing work                  number=10 sealhash=74eb52..980e35 uncles=0 txs=0 gas=0 fees=0 elapsed=1.537ms
INFO [12-16|16:10:19.463] Imported new chain segment               number=8  hash=f6bdae..8ba305 blocks=1 txs=0 mgas=0.000 elapsed=10.640ms    mgasps=0.000 dirty=3.02KiB
INFO [12-16|16:10:19.464] Commit new sealing work                  number=10 sealhash=5623ba..0c357e uncles=1 txs=0 gas=0 fees=0 elapsed="374.765µs"
WARN [12-16|16:10:22.433] Failed to load old bad blocks            error="leveldb: not found"
ERROR[12-16|16:10:22.434] 
########## BAD BLOCK #########
Block: 10 (0x75961d78be76a8ab233478b3e7203658f8783a34f833c2a197a3015518b302fd)
Error: invalid merkle root (remote: 94864743273ad1b70ec84e51d490205a4e6dca45b1017d9f80d3185256d417ce local: 6579355dd18a18e50a6527e93f8958c60b3f9db0dd50da30c5badae19c5ae16b) dberr: %!w(<nil>)
Platform: geth (devel) go1.20.5 arm64 linux
VCS: ea9e62ca-20230420
Chain config: &params.ChainConfig{ChainID:4308, HomesteadBlock:0, DAOForkBlock:<nil>, DAOForkSupport:false, EIP150Block:0, EIP155Block:0, EIP158Block:0, ByzantiumBlock:0, ConstantinopleBlock:0, PetersburgBlock:0, IstanbulBlock:0, MuirGlacierBlock:<nil>, BerlinBlock:0, LondonBlock:<nil>, ArrowGlacierBlock:<nil>, GrayGlacierBlock:<nil>, MergeNetsplitBlock:<nil>, ShanghaiTime:(*uint64)(nil), CancunTime:(*uint64)(nil), PragueTime:(*uint64)(nil), TerminalTotalDifficulty:<nil>, TerminalTotalDifficultyPassed:false, Ethash:(*params.EthashConfig)(0x277f268), Clique:(*params.CliqueConfig)(nil)}
Receipts: 
##############################
 
INFO [12-16|16:10:24.658] Imported new chain segment               number=10 hash=bb9fba..b47119 blocks=1 txs=0 mgas=0.000 elapsed=24.735ms    mgasps=0.000 dirty=3.73KiB
INFO [12-16|16:10:24.659] "😱 block lost"                           number=3  hash=09179f..b653cd
INFO [12-16|16:10:24.659] Commit new sealing work                  number=11 sealhash=abce65..e76c89 uncles=0 txs=0 gas=0 fees=0 elapsed="727.79µs"
INFO [12-16|16:10:24.659] Commit new sealing work                  number=11 sealhash=abce65..e76c89 uncles=0 txs=0 gas=0 fees=0 elapsed=1.061ms
INFO [12-16|16:10:26.127] Imported new chain segment               number=11 hash=e5bf02..0be475 blocks=1 txs=0 mgas=0.000 elapsed=15.880ms    mgasps=0.000 dirty=4.20KiB
INFO [12-16|16:10:26.128] Commit new sealing work                  number=12 sealhash=198160..ee8728 uncles=0 txs=0 gas=0 fees=0 elapsed="684.421µs"
INFO [12-16|16:10:26.129] Commit new sealing work                  number=12 sealhash=198160..ee8728 uncles=0 txs=0 gas=0 fees=0 elapsed=1.208ms
INFO [12-16|16:10:33.681] Successfully sealed new block            number=12 sealhash=198160..ee8728 hash=3bc634..d5fc95 elapsed=7.552s
INFO [12-16|16:10:33.681] "🔨 mined potential block"                number=12 hash=3bc634..d5fc95
INFO [12-16|16:10:33.682] Commit new sealing work                  number=13 sealhash=b64d6d..6982b3 uncles=0 txs=0 gas=0 fees=0 elapsed="628.331µs"
INFO [12-16|16:10:33.682] Commit new sealing work                  number=13 sealhash=b64d6d..6982b3 uncles=0 txs=0 gas=0 fees=0 elapsed="975.227µs"
INFO [12-16|16:10:35.132] Successfully sealed new block            number=13 sealhash=b64d6d..6982b3 hash=8b8647..965a81 elapsed=1.450s
INFO [12-16|16:10:35.132] "🔨 mined potential block"                number=13 hash=8b8647..965a81
INFO [12-16|16:10:35.133] Commit new sealing work                  number=14 sealhash=4d10a5..88e5d5 uncles=0 txs=0 gas=0 fees=0 elapsed="823.028µs"
INFO [12-16|16:10:35.134] Commit new sealing work                  number=14 sealhash=4d10a5..88e5d5 uncles=0 txs=0 gas=0 fees=0 elapsed=1.658ms
INFO [12-16|16:10:35.319] Imported new chain segment               number=14 hash=e94741..d4e55f blocks=1 txs=0 mgas=0.000 elapsed=8.842ms     mgasps=0.000 dirty=5.62KiB
INFO [12-16|16:10:35.319] Commit new sealing work                  number=15 sealhash=5e89ee..6c429b uncles=0 txs=0 gas=0 fees=0 elapsed="455.429µs"
INFO [12-16|16:10:35.320] Commit new sealing work                  number=15 sealhash=5e89ee..6c429b uncles=0 txs=0 gas=0 fees=0 elapsed="702.495µs"
INFO [12-16|16:10:42.698] Successfully sealed new block            number=15 sealhash=5e89ee..6c429b hash=26676b..085a1a elapsed=7.378s
INFO [12-16|16:10:42.698] "🔗 block reached canonical chain"        number=8  hash=77ac0e..6f35a2
INFO [12-16|16:10:42.698] "🔨 mined potential block"                number=15 hash=26676b..085a1a
INFO [12-16|16:10:42.699] Commit new sealing work                  number=16 sealhash=0bbce9..ffb70f uncles=0 txs=0 gas=0 fees=0 elapsed="730.846µs"
INFO [12-16|16:10:42.700] Commit new sealing work                  number=16 sealhash=0bbce9..ffb70f uncles=0 txs=0 gas=0 fees=0 elapsed=1.154ms
INFO [12-16|16:10:52.156] Successfully sealed new block            number=16 sealhash=0bbce9..ffb70f hash=7978fd..ee625c elapsed=9.456s
INFO [12-16|16:10:52.156] "🔗 block reached canonical chain"        number=9  hash=b13b51..a1732d
INFO [12-16|16:10:52.157] Commit new sealing work                  number=17 sealhash=68eb4c..814196 uncles=0 txs=0 gas=0 fees=0 elapsed=1.157ms
INFO [12-16|16:10:52.157] "🔨 mined potential block"                number=16 hash=7978fd..ee625c
INFO [12-16|16:10:52.159] Commit new sealing work                  number=17 sealhash=68eb4c..814196 uncles=0 txs=0 gas=0 fees=0 elapsed=2.814ms
INFO [12-16|16:10:55.946] Successfully sealed new block            number=17 sealhash=68eb4c..814196 hash=fe4315..c6e272 elapsed=3.789s
INFO [12-16|16:10:55.946] "🔨 mined potential block"                number=17 hash=fe4315..c6e272
INFO [12-16|16:10:55.947] Commit new sealing work                  number=18 sealhash=6000ff..98604a uncles=0 txs=0 gas=0 fees=0 elapsed="481.484µs"
INFO [12-16|16:10:55.949] Commit new sealing work                  number=18 sealhash=6000ff..98604a uncles=0 txs=0 gas=0 fees=0 elapsed=2.312ms
INFO [12-16|16:10:56.123] Imported new chain segment               number=17 hash=706c60..45e4d0 blocks=1 txs=0 mgas=0.000 elapsed=11.659ms    mgasps=0.000 dirty=7.52KiB
INFO [12-16|16:10:56.124] Commit new sealing work                  number=18 sealhash=43282b..b58533 uncles=1 txs=0 gas=0 fees=0 elapsed="379.858µs"
INFO [12-16|16:10:56.901] Successfully sealed new block            number=18 sealhash=43282b..b58533 hash=6fca1b..44e780 elapsed=777.339ms
INFO [12-16|16:10:56.901] "🔨 mined potential block"                number=18 hash=6fca1b..44e780
INFO [12-16|16:10:56.902] Commit new sealing work                  number=19 sealhash=70d352..25f86b uncles=0 txs=0 gas=0 fees=0 elapsed="608.795µs"
INFO [12-16|16:10:56.902] Commit new sealing work                  number=19 sealhash=70d352..25f86b uncles=0 txs=0 gas=0 fees=0 elapsed="980.746µs"
INFO [12-16|16:10:57.179] Successfully sealed new block            number=19 sealhash=70d352..25f86b hash=4436e4..1102b0 elapsed=277.351ms
INFO [12-16|16:10:57.180] "🔗 block reached canonical chain"        number=12 hash=3bc634..d5fc95
INFO [12-16|16:10:57.180] "🔨 mined potential block"                number=19 hash=4436e4..1102b0
INFO [12-16|16:10:57.181] Commit new sealing work                  number=20 sealhash=81276d..18a437 uncles=0 txs=0 gas=0 fees=0 elapsed=1.335ms
INFO [12-16|16:10:57.182] Commit new sealing work                  number=20 sealhash=81276d..18a437 uncles=0 txs=0 gas=0 fees=0 elapsed=2.156ms
INFO [12-16|16:11:02.263] Imported new chain segment               number=20 hash=1b225a..aa16b3 blocks=1 txs=0 mgas=0.000 elapsed=11.402ms    mgasps=0.000 dirty=9.18KiB
INFO [12-16|16:11:02.264] "🔗 block reached canonical chain"        number=13 hash=8b8647..965a81
INFO [12-16|16:11:02.265] Commit new sealing work                  number=21 sealhash=d72801..8a8e90 uncles=0 txs=0 gas=0 fees=0 elapsed=1.337ms
INFO [12-16|16:11:02.266] Commit new sealing work                  number=21 sealhash=d72801..8a8e90 uncles=0 txs=0 gas=0 fees=0 elapsed=2.299ms
INFO [12-16|16:11:03.010] Imported new chain segment               number=21 hash=dedcdc..28ee77 blocks=1 txs=0 mgas=0.000 elapsed=20.125ms    mgasps=0.000 dirty=9.65KiB
INFO [12-16|16:11:03.012] Commit new sealing work                  number=22 sealhash=838313..8f1649 uncles=0 txs=0 gas=0 fees=0 elapsed="706.736µs"
INFO [12-16|16:11:03.012] Commit new sealing work                  number=22 sealhash=838313..8f1649 uncles=0 txs=0 gas=0 fees=0 elapsed=1.179ms
ERROR[12-16|16:11:04.316] 
########## BAD BLOCK #########
Block: 22 (0xc2adf3ab02895c960497f15441ff706b97c99cb3ec81766b4ea57cb1df38ba7e)
Error: invalid merkle root (remote: 3d8809e472a61a93163aa48fe8ebbc05c31888f5f72ff8e7ebe4030ea156d4db local: 6af95d69c54148f168482274af9feb9a2c1e0aad9a7cd0e9b61b64f806d645b0) dberr: %!w(<nil>)
Platform: geth (devel) go1.20.5 arm64 linux
VCS: ea9e62ca-20230420
Chain config: &params.ChainConfig{ChainID:4308, HomesteadBlock:0, DAOForkBlock:<nil>, DAOForkSupport:false, EIP150Block:0, EIP155Block:0, EIP158Block:0, ByzantiumBlock:0, ConstantinopleBlock:0, PetersburgBlock:0, IstanbulBlock:0, MuirGlacierBlock:<nil>, BerlinBlock:0, LondonBlock:<nil>, ArrowGlacierBlock:<nil>, GrayGlacierBlock:<nil>, MergeNetsplitBlock:<nil>, ShanghaiTime:(*uint64)(nil), CancunTime:(*uint64)(nil), PragueTime:(*uint64)(nil), TerminalTotalDifficulty:<nil>, TerminalTotalDifficultyPassed:false, Ethash:(*params.EthashConfig)(0x277f268), Clique:(*params.CliqueConfig)(nil)}
Receipts: 
##############################
 
INFO [12-16|16:11:06.550] Imported new chain segment               number=22 hash=cc3ef1..a5cb61 blocks=1 txs=0 mgas=0.000 elapsed=16.515ms    mgasps=0.000 dirty=10.13KiB
INFO [12-16|16:11:06.552] "🔗 block reached canonical chain"        number=15 hash=26676b..085a1a
INFO [12-16|16:11:06.552] Commit new sealing work                  number=23 sealhash=626448..42ba88 uncles=0 txs=0 gas=0 fees=0 elapsed=1.075ms
INFO [12-16|16:11:06.553] Commit new sealing work                  number=23 sealhash=626448..42ba88 uncles=0 txs=0 gas=0 fees=0 elapsed=1.859ms
INFO [12-16|16:11:11.800] "🔗 block reached canonical chain"        number=16 hash=7978fd..ee625c
INFO [12-16|16:11:11.800] Commit new sealing work                  number=24 sealhash=f02218..49f51b uncles=0 txs=0 gas=0 fees=0 elapsed=1.458ms
INFO [12-16|16:11:11.801] Commit new sealing work                  number=24 sealhash=f02218..49f51b uncles=0 txs=0 gas=0 fees=0 elapsed=2.805ms
INFO [12-16|16:11:11.798] Successfully sealed new block            number=23 sealhash=626448..42ba88 hash=a326aa..54b6b4 elapsed=5.247s
INFO [12-16|16:11:11.803] "🔨 mined potential block"                number=23 hash=a326aa..54b6b4
INFO [12-16|16:11:13.175] Successfully sealed new block            number=24 sealhash=f02218..49f51b hash=a983e7..e64e5e elapsed=1.375s
INFO [12-16|16:11:13.175] "🔗 block reached canonical chain"        number=17 hash=fe4315..c6e272
INFO [12-16|16:11:13.175] "🔨 mined potential block"                number=24 hash=a983e7..e64e5e
INFO [12-16|16:11:13.176] Commit new sealing work                  number=25 sealhash=74e785..60f29f uncles=0 txs=0 gas=0 fees=0 elapsed="719.421µs"
INFO [12-16|16:11:13.180] Commit new sealing work                  number=25 sealhash=74e785..60f29f uncles=0 txs=0 gas=0 fees=0 elapsed=4.623ms
INFO [12-16|16:11:15.154] Imported new chain segment               number=25 hash=04f53a..98746c blocks=1 txs=0 mgas=0.000 elapsed=30.529ms    mgasps=0.000 dirty=11.55KiB
INFO [12-16|16:11:15.156] "🔗 block reached canonical chain"        number=18 hash=6fca1b..44e780
INFO [12-16|16:11:15.156] Commit new sealing work                  number=26 sealhash=84c489..119665 uncles=0 txs=0 gas=0 fees=0 elapsed="821.252µs"
INFO [12-16|16:11:15.156] Commit new sealing work                  number=26 sealhash=84c489..119665 uncles=0 txs=0 gas=0 fees=0 elapsed=1.254ms
ERROR[12-16|16:11:18.330] 
########## BAD BLOCK #########
Block: 26 (0xb47a69472c762648c0e46ab71724871a7fb14eab3687b4694b4275a001f21971)
Error: invalid merkle root (remote: f55b192bce5573c0243deff559b9a1ffa1f961aa28bc1c0de2abb933ff46f918 local: 939b10b64da36f949bf2d031f60b3983f9aa4283432c9ef87237aba0ceaa3f00) dberr: %!w(<nil>)
Platform: geth (devel) go1.20.5 arm64 linux
VCS: ea9e62ca-20230420
Chain config: &params.ChainConfig{ChainID:4308, HomesteadBlock:0, DAOForkBlock:<nil>, DAOForkSupport:false, EIP150Block:0, EIP155Block:0, EIP158Block:0, ByzantiumBlock:0, ConstantinopleBlock:0, PetersburgBlock:0, IstanbulBlock:0, MuirGlacierBlock:<nil>, BerlinBlock:0, LondonBlock:<nil>, ArrowGlacierBlock:<nil>, GrayGlacierBlock:<nil>, MergeNetsplitBlock:<nil>, ShanghaiTime:(*uint64)(nil), CancunTime:(*uint64)(nil), PragueTime:(*uint64)(nil), TerminalTotalDifficulty:<nil>, TerminalTotalDifficultyPassed:false, Ethash:(*params.EthashConfig)(0x277f268), Clique:(*params.CliqueConfig)(nil)}
Receipts: 
##############################
 
INFO [12-16|16:11:21.664] Imported new chain segment               number=26 hash=f82a04..365279 blocks=1 txs=0 mgas=0.000 elapsed=14.076ms    mgasps=0.000 dirty=12.03KiB
INFO [12-16|16:11:21.665] "🔗 block reached canonical chain"        number=19 hash=4436e4..1102b0
INFO [12-16|16:11:21.665] Commit new sealing work                  number=27 sealhash=11099d..321007 uncles=0 txs=0 gas=0 fees=0 elapsed="922.878µs"
INFO [12-16|16:11:21.666] Commit new sealing work                  number=27 sealhash=11099d..321007 uncles=0 txs=0 gas=0 fees=0 elapsed=1.300ms
INFO [12-16|16:11:22.010] Successfully sealed new block            number=27 sealhash=11099d..321007 hash=7d1b3d..eb137c elapsed=344.681ms
INFO [12-16|16:11:22.010] "🔨 mined potential block"                number=27 hash=7d1b3d..eb137c
INFO [12-16|16:11:22.011] Commit new sealing work                  number=28 sealhash=bcbcfe..98660b uncles=0 txs=0 gas=0 fees=0 elapsed="661.442µs"
INFO [12-16|16:11:22.012] Commit new sealing work                  number=28 sealhash=bcbcfe..98660b uncles=0 txs=0 gas=0 fees=0 elapsed=1.187ms
ERROR[12-16|16:11:23.093] 
########## BAD BLOCK #########
Block: 28 (0xf703e3e7cf17a8f645a465c77eba610729a45cced8d59a544c5bc9c847fbcfd3)
Error: invalid merkle root (remote: e4d07bcbaa64aba9af8618664ee445562d854ae600409cdbccd3eef6c1d010da local: ffb8fb72bec60578e868421f7eca39887773e652eb923c1528271d15429e1f71) dberr: %!w(<nil>)
Platform: geth (devel) go1.20.5 arm64 linux
VCS: ea9e62ca-20230420
Chain config: &params.ChainConfig{ChainID:4308, HomesteadBlock:0, DAOForkBlock:<nil>, DAOForkSupport:false, EIP150Block:0, EIP155Block:0, EIP158Block:0, ByzantiumBlock:0, ConstantinopleBlock:0, PetersburgBlock:0, IstanbulBlock:0, MuirGlacierBlock:<nil>, BerlinBlock:0, LondonBlock:<nil>, ArrowGlacierBlock:<nil>, GrayGlacierBlock:<nil>, MergeNetsplitBlock:<nil>, ShanghaiTime:(*uint64)(nil), CancunTime:(*uint64)(nil), PragueTime:(*uint64)(nil), TerminalTotalDifficulty:<nil>, TerminalTotalDifficultyPassed:false, Ethash:(*params.EthashConfig)(0x277f268), Clique:(*params.CliqueConfig)(nil)}
Receipts: 
##############################
 
INFO [12-16|16:11:23.552] Skip duplicated bad block                number=28 hash=f703e3..fbcfd3
ERROR[12-16|16:11:23.552] 
########## BAD BLOCK #########
Block: 28 (0xf703e3e7cf17a8f645a465c77eba610729a45cced8d59a544c5bc9c847fbcfd3)
Error: invalid merkle root (remote: e4d07bcbaa64aba9af8618664ee445562d854ae600409cdbccd3eef6c1d010da local: ffb8fb72bec60578e868421f7eca39887773e652eb923c1528271d15429e1f71) dberr: %!w(<nil>)
Platform: geth (devel) go1.20.5 arm64 linux
VCS: ea9e62ca-20230420
Chain config: &params.ChainConfig{ChainID:4308, HomesteadBlock:0, DAOForkBlock:<nil>, DAOForkSupport:false, EIP150Block:0, EIP155Block:0, EIP158Block:0, ByzantiumBlock:0, ConstantinopleBlock:0, PetersburgBlock:0, IstanbulBlock:0, MuirGlacierBlock:<nil>, BerlinBlock:0, LondonBlock:<nil>, ArrowGlacierBlock:<nil>, GrayGlacierBlock:<nil>, MergeNetsplitBlock:<nil>, ShanghaiTime:(*uint64)(nil), CancunTime:(*uint64)(nil), PragueTime:(*uint64)(nil), TerminalTotalDifficulty:<nil>, TerminalTotalDifficultyPassed:false, Ethash:(*params.EthashConfig)(0x277f268), Clique:(*params.CliqueConfig)(nil)}
Receipts: 
##############################
 
ERROR[12-16|16:11:23.552] Failed to retrieve beacon bounds for bad block reporting err="beacon sync not yet started"
WARN [12-16|16:11:23.552] Synchronisation failed, dropping peer    peer=b600a9651f142d9de7bf6a0cf68c145dbcd2f01b4e35d1bc45bef6a9fad9168c err="retrieved hash chain is invalid: invalid merkle root (remote: e4d07bcbaa64aba9af8618664ee445562d854ae600409cdbccd3eef6c1d010da local: ffb8fb72bec60578e868421f7eca39887773e652eb923c1528271d15429e1f71) dberr: %!w(<nil>)"
INFO [12-16|16:11:23.553] Looking for peers                        peercount=1 tried=0 static=1
INFO [12-16|16:11:24.622] Imported new chain segment               number=28 hash=d3691e..75864b blocks=1 txs=0 mgas=0.000 elapsed=10.399ms    mgasps=0.000 dirty=12.98KiB
INFO [12-16|16:11:24.625] Commit new sealing work                  number=29 sealhash=71c210..277e03 uncles=0 txs=0 gas=0 fees=0 elapsed="648.554µs"
INFO [12-16|16:11:24.629] Commit new sealing work                  number=29 sealhash=71c210..277e03 uncles=0 txs=0 gas=0 fees=0 elapsed=4.926ms
INFO [12-16|16:11:26.865] Successfully sealed new block            number=29 sealhash=71c210..277e03 hash=f6bf74..3c5c38 elapsed=2.240s
INFO [12-16|16:11:26.866] "🔨 mined potential block"                number=29 hash=f6bf74..3c5c38
INFO [12-16|16:11:26.868] Commit new sealing work                  number=30 sealhash=28d99e..208ddf uncles=0 txs=0 gas=0 fees=0 elapsed="551.779µs"
INFO [12-16|16:11:26.882] Commit new sealing work                  number=30 sealhash=28d99e..208ddf uncles=0 txs=0 gas=0 fees=0 elapsed=15.085ms
INFO [12-16|16:11:29.997] Imported new chain segment               number=30 hash=a90f46..4de9c0 blocks=1 txs=0 mgas=0.000 elapsed=15.920ms    mgasps=0.000 dirty=13.93KiB
INFO [12-16|16:11:29.999] "🔗 block reached canonical chain"        number=23 hash=a326aa..54b6b4
INFO [12-16|16:11:29.999] Commit new sealing work                  number=31 sealhash=5aa6e4..561c49 uncles=0 txs=0 gas=0 fees=0 elapsed="997.246µs"
INFO [12-16|16:11:30.000] Commit new sealing work                  number=31 sealhash=5aa6e4..561c49 uncles=0 txs=0 gas=0 fees=0 elapsed=1.703ms
INFO [12-16|16:11:30.369] "🔗 block reached canonical chain"        number=24 hash=a983e7..e64e5e
INFO [12-16|16:11:30.369] Commit new sealing work                  number=32 sealhash=6e107a..360d88 uncles=0 txs=0 gas=0 fees=0 elapsed="792.66µs"
INFO [12-16|16:11:30.369] Commit new sealing work                  number=32 sealhash=6e107a..360d88 uncles=0 txs=0 gas=0 fees=0 elapsed=1.426ms
INFO [12-16|16:11:30.368] Successfully sealed new block            number=31 sealhash=5aa6e4..561c49 hash=ec42a6..434f98 elapsed=368.541ms
INFO [12-16|16:11:30.382] "🔨 mined potential block"                number=31 hash=ec42a6..434f98
INFO [12-16|16:11:33.421] Successfully sealed new block            number=32 sealhash=6e107a..360d88 hash=eb5770..940d58 elapsed=3.052s
INFO [12-16|16:11:33.422] "🔨 mined potential block"                number=32 hash=eb5770..940d58
INFO [12-16|16:11:33.423] Commit new sealing work                  number=33 sealhash=710586..c0b99e uncles=0 txs=0 gas=0 fees=0 elapsed="906.509µs"
INFO [12-16|16:11:33.435] Commit new sealing work                  number=33 sealhash=710586..c0b99e uncles=0 txs=0 gas=0 fees=0 elapsed=12.078ms
INFO [12-16|16:11:35.593] Imported new chain segment               number=33 hash=271b8d..d79afe blocks=1 txs=0 mgas=0.000 elapsed=11.278ms    mgasps=0.000 dirty=15.35KiB
INFO [12-16|16:11:35.595] Commit new sealing work                  number=34 sealhash=125ff1..3fbc8c uncles=0 txs=0 gas=0 fees=0 elapsed="631.295µs"
INFO [12-16|16:11:35.595] Commit new sealing work                  number=34 sealhash=125ff1..3fbc8c uncles=0 txs=0 gas=0 fees=0 elapsed=1.147ms
ERROR[12-16|16:11:36.323] 
########## BAD BLOCK #########
Block: 34 (0x5eb5e8f1571639a5ae59633165542c0ea1421998efa91445ff8f0dc7256ab7f2)
Error: invalid merkle root (remote: 138a5c96a92bd116d768f276372b1c284d9dc11f148070fc101257e58223f11b local: 4dab7d55f0a9ed1948cee8b556c2a4c13329d595c23e4ca26c2809f2e52c6177) dberr: %!w(<nil>)
Platform: geth (devel) go1.20.5 arm64 linux
VCS: ea9e62ca-20230420
Chain config: &params.ChainConfig{ChainID:4308, HomesteadBlock:0, DAOForkBlock:<nil>, DAOForkSupport:false, EIP150Block:0, EIP155Block:0, EIP158Block:0, ByzantiumBlock:0, ConstantinopleBlock:0, PetersburgBlock:0, IstanbulBlock:0, MuirGlacierBlock:<nil>, BerlinBlock:0, LondonBlock:<nil>, ArrowGlacierBlock:<nil>, GrayGlacierBlock:<nil>, MergeNetsplitBlock:<nil>, ShanghaiTime:(*uint64)(nil), CancunTime:(*uint64)(nil), PragueTime:(*uint64)(nil), TerminalTotalDifficulty:<nil>, TerminalTotalDifficultyPassed:false, Ethash:(*params.EthashConfig)(0x277f268), Clique:(*params.CliqueConfig)(nil)}
Receipts: 
##############################
 
INFO [12-16|16:11:36.344] Imported new chain segment               number=34 hash=db39f4..d471aa blocks=1 txs=0 mgas=0.000 elapsed=20.275ms    mgasps=0.000 dirty=15.82KiB
INFO [12-16|16:11:36.346] "🔗 block reached canonical chain"        number=27 hash=7d1b3d..eb137c
INFO [12-16|16:11:36.346] Commit new sealing work                  number=35 sealhash=4485fb..ca6be0 uncles=0 txs=0 gas=0 fees=0 elapsed="958.303µs"
INFO [12-16|16:11:36.347] Commit new sealing work                  number=35 sealhash=4485fb..ca6be0 uncles=0 txs=0 gas=0 fees=0 elapsed=1.850ms
INFO [12-16|16:11:38.206] Successfully sealed new block            number=35 sealhash=4485fb..ca6be0 hash=ae0720..71a243 elapsed=1.860s
INFO [12-16|16:11:38.207] "🔨 mined potential block"                number=35 hash=ae0720..71a243
INFO [12-16|16:11:38.208] Commit new sealing work                  number=36 sealhash=2d0975..a44a5a uncles=0 txs=0 gas=0 fees=0 elapsed=1.277ms
INFO [12-16|16:11:38.209] Commit new sealing work                  number=36 sealhash=2d0975..a44a5a uncles=0 txs=0 gas=0 fees=0 elapsed=2.584ms
INFO [12-16|16:11:39.694] Imported new chain segment               number=36 hash=f2fd87..1df1c3 blocks=1 txs=0 mgas=0.000 elapsed=12.033ms    mgasps=0.000 dirty=16.77KiB
INFO [12-16|16:11:39.696] "🔗 block reached canonical chain"        number=29 hash=f6bf74..3c5c38
INFO [12-16|16:11:39.697] Commit new sealing work                  number=37 sealhash=5c2ec5..7e235c uncles=0 txs=0 gas=0 fees=0 elapsed=1.533ms
INFO [12-16|16:11:39.697] Commit new sealing work                  number=37 sealhash=5c2ec5..7e235c uncles=0 txs=0 gas=0 fees=0 elapsed=2.001ms
INFO [12-16|16:11:39.864] Imported new chain segment               number=37 hash=a92fd4..bfec2e blocks=1 txs=0 mgas=0.000 elapsed=10.776ms    mgasps=0.000 dirty=17.25KiB
INFO [12-16|16:11:39.865] Commit new sealing work                  number=38 sealhash=171f34..6c881a uncles=0 txs=0 gas=0 fees=0 elapsed="469.559µs"
INFO [12-16|16:11:39.865] Commit new sealing work                  number=38 sealhash=171f34..6c881a uncles=0 txs=0 gas=0 fees=0 elapsed="797.512µs"
INFO [12-16|16:11:43.794] Imported new chain segment               number=38 hash=6d997e..92b3fb blocks=1 txs=0 mgas=0.000 elapsed=21.665ms    mgasps=0.000 dirty=17.72KiB
INFO [12-16|16:11:43.795] "🔗 block reached canonical chain"        number=31 hash=ec42a6..434f98
INFO [12-16|16:11:43.795] Commit new sealing work                  number=39 sealhash=57752c..e02d55 uncles=0 txs=0 gas=0 fees=0 elapsed="920.956µs"
INFO [12-16|16:11:43.796] Commit new sealing work                  number=39 sealhash=57752c..e02d55 uncles=0 txs=0 gas=0 fees=0 elapsed=1.256ms
INFO [12-16|16:11:44.504] Imported new chain segment               number=39 hash=93e38f..90b93f blocks=1 txs=0 mgas=0.000 elapsed=13.825ms    mgasps=0.000 dirty=18.20KiB
INFO [12-16|16:11:44.505] "🔗 block reached canonical chain"        number=32 hash=eb5770..940d58
INFO [12-16|16:11:44.505] Commit new sealing work                  number=40 sealhash=6cae64..4276d6 uncles=0 txs=0 gas=0 fees=0 elapsed="640.378µs"
INFO [12-16|16:11:44.505] Commit new sealing work                  number=40 sealhash=6cae64..4276d6 uncles=0 txs=0 gas=0 fees=0 elapsed="972.031µs"
INFO [12-16|16:11:44.573] Imported new chain segment               number=40 hash=fd3517..af0faa blocks=1 txs=0 mgas=0.000 elapsed=14.424ms    mgasps=0.000 dirty=18.67KiB
INFO [12-16|16:11:44.575] Commit new sealing work                  number=41 sealhash=a406ff..33e028 uncles=0 txs=0 gas=0 fees=0 elapsed="470.876µs"
INFO [12-16|16:11:44.576] Commit new sealing work                  number=41 sealhash=a406ff..33e028 uncles=0 txs=0 gas=0 fees=0 elapsed=1.866ms
INFO [12-16|16:11:45.463] Imported new chain segment               number=41 hash=574f1c..9f0774 blocks=1 txs=0 mgas=0.000 elapsed=14.740ms    mgasps=0.000 dirty=19.18KiB
INFO [12-16|16:11:45.465] Commit new sealing work                  number=42 sealhash=951a23..584854 uncles=0 txs=0 gas=0 fees=0 elapsed=1.149ms
INFO [12-16|16:11:45.466] Commit new sealing work                  number=42 sealhash=951a23..584854 uncles=0 txs=0 gas=0 fees=0 elapsed=2.082ms
INFO [12-16|16:11:45.534] Imported new chain segment               number=42 hash=3eeeb1..d18276 blocks=1 txs=0 mgas=0.000 elapsed=27.705ms    mgasps=0.000 dirty=19.68KiB
INFO [12-16|16:11:45.536] "🔗 block reached canonical chain"        number=35 hash=ae0720..71a243
INFO [12-16|16:11:45.536] Commit new sealing work                  number=43 sealhash=895455..ed8492 uncles=0 txs=0 gas=0 fees=0 elapsed="721.842µs"
INFO [12-16|16:11:45.543] Commit new sealing work                  number=43 sealhash=895455..ed8492 uncles=0 txs=0 gas=0 fees=0 elapsed=7.020ms
ERROR[12-16|16:11:46.407] 
########## BAD BLOCK #########
Block: 43 (0x0c2274e1c28aa5db914d690e5489bd35d30e920936e8cdcbda8541f6d505705e)
Error: invalid merkle root (remote: 3d1aa08699152b688c054f120b1e507acf3df9a55bf60ad1927883eb0930fcf5 local: 3b9782a32eb67070308a381b81e9e35efb037ff4fdf71b94e5ca1507a3551aaa) dberr: %!w(<nil>)
Platform: geth (devel) go1.20.5 arm64 linux
VCS: ea9e62ca-20230420
Chain config: &params.ChainConfig{ChainID:4308, HomesteadBlock:0, DAOForkBlock:<nil>, DAOForkSupport:false, EIP150Block:0, EIP155Block:0, EIP158Block:0, ByzantiumBlock:0, ConstantinopleBlock:0, PetersburgBlock:0, IstanbulBlock:0, MuirGlacierBlock:<nil>, BerlinBlock:0, LondonBlock:<nil>, ArrowGlacierBlock:<nil>, GrayGlacierBlock:<nil>, MergeNetsplitBlock:<nil>, ShanghaiTime:(*uint64)(nil), CancunTime:(*uint64)(nil), PragueTime:(*uint64)(nil), TerminalTotalDifficulty:<nil>, TerminalTotalDifficultyPassed:false, Ethash:(*params.EthashConfig)(0x277f268), Clique:(*params.CliqueConfig)(nil)}
Receipts: 
##############################
 
INFO [12-16|16:11:46.823] Skip duplicated bad block                number=43 hash=0c2274..05705e
ERROR[12-16|16:11:46.824] 
########## BAD BLOCK #########
Block: 43 (0x0c2274e1c28aa5db914d690e5489bd35d30e920936e8cdcbda8541f6d505705e)
Error: invalid merkle root (remote: 3d1aa08699152b688c054f120b1e507acf3df9a55bf60ad1927883eb0930fcf5 local: 3b9782a32eb67070308a381b81e9e35efb037ff4fdf71b94e5ca1507a3551aaa) dberr: %!w(<nil>)
Platform: geth (devel) go1.20.5 arm64 linux
VCS: ea9e62ca-20230420
Chain config: &params.ChainConfig{ChainID:4308, HomesteadBlock:0, DAOForkBlock:<nil>, DAOForkSupport:false, EIP150Block:0, EIP155Block:0, EIP158Block:0, ByzantiumBlock:0, ConstantinopleBlock:0, PetersburgBlock:0, IstanbulBlock:0, MuirGlacierBlock:<nil>, BerlinBlock:0, LondonBlock:<nil>, ArrowGlacierBlock:<nil>, GrayGlacierBlock:<nil>, MergeNetsplitBlock:<nil>, ShanghaiTime:(*uint64)(nil), CancunTime:(*uint64)(nil), PragueTime:(*uint64)(nil), TerminalTotalDifficulty:<nil>, TerminalTotalDifficultyPassed:false, Ethash:(*params.EthashConfig)(0x277f268), Clique:(*params.CliqueConfig)(nil)}
Receipts: 
##############################
 
ERROR[12-16|16:11:46.824] Failed to retrieve beacon bounds for bad block reporting err="beacon sync not yet started"
WARN [12-16|16:11:46.825] Synchronisation failed, dropping peer    peer=b600a9651f142d9de7bf6a0cf68c145dbcd2f01b4e35d1bc45bef6a9fad9168c err="retrieved hash chain is invalid: invalid merkle root (remote: 3d1aa08699152b688c054f120b1e507acf3df9a55bf60ad1927883eb0930fcf5 local: 3b9782a32eb67070308a381b81e9e35efb037ff4fdf71b94e5ca1507a3551aaa) dberr: %!w(<nil>)"
INFO [12-16|16:11:46.826] Looking for peers                        peercount=1 tried=0 static=1
INFO [12-16|16:11:47.362] Imported new chain segment               number=43 hash=73be12..953ecc blocks=1 txs=0 mgas=0.000 elapsed=25.013ms    mgasps=0.000 dirty=20.19KiB
INFO [12-16|16:11:47.363] Commit new sealing work                  number=44 sealhash=15fe32..8c4997 uncles=0 txs=0 gas=0 fees=0 elapsed="774.621µs"
INFO [12-16|16:11:47.364] Commit new sealing work                  number=44 sealhash=15fe32..8c4997 uncles=0 txs=0 gas=0 fees=0 elapsed=1.327ms
INFO [12-16|16:11:51.134] Imported new chain segment               number=44 hash=a0c2f5..5ed302 blocks=1 txs=0 mgas=0.000 elapsed=19.432ms    mgasps=0.000 dirty=20.69KiB
INFO [12-16|16:11:51.136] Commit new sealing work                  number=45 sealhash=a2a73d..215502 uncles=0 txs=0 gas=0 fees=0 elapsed="662.711µs"
INFO [12-16|16:11:51.137] Commit new sealing work                  number=45 sealhash=a2a73d..215502 uncles=0 txs=0 gas=0 fees=0 elapsed=1.364ms
INFO [12-16|16:11:52.355] Successfully sealed new block            number=45 sealhash=a2a73d..215502 hash=6329d3..3d0c9a elapsed=1.218s
INFO [12-16|16:11:52.356] "🔨 mined potential block"                number=45 hash=6329d3..3d0c9a
INFO [12-16|16:11:52.356] Commit new sealing work                  number=46 sealhash=897f5e..db02a2 uncles=0 txs=0 gas=0 fees=0 elapsed="690.897µs"
INFO [12-16|16:11:52.357] Commit new sealing work                  number=46 sealhash=897f5e..db02a2 uncles=0 txs=0 gas=0 fees=0 elapsed=1.643ms
INFO [12-16|16:11:53.635] Imported new chain segment               number=46 hash=0df2ab..29b06b blocks=1 txs=0 mgas=0.000 elapsed=21.045ms    mgasps=0.000 dirty=21.71KiB
INFO [12-16|16:11:53.638] Commit new sealing work                  number=47 sealhash=f4f598..651644 uncles=0 txs=0 gas=0 fees=0 elapsed="893.047µs"
INFO [12-16|16:11:53.639] Commit new sealing work                  number=47 sealhash=f4f598..651644 uncles=0 txs=0 gas=0 fees=0 elapsed=1.517ms
INFO [12-16|16:11:55.707] Imported new chain segment               number=47 hash=02505a..aea9db blocks=1 txs=0 mgas=0.000 elapsed=16.879ms    mgasps=0.000 dirty=22.21KiB
INFO [12-16|16:11:55.709] Commit new sealing work                  number=48 sealhash=763daa..d8d7b6 uncles=0 txs=0 gas=0 fees=0 elapsed="675.47µs"
INFO [12-16|16:11:55.710] Commit new sealing work                  number=48 sealhash=763daa..d8d7b6 uncles=0 txs=0 gas=0 fees=0 elapsed=2.019ms
[{
    caps: ["eth/66", "eth/67", "eth/68", "snap/1"],
    enode: "enode://2ee30d5e2755bf051b61efd4bab684303a07c20597f758c187d156c39d34c6d2cb50734cc1c06ccc9041df476815877c70c4730ded64885cbe7b2026710cb6a1@192.168.36.30:4242?discport=0",
    id: "966a1a3531b18f4518f0cf33a076ec899c91cd1449549ef57c89b71900162f8c",
    name: "Geth/v1.11.6-stable-ea9e62ca/linux-arm64/go1.20.5",
    network: {
      inbound: false,
      localAddress: "192.168.36.12:35330",
      remoteAddress: "192.168.36.30:4242",
      static: true,
      trusted: false
    },
    protocols: {
      eth: {
        version: 68
      },
      snap: {
        version: 1
      }
    }
}]
> INFO [12-16|16:11:58.586] Looking for peers                        peercount=2 tried=0 static=1
INFO [12-16|16:11:58.705] Skip duplicated bad block                number=43 hash=0c2274..05705e
ERROR[12-16|16:11:58.706] 
########## BAD BLOCK #########
Block: 43 (0x0c2274e1c28aa5db914d690e5489bd35d30e920936e8cdcbda8541f6d505705e)
Error: invalid merkle root (remote: 3d1aa08699152b688c054f120b1e507acf3df9a55bf60ad1927883eb0930fcf5 local: 3b9782a32eb67070308a381b81e9e35efb037ff4fdf71b94e5ca1507a3551aaa) dberr: %!w(<nil>)
Platform: geth (devel) go1.20.5 arm64 linux
VCS: ea9e62ca-20230420
Chain config: &params.ChainConfig{ChainID:4308, HomesteadBlock:0, DAOForkBlock:<nil>, DAOForkSupport:false, EIP150Block:0, EIP155Block:0, EIP158Block:0, ByzantiumBlock:0, ConstantinopleBlock:0, PetersburgBlock:0, IstanbulBlock:0, MuirGlacierBlock:<nil>, BerlinBlock:0, LondonBlock:<nil>, ArrowGlacierBlock:<nil>, GrayGlacierBlock:<nil>, MergeNetsplitBlock:<nil>, ShanghaiTime:(*uint64)(nil), CancunTime:(*uint64)(nil), PragueTime:(*uint64)(nil), TerminalTotalDifficulty:<nil>, TerminalTotalDifficultyPassed:false, Ethash:(*params.EthashConfig)(0x277f268), Clique:(*params.CliqueConfig)(nil)}
Receipts: 
##############################
 
ERROR[12-16|16:11:58.706] Failed to retrieve beacon bounds for bad block reporting err="beacon sync not yet started"
WARN [12-16|16:11:58.707] Synchronisation failed, dropping peer    peer=b600a9651f142d9de7bf6a0cf68c145dbcd2f01b4e35d1bc45bef6a9fad9168c err="retrieved hash chain is invalid: invalid merkle root (remote: 3d1aa08699152b688c054f120b1e507acf3df9a55bf60ad1927883eb0930fcf5 local: 3b9782a32eb67070308a381b81e9e35efb037ff4fdf71b94e5ca1507a3551aaa) dberr: %!w(<nil>)"
INFO [12-16|16:12:03.239] Imported new chain segment               number=48 hash=d9faf1..d4b4a3 blocks=1 txs=0 mgas=0.000 elapsed=10.032ms    mgasps=0.000 dirty=22.72KiB
INFO [12-16|16:12:03.240] Commit new sealing work                  number=49 sealhash=9475d1..c4b901 uncles=0 txs=0 gas=0 fees=0 elapsed="646.34µs"
INFO [12-16|16:12:03.242] Commit new sealing work                  number=49 sealhash=9475d1..c4b901 uncles=0 txs=0 gas=0 fees=0 elapsed=2.446ms
INFO [12-16|16:12:09.477] Successfully sealed new block            number=49 sealhash=9475d1..c4b901 hash=c609ad..96047e elapsed=6.236s
INFO [12-16|16:12:09.477] "🔨 mined potential block"                number=49 hash=c609ad..96047e
INFO [12-16|16:12:09.478] Commit new sealing work                  number=50 sealhash=67f98e..9029ba uncles=0 txs=0 gas=0 fees=0 elapsed="567.042µs"
INFO [12-16|16:12:09.478] Commit new sealing work                  number=50 sealhash=67f98e..9029ba uncles=0 txs=0 gas=0 fees=0 elapsed=1.003ms
INFO [12-16|16:12:09.556] Commit new sealing work                  number=50 sealhash=a8a2c3..ba721f uncles=1 txs=0 gas=0 fees=0 elapsed="464.912µs"
INFO [12-16|16:12:09.555] Imported new chain segment               number=49 hash=bfce65..d831d8 blocks=1 txs=0 mgas=0.000 elapsed=13.746ms    mgasps=0.000 dirty=23.73KiB
INFO [12-16|16:12:14.065] Successfully sealed new block            number=50 sealhash=a8a2c3..ba721f hash=1aa9b7..2f7558 elapsed=4.509s
INFO [12-16|16:12:14.065] "🔨 mined potential block"                number=50 hash=1aa9b7..2f7558
INFO [12-16|16:12:14.066] Commit new sealing work                  number=51 sealhash=ec8277..0050c6 uncles=0 txs=0 gas=0 fees=0 elapsed="659.598µs"
INFO [12-16|16:12:14.066] Commit new sealing work                  number=51 sealhash=ec8277..0050c6 uncles=0 txs=0 gas=0 fees=0 elapsed=1.139ms
