INFO [12-16|03:30:54.272] Maximum peer count                       ETH=50 LES=0 total=50
INFO [12-16|03:30:54.276] Smartcard socket not found, disabling    err="stat /run/pcscd/pcscd.comm: no such file or directory"
INFO [12-16|03:30:54.286] Set global gas cap                       cap=50,000,000
INFO [12-16|03:30:54.294] Allocated trie memory caches             clean=154.00MiB dirty=256.00MiB
INFO [12-16|03:30:54.294] Using leveldb as the backing database 
INFO [12-16|03:30:54.294] Allocated cache and file handles         database=/home/raspberry-node/.testchain44/geth/chaindata cache=512.00MiB handles=524,288
INFO [12-16|03:30:54.349] Using LevelDB as the backing database 
INFO [12-16|03:30:54.350] Opened ancient database                  database=/home/raspberry-node/.testchain44/geth/chaindata/ancient/chain readonly=false
INFO [12-16|03:30:54.352] Disk storage enabled for ethash caches   dir=/home/raspberry-node/.testchain44/geth/ethash count=3
INFO [12-16|03:30:54.352] Disk storage enabled for ethash DAGs     dir=/home/raspberry-node/.ethash count=2
INFO [12-16|03:30:54.352] Initialising Ethereum protocol           network=42 dbversion=<nil>
INFO [12-16|03:30:54.353]  
INFO [12-16|03:30:54.353] --------------------------------------------------------------------------------------------------------------------------------------------------------- 
INFO [12-16|03:30:54.354] Chain ID:  4303 (unknown) 
INFO [12-16|03:30:54.354] Consensus: Ethash (proof-of-work) 
INFO [12-16|03:30:54.354]  
INFO [12-16|03:30:54.354] Pre-Merge hard forks (block based): 
INFO [12-16|03:30:54.354]  - Homestead:                   #0        (https://github.com/ethereum/execution-specs/blob/master/network-upgrades/mainnet-upgrades/homestead.md) 
INFO [12-16|03:30:54.354]  - Tangerine Whistle (EIP 150): #0        (https://github.com/ethereum/execution-specs/blob/master/network-upgrades/mainnet-upgrades/tangerine-whistle.md) 
INFO [12-16|03:30:54.354]  - Spurious Dragon/1 (EIP 155): #0        (https://github.com/ethereum/execution-specs/blob/master/network-upgrades/mainnet-upgrades/spurious-dragon.md) 
INFO [12-16|03:30:54.354]  - Spurious Dragon/2 (EIP 158): #0        (https://github.com/ethereum/execution-specs/blob/master/network-upgrades/mainnet-upgrades/spurious-dragon.md) 
INFO [12-16|03:30:54.354]  - Byzantium:                   #0        (https://github.com/ethereum/execution-specs/blob/master/network-upgrades/mainnet-upgrades/byzantium.md) 
INFO [12-16|03:30:54.354]  - Constantinople:              #0        (https://github.com/ethereum/execution-specs/blob/master/network-upgrades/mainnet-upgrades/constantinople.md) 
INFO [12-16|03:30:54.354]  - Petersburg:                  #0        (https://github.com/ethereum/execution-specs/blob/master/network-upgrades/mainnet-upgrades/petersburg.md) 
INFO [12-16|03:30:54.354]  - Istanbul:                    #0        (https://github.com/ethereum/execution-specs/blob/master/network-upgrades/mainnet-upgrades/istanbul.md) 
INFO [12-16|03:30:54.354]  - Berlin:                      #0        (https://github.com/ethereum/execution-specs/blob/master/network-upgrades/mainnet-upgrades/berlin.md) 
INFO [12-16|03:30:54.354]  - London:                      #<nil> (https://github.com/ethereum/execution-specs/blob/master/network-upgrades/mainnet-upgrades/london.md) 
INFO [12-16|03:30:54.354]  
INFO [12-16|03:30:54.354] The Merge is not yet available for this network! 
INFO [12-16|03:30:54.354]  - Hard-fork specification: https://github.com/ethereum/execution-specs/blob/master/network-upgrades/mainnet-upgrades/paris.md 
INFO [12-16|03:30:54.354]  
INFO [12-16|03:30:54.354] Post-Merge hard forks (timestamp based): 
INFO [12-16|03:30:54.354]  
INFO [12-16|03:30:54.354] --------------------------------------------------------------------------------------------------------------------------------------------------------- 
INFO [12-16|03:30:54.354]  
INFO [12-16|03:30:54.355] Loaded most recent local block           number=0 hash=45f300..179bfa td=250 age=54y8mo3w
WARN [12-16|03:30:54.355] Failed to load snapshot                  err="missing or corrupted snapshot"
INFO [12-16|03:30:54.355] Rebuilding state snapshot 
INFO [12-16|03:30:54.356] Resuming state snapshot generation       root=56e81f..63b421 accounts=0 slots=0 storage=0.00B dangling=0 elapsed="714.347µs"
INFO [12-16|03:30:54.356] Regenerated local transaction journal    transactions=0 accounts=0
INFO [12-16|03:30:54.356] Generated state snapshot                 accounts=0 slots=0 storage=0.00B dangling=0 elapsed=1.347ms
INFO [12-16|03:30:54.357] Gasprice oracle is ignoring threshold set threshold=2
WARN [12-16|03:30:54.357] Error reading unclean shutdown markers   error="leveldb: not found"
WARN [12-16|03:30:54.357] Engine API enabled                       protocol=eth
WARN [12-16|03:30:54.357] Engine API started but chain not configured for merge yet 
INFO [12-16|03:30:54.358] Starting peer-to-peer node               instance=Geth/v1.11.6-stable-ea9e62ca/linux-arm64/go1.20.5
INFO [12-16|03:30:54.400] New local node record                    seq=1,702,693,854,396 id=b580f61544ef0fca ip=127.0.0.1 udp=0 tcp=4242
INFO [12-16|03:30:54.400] Started P2P networking                   self="enode://f06de4e11dd5f8e1c27c903a01078bc6985505f6da69545e5334aaf145e1faba1f73faad6423538ba442077fc8a2de2066be3a6716f6efeafb4977e82643a419@127.0.0.1:4242?discport=0"
INFO [12-16|03:30:54.401] IPC endpoint opened                      url=/home/raspberry-node/.testchain44/geth.ipc
INFO [12-16|03:30:54.401] Generated JWT secret                     path=/home/raspberry-node/.testchain44/geth/jwtsecret
INFO [12-16|03:30:54.403] WebSocket enabled                        url=ws://127.0.0.1:8551
INFO [12-16|03:30:54.403] HTTP server started                      endpoint=127.0.0.1:8551 auth=true prefix= cors=localhost vhosts=localhost
Welcome to the Geth JavaScript console!

instance: Geth/v1.11.6-stable-ea9e62ca/linux-arm64/go1.20.5
coinbase: 0x3cff2826a9d901c84f5d4b401ebf44a6f462a1b9
at block: 0 (Thu Jan 01 1970 01:00:00 GMT+0100 (CET))
 datadir: /home/raspberry-node/.testchain44
 modules: admin:1.0 debug:1.0 engine:1.0 eth:1.0 ethash:1.0 miner:1.0 net:1.0 rpc:1.0 txpool:1.0 web3:1.0

To exit, press ctrl-d or type exit
> INFO [12-16|03:30:55.117] New local node record                    seq=1,702,693,854,397 id=b580f61544ef0fca ip=192.168.1.87 udp=0 tcp=4242
INFO [12-16|03:31:22.497] Updated mining threads                   threads=1
INFO [12-16|03:31:22.497] Transaction pool price threshold updated price=1,000,000,000
INFO [12-16|03:31:22.498] Commit new sealing work                  number=1 sealhash=5655c4..cb0dbe uncles=0 txs=0 gas=0 fees=0 elapsed=1.034ms
INFO [12-16|03:31:22.499] Commit new sealing work                  number=1 sealhash=5655c4..cb0dbe uncles=0 txs=0 gas=0 fees=0 elapsed=1.749ms
WARN [12-16|03:31:27.675] Snap syncing, discarded propagated block number=1 hash=c57b4a..eebafc
WARN [12-16|03:31:27.683] Snap syncing, discarded propagated block number=1 hash=90d347..a109f6
WARN [12-16|03:31:27.685] Snap syncing, discarded propagated block number=1 hash=5289ea..6cfc6f
INFO [12-16|03:31:30.688] Generating ethash verification cache     epoch=1 percentage=92 elapsed=3.011s
INFO [12-16|03:31:30.876] Generated ethash verification cache      epoch=1 elapsed=3.199s
INFO [12-16|03:31:31.331] Successfully sealed new block            number=1 sealhash=5655c4..cb0dbe hash=5ef94f..2b45ef elapsed=8.833s
INFO [12-16|03:31:31.332] "🔨 mined potential block"                number=1 hash=5ef94f..2b45ef
INFO [12-16|03:31:31.333] Commit new sealing work                  number=2 sealhash=a27b86..f75fc2 uncles=0 txs=0 gas=0 fees=0 elapsed=1.077ms
INFO [12-16|03:31:31.333] Commit new sealing work                  number=2 sealhash=a27b86..f75fc2 uncles=0 txs=0 gas=0 fees=0 elapsed=1.845ms
INFO [12-16|03:31:35.458] Looking for peers                        peercount=2 tried=1 static=1
INFO [12-16|03:31:37.790] Successfully sealed new block            number=2 sealhash=a27b86..f75fc2 hash=7ef0a2..3918a1 elapsed=6.457s
INFO [12-16|03:31:37.790] "🔨 mined potential block"                number=2 hash=7ef0a2..3918a1
INFO [12-16|03:31:37.791] Commit new sealing work                  number=3 sealhash=6ac688..53b1d5 uncles=0 txs=0 gas=0 fees=0 elapsed="511.218µs"
INFO [12-16|03:31:37.791] Commit new sealing work                  number=3 sealhash=6ac688..53b1d5 uncles=0 txs=0 gas=0 fees=0 elapsed="910.104µs"
INFO [12-16|03:31:39.115] Successfully sealed new block            number=3 sealhash=6ac688..53b1d5 hash=eb7d5d..1b32d6 elapsed=1.323s
INFO [12-16|03:31:39.121] "🔨 mined potential block"                number=3 hash=eb7d5d..1b32d6
INFO [12-16|03:31:39.122] Commit new sealing work                  number=4 sealhash=aec716..69dcb1 uncles=0 txs=0 gas=0 fees=0 elapsed="776.828µs"
INFO [12-16|03:31:39.123] Commit new sealing work                  number=4 sealhash=aec716..69dcb1 uncles=0 txs=0 gas=0 fees=0 elapsed=1.612ms
INFO [12-16|03:31:40.796] Successfully sealed new block            number=4 sealhash=aec716..69dcb1 hash=0db8d0..2d21d8 elapsed=1.673s
INFO [12-16|03:31:40.796] "🔨 mined potential block"                number=4 hash=0db8d0..2d21d8
INFO [12-16|03:31:40.798] Commit new sealing work                  number=5 sealhash=d538c1..b8bfeb uncles=0 txs=0 gas=0 fees=0 elapsed=1.617ms
INFO [12-16|03:31:40.798] Commit new sealing work                  number=5 sealhash=d538c1..b8bfeb uncles=0 txs=0 gas=0 fees=0 elapsed=2.235ms
WARN [12-16|03:31:45.289] Snap syncing, discarded propagated block number=5 hash=99a60f..cd435a
INFO [12-16|03:31:45.930] Successfully sealed new block            number=5 sealhash=d538c1..b8bfeb hash=6bd82c..bd9611 elapsed=5.131s
INFO [12-16|03:31:45.930] "🔨 mined potential block"                number=5 hash=6bd82c..bd9611
INFO [12-16|03:31:45.933] Commit new sealing work                  number=6 sealhash=e598c6..96aade uncles=0 txs=0 gas=0 fees=0 elapsed=2.778ms
INFO [12-16|03:31:45.934] Commit new sealing work                  number=6 sealhash=e598c6..96aade uncles=0 txs=0 gas=0 fees=0 elapsed=3.399ms
INFO [12-16|03:31:53.641] Successfully sealed new block            number=6 sealhash=e598c6..96aade hash=e89e59..936f1e elapsed=7.708s
INFO [12-16|03:31:53.641] "🔨 mined potential block"                number=6 hash=e89e59..936f1e
INFO [12-16|03:31:53.642] Commit new sealing work                  number=7 sealhash=9fd0d5..f1d581 uncles=0 txs=0 gas=0 fees=0 elapsed="341.35µs"
INFO [12-16|03:31:53.643] Commit new sealing work                  number=7 sealhash=9fd0d5..f1d581 uncles=0 txs=0 gas=0 fees=0 elapsed=1.034ms
INFO [12-16|03:31:55.813] Successfully sealed new block            number=7 sealhash=9fd0d5..f1d581 hash=b5815d..27eaee elapsed=2.171s
INFO [12-16|03:31:55.813] "🔨 mined potential block"                number=7 hash=b5815d..27eaee
INFO [12-16|03:31:55.814] Commit new sealing work                  number=8 sealhash=af9782..631282 uncles=0 txs=0 gas=0 fees=0 elapsed="484.386µs"
INFO [12-16|03:31:55.814] Commit new sealing work                  number=8 sealhash=af9782..631282 uncles=0 txs=0 gas=0 fees=0 elapsed=1.033ms
INFO [12-16|03:31:59.749] Successfully sealed new block            number=8 sealhash=af9782..631282 hash=465218..bfad15 elapsed=3.934s
INFO [12-16|03:31:59.749] "🔗 block reached canonical chain"        number=1 hash=5ef94f..2b45ef
INFO [12-16|03:31:59.749] "🔨 mined potential block"                number=8 hash=465218..bfad15
INFO [12-16|03:31:59.749] Commit new sealing work                  number=9 sealhash=276d8e..5aab15 uncles=0 txs=0 gas=0 fees=0 elapsed="552.663µs"
INFO [12-16|03:31:59.750] Commit new sealing work                  number=9 sealhash=276d8e..5aab15 uncles=0 txs=0 gas=0 fees=0 elapsed=1.002ms
INFO [12-16|03:32:03.420] Successfully sealed new block            number=9 sealhash=276d8e..5aab15 hash=c3094a..1b46b2 elapsed=3.670s
INFO [12-16|03:32:03.421] "🔗 block reached canonical chain"        number=2 hash=7ef0a2..3918a1
INFO [12-16|03:32:03.422] Commit new sealing work                  number=10 sealhash=020894..21d045 uncles=0 txs=0 gas=0 fees=0 elapsed=2.161ms
INFO [12-16|03:32:03.423] "🔨 mined potential block"                number=9  hash=c3094a..1b46b2
INFO [12-16|03:32:03.423] Commit new sealing work                  number=10 sealhash=020894..21d045 uncles=0 txs=0 gas=0 fees=0 elapsed=2.604ms
WARN [12-16|03:32:07.806] Snap syncing, discarded propagated block number=10 hash=0ddfce..92c8fa
INFO [12-16|03:32:09.297] Looking for peers                        peercount=1 tried=0 static=1
INFO [12-16|03:32:11.675] Successfully sealed new block            number=10 sealhash=020894..21d045 hash=2103de..37a3d7 elapsed=8.253s
INFO [12-16|03:32:11.675] "🔗 block reached canonical chain"        number=3  hash=eb7d5d..1b32d6
INFO [12-16|03:32:11.675] "🔨 mined potential block"                number=10 hash=2103de..37a3d7
INFO [12-16|03:32:11.676] Commit new sealing work                  number=11 sealhash=7c4f13..a95d02 uncles=0 txs=0 gas=0 fees=0 elapsed="929.178µs"
INFO [12-16|03:32:11.676] Commit new sealing work                  number=11 sealhash=7c4f13..a95d02 uncles=0 txs=0 gas=0 fees=0 elapsed=1.451ms
INFO [12-16|03:32:12.216] Block synchronisation started 
INFO [12-16|03:32:12.217] Mining aborted due to sync 
INFO [12-16|03:32:12.339] Syncing: chain download in progress      synced=100.00% chain=18.00B headers=11@6.00B bodies=10@6.00B receipts=10@6.00B eta=0s
WARN [12-16|03:32:12.343] Unexpected account range packet          peer=c92f3907 reqid=3,712,921,722,842,762,658
INFO [12-16|03:32:12.367] Syncing: state download in progress      synced=50.79%  state=194.00B accounts=1@194.00B slots=0@0.00B codes=0@0.00B eta=140.421ms
INFO [12-16|03:32:12.483] Syncing: state download in progress      synced=100.00% state=194.00B accounts=1@194.00B slots=0@0.00B codes=0@0.00B eta=-13ns
INFO [12-16|03:32:12.498] Syncing: state healing in progress       accounts=2@92.00B  slots=0@0.00B codes=0@0.00B nodes=3@313.00B pending=0
INFO [12-16|03:32:12.499] Rebuilding state snapshot 
INFO [12-16|03:32:12.501] Committed new head block                 number=10 hash=0ddfce..92c8fa
INFO [12-16|03:32:12.501] Resuming state snapshot generation       root=ad18f5..2a5c70 accounts=0         slots=0       storage=0.00B dangling=0 elapsed="865.234µs"
INFO [12-16|03:32:12.505] Generated state snapshot                 accounts=2         slots=0       storage=94.00B dangling=0 elapsed=4.656ms
INFO [12-16|03:32:12.506] Syncing: state healing in progress       accounts=3@139.00B slots=0@0.00B codes=0@0.00B nodes=4@430.00B pending=0
INFO [12-16|03:32:12.562] Imported new chain segment               number=11 hash=c70cec..495da0 blocks=1 txs=0 mgas=0.000 elapsed=57.665ms    mgasps=0.000 dirty=2.85KiB
WARN [12-16|03:32:14.407] Snap syncing, discarded propagated block number=12 hash=4df85c..28c30c
WARN [12-16|03:32:15.402] Failed to load old bad blocks            error="leveldb: not found"
ERROR[12-16|03:32:15.408] 
########## BAD BLOCK #########
Block: 12 (0x4df85c704f5711c396ed0c95cf1ca52647c53d0248fcfc185e9a0fa0a628c30c)
Error: invalid merkle root (remote: 01f20364d65d23fb4c6d6193109820ee7a025cfcc13c30150fc0ebe5916a8ff2 local: 438840536c46a63fd0d5611a7e1d45ff39a6e8bb244b1d81f341e66ee0ad0159) dberr: %!w(<nil>)
Platform: geth (devel) go1.20.5 arm64 linux
VCS: ea9e62ca-20230420
Chain config: &params.ChainConfig{ChainID:4303, HomesteadBlock:0, DAOForkBlock:<nil>, DAOForkSupport:false, EIP150Block:0, EIP155Block:0, EIP158Block:0, ByzantiumBlock:0, ConstantinopleBlock:0, PetersburgBlock:0, IstanbulBlock:0, MuirGlacierBlock:<nil>, BerlinBlock:0, LondonBlock:<nil>, ArrowGlacierBlock:<nil>, GrayGlacierBlock:<nil>, MergeNetsplitBlock:<nil>, ShanghaiTime:(*uint64)(nil), CancunTime:(*uint64)(nil), PragueTime:(*uint64)(nil), TerminalTotalDifficulty:<nil>, TerminalTotalDifficultyPassed:false, Ethash:(*params.EthashConfig)(0x277f268), Clique:(*params.CliqueConfig)(nil)}
Receipts: 
##############################
 
ERROR[12-16|03:32:15.418] Failed to retrieve beacon bounds for bad block reporting err="beacon sync not yet started"
WARN [12-16|03:32:15.419] Synchronisation failed, dropping peer    peer=c92f3907e9e5bb27ca27a7d71d9ea214e572be4aaf6d6f18dab730d7cdeca563 err="retrieved hash chain is invalid: invalid merkle root (remote: 01f20364d65d23fb4c6d6193109820ee7a025cfcc13c30150fc0ebe5916a8ff2 local: 438840536c46a63fd0d5611a7e1d45ff39a6e8bb244b1d81f341e66ee0ad0159) dberr: %!w(<nil>)"
INFO [12-16|03:32:15.423] "🔗 block reached canonical chain"        number=4  hash=0db8d0..2d21d8
INFO [12-16|03:32:15.425] Commit new sealing work                  number=12 sealhash=6f5f26..5167d7 uncles=0 txs=0 gas=0 fees=0 elapsed=2.628ms
INFO [12-16|03:32:15.428] Commit new sealing work                  number=12 sealhash=6f5f26..5167d7 uncles=0 txs=0 gas=0 fees=0 elapsed=5.787ms
INFO [12-16|03:32:16.748] Successfully sealed new block            number=12 sealhash=6f5f26..5167d7 hash=7fa3b2..cbeb3f elapsed=1.324s
INFO [12-16|03:32:16.748] "🔗 block reached canonical chain"        number=5  hash=6bd82c..bd9611
INFO [12-16|03:32:16.748] "🔨 mined potential block"                number=12 hash=7fa3b2..cbeb3f
INFO [12-16|03:32:16.749] Commit new sealing work                  number=13 sealhash=4452ea..60ae50 uncles=0 txs=0 gas=0 fees=0 elapsed=1.002ms
INFO [12-16|03:32:16.750] Commit new sealing work                  number=13 sealhash=4452ea..60ae50 uncles=0 txs=0 gas=0 fees=0 elapsed=2.380ms
INFO [12-16|03:32:21.702] Successfully sealed new block            number=13 sealhash=4452ea..60ae50 hash=5049e9..6a8d3a elapsed=4.953s
INFO [12-16|03:32:21.703] "🔗 block reached canonical chain"        number=6  hash=e89e59..936f1e
INFO [12-16|03:32:21.717] Commit new sealing work                  number=14 sealhash=9761a8..043b49 uncles=0 txs=0 gas=0 fees=0 elapsed=13.869ms
INFO [12-16|03:32:21.717] "🔨 mined potential block"                number=13 hash=5049e9..6a8d3a
INFO [12-16|03:32:21.717] Commit new sealing work                  number=14 sealhash=9761a8..043b49 uncles=0 txs=0 gas=0 fees=0 elapsed=14.454ms
INFO [12-16|03:32:25.423] Mining aborted due to sync 
INFO [12-16|03:32:25.430] Syncing: state healing in progress       accounts=3@139.00B slots=0@0.00B codes=0@0.00B nodes=4@430.00B pending=1
INFO [12-16|03:32:25.545] Syncing: chain download in progress      synced=100.00% chain=18.00B headers=17@6.00B bodies=13@6.00B receipts=13@6.00B eta=0s
INFO [12-16|03:32:25.554] Syncing: state healing in progress       accounts=3@139.00B slots=0@0.00B codes=0@0.00B nodes=4@430.00B pending=1
INFO [12-16|03:32:25.577] Syncing: state healing in progress       accounts=6@278.00B slots=0@0.00B codes=0@0.00B nodes=8@891.00B pending=0
INFO [12-16|03:32:25.579] Rebuilding state snapshot 
INFO [12-16|03:32:25.579] Committed new head block                 number=13 hash=de63f6..b45cfa
INFO [12-16|03:32:25.580] Resuming state snapshot generation       root=8400e9..9786bc accounts=0         slots=0       storage=0.00B  dangling=0 elapsed="932.4µs"
INFO [12-16|03:32:25.580] Generated state snapshot                 accounts=3         slots=0       storage=142.00B dangling=0 elapsed=1.606ms
INFO [12-16|03:32:25.626] Imported new chain segment               number=14 hash=943538..bb3aae blocks=1 txs=0 mgas=0.000 elapsed=46.138ms    mgasps=0.000 dirty=4.27KiB
INFO [12-16|03:32:25.701] Imported new chain segment               number=17 hash=164967..69466a blocks=3 txs=0 mgas=0.000 elapsed=72.151ms    mgasps=0.000 dirty=5.93KiB
WARN [12-16|03:32:26.477] Failed to update snapshot tree           from=e315c9..e381e6 to=2620fe..9ad37c err="parent [0xe315c927c0664662cac6a1806fcdca4e0b9b588748a1a1801690a35fcae381e6] snapshot missing"
WARN [12-16|03:32:26.478] Failed to cap snapshot tree              root=2620fe..9ad37c layers=128 err="snapshot [0x2620fe3489360ef4ecd563ae150acbdbcb811b8176cb3fc4c3bc0e351d9ad37c] missing"
INFO [12-16|03:32:26.478] Successfully sealed new block            number=14 sealhash=9761a8..043b49 hash=79e5e0..4394a0 elapsed=4.774s
INFO [12-16|03:32:26.478] "🔗 block reached canonical chain"        number=7  hash=b5815d..27eaee
INFO [12-16|03:32:26.478] "🔨 mined potential block"                number=14 hash=79e5e0..4394a0
INFO [12-16|03:32:28.464] Syncing: chain download in progress      synced=130.77% chain=18.00B headers=17@6.00B bodies=17@6.00B receipts=17@6.00B eta=-3.794s
INFO [12-16|03:32:28.464] Syncing: state healing in progress       accounts=6@278.00B slots=0@0.00B codes=0@0.00B nodes=8@891.00B pending=1
WARN [12-16|03:32:28.465] Synchronisation failed, retrying         err="sync cancelled"
INFO [12-16|03:32:28.466] "🔗 block reached canonical chain"        number=8  hash=465218..bfad15
INFO [12-16|03:32:28.466] "🔗 block reached canonical chain"        number=9  hash=c3094a..1b46b2
INFO [12-16|03:32:28.466] "⑂ block became an uncle"                number=10 hash=2103de..37a3d7
INFO [12-16|03:32:28.466] Commit new sealing work                  number=18 sealhash=d094ac..687bb2 uncles=0 txs=0 gas=0 fees=0 elapsed=1.031ms
INFO [12-16|03:32:28.466] Commit new sealing work                  number=18 sealhash=d094ac..687bb2 uncles=0 txs=0 gas=0 fees=0 elapsed=1.455ms
INFO [12-16|03:32:29.338] Looking for peers                        peercount=1 tried=1 static=1
INFO [12-16|03:32:30.191] Successfully sealed new block            number=18 sealhash=d094ac..687bb2 hash=a0194b..e33ae8 elapsed=1.725s
INFO [12-16|03:32:30.191] Commit new sealing work                  number=19 sealhash=4388ff..e54a73 uncles=0 txs=0 gas=0 fees=0 elapsed="628.977µs"
INFO [12-16|03:32:30.203] "🔨 mined potential block"                number=18 hash=a0194b..e33ae8
INFO [12-16|03:32:30.204] Commit new sealing work                  number=19 sealhash=4388ff..e54a73 uncles=0 txs=0 gas=0 fees=0 elapsed=13.023ms
WARN [12-16|03:32:30.997] Snap syncing, discarded propagated block number=19 hash=649367..285b05
INFO [12-16|03:32:38.467] Mining aborted due to sync 
INFO [12-16|03:32:38.521] Syncing: state healing in progress       accounts=6@278.00B slots=0@0.00B codes=0@0.00B nodes=9@1006.00B pending=4
INFO [12-16|03:32:38.554] Syncing: state healing in progress       accounts=9@417.00B slots=0@0.00B codes=0@0.00B nodes=12@1.32KiB pending=0
INFO [12-16|03:32:38.740] Syncing: chain download in progress      synced=100.00% chain=18.00B headers=21@6.00B bodies=18@6.00B receipts=18@6.00B eta=0s
INFO [12-16|03:32:38.745] Rebuilding state snapshot 
INFO [12-16|03:32:38.745] Committed new head block                 number=18 hash=a0194b..e33ae8
INFO [12-16|03:32:38.746] Resuming state snapshot generation       root=788112..23acd7 accounts=0         slots=0       storage=0.00B   dangling=0 elapsed="870.957µs"
INFO [12-16|03:32:38.746] Generated state snapshot                 accounts=3         slots=0       storage=142.00B dangling=0 elapsed=1.639ms
INFO [12-16|03:32:38.781] Imported new chain segment               number=21 hash=573bed..b59162 blocks=3 txs=0 mgas=0.000 elapsed=35.732ms    mgasps=0.000 dirty=8.30KiB
INFO [12-16|03:32:41.588] Syncing: chain download in progress      synced=116.67% chain=18.00B headers=21@6.00B bodies=21@6.00B receipts=21@6.00B eta=-4.178s
INFO [12-16|03:32:41.588] Snap sync complete, auto disabling 
INFO [12-16|03:32:41.589] "😱 block lost"                           number=12 hash=7fa3b2..cbeb3f
INFO [12-16|03:32:41.590] "😱 block lost"                           number=13 hash=5049e9..6a8d3a
INFO [12-16|03:32:41.591] "😱 block lost"                           number=14 hash=79e5e0..4394a0
INFO [12-16|03:32:41.592] Commit new sealing work                  number=22 sealhash=eee090..5427f5 uncles=0 txs=0 gas=0 fees=0 elapsed=4.077ms
INFO [12-16|03:32:41.594] Commit new sealing work                  number=22 sealhash=eee090..5427f5 uncles=0 txs=0 gas=0 fees=0 elapsed=5.863ms
INFO [12-16|03:32:42.146] Successfully sealed new block            number=22 sealhash=eee090..5427f5 hash=1e3d4f..7af55f elapsed=556.961ms
INFO [12-16|03:32:42.146] "🔨 mined potential block"                number=22 hash=1e3d4f..7af55f
INFO [12-16|03:32:42.148] Commit new sealing work                  number=23 sealhash=e9357e..66de5d uncles=0 txs=0 gas=0 fees=0 elapsed="599.663µs"
INFO [12-16|03:32:42.148] Commit new sealing work                  number=23 sealhash=e9357e..66de5d uncles=0 txs=0 gas=0 fees=0 elapsed=1.170ms
INFO [12-16|03:32:42.174] Chain reorg detected                     number=21 hash=573bed..b59162 drop=1 dropfrom=1e3d4f..7af55f add=1 addfrom=54bd22..732c4b
INFO [12-16|03:32:42.175] Imported new chain segment               number=22 hash=54bd22..732c4b blocks=1 txs=0 mgas=0.000 elapsed=12.283ms    mgasps=0.000 dirty=9.25KiB
INFO [12-16|03:32:42.176] Commit new sealing work                  number=23 sealhash=916a53..8c8a16 uncles=1 txs=0 gas=0 fees=0 elapsed="657.088µs"
INFO [12-16|03:32:42.177] Commit new sealing work                  number=23 sealhash=916a53..8c8a16 uncles=1 txs=0 gas=0 fees=0 elapsed=1.299ms
INFO [12-16|03:32:44.300] Looking for peers                        peercount=1 tried=0 static=1
INFO [12-16|03:32:45.574] Imported new chain segment               number=23 hash=9c13c1..e43dcc blocks=1 txs=0 mgas=0.000 elapsed=36.234ms    mgasps=0.000 dirty=9.96KiB
INFO [12-16|03:32:45.580] Commit new sealing work                  number=24 sealhash=04e05c..dde583 uncles=0 txs=0 gas=0 fees=0 elapsed=2.511ms
INFO [12-16|03:32:45.584] Commit new sealing work                  number=24 sealhash=04e05c..dde583 uncles=0 txs=0 gas=0 fees=0 elapsed=6.510ms
INFO [12-16|03:32:46.180] Successfully sealed new block            number=24 sealhash=04e05c..dde583 hash=3dfb49..9a914b elapsed=600.641ms
INFO [12-16|03:32:46.181] "🔨 mined potential block"                number=24 hash=3dfb49..9a914b
INFO [12-16|03:32:46.182] Commit new sealing work                  number=25 sealhash=c7732d..e537e4 uncles=0 txs=0 gas=0 fees=0 elapsed="537.719µs"
INFO [12-16|03:32:46.182] Commit new sealing work                  number=25 sealhash=c7732d..e537e4 uncles=0 txs=0 gas=0 fees=0 elapsed="953.531µs"
INFO [12-16|03:32:48.858] Successfully sealed new block            number=25 sealhash=c7732d..e537e4 hash=73fc5b..79a962 elapsed=2.676s
INFO [12-16|03:32:48.859] "🔗 block reached canonical chain"        number=18 hash=a0194b..e33ae8
INFO [12-16|03:32:48.859] "🔨 mined potential block"                number=25 hash=73fc5b..79a962
INFO [12-16|03:32:48.860] Commit new sealing work                  number=26 sealhash=16c82b..8cfd8b uncles=0 txs=0 gas=0 fees=0 elapsed=1.108ms
INFO [12-16|03:32:48.861] Commit new sealing work                  number=26 sealhash=16c82b..8cfd8b uncles=0 txs=0 gas=0 fees=0 elapsed=1.953ms
INFO [12-16|03:32:50.525] Imported new chain segment               number=26 hash=713072..58164a blocks=1 txs=0 mgas=0.000 elapsed=19.733ms    mgasps=0.000 dirty=11.38KiB
INFO [12-16|03:32:50.526] Commit new sealing work                  number=27 sealhash=235a59..c85716 uncles=0 txs=0 gas=0 fees=0 elapsed="587.329µs"
INFO [12-16|03:32:50.526] Commit new sealing work                  number=27 sealhash=235a59..c85716 uncles=0 txs=0 gas=0 fees=0 elapsed="967.493µs"
INFO [12-16|03:32:51.402] Successfully sealed new block            number=27 sealhash=235a59..c85716 hash=494dba..33dcd6 elapsed=876.475ms
INFO [12-16|03:32:51.403] "🔨 mined potential block"                number=27 hash=494dba..33dcd6
INFO [12-16|03:32:51.404] Commit new sealing work                  number=28 sealhash=3465bd..9824b2 uncles=0 txs=0 gas=0 fees=0 elapsed="829.531µs"
INFO [12-16|03:32:51.404] Commit new sealing work                  number=28 sealhash=3465bd..9824b2 uncles=0 txs=0 gas=0 fees=0 elapsed=1.649ms
INFO [12-16|03:32:53.801] Imported new chain segment               number=28 hash=8b5a2d..5928f4 blocks=1 txs=0 mgas=0.000 elapsed=42.174ms    mgasps=0.000 dirty=12.33KiB
INFO [12-16|03:32:53.803] Commit new sealing work                  number=29 sealhash=67e659..15dbb2 uncles=0 txs=0 gas=0 fees=0 elapsed=1.324ms
INFO [12-16|03:32:53.804] Commit new sealing work                  number=29 sealhash=67e659..15dbb2 uncles=0 txs=0 gas=0 fees=0 elapsed=2.121ms
INFO [12-16|03:32:54.652] Imported new chain segment               number=29 hash=fc0c05..e14640 blocks=1 txs=0 mgas=0.000 elapsed=9.660ms     mgasps=0.000 dirty=12.80KiB
INFO [12-16|03:32:54.653] "⑂ block became an uncle"                number=22 hash=1e3d4f..7af55f
INFO [12-16|03:32:54.654] Commit new sealing work                  number=30 sealhash=b96a4b..d01a8b uncles=0 txs=0 gas=0 fees=0 elapsed="757.291µs"
INFO [12-16|03:32:54.654] Commit new sealing work                  number=30 sealhash=b96a4b..d01a8b uncles=0 txs=0 gas=0 fees=0 elapsed=1.068ms
INFO [12-16|03:32:57.535] Imported new chain segment               number=30 hash=e3855d..4929ff blocks=1 txs=0 mgas=0.000 elapsed=13.391ms    mgasps=0.000 dirty=13.28KiB
INFO [12-16|03:32:57.536] Commit new sealing work                  number=31 sealhash=16656d..941063 uncles=0 txs=0 gas=0 fees=0 elapsed="594.162µs"
INFO [12-16|03:32:57.537] Commit new sealing work                  number=31 sealhash=16656d..941063 uncles=0 txs=0 gas=0 fees=0 elapsed=1.155ms
INFO [12-16|03:32:57.930] Imported new chain segment               number=31 hash=632ee9..c15b56 blocks=1 txs=0 mgas=0.000 elapsed=21.514ms    mgasps=0.000 dirty=13.75KiB
INFO [12-16|03:32:57.931] "🔗 block reached canonical chain"        number=24 hash=3dfb49..9a914b
INFO [12-16|03:32:57.931] Commit new sealing work                  number=32 sealhash=3145a5..4d694f uncles=0 txs=0 gas=0 fees=0 elapsed="933.808µs"
INFO [12-16|03:32:57.932] Commit new sealing work                  number=32 sealhash=3145a5..4d694f uncles=0 txs=0 gas=0 fees=0 elapsed=1.557ms
INFO [12-16|03:32:58.441] Imported new chain segment               number=32 hash=6e3fda..786202 blocks=1 txs=0 mgas=0.000 elapsed=29.238ms    mgasps=0.000 dirty=14.23KiB
INFO [12-16|03:32:58.443] "🔗 block reached canonical chain"        number=25 hash=73fc5b..79a962
INFO [12-16|03:32:58.443] Commit new sealing work                  number=33 sealhash=1ec975..b7ba7f uncles=0 txs=0 gas=0 fees=0 elapsed=1.175ms
INFO [12-16|03:32:58.444] Commit new sealing work                  number=33 sealhash=1ec975..b7ba7f uncles=0 txs=0 gas=0 fees=0 elapsed=1.741ms
INFO [12-16|03:33:00.382] Imported new chain segment               number=33 hash=69eb25..7c065d blocks=1 txs=0 mgas=0.000 elapsed=11.717ms    mgasps=0.000 dirty=14.70KiB
INFO [12-16|03:33:00.383] Commit new sealing work                  number=34 sealhash=d6e387..b676d4 uncles=0 txs=0 gas=0 fees=0 elapsed="644.366µs"
INFO [12-16|03:33:00.384] Commit new sealing work                  number=34 sealhash=d6e387..b676d4 uncles=0 txs=0 gas=0 fees=0 elapsed=1.614ms
INFO [12-16|03:33:08.013] Successfully sealed new block            number=34 sealhash=d6e387..b676d4 hash=af3e8f..acb6d5 elapsed=7.630s
INFO [12-16|03:33:08.014] "🔗 block reached canonical chain"        number=27 hash=494dba..33dcd6
INFO [12-16|03:33:08.014] "🔨 mined potential block"                number=34 hash=af3e8f..acb6d5
INFO [12-16|03:33:08.015] Commit new sealing work                  number=35 sealhash=60900d..92f6b5 uncles=0 txs=0 gas=0 fees=0 elapsed=1.260ms
INFO [12-16|03:33:08.015] Commit new sealing work                  number=35 sealhash=60900d..92f6b5 uncles=0 txs=0 gas=0 fees=0 elapsed=1.700ms
INFO [12-16|03:33:09.932] Imported new chain segment               number=35 hash=2ee092..51750f blocks=1 txs=0 mgas=0.000 elapsed=10.369ms    mgasps=0.000 dirty=15.65KiB
INFO [12-16|03:33:09.935] Commit new sealing work                  number=36 sealhash=bac356..b3977d uncles=0 txs=0 gas=0 fees=0 elapsed="665.051µs"
INFO [12-16|03:33:09.936] Commit new sealing work                  number=36 sealhash=bac356..b3977d uncles=0 txs=0 gas=0 fees=0 elapsed=1.504ms
INFO [12-16|03:33:12.918] Imported new chain segment               number=36 hash=abb59d..e9c90c blocks=1 txs=0 mgas=0.000 elapsed=19.514ms    mgasps=0.000 dirty=16.12KiB
INFO [12-16|03:33:12.921] Commit new sealing work                  number=37 sealhash=42b34e..da4294 uncles=0 txs=0 gas=0 fees=0 elapsed="611.94µs"
INFO [12-16|03:33:12.922] Commit new sealing work                  number=37 sealhash=42b34e..da4294 uncles=0 txs=0 gas=0 fees=0 elapsed=1.547ms
INFO [12-16|03:33:12.956] Imported new chain segment               number=37 hash=a9bac3..d1aafd blocks=1 txs=0 mgas=0.000 elapsed=30.405ms    mgasps=0.000 dirty=16.60KiB  ignored=1
INFO [12-16|03:33:12.960] Commit new sealing work                  number=38 sealhash=799d83..23855b uncles=0 txs=0 gas=0 fees=0 elapsed=2.773ms
INFO [12-16|03:33:12.963] Commit new sealing work                  number=38 sealhash=799d83..23855b uncles=0 txs=0 gas=0 fees=0 elapsed=5.498ms
INFO [12-16|03:33:15.402] Imported new chain segment               number=38 hash=8f1b0f..99139f blocks=1 txs=0 mgas=0.000 elapsed=31.269ms    mgasps=0.000 dirty=17.07KiB
INFO [12-16|03:33:15.405] Commit new sealing work                  number=39 sealhash=08765a..443efb uncles=0 txs=0 gas=0 fees=0 elapsed=2.480ms
INFO [12-16|03:33:15.417] Commit new sealing work                  number=39 sealhash=08765a..443efb uncles=0 txs=0 gas=0 fees=0 elapsed=14.318ms
INFO [12-16|03:33:16.425] Imported new chain segment               number=39 hash=e7bcef..425509 blocks=1 txs=0 mgas=0.000 elapsed=19.283ms    mgasps=0.000 dirty=17.55KiB
INFO [12-16|03:33:16.428] Commit new sealing work                  number=40 sealhash=ae8d3a..aa7335 uncles=0 txs=0 gas=0 fees=0 elapsed="442.738µs"
INFO [12-16|03:33:16.429] Commit new sealing work                  number=40 sealhash=ae8d3a..aa7335 uncles=0 txs=0 gas=0 fees=0 elapsed=1.299ms
INFO [12-16|03:33:19.304] Looking for peers                        peercount=1 tried=1 static=1
INFO [12-16|03:33:21.844] Imported new chain segment               number=40 hash=21bc17..1ae12f blocks=1 txs=0 mgas=0.000 elapsed=43.475ms    mgasps=0.000 dirty=18.02KiB
INFO [12-16|03:33:21.845] Commit new sealing work                  number=41 sealhash=22d832..361723 uncles=0 txs=0 gas=0 fees=0 elapsed="627.57µs"
INFO [12-16|03:33:21.847] Commit new sealing work                  number=41 sealhash=22d832..361723 uncles=0 txs=0 gas=0 fees=0 elapsed=1.824ms
INFO [12-16|03:33:24.131] Imported new chain segment               number=41 hash=1e68fa..903af7 blocks=1 txs=0 mgas=0.000 elapsed=13.257ms    mgasps=0.000 dirty=18.50KiB
INFO [12-16|03:33:24.134] "🔗 block reached canonical chain"        number=34 hash=af3e8f..acb6d5
INFO [12-16|03:33:24.135] Commit new sealing work                  number=42 sealhash=f2a80b..0ef1c6 uncles=0 txs=0 gas=0 fees=0 elapsed=1.108ms
INFO [12-16|03:33:24.135] Commit new sealing work                  number=42 sealhash=f2a80b..0ef1c6 uncles=0 txs=0 gas=0 fees=0 elapsed=1.994ms
INFO [12-16|03:33:26.981] Imported new chain segment               number=42 hash=7de9b9..4396fc blocks=1 txs=0 mgas=0.000 elapsed=10.887ms    mgasps=0.000 dirty=18.97KiB
INFO [12-16|03:33:26.982] Commit new sealing work                  number=43 sealhash=1dce60..42a561 uncles=0 txs=0 gas=0 fees=0 elapsed="577.903µs"
INFO [12-16|03:33:26.983] Commit new sealing work                  number=43 sealhash=1dce60..42a561 uncles=0 txs=0 gas=0 fees=0 elapsed=1.182ms
INFO [12-16|03:33:31.513] Imported new chain segment               number=43 hash=e92dd6..8ac710 blocks=1 txs=0 mgas=0.000 elapsed=11.707ms    mgasps=0.000 dirty=19.45KiB
INFO [12-16|03:33:31.515] Commit new sealing work                  number=44 sealhash=7d2ca0..7db22b uncles=0 txs=0 gas=0 fees=0 elapsed="551.422µs"
INFO [12-16|03:33:31.515] Commit new sealing work                  number=44 sealhash=7d2ca0..7db22b uncles=0 txs=0 gas=0 fees=0 elapsed=1.197ms
INFO [12-16|03:33:34.795] Imported new chain segment               number=44 hash=af43a9..decbd9 blocks=1 txs=0 mgas=0.000 elapsed=12.065ms    mgasps=0.000 dirty=19.92KiB
INFO [12-16|03:33:34.796] Commit new sealing work                  number=45 sealhash=f1ba2f..30dffe uncles=0 txs=0 gas=0 fees=0 elapsed="618.126µs"
INFO [12-16|03:33:34.796] Commit new sealing work                  number=45 sealhash=f1ba2f..30dffe uncles=0 txs=0 gas=0 fees=0 elapsed=1.256ms
INFO [12-16|03:33:36.724] Commit new sealing work                  number=46 sealhash=1672b4..beab1c uncles=0 txs=0 gas=0 fees=0 elapsed="506.682µs"
INFO [12-16|03:33:36.724] Commit new sealing work                  number=46 sealhash=1672b4..beab1c uncles=0 txs=0 gas=0 fees=0 elapsed=1.009ms
INFO [12-16|03:33:36.723] Successfully sealed new block            number=45 sealhash=f1ba2f..30dffe hash=ef6830..04341b elapsed=1.927s
INFO [12-16|03:33:36.725] "🔨 mined potential block"                number=45 hash=ef6830..04341b
INFO [12-16|03:33:38.707] Imported new chain segment               number=46 hash=c65ade..123e64 blocks=1 txs=0 mgas=0.000 elapsed=15.267ms    mgasps=0.000 dirty=20.87KiB
INFO [12-16|03:33:38.709] Commit new sealing work                  number=47 sealhash=fbefe6..267ad2 uncles=0 txs=0 gas=0 fees=0 elapsed="579.959µs"
INFO [12-16|03:33:38.709] Commit new sealing work                  number=47 sealhash=fbefe6..267ad2 uncles=0 txs=0 gas=0 fees=0 elapsed=1.004ms
INFO [12-16|03:33:44.639] Imported new chain segment               number=47 hash=fd6eb5..f3219a blocks=1 txs=0 mgas=0.000 elapsed=23.798ms    mgasps=0.000 dirty=21.34KiB
INFO [12-16|03:33:44.641] Commit new sealing work                  number=48 sealhash=35730a..e56a07 uncles=0 txs=0 gas=0 fees=0 elapsed="716.625µs"
INFO [12-16|03:33:44.642] Commit new sealing work                  number=48 sealhash=35730a..e56a07 uncles=0 txs=0 gas=0 fees=0 elapsed=1.511ms
INFO [12-16|03:33:54.304] Looking for peers                        peercount=1 tried=1 static=1
INFO [12-16|03:33:55.692] Successfully sealed new block            number=48 sealhash=35730a..e56a07 hash=6fc686..d5770f elapsed=11.051s
INFO [12-16|03:33:55.700] "🔨 mined potential block"                number=48 hash=6fc686..d5770f
INFO [12-16|03:33:55.694] Commit new sealing work                  number=49 sealhash=2aeb75..784682 uncles=0 txs=0 gas=0 fees=0 elapsed="591.163µs"
INFO [12-16|03:33:55.703] Commit new sealing work                  number=49 sealhash=2aeb75..784682 uncles=0 txs=0 gas=0 fees=0 elapsed=9.976ms
INFO [12-16|03:33:56.883] Successfully sealed new block            number=49 sealhash=2aeb75..784682 hash=9682c3..eef427 elapsed=1.189s
INFO [12-16|03:33:56.884] Commit new sealing work                  number=50 sealhash=93019d..c952a2 uncles=0 txs=0 gas=0 fees=0 elapsed="490.015µs"
INFO [12-16|03:33:56.890] Commit new sealing work                  number=50 sealhash=93019d..c952a2 uncles=0 txs=0 gas=0 fees=0 elapsed=6.092ms
INFO [12-16|03:33:56.891] "🔨 mined potential block"                number=49 hash=9682c3..eef427
INFO [12-16|03:33:59.989] Imported new chain segment               number=50 hash=704ab9..846471 blocks=1 txs=0 mgas=0.000 elapsed=29.270ms    mgasps=0.000 dirty=22.77KiB
INFO [12-16|03:33:59.991] Commit new sealing work                  number=51 sealhash=319e1f..ec9f04 uncles=0 txs=0 gas=0 fees=0 elapsed=1.331ms
INFO [12-16|03:33:59.993] Commit new sealing work                  number=51 sealhash=319e1f..ec9f04 uncles=0 txs=0 gas=0 fees=0 elapsed=3.471ms
