{"block_number": 1, "miner_hash": "0x8cE4723236F1C309EAFD7a85f2b7D53ff5d6BFe2", "block_hash": "0xfbaf91cfed03ac66b80f0038c3138002520be25d253078503f3f2de51e5bc971", "block_time": 1702742657, "block_parent": "0xde035408492b2d4be43c56db6bbb219e0dde5cb3cbdd3d1bf2ced753f83bc17b"}
{"block_number": 3, "miner_hash": "0x73cd765d85038c274439eeb6Ca182558ef1107ee", "block_hash": "0x5f335baaded519213f90f1ef064285f10a088f44eb8fbfaf15ed28214d4fd5ab", "block_time": 1702742664, "block_parent": "0xfe9eed8cfb7b76237c573bf659b467cc0b1c6c49d60ba5aebc39f65f81c186d6"}
{"block_number": 5, "miner_hash": "0xc27D4D5098e25Da45eB00121404535a3F08a9296", "block_hash": "0xe5ae70a694176e7342ccad53bce4a0d8498226052633b5f895ffa6cec2783880", "block_time": 1702742679, "block_parent": "0x235faffa47f8da8207f20632e3082b26f3373fe25ce91f1fff65b1888aa2c530"}
{"block_number": 6, "miner_hash": "0x8cE4723236F1C309EAFD7a85f2b7D53ff5d6BFe2", "block_hash": "0xa81e5729c4d797d46bfebcac5988884f99ff1cfa1458ea93b415ac11178b5b5b", "block_time": 1702742682, "block_parent": "0xe5ae70a694176e7342ccad53bce4a0d8498226052633b5f895ffa6cec2783880"}
{"block_number": 7, "miner_hash": "0x8cE4723236F1C309EAFD7a85f2b7D53ff5d6BFe2", "block_hash": "0x7a8be3a4771e2293d868521bd9de267426683110cf6e1897244e6578d7a337fc", "block_time": 1702742686, "block_parent": "0xa81e5729c4d797d46bfebcac5988884f99ff1cfa1458ea93b415ac11178b5b5b"}
{"block_number": 8, "miner_hash": "0x8cE4723236F1C309EAFD7a85f2b7D53ff5d6BFe2", "block_hash": "0x5da56b025307e19982c8c53d7ca43a20441bd357bf1d3041dc21684b24eef344", "block_time": 1702742687, "block_parent": "0x7a8be3a4771e2293d868521bd9de267426683110cf6e1897244e6578d7a337fc"}
{"block_number": 10, "miner_hash": "0x73cd765d85038c274439eeb6Ca182558ef1107ee", "block_hash": "0x4848b6c238f3362f6d8a4507cd7e567c55ded1bb26861e08e8afcffec77fb3e1", "block_time": 1702742695, "block_parent": "0x448c3d2652fa6d2160d54123b0282fe6a17e58c2d1872acbf848d688e631254d"}
{"block_number": 11, "miner_hash": "0xc27D4D5098e25Da45eB00121404535a3F08a9296", "block_hash": "0x762a46614ca4ec1938791a8dcc5081887c8ff8785ef80d534c1e395e976e6112", "block_time": 1702742696, "block_parent": "0x4848b6c238f3362f6d8a4507cd7e567c55ded1bb26861e08e8afcffec77fb3e1"}
{"block_number": 12, "miner_hash": "0xc27D4D5098e25Da45eB00121404535a3F08a9296", "block_hash": "0xffa49623c43a0c979f02e9ed4d9a019c4490849d06c9a1ee3b81570b981a7ebc", "block_time": 1702742697, "block_parent": "0x762a46614ca4ec1938791a8dcc5081887c8ff8785ef80d534c1e395e976e6112"}
{"block_number": 13, "miner_hash": "0xc27D4D5098e25Da45eB00121404535a3F08a9296", "block_hash": "0x79dc34d782e5144195ac494dc5e53738c9368f801a7b5fd9a034da19fee75e5f", "block_time": 1702742702, "block_parent": "0xffa49623c43a0c979f02e9ed4d9a019c4490849d06c9a1ee3b81570b981a7ebc"}
{"block_number": 14, "miner_hash": "0x73cd765d85038c274439eeb6Ca182558ef1107ee", "block_hash": "0x0bdac3cf179ccf996b3c0d6c42e2eb97c07432329b36122b6223abd1a29bff05", "block_time": 1702742709, "block_parent": "0x79dc34d782e5144195ac494dc5e53738c9368f801a7b5fd9a034da19fee75e5f"}
{"block_number": 14, "miner_hash": "0xc27D4D5098e25Da45eB00121404535a3F08a9296", "block_hash": "0x8a2c93a432ccccac7c72670070309b96f3e7d9d237a84a5fd4fd7a892f6d35c6", "block_time": 1702742709, "block_parent": "0x79dc34d782e5144195ac494dc5e53738c9368f801a7b5fd9a034da19fee75e5f"}
{"block_number": 15, "miner_hash": "0x9d35bD38BbDceC62a798cC1cdBAa33398632B806", "block_hash": "0xbbfa8e0eb6125c36e785383759ba6ee93a619e791c14cb1e736e177aa8e9b9fa", "block_time": 1702742714, "block_parent": "0xe423639e4a9844b595dc23a57aaf6e7c6721f9c0404430a0273d0ca1ffd7e051"}
{"block_number": 16, "miner_hash": "0x73cd765d85038c274439eeb6Ca182558ef1107ee", "block_hash": "0x4683a3a5a5076e8d47186c3fe6f1424fc01769186d28a825ec7972dc818b8522", "block_time": 1702742716, "block_parent": "0xbbfa8e0eb6125c36e785383759ba6ee93a619e791c14cb1e736e177aa8e9b9fa"}
{"block_number": 16, "miner_hash": "0x9d35bD38BbDceC62a798cC1cdBAa33398632B806", "block_hash": "0x6124fd5785020df7af99f9375f68763733e16477a05ed84dbab8134a024d91e6", "block_time": 1702742716, "block_parent": "0xbbfa8e0eb6125c36e785383759ba6ee93a619e791c14cb1e736e177aa8e9b9fa"}
{"block_number": 17, "miner_hash": "0x9d35bD38BbDceC62a798cC1cdBAa33398632B806", "block_hash": "0x43dad040e06b4c1e11fa884f871391a4e0fc34f699614fb57f5c3d4c047d11bc", "block_time": 1702742718, "block_parent": "0x6124fd5785020df7af99f9375f68763733e16477a05ed84dbab8134a024d91e6"}
{"block_number": 17, "miner_hash": "0x73cd765d85038c274439eeb6Ca182558ef1107ee", "block_hash": "0x2a7cbb09936e2f239ee25377edc53a2ff344a1447a01af1a7a56a27d16b5a7a3", "block_time": 1702742717, "block_parent": "0x4683a3a5a5076e8d47186c3fe6f1424fc01769186d28a825ec7972dc818b8522"}
{"block_number": 18, "miner_hash": "0x9d35bD38BbDceC62a798cC1cdBAa33398632B806", "block_hash": "0xc87e634888bfda80a4fdba708bb083d75f935c8ca9594f8a7bad9d308c3da6c8", "block_time": 1702742720, "block_parent": "0x43dad040e06b4c1e11fa884f871391a4e0fc34f699614fb57f5c3d4c047d11bc"}
{"block_number": 18, "miner_hash": "0x73cd765d85038c274439eeb6Ca182558ef1107ee", "block_hash": "0xefa61e395bf0a225ba96eb579a4383128d0ad63e0ec505c8175e4f51d4c9c0e5", "block_time": 1702742719, "block_parent": "0x2a7cbb09936e2f239ee25377edc53a2ff344a1447a01af1a7a56a27d16b5a7a3"}
{"block_number": 19, "miner_hash": "0xc27D4D5098e25Da45eB00121404535a3F08a9296", "block_hash": "0xff762685493dfe4138e497fb92eec3f3c5a4bc8cb2d7519614226f130cee5d34", "block_time": 1702742720, "block_parent": "0xefa61e395bf0a225ba96eb579a4383128d0ad63e0ec505c8175e4f51d4c9c0e5"}
{"block_number": 19, "miner_hash": "0x73cd765d85038c274439eeb6Ca182558ef1107ee", "block_hash": "0x13928b740295264d483a3b1c64b322ffe463eb11d0c5d4ed8b81568482fc18a9", "block_time": 1702742720, "block_parent": "0xefa61e395bf0a225ba96eb579a4383128d0ad63e0ec505c8175e4f51d4c9c0e5"}
{"block_number": 20, "miner_hash": "0xc27D4D5098e25Da45eB00121404535a3F08a9296", "block_hash": "0xda9d48b749a407c18a5f52b4e8ff6e3c84e1a397969daa7c3bb04ce77947e5c4", "block_time": 1702742723, "block_parent": "0xff762685493dfe4138e497fb92eec3f3c5a4bc8cb2d7519614226f130cee5d34"}
{"block_number": 21, "miner_hash": "0xc27D4D5098e25Da45eB00121404535a3F08a9296", "block_hash": "0x595c09461bdd0c4e24ea617be99214beea5ba7bf9e85c5deea994c908fe38737", "block_time": 1702742724, "block_parent": "0xda9d48b749a407c18a5f52b4e8ff6e3c84e1a397969daa7c3bb04ce77947e5c4"}
{"block_number": 22, "miner_hash": "0x8cE4723236F1C309EAFD7a85f2b7D53ff5d6BFe2", "block_hash": "0x4576e34646904cbd42515a67d3b7cc843eeba629811c1bd719f5e2d3dc9942a3", "block_time": 1702742727, "block_parent": "0x595c09461bdd0c4e24ea617be99214beea5ba7bf9e85c5deea994c908fe38737"}
{"block_number": 23, "miner_hash": "0xc27D4D5098e25Da45eB00121404535a3F08a9296", "block_hash": "0xacef2825cfdf3a1c1eff8d5f3dc738501ad274da8c7ccfdbfd8747bf05cb6d58", "block_time": 1702742728, "block_parent": "0x4576e34646904cbd42515a67d3b7cc843eeba629811c1bd719f5e2d3dc9942a3"}
{"block_number": 25, "miner_hash": "0xc27D4D5098e25Da45eB00121404535a3F08a9296", "block_hash": "0xad08fd1bcf7a25081416e97c489e62bcec715024777ff2815f323f3ad2aac009", "block_time": 1702742732, "block_parent": "0xf4cd5e33fc739da6bca734e453f8a1101def427ec161cb5c64be2497085f2b73"}
{"block_number": 26, "miner_hash": "0x8cE4723236F1C309EAFD7a85f2b7D53ff5d6BFe2", "block_hash": "0x839f1281547b7263369df462705b9f4dce0d69cc8776e4b7f6b9df6804b9ac70", "block_time": 1702742733, "block_parent": "0xad08fd1bcf7a25081416e97c489e62bcec715024777ff2815f323f3ad2aac009"}
{"block_number": 27, "miner_hash": "0x73cd765d85038c274439eeb6Ca182558ef1107ee", "block_hash": "0x4656bd04545151a3442f2e9f82e20cb88a0e2b15612d9558efbb0617862383a8", "block_time": 1702742734, "block_parent": "0x839f1281547b7263369df462705b9f4dce0d69cc8776e4b7f6b9df6804b9ac70"}
{"block_number": 28, "miner_hash": "0xc27D4D5098e25Da45eB00121404535a3F08a9296", "block_hash": "0x51a98779ab2fae5186e608a2409354bb579880560e218cee1b35b23998d22fd4", "block_time": 1702742738, "block_parent": "0x4656bd04545151a3442f2e9f82e20cb88a0e2b15612d9558efbb0617862383a8"}
{"block_number": 29, "miner_hash": "0xc27D4D5098e25Da45eB00121404535a3F08a9296", "block_hash": "0x3910e6002cb9231dd2abef66a1ad0e52eafe882464ef9c394ad606f358ed60e9", "block_time": 1702742745, "block_parent": "0x51a98779ab2fae5186e608a2409354bb579880560e218cee1b35b23998d22fd4"}
{"block_number": 30, "miner_hash": "0x9d35bD38BbDceC62a798cC1cdBAa33398632B806", "block_hash": "0x08ca2d53270d4b6e14db0b50951bc2137819849c201257c1a75912db8e27ec7e", "block_time": 1702742746, "block_parent": "0x3910e6002cb9231dd2abef66a1ad0e52eafe882464ef9c394ad606f358ed60e9"}
{"block_number": 31, "miner_hash": "0x9d35bD38BbDceC62a798cC1cdBAa33398632B806", "block_hash": "0x3d59b464fc57c71d7b63900163e0cdd8ac0609abe9f5450707205c65c07ee8d9", "block_time": 1702742747, "block_parent": "0x08ca2d53270d4b6e14db0b50951bc2137819849c201257c1a75912db8e27ec7e"}
{"block_number": 32, "miner_hash": "0x8cE4723236F1C309EAFD7a85f2b7D53ff5d6BFe2", "block_hash": "0xe61a4c5871771b9e8956a66271f1899ba75001614034e68218ab367dc38f86e7", "block_time": 1702742748, "block_parent": "0x3d59b464fc57c71d7b63900163e0cdd8ac0609abe9f5450707205c65c07ee8d9"}
{"block_number": 33, "miner_hash": "0x73cd765d85038c274439eeb6Ca182558ef1107ee", "block_hash": "0xe04e692916de71271f83ef2c75d250ded6748bf0cda27f4ff9979eaa3e9cbdf6", "block_time": 1702742749, "block_parent": "0xe61a4c5871771b9e8956a66271f1899ba75001614034e68218ab367dc38f86e7"}
{"block_number": 34, "miner_hash": "0x73cd765d85038c274439eeb6Ca182558ef1107ee", "block_hash": "0xfb95cc371f8487a4427861109b603a71c5630b36e346f7eb7d6fc7aafc1c6f1b", "block_time": 1702742751, "block_parent": "0xe04e692916de71271f83ef2c75d250ded6748bf0cda27f4ff9979eaa3e9cbdf6"}
{"block_number": 35, "miner_hash": "0xc27D4D5098e25Da45eB00121404535a3F08a9296", "block_hash": "0x6d38b0a5f7971e22fb212599d517b5a144a1266ab8fb6bd4b93510f53cb9a4e3", "block_time": 1702742755, "block_parent": "0xfb95cc371f8487a4427861109b603a71c5630b36e346f7eb7d6fc7aafc1c6f1b"}
{"block_number": 36, "miner_hash": "0x8cE4723236F1C309EAFD7a85f2b7D53ff5d6BFe2", "block_hash": "0x1ec71838dc7535951dd6bfc86332204b5d8328a8fba2dcc2c403d37bd71b177d", "block_time": 1702742756, "block_parent": "0x6d38b0a5f7971e22fb212599d517b5a144a1266ab8fb6bd4b93510f53cb9a4e3"}
{"block_number": 37, "miner_hash": "0x73cd765d85038c274439eeb6Ca182558ef1107ee", "block_hash": "0x850e9c414109a158abb0fd331d6d723d55c3b920d261105c8503d8ca7ae37681", "block_time": 1702742757, "block_parent": "0x1ec71838dc7535951dd6bfc86332204b5d8328a8fba2dcc2c403d37bd71b177d"}
{"block_number": 39, "miner_hash": "0xc27D4D5098e25Da45eB00121404535a3F08a9296", "block_hash": "0xb11b858cd4d92986793d7ab24732e6e8b617f70964c4e50b4248e193955159d7", "block_time": 1702742760, "block_parent": "0x6e5fd667135f5b40f132d404bfef988843e1d6dac703069c8744900eb5f0a4bf"}
{"block_number": 39, "miner_hash": "0xc27D4D5098e25Da45eB00121404535a3F08a9296", "block_hash": "0xb11b858cd4d92986793d7ab24732e6e8b617f70964c4e50b4248e193955159d7", "block_time": 1702742760, "block_parent": "0x6e5fd667135f5b40f132d404bfef988843e1d6dac703069c8744900eb5f0a4bf"}
{"block_number": 40, "miner_hash": "0x8cE4723236F1C309EAFD7a85f2b7D53ff5d6BFe2", "block_hash": "0x25b6bec09f68977bdeffe57b691e05466b99495ca47f636da55424f6b1a20ccb", "block_time": 1702742761, "block_parent": "0xb11b858cd4d92986793d7ab24732e6e8b617f70964c4e50b4248e193955159d7"}
{"block_number": 41, "miner_hash": "0xc27D4D5098e25Da45eB00121404535a3F08a9296", "block_hash": "0xddee03dca8ae236c934cea40b5a0b12accbbcdc9493a202eb990f5597707d362", "block_time": 1702742762, "block_parent": "0x25b6bec09f68977bdeffe57b691e05466b99495ca47f636da55424f6b1a20ccb"}
{"block_number": 42, "miner_hash": "0x8cE4723236F1C309EAFD7a85f2b7D53ff5d6BFe2", "block_hash": "0xfe2b761059497de04ebb8f115b832ba96fb7e78bf94d8e9d01b9046b42c4a59d", "block_time": 1702742763, "block_parent": "0xddee03dca8ae236c934cea40b5a0b12accbbcdc9493a202eb990f5597707d362"}
{"block_number": 43, "miner_hash": "0x73cd765d85038c274439eeb6Ca182558ef1107ee", "block_hash": "0xfd4769160082c4b71d777599fc31c71e9c4090d96d9495e41e2abeced835ea53", "block_time": 1702742764, "block_parent": "0xfe2b761059497de04ebb8f115b832ba96fb7e78bf94d8e9d01b9046b42c4a59d"}
{"block_number": 44, "miner_hash": "0x73cd765d85038c274439eeb6Ca182558ef1107ee", "block_hash": "0xa2a5abadee2422bbfe6b4c82aa7c590f5573e077378d8a175f6d5679d0e07424", "block_time": 1702742765, "block_parent": "0xfd4769160082c4b71d777599fc31c71e9c4090d96d9495e41e2abeced835ea53"}
{"block_number": 45, "miner_hash": "0x9d35bD38BbDceC62a798cC1cdBAa33398632B806", "block_hash": "0x1294a3caa735c18496aabccb683d427ee8d1ca197b4095d500b9d8b1d15fc730", "block_time": 1702742766, "block_parent": "0xa2a5abadee2422bbfe6b4c82aa7c590f5573e077378d8a175f6d5679d0e07424"}
{"block_number": 45, "miner_hash": "0x73cd765d85038c274439eeb6Ca182558ef1107ee", "block_hash": "0x1f68a858a9c33940e160d88b1c6c63122f180169b87b9960346fb0f216a4eb27", "block_time": 1702742766, "block_parent": "0xa2a5abadee2422bbfe6b4c82aa7c590f5573e077378d8a175f6d5679d0e07424"}
{"block_number": 46, "miner_hash": "0x9d35bD38BbDceC62a798cC1cdBAa33398632B806", "block_hash": "0x4044f699f1f4ba906020f0e30da981d18fa0a610c841f303203bbff43075203c", "block_time": 1702742767, "block_parent": "0x1294a3caa735c18496aabccb683d427ee8d1ca197b4095d500b9d8b1d15fc730"}
{"block_number": 47, "miner_hash": "0x73cd765d85038c274439eeb6Ca182558ef1107ee", "block_hash": "0x9841aa057dbecd42ebf35cc6b18e01e9c0f7e2cb08fea96756b76a0c3d5b2f2b", "block_time": 1702742768, "block_parent": "0x4044f699f1f4ba906020f0e30da981d18fa0a610c841f303203bbff43075203c"}
{"block_number": 48, "miner_hash": "0x73cd765d85038c274439eeb6Ca182558ef1107ee", "block_hash": "0x5b6801f8d8b2199a94ba30d119de03d87f46a81f0bcd3e1d4a696b1ac751f832", "block_time": 1702742769, "block_parent": "0x9841aa057dbecd42ebf35cc6b18e01e9c0f7e2cb08fea96756b76a0c3d5b2f2b"}
{"block_number": 49, "miner_hash": "0xc27D4D5098e25Da45eB00121404535a3F08a9296", "block_hash": "0x38d609fd830abce8654e3de001078d2a7e24b581969b24b0aa78e52555c277f7", "block_time": 1702742770, "block_parent": "0x5b6801f8d8b2199a94ba30d119de03d87f46a81f0bcd3e1d4a696b1ac751f832"}
{"block_number": 50, "miner_hash": "0x73cd765d85038c274439eeb6Ca182558ef1107ee", "block_hash": "0x9719760d1d11742aaa34a826cefef65098ba1a28972765ce1e008272a3d306c7", "block_time": 1702742771, "block_parent": "0x38d609fd830abce8654e3de001078d2a7e24b581969b24b0aa78e52555c277f7"}
{"block_number": 51, "miner_hash": "0x8cE4723236F1C309EAFD7a85f2b7D53ff5d6BFe2", "block_hash": "0x83220e309a7be782fd9483451995f7fd80a9f8acbb0b730538a66e023ca783e1", "block_time": 1702742772, "block_parent": "0x9719760d1d11742aaa34a826cefef65098ba1a28972765ce1e008272a3d306c7"}
{"block_number": 52, "miner_hash": "0x73cd765d85038c274439eeb6Ca182558ef1107ee", "block_hash": "0x60efc5d771e6c17bc381d916e4368c09bfc9a8bacd08ee26d32968e26335a7a2", "block_time": 1702742773, "block_parent": "0x83220e309a7be782fd9483451995f7fd80a9f8acbb0b730538a66e023ca783e1"}
{"block_number": 53, "miner_hash": "0xc27D4D5098e25Da45eB00121404535a3F08a9296", "block_hash": "0x583d7b21f98d821f83e0955b8ecdb39213db00818bb10cb1259002a6fa9601da", "block_time": 1702742776, "block_parent": "0x60efc5d771e6c17bc381d916e4368c09bfc9a8bacd08ee26d32968e26335a7a2"}
{"block_number": 54, "miner_hash": "0xc27D4D5098e25Da45eB00121404535a3F08a9296", "block_hash": "0x5b6bb3fb57a304add47654170eb343f73feb508a6f978e52c2949d1080b8fae9", "block_time": 1702742777, "block_parent": "0x583d7b21f98d821f83e0955b8ecdb39213db00818bb10cb1259002a6fa9601da"}
{"block_number": 55, "miner_hash": "0xc27D4D5098e25Da45eB00121404535a3F08a9296", "block_hash": "0xa61bb563b5e2ba741842641a142b4190aafaccb3cc03a2556d2d83522c1b65fa", "block_time": 1702742778, "block_parent": "0x5b6bb3fb57a304add47654170eb343f73feb508a6f978e52c2949d1080b8fae9"}
{"block_number": 56, "miner_hash": "0x9d35bD38BbDceC62a798cC1cdBAa33398632B806", "block_hash": "0x39dd8ed660ae1fda58e987774b7a525f9d225789d62f6770a82bd68ae01334e5", "block_time": 1702742779, "block_parent": "0xa61bb563b5e2ba741842641a142b4190aafaccb3cc03a2556d2d83522c1b65fa"}
{"block_number": 57, "miner_hash": "0x8cE4723236F1C309EAFD7a85f2b7D53ff5d6BFe2", "block_hash": "0xe2b4677cdcf59922cfca2f862eed753cb05149298243bfd8212aab7533526600", "block_time": 1702742780, "block_parent": "0x39dd8ed660ae1fda58e987774b7a525f9d225789d62f6770a82bd68ae01334e5"}
{"block_number": 58, "miner_hash": "0x8cE4723236F1C309EAFD7a85f2b7D53ff5d6BFe2", "block_hash": "0x91e258cac12cf54332768360e2c43d05e1039eb4daade00ec5aa03593c1422f3", "block_time": 1702742781, "block_parent": "0xe2b4677cdcf59922cfca2f862eed753cb05149298243bfd8212aab7533526600"}
{"block_number": 59, "miner_hash": "0x9d35bD38BbDceC62a798cC1cdBAa33398632B806", "block_hash": "0x5792810c7adfed50851dde4558770d2347cf16c76444772ff1366470b6ecfc21", "block_time": 1702742782, "block_parent": "0x91e258cac12cf54332768360e2c43d05e1039eb4daade00ec5aa03593c1422f3"}
{"block_number": 60, "miner_hash": "0xc27D4D5098e25Da45eB00121404535a3F08a9296", "block_hash": "0x5969469a15919c0e5103eb899e653dbc776f74c9ec19d89cd2b1cd5a4bf09a32", "block_time": 1702742783, "block_parent": "0x5792810c7adfed50851dde4558770d2347cf16c76444772ff1366470b6ecfc21"}
{"block_number": 61, "miner_hash": "0x73cd765d85038c274439eeb6Ca182558ef1107ee", "block_hash": "0x4c1081e1e00181c648e962415a468fb0c06330ec390026e7e1f58c83983f1395", "block_time": 1702742784, "block_parent": "0x5969469a15919c0e5103eb899e653dbc776f74c9ec19d89cd2b1cd5a4bf09a32"}
{"block_number": 62, "miner_hash": "0x73cd765d85038c274439eeb6Ca182558ef1107ee", "block_hash": "0xb49bdc5a63b09baf0fed370e0c4418859d63cb5c687262303599be7b14fd88a5", "block_time": 1702742785, "block_parent": "0x4c1081e1e00181c648e962415a468fb0c06330ec390026e7e1f58c83983f1395"}
{"block_number": 63, "miner_hash": "0x73cd765d85038c274439eeb6Ca182558ef1107ee", "block_hash": "0x878991010e4a5e86e554097ee9af91af18f2dfa38b27b9687736c1799192e081", "block_time": 1702742787, "block_parent": "0xb49bdc5a63b09baf0fed370e0c4418859d63cb5c687262303599be7b14fd88a5"}
{"block_number": 64, "miner_hash": "0x73cd765d85038c274439eeb6Ca182558ef1107ee", "block_hash": "0xa22f92f49562d4253c3228b26c0a4d9f3669a9bc120c2ef497b0b9e02e90d534", "block_time": 1702742788, "block_parent": "0x878991010e4a5e86e554097ee9af91af18f2dfa38b27b9687736c1799192e081"}
{"block_number": 65, "miner_hash": "0x8cE4723236F1C309EAFD7a85f2b7D53ff5d6BFe2", "block_hash": "0x9bdcfab9c616ad22096e74d281931c44d48a88e327937f9cd8148f1a5e5c5962", "block_time": 1702742789, "block_parent": "0xa22f92f49562d4253c3228b26c0a4d9f3669a9bc120c2ef497b0b9e02e90d534"}
{"block_number": 66, "miner_hash": "0x9d35bD38BbDceC62a798cC1cdBAa33398632B806", "block_hash": "0x418f5dba78517d2d4cd0aab5e55865756019bae086af0ed4b82c90ef7c5d95b6", "block_time": 1702742790, "block_parent": "0xe91b06fba82dcb27d047f150cd245bb16f4e053772f76dc8c4d659a5324a8d02"}
{"block_number": 66, "miner_hash": "0xc27D4D5098e25Da45eB00121404535a3F08a9296", "block_hash": "0x9a23114c005e9cd34d34689dabce1f39e72c2f9c1031ee861a925e34da455539", "block_time": 1702742790, "block_parent": "0xe91b06fba82dcb27d047f150cd245bb16f4e053772f76dc8c4d659a5324a8d02"}
{"block_number": 67, "miner_hash": "0x73cd765d85038c274439eeb6Ca182558ef1107ee", "block_hash": "0x99f332c1707e3c0255231d5a014d4ec6793d4c72debc9b1f2f8a25f71c54e7a2", "block_time": 1702742794, "block_parent": "0x9a23114c005e9cd34d34689dabce1f39e72c2f9c1031ee861a925e34da455539"}
{"block_number": 68, "miner_hash": "0x73cd765d85038c274439eeb6Ca182558ef1107ee", "block_hash": "0x3c4a42d2e03301589b65f0316084445ab5e00a8ea69a41d85019cf0e65f9379f", "block_time": 1702742795, "block_parent": "0x99f332c1707e3c0255231d5a014d4ec6793d4c72debc9b1f2f8a25f71c54e7a2"}
{"block_number": 69, "miner_hash": "0x9d35bD38BbDceC62a798cC1cdBAa33398632B806", "block_hash": "0x0dab1ce306834e2598626eb3fa51daaf7c0f7c9845603bbe96b7b37dbef6f563", "block_time": 1702742796, "block_parent": "0x3c4a42d2e03301589b65f0316084445ab5e00a8ea69a41d85019cf0e65f9379f"}
{"block_number": 70, "miner_hash": "0x8cE4723236F1C309EAFD7a85f2b7D53ff5d6BFe2", "block_hash": "0xff72690e5b8bca38ecfaf2eca12b0ad119b1716572c6350f5597a5a0ab17cff1", "block_time": 1702742797, "block_parent": "0x0dab1ce306834e2598626eb3fa51daaf7c0f7c9845603bbe96b7b37dbef6f563"}
{"block_number": 71, "miner_hash": "0x9d35bD38BbDceC62a798cC1cdBAa33398632B806", "block_hash": "0x2dbd3b6941ac64220bf9309826de4a47ed2cf35d5b550782dacf6f2203939c4f", "block_time": 1702742798, "block_parent": "0x9575b46e5e77a6257a037e5e5e1c7eb53158a2013d8acbd07fd10259d82bc259"}
{"block_number": 72, "miner_hash": "0x8cE4723236F1C309EAFD7a85f2b7D53ff5d6BFe2", "block_hash": "0x847d8aadcd0520d3deaa82fadd9521963e91847ff9fd4291d8132fa9dae6203a", "block_time": 1702742799, "block_parent": "0x2dbd3b6941ac64220bf9309826de4a47ed2cf35d5b550782dacf6f2203939c4f"}
{"block_number": 73, "miner_hash": "0x8cE4723236F1C309EAFD7a85f2b7D53ff5d6BFe2", "block_hash": "0x56b6ed72b22f616af69a068b5af715a199d3aa1a6dbc1fe3d5c1511f658cde9e", "block_time": 1702742801, "block_parent": "0x847d8aadcd0520d3deaa82fadd9521963e91847ff9fd4291d8132fa9dae6203a"}
{"block_number": 74, "miner_hash": "0x9d35bD38BbDceC62a798cC1cdBAa33398632B806", "block_hash": "0xac5547fb684e8d442948f2752b49bf4eda1909aa78cfc5528b4679a51130fa35", "block_time": 1702742802, "block_parent": "0x3ccc89772f5165605c4170fa9c4e8639ddf8c0b69732afaacd328e142e7812fd"}
{"block_number": 75, "miner_hash": "0x8cE4723236F1C309EAFD7a85f2b7D53ff5d6BFe2", "block_hash": "0x7b02869e6c7b5bd24cd5959484caf21bc1f52fa0d3f486c17c5bc3e848142f87", "block_time": 1702742803, "block_parent": "0xac5547fb684e8d442948f2752b49bf4eda1909aa78cfc5528b4679a51130fa35"}
{"block_number": 76, "miner_hash": "0x9d35bD38BbDceC62a798cC1cdBAa33398632B806", "block_hash": "0xf8a74f75899b79bcaca90bb3aa9a33d906e868fe595d3106d48fcd0235965569", "block_time": 1702742804, "block_parent": "0x7b02869e6c7b5bd24cd5959484caf21bc1f52fa0d3f486c17c5bc3e848142f87"}
{"block_number": 77, "miner_hash": "0x9d35bD38BbDceC62a798cC1cdBAa33398632B806", "block_hash": "0xfec2c28625aefbab346b95f9f828bfb84e8f047012ba69f182fe532e6a55e553", "block_time": 1702742805, "block_parent": "0xf8a74f75899b79bcaca90bb3aa9a33d906e868fe595d3106d48fcd0235965569"}
{"block_number": 78, "miner_hash": "0xc27D4D5098e25Da45eB00121404535a3F08a9296", "block_hash": "0x6c067ff4380f77c9b4bfa3c005e5aed3a855d78e4517a87b90520664a2fd5406", "block_time": 1702742806, "block_parent": "0xfec2c28625aefbab346b95f9f828bfb84e8f047012ba69f182fe532e6a55e553"}
{"block_number": 79, "miner_hash": "0x8cE4723236F1C309EAFD7a85f2b7D53ff5d6BFe2", "block_hash": "0x786ec4acdaabb347f44defa474e8a0b66063c0bf1f655273b80461cd5db176d4", "block_time": 1702742807, "block_parent": "0x6c067ff4380f77c9b4bfa3c005e5aed3a855d78e4517a87b90520664a2fd5406"}
{"block_number": 80, "miner_hash": "0x9d35bD38BbDceC62a798cC1cdBAa33398632B806", "block_hash": "0xfe27e6dcdf92fef541e8bb250d86764f484d9e0da45d370996b7b161f6c5467a", "block_time": 1702742808, "block_parent": "0x786ec4acdaabb347f44defa474e8a0b66063c0bf1f655273b80461cd5db176d4"}
{"block_number": 81, "miner_hash": "0xc27D4D5098e25Da45eB00121404535a3F08a9296", "block_hash": "0xf29fd808935ecf6c20ab457e184667f693230230d6367133dae952d46920a55c", "block_time": 1702742810, "block_parent": "0xfe27e6dcdf92fef541e8bb250d86764f484d9e0da45d370996b7b161f6c5467a"}
{"block_number": 82, "miner_hash": "0x73cd765d85038c274439eeb6Ca182558ef1107ee", "block_hash": "0x7e7ecccb05894c648d1e3411b0aac8c988517eae6b7b1b1488ac5ff313b1dc81", "block_time": 1702742811, "block_parent": "0xf29fd808935ecf6c20ab457e184667f693230230d6367133dae952d46920a55c"}
{"block_number": 83, "miner_hash": "0x73cd765d85038c274439eeb6Ca182558ef1107ee", "block_hash": "0x6cb3b3fd284a9c3c521917c6c409eafa5a4e5b967c3aaa0e8014c786c4d12d9a", "block_time": 1702742813, "block_parent": "0x7e7ecccb05894c648d1e3411b0aac8c988517eae6b7b1b1488ac5ff313b1dc81"}
{"block_number": 84, "miner_hash": "0xc27D4D5098e25Da45eB00121404535a3F08a9296", "block_hash": "0x98b02debc4b334aa36bdcec7970c29235b9f279f789a0164a9751a2f66b8956a", "block_time": 1702742814, "block_parent": "0x6cb3b3fd284a9c3c521917c6c409eafa5a4e5b967c3aaa0e8014c786c4d12d9a"}
{"block_number": 85, "miner_hash": "0x8cE4723236F1C309EAFD7a85f2b7D53ff5d6BFe2", "block_hash": "0x3c68d25df12da5afa959af37b7521df39f337c23d667948b62026b093bb7ee31", "block_time": 1702742815, "block_parent": "0x98b02debc4b334aa36bdcec7970c29235b9f279f789a0164a9751a2f66b8956a"}
{"block_number": 86, "miner_hash": "0x8cE4723236F1C309EAFD7a85f2b7D53ff5d6BFe2", "block_hash": "0x7700c7ac8a0deb0ebcafa9bdad5bb244559746e07c7b838841c66d89ec3c62a6", "block_time": 1702742816, "block_parent": "0x3c68d25df12da5afa959af37b7521df39f337c23d667948b62026b093bb7ee31"}
{"block_number": 87, "miner_hash": "0xc27D4D5098e25Da45eB00121404535a3F08a9296", "block_hash": "0x0f3279a1c0b937eb99645af58d6250572c8ab8a07632e6841d9b4c28da2bf857", "block_time": 1702742817, "block_parent": "0x7700c7ac8a0deb0ebcafa9bdad5bb244559746e07c7b838841c66d89ec3c62a6"}
{"block_number": 88, "miner_hash": "0x8cE4723236F1C309EAFD7a85f2b7D53ff5d6BFe2", "block_hash": "0xf223f767eb9f19e114ebc97e4b7e38df83ed8be76b441ca09c16659b7a879879", "block_time": 1702742824, "block_parent": "0x0f3279a1c0b937eb99645af58d6250572c8ab8a07632e6841d9b4c28da2bf857"}
{"block_number": 89, "miner_hash": "0x73cd765d85038c274439eeb6Ca182558ef1107ee", "block_hash": "0x2b2d4ce9a7c40ef340bac45e128d167dbad4c2e2bf8b1c23814412dce9bca4d3", "block_time": 1702742825, "block_parent": "0xf223f767eb9f19e114ebc97e4b7e38df83ed8be76b441ca09c16659b7a879879"}
{"block_number": 90, "miner_hash": "0x73cd765d85038c274439eeb6Ca182558ef1107ee", "block_hash": "0xf5a4a51455ce9764e738de4989996973e2bf190233ec3b47c2baf4acf0997f9d", "block_time": 1702742826, "block_parent": "0x2b2d4ce9a7c40ef340bac45e128d167dbad4c2e2bf8b1c23814412dce9bca4d3"}
{"block_number": 91, "miner_hash": "0x9d35bD38BbDceC62a798cC1cdBAa33398632B806", "block_hash": "0x8311e196473806bb585960cce2cefc701c0ebfb3f16db063cbfeece1645f6c83", "block_time": 1702742827, "block_parent": "0xf5a4a51455ce9764e738de4989996973e2bf190233ec3b47c2baf4acf0997f9d"}
{"block_number": 92, "miner_hash": "0xc27D4D5098e25Da45eB00121404535a3F08a9296", "block_hash": "0x165bf0696ac933a70c44f691c232247602b15d5145cf419a25e07cce2aca9059", "block_time": 1702742834, "block_parent": "0x8311e196473806bb585960cce2cefc701c0ebfb3f16db063cbfeece1645f6c83"}
{"block_number": 93, "miner_hash": "0x73cd765d85038c274439eeb6Ca182558ef1107ee", "block_hash": "0x6e06f107c13107e1ed5ee4470daa6f6c672dad54a130139232e53e3861e3fe92", "block_time": 1702742838, "block_parent": "0x165bf0696ac933a70c44f691c232247602b15d5145cf419a25e07cce2aca9059"}
{"block_number": 94, "miner_hash": "0x73cd765d85038c274439eeb6Ca182558ef1107ee", "block_hash": "0x9c41e9d58a1eb1ec60285751ea0994e887442e1415b0b480efdcdac43697763a", "block_time": 1702742843, "block_parent": "0x6e06f107c13107e1ed5ee4470daa6f6c672dad54a130139232e53e3861e3fe92"}
{"block_number": 95, "miner_hash": "0xc27D4D5098e25Da45eB00121404535a3F08a9296", "block_hash": "0x605659f2c595d0a38108af7b71695f21a4ba8e55a2054295673723d2b0534a4f", "block_time": 1702742847, "block_parent": "0x9c41e9d58a1eb1ec60285751ea0994e887442e1415b0b480efdcdac43697763a"}
{"block_number": 96, "miner_hash": "0x8cE4723236F1C309EAFD7a85f2b7D53ff5d6BFe2", "block_hash": "0x7d2728f759015a609ed65030f957f59a9d3e4db3c8bcbb1e8a22d452d23553a0", "block_time": 1702742848, "block_parent": "0x605659f2c595d0a38108af7b71695f21a4ba8e55a2054295673723d2b0534a4f"}
{"block_number": 97, "miner_hash": "0xc27D4D5098e25Da45eB00121404535a3F08a9296", "block_hash": "0x6029a02e66f1650811afa82f1823bfe3cd5024e5ab692a6c9b4f451b9643ceab", "block_time": 1702742849, "block_parent": "0x7d2728f759015a609ed65030f957f59a9d3e4db3c8bcbb1e8a22d452d23553a0"}
{"block_number": 98, "miner_hash": "0x8cE4723236F1C309EAFD7a85f2b7D53ff5d6BFe2", "block_hash": "0x71c8abc4f83c0a3b4c8f4de9468f050205ead3b2da1cf731f1132e3f29703941", "block_time": 1702742850, "block_parent": "0x6029a02e66f1650811afa82f1823bfe3cd5024e5ab692a6c9b4f451b9643ceab"}
{"block_number": 99, "miner_hash": "0x9d35bD38BbDceC62a798cC1cdBAa33398632B806", "block_hash": "0xa01d2cb8f5f53b4d50ce3e0044fd4ce99bf6d867e3b2e4fc99e4d164512c0bfd", "block_time": 1702742851, "block_parent": "0x71c8abc4f83c0a3b4c8f4de9468f050205ead3b2da1cf731f1132e3f29703941"}
{"block_number": 100, "miner_hash": "0x73cd765d85038c274439eeb6Ca182558ef1107ee", "block_hash": "0x3c0d8dc1e0a4d3246a05f5bf92b7c2da6a93ab3a2f2cebf1e2c538ca74475731", "block_time": 1702742852, "block_parent": "0xa01d2cb8f5f53b4d50ce3e0044fd4ce99bf6d867e3b2e4fc99e4d164512c0bfd"}
{"block_number": 101, "miner_hash": "0x9d35bD38BbDceC62a798cC1cdBAa33398632B806", "block_hash": "0x636bb2b13bfe1a9f07c32e6b85303c926a9636680ecc40ece1d6f2215a520dfd", "block_time": 1702742858, "block_parent": "0x3c0d8dc1e0a4d3246a05f5bf92b7c2da6a93ab3a2f2cebf1e2c538ca74475731"}
{"block_number": 101, "miner_hash": "0x73cd765d85038c274439eeb6Ca182558ef1107ee", "block_hash": "0xbbcc1853462eceab7c51522711b56953c89470ec9f69fc9d577d900278243875", "block_time": 1702742857, "block_parent": "0x3c0d8dc1e0a4d3246a05f5bf92b7c2da6a93ab3a2f2cebf1e2c538ca74475731"}
{"block_number": 102, "miner_hash": "0x9d35bD38BbDceC62a798cC1cdBAa33398632B806", "block_hash": "0x5cc7d58f688c662bf1b7bd3c7eb6bc4060ee1d4d0f3c42c404a9420b8ba5a474", "block_time": 1702742859, "block_parent": "0x636bb2b13bfe1a9f07c32e6b85303c926a9636680ecc40ece1d6f2215a520dfd"}
{"block_number": 103, "miner_hash": "0x9d35bD38BbDceC62a798cC1cdBAa33398632B806", "block_hash": "0x267d3aad2c57b4e11a25af91bb2438a28338c04ce5aa08fff665940db8e2cefc", "block_time": 1702742860, "block_parent": "0x5cc7d58f688c662bf1b7bd3c7eb6bc4060ee1d4d0f3c42c404a9420b8ba5a474"}
{"block_number": 104, "miner_hash": "0xc27D4D5098e25Da45eB00121404535a3F08a9296", "block_hash": "0x0a709f7b8d43fe624fcf1943591a29d151ef3115ba4324fbd40736370590d4f1", "block_time": 1702742861, "block_parent": "0x267d3aad2c57b4e11a25af91bb2438a28338c04ce5aa08fff665940db8e2cefc"}
{"block_number": 105, "miner_hash": "0x8cE4723236F1C309EAFD7a85f2b7D53ff5d6BFe2", "block_hash": "0x30ef2c9d0d49765c4f2490391a05eb8346ff085b8c885fde878545cc085614e5", "block_time": 1702742862, "block_parent": "0x0a709f7b8d43fe624fcf1943591a29d151ef3115ba4324fbd40736370590d4f1"}
{"block_number": 106, "miner_hash": "0xc27D4D5098e25Da45eB00121404535a3F08a9296", "block_hash": "0xe326ea7e4701695f53663f3aca6081b925b4b27653afb0844e9fcfcf053a8d2e", "block_time": 1702742864, "block_parent": "0x30ef2c9d0d49765c4f2490391a05eb8346ff085b8c885fde878545cc085614e5"}
{"block_number": 107, "miner_hash": "0x9d35bD38BbDceC62a798cC1cdBAa33398632B806", "block_hash": "0x5a3e1a1dda55f5570a71111d7dae5224e499f62856fa3a016f174d408c886802", "block_time": 1702742865, "block_parent": "0xe326ea7e4701695f53663f3aca6081b925b4b27653afb0844e9fcfcf053a8d2e"}
{"block_number": 108, "miner_hash": "0x73cd765d85038c274439eeb6Ca182558ef1107ee", "block_hash": "0x3965057da69a4392849a651e3e735c9f44acec90214a56b6eff912b7847d0b73", "block_time": 1702742866, "block_parent": "0x5a3e1a1dda55f5570a71111d7dae5224e499f62856fa3a016f174d408c886802"}
{"block_number": 109, "miner_hash": "0x9d35bD38BbDceC62a798cC1cdBAa33398632B806", "block_hash": "0xe715ce91b15a70f413a0cfdca800596b5ba33821aa804cea99878e517a23c89c", "block_time": 1702742867, "block_parent": "0x3965057da69a4392849a651e3e735c9f44acec90214a56b6eff912b7847d0b73"}
{"block_number": 110, "miner_hash": "0x9d35bD38BbDceC62a798cC1cdBAa33398632B806", "block_hash": "0x95c65505058e31e98c7b717c886a5cad38be411f157c3d19d0aff940f1d43cd2", "block_time": 1702742868, "block_parent": "0xe715ce91b15a70f413a0cfdca800596b5ba33821aa804cea99878e517a23c89c"}
{"block_number": 110, "miner_hash": "0x9d35bD38BbDceC62a798cC1cdBAa33398632B806", "block_hash": "0x95c65505058e31e98c7b717c886a5cad38be411f157c3d19d0aff940f1d43cd2", "block_time": 1702742868, "block_parent": "0xe715ce91b15a70f413a0cfdca800596b5ba33821aa804cea99878e517a23c89c"}
{"block_number": 111, "miner_hash": "0xc27D4D5098e25Da45eB00121404535a3F08a9296", "block_hash": "0x7df02ae6747aa7f61b38985a89d0aeefd38456b63d34ec778ee4d95d6b94e498", "block_time": 1702742869, "block_parent": "0x2a0b686d6f3e800add9bb916d740cecd3377cc23f793514666d14c29b7eb8e0c"}
{"block_number": 112, "miner_hash": "0x8cE4723236F1C309EAFD7a85f2b7D53ff5d6BFe2", "block_hash": "0x40ee66077db636d7b3c280c4dd8455ae30c2177b33e5ac962c7a1dbf24fee27c", "block_time": 1702742875, "block_parent": "0x7df02ae6747aa7f61b38985a89d0aeefd38456b63d34ec778ee4d95d6b94e498"}
{"block_number": 113, "miner_hash": "0x8cE4723236F1C309EAFD7a85f2b7D53ff5d6BFe2", "block_hash": "0xc4ef9b2e649d03fb9d7561671419f397bf5615b4de7842d57763ff13993b5a08", "block_time": 1702742876, "block_parent": "0x40ee66077db636d7b3c280c4dd8455ae30c2177b33e5ac962c7a1dbf24fee27c"}
{"block_number": 114, "miner_hash": "0xc27D4D5098e25Da45eB00121404535a3F08a9296", "block_hash": "0x2c2e1e81193e8fbb0be2911fc5e33f8a2618b7166f1ae77492005cea03fcec4b", "block_time": 1702742877, "block_parent": "0xc4ef9b2e649d03fb9d7561671419f397bf5615b4de7842d57763ff13993b5a08"}
{"block_number": 115, "miner_hash": "0x8cE4723236F1C309EAFD7a85f2b7D53ff5d6BFe2", "block_hash": "0xb315c49c7b67403e1bd14180971622ed9d486c89ac7d096c7787c505154f1091", "block_time": 1702742878, "block_parent": "0x2c2e1e81193e8fbb0be2911fc5e33f8a2618b7166f1ae77492005cea03fcec4b"}
{"block_number": 116, "miner_hash": "0x9d35bD38BbDceC62a798cC1cdBAa33398632B806", "block_hash": "0x39c0503ab677f9b26240a5ee5ef815f997ab0a7b717357a421daef91456e792d", "block_time": 1702742879, "block_parent": "0xb315c49c7b67403e1bd14180971622ed9d486c89ac7d096c7787c505154f1091"}
{"block_number": 116, "miner_hash": "0xc27D4D5098e25Da45eB00121404535a3F08a9296", "block_hash": "0x5ee7d23fecb557d9480cda67cf6f62af803bbe9846bb078fa014e40a96f2e967", "block_time": 1702742879, "block_parent": "0xb315c49c7b67403e1bd14180971622ed9d486c89ac7d096c7787c505154f1091"}
{"block_number": 117, "miner_hash": "0x9d35bD38BbDceC62a798cC1cdBAa33398632B806", "block_hash": "0xf9ef5044b1a1fa4edade11a309ee33434538090607f37ffaf96704cbd7bf7703", "block_time": 1702742880, "block_parent": "0x39c0503ab677f9b26240a5ee5ef815f997ab0a7b717357a421daef91456e792d"}
{"block_number": 119, "miner_hash": "0xc27D4D5098e25Da45eB00121404535a3F08a9296", "block_hash": "0xf1b2f7ee262c8ae658a36228a306f96dec6dd79a0c8950b90f520bab1d6b42fa", "block_time": 1702742884, "block_parent": "0xdd25bc74e44c3cd06eeef3528335865f4f3dcd1d469e64409c946525ecbfb480"}
{"block_number": 120, "miner_hash": "0xc27D4D5098e25Da45eB00121404535a3F08a9296", "block_hash": "0x1fc1be8c0b48c7b734bcd8bff070e5f9fc4c2ea1cdaf9f654c9ccd044c3fbede", "block_time": 1702742885, "block_parent": "0xf1b2f7ee262c8ae658a36228a306f96dec6dd79a0c8950b90f520bab1d6b42fa"}
{"block_number": 121, "miner_hash": "0x9d35bD38BbDceC62a798cC1cdBAa33398632B806", "block_hash": "0x48f2517519d9873e9381c34cd15d1d54293751ca0eeb7ab3194948c0b9e91ce0", "block_time": 1702742886, "block_parent": "0x1fc1be8c0b48c7b734bcd8bff070e5f9fc4c2ea1cdaf9f654c9ccd044c3fbede"}
{"block_number": 122, "miner_hash": "0x9d35bD38BbDceC62a798cC1cdBAa33398632B806", "block_hash": "0x0bce44ed61d1ff835c7287f22af1748dfa5ab3d9c07f5d94b177e01c5e6f8d13", "block_time": 1702742887, "block_parent": "0x48f2517519d9873e9381c34cd15d1d54293751ca0eeb7ab3194948c0b9e91ce0"}
{"block_number": 123, "miner_hash": "0x9d35bD38BbDceC62a798cC1cdBAa33398632B806", "block_hash": "0xc7abe224125b55d632e950a951ea0edb4597d96680351b21896f5ad55873eded", "block_time": 1702742888, "block_parent": "0x0bce44ed61d1ff835c7287f22af1748dfa5ab3d9c07f5d94b177e01c5e6f8d13"}
{"block_number": 124, "miner_hash": "0x73cd765d85038c274439eeb6Ca182558ef1107ee", "block_hash": "0xe4cc99b77753c2a7b4a0a87a475f0b2273474528d0fde081988053c02b49a4fa", "block_time": 1702742889, "block_parent": "0xc7abe224125b55d632e950a951ea0edb4597d96680351b21896f5ad55873eded"}
{"block_number": 125, "miner_hash": "0xc27D4D5098e25Da45eB00121404535a3F08a9296", "block_hash": "0x2a7d7b9f2d72247abbcbbac427ba01acffe15c7297417153a464de3a9c6838f3", "block_time": 1702742890, "block_parent": "0xe4cc99b77753c2a7b4a0a87a475f0b2273474528d0fde081988053c02b49a4fa"}
{"block_number": 126, "miner_hash": "0x73cd765d85038c274439eeb6Ca182558ef1107ee", "block_hash": "0x0e896295d382e0e0a9e1a99fcd8f707abbf49dc512a2030ddadc0908893ab3b8", "block_time": 1702742891, "block_parent": "0x2a7d7b9f2d72247abbcbbac427ba01acffe15c7297417153a464de3a9c6838f3"}
{"block_number": 127, "miner_hash": "0x73cd765d85038c274439eeb6Ca182558ef1107ee", "block_hash": "0x8417f3b7ec5a9d0dc650cb0ef367e7720308854c616829cfdd68d9d681b3a084", "block_time": 1702742892, "block_parent": "0x0e896295d382e0e0a9e1a99fcd8f707abbf49dc512a2030ddadc0908893ab3b8"}
{"block_number": 128, "miner_hash": "0x8cE4723236F1C309EAFD7a85f2b7D53ff5d6BFe2", "block_hash": "0x2d1ea3c41a7e92d663ff98f0abe86e30714082863ec9217f62d57b6258d318fb", "block_time": 1702742893, "block_parent": "0x8417f3b7ec5a9d0dc650cb0ef367e7720308854c616829cfdd68d9d681b3a084"}
{"block_number": 129, "miner_hash": "0xc27D4D5098e25Da45eB00121404535a3F08a9296", "block_hash": "0xc5cdc8f671cd8ea559f3c58635c1b4283bdee44ea91da0b53e3dc2d132b623c2", "block_time": 1702742894, "block_parent": "0xe3aa1a571dff0d94724778599bdff2f1b2809d9dfcdfa773e0cd4ab90333235c"}
{"block_number": 130, "miner_hash": "0xc27D4D5098e25Da45eB00121404535a3F08a9296", "block_hash": "0x803c93a41d883809d8f6c657acb42753f55f3e67a06c5384669054d42cab7e51", "block_time": 1702742897, "block_parent": "0xc5cdc8f671cd8ea559f3c58635c1b4283bdee44ea91da0b53e3dc2d132b623c2"}
{"block_number": 131, "miner_hash": "0x9d35bD38BbDceC62a798cC1cdBAa33398632B806", "block_hash": "0x41459a12a41c8c37fe53cdf1fdcb39583437495453247f731a8ac54b6f7c90ed", "block_time": 1702742898, "block_parent": "0x803c93a41d883809d8f6c657acb42753f55f3e67a06c5384669054d42cab7e51"}
{"block_number": 132, "miner_hash": "0x9d35bD38BbDceC62a798cC1cdBAa33398632B806", "block_hash": "0x808cc4e4b6db40ca1b83c923feae60e94e9bdd2edd9121eaa2c70c0113f094d2", "block_time": 1702742899, "block_parent": "0x41459a12a41c8c37fe53cdf1fdcb39583437495453247f731a8ac54b6f7c90ed"}
{"block_number": 133, "miner_hash": "0x9d35bD38BbDceC62a798cC1cdBAa33398632B806", "block_hash": "0xc47911cce56a3b03a023488cadbf94bcaf94675a8783e02c330055db62002fde", "block_time": 1702742903, "block_parent": "0x808cc4e4b6db40ca1b83c923feae60e94e9bdd2edd9121eaa2c70c0113f094d2"}
{"block_number": 134, "miner_hash": "0x73cd765d85038c274439eeb6Ca182558ef1107ee", "block_hash": "0x245e152292bd6273e8a403c906fe387fc9c8b985a63069ad5ca962279418fee5", "block_time": 1702742904, "block_parent": "0xc47911cce56a3b03a023488cadbf94bcaf94675a8783e02c330055db62002fde"}
{"block_number": 135, "miner_hash": "0xc27D4D5098e25Da45eB00121404535a3F08a9296", "block_hash": "0x18bebbfeb9381f92f71c26bf09c8402ece56527f09a01bbe6bf4ce3e5089db2e", "block_time": 1702742905, "block_parent": "0x245e152292bd6273e8a403c906fe387fc9c8b985a63069ad5ca962279418fee5"}
{"block_number": 136, "miner_hash": "0x9d35bD38BbDceC62a798cC1cdBAa33398632B806", "block_hash": "0xfefffd0aa890428d845655f8255fae5ef8aeefc21bc23e0e21b4cc6de9d95132", "block_time": 1702742906, "block_parent": "0x18bebbfeb9381f92f71c26bf09c8402ece56527f09a01bbe6bf4ce3e5089db2e"}
{"block_number": 137, "miner_hash": "0x73cd765d85038c274439eeb6Ca182558ef1107ee", "block_hash": "0x6864e874764edbfe8048a83cabe402eeb844fb446ed97de7f87c92e4efce2a37", "block_time": 1702742907, "block_parent": "0xfefffd0aa890428d845655f8255fae5ef8aeefc21bc23e0e21b4cc6de9d95132"}
{"block_number": 138, "miner_hash": "0xc27D4D5098e25Da45eB00121404535a3F08a9296", "block_hash": "0x1ac7fd829babd554c79545134bcbf44f6ed3a981cc869822a092f1d00a9ee485", "block_time": 1702742908, "block_parent": "0x6864e874764edbfe8048a83cabe402eeb844fb446ed97de7f87c92e4efce2a37"}
{"block_number": 139, "miner_hash": "0xc27D4D5098e25Da45eB00121404535a3F08a9296", "block_hash": "0xea1554e4cd2fe9f76474d6ccb9dd3c74e4134577e0c96a43aaca58acca4e7997", "block_time": 1702742909, "block_parent": "0x1ac7fd829babd554c79545134bcbf44f6ed3a981cc869822a092f1d00a9ee485"}
{"block_number": 140, "miner_hash": "0x8cE4723236F1C309EAFD7a85f2b7D53ff5d6BFe2", "block_hash": "0x9e71bc4082ecedc3c2df5afbb7c7b3ec6c0e5bc00b46139668f60aec04dfe9c9", "block_time": 1702742911, "block_parent": "0xea1554e4cd2fe9f76474d6ccb9dd3c74e4134577e0c96a43aaca58acca4e7997"}
{"block_number": 141, "miner_hash": "0x9d35bD38BbDceC62a798cC1cdBAa33398632B806", "block_hash": "0xbdc17c51ae20089d737be0f6d5cccb1c773b13a5aa81a1d64f3513b822e91d93", "block_time": 1702742912, "block_parent": "0x9e71bc4082ecedc3c2df5afbb7c7b3ec6c0e5bc00b46139668f60aec04dfe9c9"}
{"block_number": 142, "miner_hash": "0xc27D4D5098e25Da45eB00121404535a3F08a9296", "block_hash": "0x82fd75c49faa47cf53a78a14cc111e6f7b79d78063eb001421c5ec740c0e7a09", "block_time": 1702742914, "block_parent": "0xbdc17c51ae20089d737be0f6d5cccb1c773b13a5aa81a1d64f3513b822e91d93"}
{"block_number": 143, "miner_hash": "0x73cd765d85038c274439eeb6Ca182558ef1107ee", "block_hash": "0xd6192ae7587ce4ab64a0df6481da2b2be8ac542a9b8424525da796e544a9a48b", "block_time": 1702742915, "block_parent": "0x82fd75c49faa47cf53a78a14cc111e6f7b79d78063eb001421c5ec740c0e7a09"}
{"block_number": 144, "miner_hash": "0x8cE4723236F1C309EAFD7a85f2b7D53ff5d6BFe2", "block_hash": "0x88caa5e9223d7695533172a5c9151f9befa692075f647c57d3c6f34c9bd3f398", "block_time": 1702742916, "block_parent": "0xd6192ae7587ce4ab64a0df6481da2b2be8ac542a9b8424525da796e544a9a48b"}
{"block_number": 145, "miner_hash": "0x9d35bD38BbDceC62a798cC1cdBAa33398632B806", "block_hash": "0x9601f2d9cb626292b1059bd53de8f0588175d7f507ea7450b2d4a3f575ee185a", "block_time": 1702742917, "block_parent": "0x88caa5e9223d7695533172a5c9151f9befa692075f647c57d3c6f34c9bd3f398"}
{"block_number": 146, "miner_hash": "0x9d35bD38BbDceC62a798cC1cdBAa33398632B806", "block_hash": "0x816dd327cd85e8699b733f55e59ddfe4252758663d52bd25b7563e2ea3808a30", "block_time": 1702742918, "block_parent": "0x9601f2d9cb626292b1059bd53de8f0588175d7f507ea7450b2d4a3f575ee185a"}
{"block_number": 147, "miner_hash": "0x9d35bD38BbDceC62a798cC1cdBAa33398632B806", "block_hash": "0xb32a174cc7cc296040c9340f658d220d43986905267cc0749f6b965b9ad0285e", "block_time": 1702742919, "block_parent": "0x816dd327cd85e8699b733f55e59ddfe4252758663d52bd25b7563e2ea3808a30"}
{"block_number": 148, "miner_hash": "0x73cd765d85038c274439eeb6Ca182558ef1107ee", "block_hash": "0xb070edf21105fe442f2114403e4ac9fb0e5858ae225aa110303f8b51a627bc41", "block_time": 1702742920, "block_parent": "0xb32a174cc7cc296040c9340f658d220d43986905267cc0749f6b965b9ad0285e"}
{"block_number": 149, "miner_hash": "0x73cd765d85038c274439eeb6Ca182558ef1107ee", "block_hash": "0xbfe2157f6e0cc9956d0133ef17f54b1ccc7427c697c083eaaf66b621ed33d23a", "block_time": 1702742921, "block_parent": "0xb070edf21105fe442f2114403e4ac9fb0e5858ae225aa110303f8b51a627bc41"}
{"block_number": 150, "miner_hash": "0xc27D4D5098e25Da45eB00121404535a3F08a9296", "block_hash": "0xd3fa980a31ff330b647d78e95c530f3f6007dc685584ba80c7da0d885b742cbf", "block_time": 1702742922, "block_parent": "0xbfe2157f6e0cc9956d0133ef17f54b1ccc7427c697c083eaaf66b621ed33d23a"}
{"block_number": 151, "miner_hash": "0x9d35bD38BbDceC62a798cC1cdBAa33398632B806", "block_hash": "0x461cf2ac505d2894015619dd843ec2a820bd31764b0bbda9391120933c2e2ce3", "block_time": 1702742923, "block_parent": "0xd3fa980a31ff330b647d78e95c530f3f6007dc685584ba80c7da0d885b742cbf"}
{"block_number": 152, "miner_hash": "0x1A60B5AE3Fd7e4446af857207b236c425aeeB6d4", "block_hash": "0xbc48af490a3014eb1548897495e48e036f0ebafacb749f60dc2bdcd3e60fe4c4", "block_time": 1702742924, "block_parent": "0x461cf2ac505d2894015619dd843ec2a820bd31764b0bbda9391120933c2e2ce3"}
{"block_number": 153, "miner_hash": "0x1A60B5AE3Fd7e4446af857207b236c425aeeB6d4", "block_hash": "0xf2525d7969eccbe464c438b816f2e177448a2eec0f08231d282d7df5d4c35656", "block_time": 1702742925, "block_parent": "0xbc48af490a3014eb1548897495e48e036f0ebafacb749f60dc2bdcd3e60fe4c4"}
{"block_number": 153, "miner_hash": "0x5fFb270bb3EA50e972e1B43A82c76D3c5C76F105", "block_hash": "0x069d300cf4e983e12646f255367799c5d62028dacafbfd834c3287ec8d1da37a", "block_time": 1702742925, "block_parent": "0xbc48af490a3014eb1548897495e48e036f0ebafacb749f60dc2bdcd3e60fe4c4"}
{"block_number": 154, "miner_hash": "0x73cd765d85038c274439eeb6Ca182558ef1107ee", "block_hash": "0x15ba83bfc100336236dbf5e67640626806fb4287a4517866a8300eeece79acf1", "block_time": 1702742926, "block_parent": "0xf2525d7969eccbe464c438b816f2e177448a2eec0f08231d282d7df5d4c35656"}
{"block_number": 155, "miner_hash": "0x73cd765d85038c274439eeb6Ca182558ef1107ee", "block_hash": "0xb067493e10ef9a7704d4cb050cdb9dca1523cf857883b6905b8a97a4fbcb89a4", "block_time": 1702742927, "block_parent": "0x15ba83bfc100336236dbf5e67640626806fb4287a4517866a8300eeece79acf1"}
{"block_number": 156, "miner_hash": "0x2A517e745A7EEAf2dfeD3AF084E2662Be52bB3Fc", "block_hash": "0xbcd3bd7068595913abda44971af2685ebab474ee6a7c90b76c410f3a60373f36", "block_time": 1702742928, "block_parent": "0xb067493e10ef9a7704d4cb050cdb9dca1523cf857883b6905b8a97a4fbcb89a4"}
{"block_number": 157, "miner_hash": "0x9d35bD38BbDceC62a798cC1cdBAa33398632B806", "block_hash": "0x9baaa697663642b7d9b1c97a733d6f0d7c7af77d1e00ff69fa2cfaa95a5399eb", "block_time": 1702742929, "block_parent": "0xbcd3bd7068595913abda44971af2685ebab474ee6a7c90b76c410f3a60373f36"}
{"block_number": 158, "miner_hash": "0x5fFb270bb3EA50e972e1B43A82c76D3c5C76F105", "block_hash": "0xf0a0f15281cdc6632b40b46e5f8f8c62b423c61b73ac9135543a54385be480e6", "block_time": 1702742933, "block_parent": "0x9baaa697663642b7d9b1c97a733d6f0d7c7af77d1e00ff69fa2cfaa95a5399eb"}
{"block_number": 159, "miner_hash": "0x8cE4723236F1C309EAFD7a85f2b7D53ff5d6BFe2", "block_hash": "0x31ce2c5c24784bfc0de9aa4a2e8fa9ab6bfbf05057ca8eda3c9e5df3c52a4e62", "block_time": 1702742934, "block_parent": "0xf0a0f15281cdc6632b40b46e5f8f8c62b423c61b73ac9135543a54385be480e6"}
{"block_number": 160, "miner_hash": "0x1A60B5AE3Fd7e4446af857207b236c425aeeB6d4", "block_hash": "0x8fd9e6a84915ec1b239b557efa99009659db6be08c6da90e291cff05f65b05a9", "block_time": 1702742935, "block_parent": "0xaa8004de2098d07afe7f88423714a89b946ddbeb9fca477169662e7223284cd1"}
{"block_number": 161, "miner_hash": "0x9d35bD38BbDceC62a798cC1cdBAa33398632B806", "block_hash": "0x21d662595d058ff67a5e0583696151bcfac6e1101101b2aaf7e26458acddc49c", "block_time": 1702742936, "block_parent": "0x8fd9e6a84915ec1b239b557efa99009659db6be08c6da90e291cff05f65b05a9"}
{"block_number": 162, "miner_hash": "0x8cE4723236F1C309EAFD7a85f2b7D53ff5d6BFe2", "block_hash": "0xc7ca6644cccf70cf076181433ae4b3c8c5f01bf18cfd4e99d8ce50e76dca2030", "block_time": 1702742937, "block_parent": "0x21d662595d058ff67a5e0583696151bcfac6e1101101b2aaf7e26458acddc49c"}
{"block_number": 163, "miner_hash": "0x2A517e745A7EEAf2dfeD3AF084E2662Be52bB3Fc", "block_hash": "0x37c516250f39920bd1e8cff61cbee4ec49e2abf9f3f710581d98f61382b12712", "block_time": 1702742938, "block_parent": "0xc7ca6644cccf70cf076181433ae4b3c8c5f01bf18cfd4e99d8ce50e76dca2030"}
{"block_number": 164, "miner_hash": "0x1A60B5AE3Fd7e4446af857207b236c425aeeB6d4", "block_hash": "0xf7d6daa1083dc0d3bb97152cf79d1f8f900ac458ec4c5ca901a208d5b01307d9", "block_time": 1702742941, "block_parent": "0x37c516250f39920bd1e8cff61cbee4ec49e2abf9f3f710581d98f61382b12712"}
{"block_number": 165, "miner_hash": "0x73cd765d85038c274439eeb6Ca182558ef1107ee", "block_hash": "0x7f6bd1dfa6164dcf14e4c9a5801db50a3c375fed08dec7aaf15b4fc75bc4387e", "block_time": 1702742942, "block_parent": "0xf7d6daa1083dc0d3bb97152cf79d1f8f900ac458ec4c5ca901a208d5b01307d9"}
{"block_number": 166, "miner_hash": "0x1A60B5AE3Fd7e4446af857207b236c425aeeB6d4", "block_hash": "0xb75f79102bfc9cdf01dc6a3980e4628b0a429d91f7e0a377b1641ab30a06cf67", "block_time": 1702742943, "block_parent": "0x7f6bd1dfa6164dcf14e4c9a5801db50a3c375fed08dec7aaf15b4fc75bc4387e"}
{"block_number": 167, "miner_hash": "0x73cd765d85038c274439eeb6Ca182558ef1107ee", "block_hash": "0xcf46be250ed8e85f31b2708d14fec416c7f664b35591924c304b8b2e0c716040", "block_time": 1702742945, "block_parent": "0xb75f79102bfc9cdf01dc6a3980e4628b0a429d91f7e0a377b1641ab30a06cf67"}
{"block_number": 168, "miner_hash": "0x8cE4723236F1C309EAFD7a85f2b7D53ff5d6BFe2", "block_hash": "0x334a84a1f9ef7deab55655f0d4cedba7bdf598b2086a52ab9a6a227b37c97194", "block_time": 1702742947, "block_parent": "0xcf46be250ed8e85f31b2708d14fec416c7f664b35591924c304b8b2e0c716040"}
{"block_number": 169, "miner_hash": "0xc27D4D5098e25Da45eB00121404535a3F08a9296", "block_hash": "0x793d2d5047a1d4a4cdfae7eed64376cc5918c8fca44cfa943ad7e82975f2d9d6", "block_time": 1702742950, "block_parent": "0xdca78ecccd4264f99c213b70a3a053565eee70ff1cd2621a7af3237875ca4f29"}
{"block_number": 171, "miner_hash": "0xc27D4D5098e25Da45eB00121404535a3F08a9296", "block_hash": "0x6b2230283267a3a358bc4fb7a0fbae38009f1279b821f8e5e536e6b8c313a21d", "block_time": 1702742952, "block_parent": "0xf9da7769cfdd00a3b137d9c012a3b1b795fcbc438d711418c0068f1e3be23e59"}
{"block_number": 171, "miner_hash": "0xc27D4D5098e25Da45eB00121404535a3F08a9296", "block_hash": "0x6b2230283267a3a358bc4fb7a0fbae38009f1279b821f8e5e536e6b8c313a21d", "block_time": 1702742952, "block_parent": "0xf9da7769cfdd00a3b137d9c012a3b1b795fcbc438d711418c0068f1e3be23e59"}
{"block_number": 172, "miner_hash": "0x8cE4723236F1C309EAFD7a85f2b7D53ff5d6BFe2", "block_hash": "0x30b75cb97158e70db4209afe8b56595375cc4ac4abafa47a0fb22ed68ec7a937", "block_time": 1702742953, "block_parent": "0x6b2230283267a3a358bc4fb7a0fbae38009f1279b821f8e5e536e6b8c313a21d"}
{"block_number": 173, "miner_hash": "0x2A517e745A7EEAf2dfeD3AF084E2662Be52bB3Fc", "block_hash": "0x1153c776bdc866a8d37aa3a429831ed1d09f7fd5542be861beb2fa1c8c7aebd1", "block_time": 1702742954, "block_parent": "0x30b75cb97158e70db4209afe8b56595375cc4ac4abafa47a0fb22ed68ec7a937"}
{"block_number": 174, "miner_hash": "0x2A517e745A7EEAf2dfeD3AF084E2662Be52bB3Fc", "block_hash": "0x85b981ea0a21e4a2636b7997a6c6b12c7916f545ee5187ce70ee36ba6d605212", "block_time": 1702742955, "block_parent": "0x1153c776bdc866a8d37aa3a429831ed1d09f7fd5542be861beb2fa1c8c7aebd1"}
{"block_number": 175, "miner_hash": "0x8cE4723236F1C309EAFD7a85f2b7D53ff5d6BFe2", "block_hash": "0xc19ea8d9cd0b738f088d8ada1ef158724185d215364a44eb8fd6f78888f2849f", "block_time": 1702742957, "block_parent": "0x85b981ea0a21e4a2636b7997a6c6b12c7916f545ee5187ce70ee36ba6d605212"}
{"block_number": 176, "miner_hash": "0x8cE4723236F1C309EAFD7a85f2b7D53ff5d6BFe2", "block_hash": "0x53e48cf9653d5dc256792569707dca9b5ef984d4d43832881a52e4cde42d3a61", "block_time": 1702742958, "block_parent": "0xc19ea8d9cd0b738f088d8ada1ef158724185d215364a44eb8fd6f78888f2849f"}
{"block_number": 177, "miner_hash": "0x1A60B5AE3Fd7e4446af857207b236c425aeeB6d4", "block_hash": "0x3e70c6fbc1a3172a336bb6b563a7bd877e9fac4178ab89e730756553fde7165c", "block_time": 1702742958, "block_parent": "0x20a995192f40fc20530465de7ddd92ed97f846dfad3238aacdb0739be65ad60c"}
{"block_number": 177, "miner_hash": "0x9d35bD38BbDceC62a798cC1cdBAa33398632B806", "block_hash": "0x8de989bcbc9f88c20b6103599c8eeeae87496cb79faf426373a9ac210f99fef8", "block_time": 1702742958, "block_parent": "0x20a995192f40fc20530465de7ddd92ed97f846dfad3238aacdb0739be65ad60c"}
{"block_number": 177, "miner_hash": "0x73cd765d85038c274439eeb6Ca182558ef1107ee", "block_hash": "0xe464e095ff945f3f47a57d66d587f03fd7c946b8e423b07a110fd8dae3d80e43", "block_time": 1702742958, "block_parent": "0x20a995192f40fc20530465de7ddd92ed97f846dfad3238aacdb0739be65ad60c"}
{"block_number": 178, "miner_hash": "0x8cE4723236F1C309EAFD7a85f2b7D53ff5d6BFe2", "block_hash": "0xf942eae71756d11a1965ec1b58e8994c571c87e0968870756086ed286a63c7d6", "block_time": 1702742962, "block_parent": "0xe464e095ff945f3f47a57d66d587f03fd7c946b8e423b07a110fd8dae3d80e43"}
{"block_number": 179, "miner_hash": "0x8cE4723236F1C309EAFD7a85f2b7D53ff5d6BFe2", "block_hash": "0xbb6236d8c2dcad3b5377fab0c7105ab22ad5be44904089941091cd9e63c4d6d0", "block_time": 1702742963, "block_parent": "0xf942eae71756d11a1965ec1b58e8994c571c87e0968870756086ed286a63c7d6"}
{"block_number": 180, "miner_hash": "0x9d35bD38BbDceC62a798cC1cdBAa33398632B806", "block_hash": "0xa1b9c95e8388ed507a055005131acabdf09310b05eeb4a37e4d384656282e300", "block_time": 1702742965, "block_parent": "0xe6afb4ea3a4a1283f57203b71c965c68eb87c47b2df612cc47a774306fcb4d86"}
{"block_number": 181, "miner_hash": "0x9d35bD38BbDceC62a798cC1cdBAa33398632B806", "block_hash": "0x56f14acf035d9376ec9fc55497b6802c44adee39d8f63031562bcb21eaba7bb4", "block_time": 1702742966, "block_parent": "0xa1b9c95e8388ed507a055005131acabdf09310b05eeb4a37e4d384656282e300"}
{"block_number": 182, "miner_hash": "0x9d35bD38BbDceC62a798cC1cdBAa33398632B806", "block_hash": "0x62306d55e26737eca9e4fc14d373a18043f53a55c70f05887a9a5d265a72b0dd", "block_time": 1702742967, "block_parent": "0x56f14acf035d9376ec9fc55497b6802c44adee39d8f63031562bcb21eaba7bb4"}
{"block_number": 183, "miner_hash": "0x73cd765d85038c274439eeb6Ca182558ef1107ee", "block_hash": "0x53ef90b535a257cc3306a8308131bc655a0d8a0ee7e11ae3783d7ce2d8b6716b", "block_time": 1702742968, "block_parent": "0x62306d55e26737eca9e4fc14d373a18043f53a55c70f05887a9a5d265a72b0dd"}
{"block_number": 184, "miner_hash": "0x9d35bD38BbDceC62a798cC1cdBAa33398632B806", "block_hash": "0x8833307f4ea5f685a1e98d4736eaca35cfc5d40222721768da41884f841fee43", "block_time": 1702742969, "block_parent": "0x53ef90b535a257cc3306a8308131bc655a0d8a0ee7e11ae3783d7ce2d8b6716b"}
{"block_number": 185, "miner_hash": "0x9d35bD38BbDceC62a798cC1cdBAa33398632B806", "block_hash": "0x6e7ede4913bcaa2a7bb885d7c6acc84fcf49cef4d9524913ec43e8a2ce6f0a4d", "block_time": 1702742975, "block_parent": "0x8833307f4ea5f685a1e98d4736eaca35cfc5d40222721768da41884f841fee43"}
{"block_number": 186, "miner_hash": "0xc27D4D5098e25Da45eB00121404535a3F08a9296", "block_hash": "0xbe649c97c70ecc94cd243d1df840d7f696bfebde09170b48a33081859064767c", "block_time": 1702742976, "block_parent": "0x6e7ede4913bcaa2a7bb885d7c6acc84fcf49cef4d9524913ec43e8a2ce6f0a4d"}
{"block_number": 187, "miner_hash": "0xc27D4D5098e25Da45eB00121404535a3F08a9296", "block_hash": "0xfbc9544cc196be5591a4053ff021330468bd50262dddf170a5df148381e25876", "block_time": 1702742977, "block_parent": "0xbe649c97c70ecc94cd243d1df840d7f696bfebde09170b48a33081859064767c"}
{"block_number": 188, "miner_hash": "0xc27D4D5098e25Da45eB00121404535a3F08a9296", "block_hash": "0xf0acb1b29ef396fbf74ce361f2f19326e65ae89171e351f009ffa548a6932213", "block_time": 1702742978, "block_parent": "0xfbc9544cc196be5591a4053ff021330468bd50262dddf170a5df148381e25876"}
{"block_number": 189, "miner_hash": "0xc27D4D5098e25Da45eB00121404535a3F08a9296", "block_hash": "0x4c766e5613635cdfcbefa1c23fe7d4aae0d9caedcab580b924d6020e1352c908", "block_time": 1702742979, "block_parent": "0xf0acb1b29ef396fbf74ce361f2f19326e65ae89171e351f009ffa548a6932213"}
{"block_number": 190, "miner_hash": "0xc27D4D5098e25Da45eB00121404535a3F08a9296", "block_hash": "0xcaa97d9ad101e5e577d3797c93d51f5a95e19800cb914c0190d0061318808f03", "block_time": 1702742980, "block_parent": "0x4c766e5613635cdfcbefa1c23fe7d4aae0d9caedcab580b924d6020e1352c908"}
{"block_number": 191, "miner_hash": "0x2A517e745A7EEAf2dfeD3AF084E2662Be52bB3Fc", "block_hash": "0x9532e5ea049010f615e1aa535b0c3a857b586194438d90d7de2f65ec3198dff9", "block_time": 1702742981, "block_parent": "0xcaa97d9ad101e5e577d3797c93d51f5a95e19800cb914c0190d0061318808f03"}
{"block_number": 192, "miner_hash": "0x2A517e745A7EEAf2dfeD3AF084E2662Be52bB3Fc", "block_hash": "0xc932b468b0a3f3241a427ce60b927309a5f95e523c909eb9164a82c3a4258729", "block_time": 1702742982, "block_parent": "0x9532e5ea049010f615e1aa535b0c3a857b586194438d90d7de2f65ec3198dff9"}
{"block_number": 193, "miner_hash": "0x8cE4723236F1C309EAFD7a85f2b7D53ff5d6BFe2", "block_hash": "0xdbdfab405d738cae643cd83d876f68d53953795f7a36141ebcdc3626ce599db0", "block_time": 1702742983, "block_parent": "0xc932b468b0a3f3241a427ce60b927309a5f95e523c909eb9164a82c3a4258729"}
{"block_number": 194, "miner_hash": "0x5fFb270bb3EA50e972e1B43A82c76D3c5C76F105", "block_hash": "0x855d719607d2f0d7a448a0c7e01b8227ff39fcd651fdc6aef9be145fba3160e9", "block_time": 1702742984, "block_parent": "0xdbdfab405d738cae643cd83d876f68d53953795f7a36141ebcdc3626ce599db0"}
{"block_number": 194, "miner_hash": "0x1A60B5AE3Fd7e4446af857207b236c425aeeB6d4", "block_hash": "0x7317b81f43b1853972ad3a6d7c5d4bba5bf365cac0611a0019d8ba91a62b77c7", "block_time": 1702742984, "block_parent": "0xdbdfab405d738cae643cd83d876f68d53953795f7a36141ebcdc3626ce599db0"}
{"block_number": 195, "miner_hash": "0xc27D4D5098e25Da45eB00121404535a3F08a9296", "block_hash": "0x642f33ce4e4ef2d127659dce7abad2f006c0a0128a490af8eb1775ab412872f0", "block_time": 1702742985, "block_parent": "0x855d719607d2f0d7a448a0c7e01b8227ff39fcd651fdc6aef9be145fba3160e9"}
{"block_number": 196, "miner_hash": "0x73cd765d85038c274439eeb6Ca182558ef1107ee", "block_hash": "0xf1d655469ac755a87631097980de3a6b8cf9a81591166898ee5d466025b9f5a1", "block_time": 1702742987, "block_parent": "0x642f33ce4e4ef2d127659dce7abad2f006c0a0128a490af8eb1775ab412872f0"}
{"block_number": 197, "miner_hash": "0x9d35bD38BbDceC62a798cC1cdBAa33398632B806", "block_hash": "0x1cf667cf9a5a54032990fa733bc7c819400efdfa700fcc90a9cb7853efcd6022", "block_time": 1702742988, "block_parent": "0xf1d655469ac755a87631097980de3a6b8cf9a81591166898ee5d466025b9f5a1"}
{"block_number": 198, "miner_hash": "0xc27D4D5098e25Da45eB00121404535a3F08a9296", "block_hash": "0xbcaa81f0338f6f5d4d8c826c908efc147718bfbf246adee15ca3085283fb3f04", "block_time": 1702742989, "block_parent": "0x1cf667cf9a5a54032990fa733bc7c819400efdfa700fcc90a9cb7853efcd6022"}
{"block_number": 199, "miner_hash": "0x9d35bD38BbDceC62a798cC1cdBAa33398632B806", "block_hash": "0x4080e14eb26cf7c49ecc8a6939183bfcab64e14d1a1caedca67100109206c835", "block_time": 1702742990, "block_parent": "0xbcaa81f0338f6f5d4d8c826c908efc147718bfbf246adee15ca3085283fb3f04"}
{"block_number": 200, "miner_hash": "0xc27D4D5098e25Da45eB00121404535a3F08a9296", "block_hash": "0xb32dfeb40de3a460577453816d584570429ee116981adb61ae8d60eabe649a80", "block_time": 1702742992, "block_parent": "0x4080e14eb26cf7c49ecc8a6939183bfcab64e14d1a1caedca67100109206c835"}
{"block_number": 201, "miner_hash": "0x1A60B5AE3Fd7e4446af857207b236c425aeeB6d4", "block_hash": "0x0891e4ff7da6ce75c76c6c497d0df9c0d7da375c4fd2c42c23226a7654ffc46d", "block_time": 1702742995, "block_parent": "0xb32dfeb40de3a460577453816d584570429ee116981adb61ae8d60eabe649a80"}
